
Welcome to IBM(R) ILOG(R) CPLEX(R) Interactive Optimizer 22.1.1.0
  with Simplex, Mixed Integer & Barrier Optimizers
5725-A06 5725-A29 5724-Y48 5724-Y49 5724-Y54 5724-Y55 5655-Y21
Copyright IBM Corp. 1988, 2022.  All Rights Reserved.

Type 'help' for a list of available commands.
Type 'help' followed by a command name for more
information on commands.

CPLEX> Problem '/tmp/3bb6df2bb26f4d38864595f9d2906b85-pulp.lp' read.
Read time = 0.77 sec. (104.95 ticks)
CPLEX> New value for time limit in seconds: 900
CPLEX> Version identifier: 22.1.1.0 | 2022-11-28 | 9160aff4d
CPXPARAM_TimeLimit                               900
Tried aggregator 3 times.
MIP Presolve eliminated 352141 rows and 48429 columns.
MIP Presolve modified 719895 coefficients.
Aggregator did 1488 substitutions.
Reduced MIP has 388132 rows, 104528 columns, and 2080010 nonzeros.
Reduced MIP has 97405 binaries, 0 generals, 0 SOSs, and 0 indicators.
Presolve time = 9.01 sec. (7607.90 ticks)
Found incumbent of value 26785.321000 after 9.32 sec. (7966.36 ticks)
Probing fixed 16 vars, tightened 0 bounds.
Probing time = 0.48 sec. (76.53 ticks)
Tried aggregator 2 times.
Detecting symmetries...
MIP Presolve eliminated 85620 rows and 3999 columns.
MIP Presolve modified 156098 coefficients.
Aggregator did 1 substitutions.
Reduced MIP has 302511 rows, 100528 columns, and 1836825 nonzeros.
Reduced MIP has 97389 binaries, 0 generals, 0 SOSs, and 0 indicators.
Presolve time = 5.29 sec. (5271.35 ticks)
Probing time = 0.16 sec. (31.27 ticks)
Clique table members: 336039.
MIP emphasis: balance optimality and feasibility.
MIP search method: dynamic search.
Parallel mode: deterministic, using up to 32 threads.
Root relaxation solution time = 2.54 sec. (2229.52 ticks)

        Nodes                                         Cuts/
   Node  Left     Objective  IInf  Best Integer    Best Bound    ItCnt     Gap

*     0+    0                        26785.3210        1.7190            99.99%
*     0+    0                           95.9210        1.7190            98.21%
      0     0       11.1643   922       95.9210       11.1643     1887   88.36%
*     0+    0                           95.1210       11.1643            88.26%
      0     0       13.5914  1255       95.1210      Fract: 6     4700   85.71%
      0     0       14.3279  1241       95.1210       Cuts: 5     5896   84.94%
Detecting symmetries...
      0     2       14.3279  1241       95.1210       14.3279     5896   84.94%
Elapsed time = 37.17 sec. (37503.84 ticks, tree = 0.02 MB, solutions = 3)
      1     3       14.3679  1330       95.1210       14.3680     6622   84.90%
      3     3       22.7669  1228       95.1210       14.3732     6340   84.89%
      5     7       22.9791  1295       95.1210       14.3732     7914   84.89%
      7     5       14.4026  1349       95.1210       14.3771     7259   84.89%
     10     8       22.9921  1292       95.1210       14.3771     8118   84.89%
     12    12       27.6673  1225       95.1210       14.4027    10004   84.86%
     15     9       14.9190  1253       95.1210       14.4027     8811   84.86%
     23    19       16.2677  1167       95.1210       14.4027    12424   84.86%
     29    14       27.9051  1258       95.1210       14.4027    11328   84.86%
    104    52       22.9781  1158       95.1210       14.4275    23931   84.83%
Elapsed time = 42.72 sec. (41349.50 ticks, tree = 0.33 MB, solutions = 3)
    195   147       42.1049  1121       95.1210       14.4276    49248   84.83%
    283   196       27.5329  1126       95.1210       14.4276    61061   84.83%
    385   330       27.9136   921       95.1210       14.4276    92071   84.83%
    520   406       27.1289   916       95.1210       14.4276   105118   84.83%
*   617+  478                           85.6210       14.4276            83.15%
    630   515       32.6486   956       85.6210       14.4276   122607   83.15%
    682   577       27.8459  1037       85.6210       14.4276   132897   83.15%
    727   631       23.1514  1059       85.6210       14.4276   143114   83.15%
    768   654       63.4964   665       85.6210       14.4276   146072   83.15%
    834   708       28.0195  1024       85.6210       14.4276   153446   83.15%
    903   763       28.5138  1058       85.6210       14.4276   164964   83.15%
Elapsed time = 62.75 sec. (51002.21 ticks, tree = 88.05 MB, solutions = 3)
   1034   876       22.0598  1073       85.6210       14.4276   178840   83.15%
*  1165+  380                           71.4210       14.4276            79.80%
   1192   952       48.1229   835       71.4210       14.4276   191131   79.80%
   1369  1038       32.5168   954       71.4210       14.4276   198448   79.80%
   1559  1202       27.7130  1032       71.4210       14.4276   222978   79.80%
   1742  1320       39.9248   746       71.4210       14.4276   237069   79.80%
   1907  1413       60.1886   771       71.4210       14.4276   257955   79.80%
   2121  1667       54.0503   791       71.4210       14.4276   299355   79.80%
   2348  1874       36.1850   869       71.4210       14.4276   348581   79.80%
   2576  2146       59.4034   703       71.4210       14.4276   397795   79.80%
   2812  2373       42.7416   780       71.4210       14.4276   434664   79.80%
Elapsed time = 79.94 sec. (60574.75 ticks, tree = 183.00 MB, solutions = 5)
   3034  2326       52.6669   339       71.4210       14.4276   425369   79.80%
   3223  2583       62.2564   591       71.4210       14.4276   464497   79.80%
   3384  2791       45.0684   714       71.4210       14.4276   510609   79.80%
*  3507+ 2899                           69.3210       14.4276            79.19%
   3565  2819       57.6998   265       69.3210       14.4276   517197   79.19%
   3756  3163       48.7373   415       69.3210       14.4276   571413   79.19%
   3920  3382       57.1729   462       69.3210       14.4276   616421   79.19%
   4072  3317       17.0375  1034       69.3210       14.4276   604358   79.19%
   4227  3250       44.0058   827       69.3210       14.4276   586722   79.19%
   4395  3590       54.3906   298       69.3210       14.4276   657010   79.19%
   4550  3925       60.5450   450       69.3210       14.4276   732282   79.19%
Elapsed time = 96.75 sec. (70147.38 ticks, tree = 261.35 MB, solutions = 6)
   4691  3870       61.8245   313       69.3210       14.4276   713894   79.19%
   4838  4237       18.3976  1029       69.3210       14.4276   789276   79.19%
   4994  4223       69.1736   238       69.3210       14.4276   784064   79.19%
   5148  4229       29.5081   987       69.3210       14.4276   782509   79.19%
   5275  4577       29.1906   764       69.3210       14.4276   847207   79.19%
   5423  4642       59.3979   281       69.3210       14.4276   854053   79.19%
   5511  4685       34.0718   875       69.3210       14.4276   866842   79.19%
   5563  4790       16.9613  1002       69.3210       14.4276   882635   79.19%
   5565  4253       22.0081  1009       69.3210       14.4276   791383   79.19%
   5566  4540       25.3570   982       69.3210       14.4276   840350   79.19%
Elapsed time = 110.35 sec. (80707.83 ticks, tree = 307.50 MB, solutions = 6)

Performing restart 1

Repeating presolve.
Tried aggregator 1 time.
MIP Presolve eliminated 22013 rows and 1507 columns.
MIP Presolve modified 16558 coefficients.
Reduced MIP has 280498 rows, 99021 columns, and 1771436 nonzeros.
Reduced MIP has 97389 binaries, 0 generals, 0 SOSs, and 0 indicators.
Presolve time = 3.43 sec. (3813.00 ticks)
Tried aggregator 1 time.
MIP Presolve eliminated 30692 rows and 1633 columns.
MIP Presolve modified 654 coefficients.
Reduced MIP has 249806 rows, 97388 columns, and 1658473 nonzeros.
Reduced MIP has 97388 binaries, 0 generals, 0 SOSs, and 0 indicators.
Presolve time = 3.51 sec. (3769.59 ticks)
Tried aggregator 1 time.
Reduced MIP has 249806 rows, 97388 columns, and 1658473 nonzeros.
Reduced MIP has 97388 binaries, 0 generals, 0 SOSs, and 0 indicators.
Presolve time = 3.64 sec. (3748.27 ticks)
Represolve time = 11.70 sec. (12026.37 ticks)
   5567     0       14.8766  1199       69.3210      Cuts: 13   991645   78.54%
   5567     0       15.0816  1250       69.3210       Cuts: 9   993418   78.24%
   5567     0       15.2339  1372       69.3210      Cuts: 11   994963   78.02%
   5567     0       15.4577  1436       69.3210       Cuts: 8   996541   77.70%
   5567     0       15.5029  1329       69.3210      Cuts: 11   998071   77.64%
   5567     0       15.5274  1442       69.3210   ZeroHalf: 3   998679   77.60%
   5567     0       15.5556  1410       69.3210       Cuts: 7   999777   77.56%
   5567     0       15.5686  1354       69.3210   ZeroHalf: 3  1000301   77.54%
   5567     0       15.5899  1390       69.3210       Cuts: 7  1001478   77.51%
   5567     0       15.6023  1353       69.3210   ZeroHalf: 7  1002011   77.49%
   5567     0       15.6160  1279       69.3210   ZeroHalf: 5  1002617   77.47%
   5567     0       15.6247  1298       69.3210   ZeroHalf: 3  1003241   77.46%
   5567     0       15.6505  1335       69.3210   ZeroHalf: 5  1004088   77.42%
   5567     0       15.6558  1339       69.3210   ZeroHalf: 4  1004313   77.42%
   5567     0       15.6794  1339       69.3210   ZeroHalf: 5  1005216   77.38%
   5567     0       15.6981  1301       69.3210   ZeroHalf: 6  1006165   77.35%
*  5567+    0                           69.1210       15.6981            77.29%
   5567     0       15.7164  1227       69.1210   ZeroHalf: 4  1006686   77.26%
   5567     0       15.7291  1234       69.1210   ZeroHalf: 3  1006993   77.24%
   5567     0       15.7470  1299       69.1210       Cuts: 4  1007289   77.22%
   5567     0       15.7542  1283       69.1210   ZeroHalf: 2  1007612   77.21%
   5567     0       15.7682  1329       69.1210   ZeroHalf: 1  1008113   77.19%
   5567     0       15.7683  1325       69.1210   ZeroHalf: 1  1008130   77.19%
*  5567+    0                           69.0210       15.7683            77.15%
   5567     0  -1.00000e+75     0       69.0210       15.7683  1008130   77.15%
   5567     2       15.7683  1250       69.0210       15.7683  1008130   77.15%
   5570     5       15.7726  1303       69.0210       15.7726  1008852   77.15%
   5572     7       15.7758  1113       69.0210       15.7759  1009688   77.14%
   5587    21       19.9805  1295       69.0210       15.7800  1013139   77.14%
   5637    48       36.6541  1163       69.0210       15.7800  1019460   77.14%
   5731   136       40.6493  1027       69.0210       15.7800  1035779   77.14%
   5798   197       37.7067  1049       69.0210       15.7817  1049820   77.13%
   5837   166       62.6897   828       69.0210       15.7817  1044074   77.13%
   5904   277       40.7195  1028       69.0210       15.7817  1085315   77.13%
   5955   343       37.7577  1037       69.0210       15.7817  1097223   77.13%
Elapsed time = 286.20 sec. (263763.89 ticks, tree = 24.05 MB, solutions = 9)
   5993   358       49.6322  1016       69.0210       15.7817  1104241   77.13%
   6021   391       21.0400  1248       69.0210       15.7817  1110658   77.13%
   6096   406       22.3374  1087       69.0210       15.7817  1113701   77.13%
   6183   531       28.0931  1151       69.0210       15.8064  1157589   77.10%
   6223   400       37.0519  1145       69.0210       15.8064  1114133   77.10%
   6274   572       37.0050  1000       69.0210       15.8064  1167004   77.10%
   6307   600       43.2030  1041       69.0210       15.8066  1176840   77.10%
   6362   675       38.7987  1007       69.0210       15.8067  1190319   77.10%
   6432   703       25.1722  1158       69.0210       15.8067  1197739   77.10%
   6505   753       39.1711  1110       69.0210       15.8067  1210170   77.10%
Elapsed time = 312.82 sec. (273495.81 ticks, tree = 148.22 MB, solutions = 9)
   6590   865       36.7987  1029       69.0210       15.8070  1230661   77.10%
   6690   894       37.9038   992       69.0210       15.8070  1234273   77.10%
   6824  1094       36.7045   904       69.0210       15.8070  1255120   77.10%
   6926  1169       41.7013  1045       69.0210       15.8070  1262449   77.10%
   6983  1228       20.2340   989       69.0210       15.8070  1273911   77.10%
   7051  1282       44.1346   995       69.0210       15.8070  1284477   77.10%
   7100  1286       46.4168   951       69.0210       15.8070  1285338   77.10%
   7165  1401       40.7984  1023       69.0210       15.8070  1309128   77.10%
   7224  1374       25.0510  1012       69.0210       15.8070  1303541   77.10%
   7270  1442       38.8010  1028       69.0210       15.8070  1315888   77.10%
Elapsed time = 335.36 sec. (283265.75 ticks, tree = 1060.10 MB, solutions = 9)
   7319  1525       30.1747   938       69.0210       15.8070  1328337   77.10%
   7352  1609       29.0242  1220       69.0210       15.8070  1347108   77.10%
   7394  1646       38.8036  1024       69.0210       15.8070  1353154   77.10%
   7434  1660       30.1881   950       69.0210       15.8070  1355512   77.10%
   7503  1728       21.3321   957       69.0210       15.8070  1368069   77.10%
   7555  1692       28.8960  1136       69.0210       15.8070  1364368   77.10%
   7623  1882       38.8010  1034       69.0210       15.8070  1392378   77.10%
   7681  1936       41.7015  1034       69.0210       15.8070  1403976   77.10%
   7769  1782       41.8782   961       69.0210       15.8070  1377786   77.10%
   7862  2102       38.8013  1041       69.0210       15.8070  1432995   77.10%
Elapsed time = 355.32 sec. (292931.02 ticks, tree = 2098.32 MB, solutions = 9)
Nodefile size = 8.33 MB (4.65 MB after compression)
   7948  1377       44.1144   864       69.0210       15.8070  1304449   77.10%
   8030  2112       38.7380   995       69.0210       15.8070  1435469   77.10%
   8137  2295       38.8099  1020       69.0210       15.8070  1470246   77.10%
   8243  2459       23.2335  1086       69.0210       15.8070  1501850   77.10%
   8344  2429       38.7409   925       69.0210       15.8070  1498305   77.10%
   8452  2360       32.5886  1001       69.0210       15.8070  1480164   77.10%
   8547  2340       25.2185  1016       69.0210       15.8070  1478860   77.10%
   8667  2575       39.0751   973       69.0210       15.8070  1519242   77.10%
   8752  2908       26.3669  1046       69.0210       15.8070  1589864   77.10%
   9125  3279       40.8603   844       69.0210       15.8070  1654587   77.10%
Elapsed time = 398.23 sec. (305462.32 ticks, tree = 4099.62 MB, solutions = 9)
Nodefile size = 2016.35 MB (1180.95 MB after compression)
   9484  3325       54.1583   792       69.0210       15.8070  1660164   77.10%
   9838  3915       38.8409   917       69.0210       15.8070  1766398   77.10%
  10214  4271       38.8483   807       69.0210       15.8070  1819097   77.10%
  10578  4334       42.9331   744       69.0210       15.8070  1828573   77.10%
* 10750+ 4447                           68.9210       15.8070            77.07%
  10937  4929       38.9042   831       68.9210       15.8070  1930380   77.07%
  11253  5223       44.3869   733       68.9210       15.8070  1970615   77.07%
* 11388+ 5285                           68.0210       15.8070            76.76%
* 11400+ 5285                           67.1210       15.8070            76.45%
* 11405+ 5285                           67.0210       15.8070            76.41%
  11536  5636       26.5552   946       67.0210       15.8070  2040560   76.41%
  11869  5784       54.9175   737       67.0210       15.8070  2063501   76.41%
  12180  6128       38.7694   854       67.0210       15.8070  2119039   76.41%
  12483  6532       29.1878  1104       67.0210       15.8070  2186489   76.41%
Elapsed time = 538.46 sec. (343676.77 ticks, tree = 10263.17 MB, solutions = 13)
Nodefile size = 8149.26 MB (4820.46 MB after compression)
  12759  6839       39.2367  1039       67.0210       15.8070  2234614   76.41%
  13068  6855       21.3618   995       67.0210       15.8070  2237231   76.41%
  13410  7232       37.2988   878       67.0210       15.8070  2292567   76.41%
  13742  7635       39.5810   920       67.0210       15.8070  2346768   76.41%
  14012  8110       45.2768   851       67.0210       15.8070  2419341   76.41%
  14291  8247       29.7225   949       67.0210       15.8070  2445673   76.41%
  14562  8349       38.8943   860       67.0210       15.8070  2457107   76.41%
  14856  8735       15.9459   973       67.0210       15.8070  2526599   76.41%
  15173  8876       36.3043   993       67.0210       15.8070  2549787   76.41%
  15634  9381       38.2352   989       67.0210       15.8070  2645228   76.41%
Elapsed time = 662.44 sec. (381945.64 ticks, tree = 15271.60 MB, solutions = 13)
Nodefile size = 13167.52 MB (7820.31 MB after compression)
  15931  9842       44.1198   772       67.0210       15.8070  2754636   76.41%
* 16153+10239                           66.9210       15.8070            76.38%
  16167  9982       41.2458   793       66.9210       15.8070  2777411   76.38%
  16498 10314       44.3462   716       66.9210       15.8070  2851203   76.38%
  16812 10662       46.4696   748       66.9210       15.8070  2962782   76.38%
  17218 10929       24.6461  1048       66.9210       15.8070  3011853   76.38%
  17667 11409    infeasible             66.9210       15.8070  3110879   76.38%
  18160 11585       40.9850   849       66.9210       15.8070  3151844   76.38%
  18569 12493       25.6835  1005       66.9210       15.8070  3359260   76.38%
  18988 12646       20.3385   878       66.9210       15.8070  3399024   76.38%
* 19042+12586                           66.8210       15.8070            76.34%
  19377 13198       27.5928   935       66.8210       15.8070  3546546   76.34%
Elapsed time = 741.72 sec. (420166.03 ticks, tree = 15947.79 MB, solutions = 15)
Nodefile size = 13884.85 MB (8181.83 MB after compression)
  19780 13328       50.9312   760       66.8210       15.8070  3580515   76.34%
  20152 13459       48.6622   677       66.8210       15.8070  3613856   76.34%
* 20285+13461                           65.9210       15.8070            76.02%
  20500 13966       46.8041   717       65.9210       15.8070  3755353   76.02%
  20870 14269       47.9299   705       65.9210       15.8070  3821368   76.02%
  21216 14886       46.5746   743       65.9210       15.8070  3961542   76.02%
  21559 14906       46.5774   713       65.9210       15.8070  3964621   76.02%
  21908 15198       26.3287  1093       65.9210       15.8070  4037343   76.02%
* 22180+15389                           65.8210       15.8070            75.98%
  22211 15839       52.2036   648       65.8210       15.8070  4175631   75.98%
Starting limited solution polishing.
  22464 15615       43.7942   889       65.8210       15.8070  4128225   75.98%
  22864 16352       18.1527  1085       65.8210       15.8070  4286593   75.98%
Elapsed time = 825.21 sec. (458391.05 ticks, tree = 16172.37 MB, solutions = 19)
Nodefile size = 14054.53 MB (8216.05 MB after compression)
  23342 16822       47.9208   912       65.8210       15.8070  4386711   75.98%
  23788 16844       47.9278   894       65.8210       15.8070  4391578   75.98%
  24207 17378       49.4916   752       65.8210       15.8070  4486970   75.98%
  24593 18135       37.0574   925       65.8210       15.8070  4637076   75.98%
  24975 18426       53.8962   676       65.8210       15.8070  4690099   75.98%
  25483 18834       49.4598   785       65.8210       15.8070  4757680   75.98%
* 25583+18438                           64.9210       15.8070            75.65%
* 25904+18952                           64.8210       15.8070            75.61%
  25954 19084       27.4373   914       64.8210       15.8070  4804789   75.61%
  26404 19748       46.9947   707       64.8210       15.8070  4926387   75.61%
  26805 19661       48.3864   708       64.8210       15.8070  4916004   75.61%

Zero-half cuts applied:  53
Lift and project cuts applied:  1
Gomory fractional cuts applied:  22

Root node processing (before b&c):
  Real time             =   35.64 sec. (37235.62 ticks)
Parallel b&c, 32 threads:
  Real time             =  879.28 sec. (466004.26 ticks)
  Sync time (average)   =  347.28 sec.
  Wait time (average)   =    0.61 sec.
                          ------------
Total (root+branch&cut) =  914.93 sec. (503239.88 ticks)

Solution pool: 23 solutions saved.

MIP - Time limit exceeded, integer feasible:  Objective =  6.4821000000e+01
Current MIP best bound =  1.5806973841e+01 (gap = 49.014, 75.61%)
Solution time =  914.94 sec.  Iterations = 5165924  Nodes = 26870 (21038)
Deterministic time = 503240.32 ticks  (550.03 ticks/sec)

CPLEX> MILP problem relaxed to LP with fixed integer variables using
incumbent solution.
CPLEX> Version identifier: 22.1.1.0 | 2022-11-28 | 9160aff4d
CPXPARAM_TimeLimit                               900
Parallel mode: deterministic, using up to 32 threads for concurrent optimization:
 * Starting dual Simplex on 1 thread...
 * Starting Barrier on 30 threads...
 * Starting primal Simplex on 1 thread...
Tried aggregator 1 time.
LP Presolve eliminated 741704 rows and 154387 columns.
Aggregator did 48 substitutions.
Reduced LP has 9 rows, 10 columns, and 18 nonzeros.
Presolve time = 0.25 sec. (362.01 ticks)
Initializing dual steep norms . . .

Iteration log . . .
Iteration:     1   Dual objective     =            64.821000

Dual simplex solved model.


Dual simplex - Optimal:  Objective =  6.4821000000e+01
Solution time =    0.58 sec.  Iterations = 4 (0)
Deterministic time = 730.86 ticks  (1259.37 ticks/sec)

CPLEX> Solution written to file '/tmp/3bb6df2bb26f4d38864595f9d2906b85-pulp.sol'.
CPLEX> Root classes: ['168']
Status: Optimal
Solved x values:
['0.0', '1.2', '2.2', '4.2', '6.2', '9.2', '11.1', '12.2', '19.13', '21.2', '23.2', '26.2', '30.2', '35.2', '37.1', '40.1', '41.2', '42.1', '48.13', '59.2', '62.2', '66.2', '68.1', '71.1', '72.2', '79.3', '80.2', '84.1', '89.2', '104.1', '118.13', '121.1', '126.1', '139.1', '147.8', '153.1', '160.13', '161.1', '162.2', '163.2', '164.2', '165.2', '166.2', '167.2', '168.2', '338.0', '509.5', '510.4', '518.18', '519.2', '520.2', '522.4', '523.2', '524.2', '538.18', '539.2', '540.2', '592.3', '705.6', '706.8', '733.2', '734.14', '791.2', '792.35', '859.2', '865.2', '866.6', '928.2', '950.2', '951.2', '1018.2', '1431.2', '1567.2', '1568.2', '1713.2', '1714.2', '3126.2', '3267.2', '3389.2', '5950.7', '5954.9', '6121.19', '6122.9', '6359.19', '6445.7', '6481.2', '6500.8', '6531.2', '6588.7', '6589.6', '7497.6', '13547.7', '13876.11', '14315.11', '14396.2', '14397.10', '14475.7', '14476.8', '14585.11', '14586.18', '15315.12', '17328.2', '17446.11', '17447.6', '17519.7', '17523.5', '17549.35', '17587.2', '22513.7', '22517.6', '24879.11', '24883.41', '26048.7', '27565.2', '28703.2', '29114.2', '29312.2', '29650.2', '29671.2', '29672.2', '30146.2', '30175.2', '30246.2', '30247.2', '30258.2', '32232.2', '32940.2', '32941.2', '33944.2', '33945.2', '34033.2', '34166.2', '34167.2', '36770.2', '36798.2', '37008.2', '37081.2', '37296.2', '37297.2', '37360.2', '40568.2', '40569.2', '41589.2', '42412.2', '42552.2', '42553.2', '42602.2']
