presolving:
(round 1, fast)       1020 del vars, 2476 del conss, 0 add conss, 1019 chg bounds, 7736 chg sides, 6717 chg coeffs, 0 upgd conss, 0 impls, 1 clqs
(round 2, fast)       1024 del vars, 4446 del conss, 0 add conss, 1019 chg bounds, 7828 chg sides, 6809 chg coeffs, 0 upgd conss, 0 impls, 2453 clqs
(round 3, fast)       1026 del vars, 4446 del conss, 0 add conss, 1019 chg bounds, 7861 chg sides, 6842 chg coeffs, 0 upgd conss, 0 impls, 2453 clqs
(round 4, exhaustive) 1026 del vars, 4516 del conss, 0 add conss, 1103 chg bounds, 9346 chg sides, 8327 chg coeffs, 0 upgd conss, 0 impls, 2453 clqs
(round 5, fast)       1027 del vars, 5302 del conss, 0 add conss, 1103 chg bounds, 11460 chg sides, 10441 chg coeffs, 0 upgd conss, 0 impls, 2453 clqs
(round 6, fast)       1027 del vars, 5302 del conss, 0 add conss, 1169 chg bounds, 11460 chg sides, 10441 chg coeffs, 0 upgd conss, 0 impls, 2453 clqs
(round 7, fast)       1027 del vars, 6586 del conss, 0 add conss, 1169 chg bounds, 12364 chg sides, 11345 chg coeffs, 0 upgd conss, 0 impls, 2453 clqs
(round 8, fast)       1041 del vars, 6666 del conss, 0 add conss, 1169 chg bounds, 12364 chg sides, 11345 chg coeffs, 0 upgd conss, 0 impls, 2453 clqs
(round 9, fast)       1046 del vars, 6678 del conss, 0 add conss, 1169 chg bounds, 12364 chg sides, 11345 chg coeffs, 0 upgd conss, 0 impls, 2453 clqs
(round 10, fast)       1047 del vars, 6695 del conss, 0 add conss, 1169 chg bounds, 12364 chg sides, 11345 chg coeffs, 0 upgd conss, 0 impls, 2453 clqs
(round 11, fast)       1047 del vars, 6695 del conss, 0 add conss, 1228 chg bounds, 12364 chg sides, 11345 chg coeffs, 0 upgd conss, 0 impls, 2453 clqs
(round 12, fast)       1059 del vars, 8282 del conss, 0 add conss, 1228 chg bounds, 12540 chg sides, 11521 chg coeffs, 0 upgd conss, 0 impls, 2453 clqs
(round 13, fast)       1082 del vars, 8638 del conss, 0 add conss, 1228 chg bounds, 12540 chg sides, 11521 chg coeffs, 0 upgd conss, 0 impls, 2453 clqs
(round 14, fast)       1104 del vars, 8774 del conss, 0 add conss, 1228 chg bounds, 12540 chg sides, 11521 chg coeffs, 0 upgd conss, 0 impls, 2453 clqs
(round 15, fast)       1110 del vars, 8806 del conss, 0 add conss, 1228 chg bounds, 12540 chg sides, 11521 chg coeffs, 0 upgd conss, 0 impls, 2453 clqs
(round 16, fast)       1110 del vars, 8806 del conss, 0 add conss, 1260 chg bounds, 12540 chg sides, 11521 chg coeffs, 0 upgd conss, 0 impls, 2453 clqs
(round 17, fast)       1126 del vars, 9610 del conss, 0 add conss, 1260 chg bounds, 12540 chg sides, 11521 chg coeffs, 0 upgd conss, 0 impls, 2453 clqs
(round 18, fast)       1159 del vars, 10054 del conss, 0 add conss, 1260 chg bounds, 12540 chg sides, 11521 chg coeffs, 0 upgd conss, 0 impls, 2453 clqs
(round 19, fast)       1194 del vars, 10279 del conss, 0 add conss, 1260 chg bounds, 12540 chg sides, 11521 chg coeffs, 0 upgd conss, 0 impls, 2453 clqs
(round 20, fast)       1226 del vars, 10381 del conss, 0 add conss, 1260 chg bounds, 12540 chg sides, 11521 chg coeffs, 0 upgd conss, 0 impls, 2453 clqs
(round 21, fast)       1238 del vars, 10397 del conss, 0 add conss, 1260 chg bounds, 12540 chg sides, 11521 chg coeffs, 0 upgd conss, 0 impls, 2453 clqs
(round 22, exhaustive) 1238 del vars, 10397 del conss, 0 add conss, 1260 chg bounds, 12540 chg sides, 11521 chg coeffs, 5952 upgd conss, 0 impls, 2453 clqs
   (0.1s) probing: 94/2153 (4.4%) - 14 fixings, 0 aggregations, 276 implications, 0 bound changes
   (0.1s) probing aborted: 50/50 successive totally useless probings
(round 23, exhaustive) 1252 del vars, 10397 del conss, 0 add conss, 1260 chg bounds, 12540 chg sides, 11521 chg coeffs, 5952 upgd conss, 0 impls, 2270 clqs
(round 24, fast)       1252 del vars, 10796 del conss, 0 add conss, 1260 chg bounds, 12540 chg sides, 11521 chg coeffs, 5952 upgd conss, 0 impls, 2270 clqs
(round 25, exhaustive) 1271 del vars, 10796 del conss, 0 add conss, 1260 chg bounds, 12540 chg sides, 11521 chg coeffs, 5952 upgd conss, 0 impls, 2270 clqs
(round 26, fast)       1271 del vars, 10796 del conss, 0 add conss, 1260 chg bounds, 12540 chg sides, 12115 chg coeffs, 5952 upgd conss, 0 impls, 2864 clqs
   (0.2s) probing: 99/2153 (4.6%) - 14 fixings, 0 aggregations, 276 implications, 0 bound changes
   (0.2s) probing aborted: 50/50 successive totally useless probings
   Deactivated symmetry handling methods, since SCIP was built without symmetry detector (SYM=none).
presolving (27 rounds: 27 fast, 5 medium, 5 exhaustive):
 1271 deleted vars, 10796 deleted constraints, 0 added constraints, 1260 tightened bounds, 0 added holes, 12540 changed sides, 12115 changed coefficients
 0 implications, 2864 cliques
presolved problem has 2120 variables (2120 bin, 0 int, 0 impl, 0 cont) and 5553 constraints
   2054 constraints of type <setppc>
   3499 constraints of type <logicor>
transformed objective value is always integral (scale: 0.001)
Presolving Time: 0.17

 time | node  | left  |LP iter|LP it/n|mem/heur|mdpt |vars |cons |rows |cuts |sepa|confs|strbr|  dualbound   | primalbound  |  gap   | compl. 
p 0.2s|     1 |     0 |     0 |     - |  clique|   0 |2120 |5553 |5553 |   0 |  0 |   0 |   0 | 1.400000e-02 | 2.651400e+01 |  Large | unknown
p 0.2s|     1 |     0 |     0 |     - | vbounds|   0 |2120 |5555 |5553 |   0 |  0 |   3 |   0 | 1.400000e-02 | 6.518000e+00 |  Large | unknown
  0.3s|     1 |     0 |   247 |     - |    59M |   0 |2120 |5479 |5553 |   0 |  0 |  12 |   0 | 1.353690e+00 | 6.518000e+00 | 381.50%| unknown
  0.3s|     1 |     0 |   257 |     - |    60M |   0 |2120 |5487 |5558 |   5 |  1 |  20 |   0 | 1.370069e+00 | 6.518000e+00 | 375.74%| unknown
  0.4s|     1 |     0 |   304 |     - |    60M |   0 |2120 |5485 |5564 |  11 |  2 |  20 |   0 | 1.406207e+00 | 6.518000e+00 | 363.52%| unknown
  0.4s|     1 |     0 |   308 |     - |    61M |   0 |2120 |5493 |5567 |  14 |  3 |  28 |   0 | 1.409724e+00 | 6.518000e+00 | 362.36%| unknown
  0.5s|     1 |     0 |   331 |     - |    62M |   0 |2120 |5498 |5571 |  18 |  4 |  38 |   0 | 1.462140e+00 | 6.518000e+00 | 345.78%| unknown
  0.5s|     1 |     0 |   417 |     - |    62M |   0 |2120 |5497 |5574 |  21 |  6 |  39 |   0 | 1.564190e+00 | 6.518000e+00 | 316.70%| unknown
  0.6s|     1 |     0 |   469 |     - |    63M |   0 |2120 |5501 |5576 |  23 |  7 |  49 |   0 | 1.565974e+00 | 6.518000e+00 | 316.23%| unknown
  0.7s|     1 |     0 |   521 |     - |    64M |   0 |2120 |5504 |5577 |  24 |  8 |  56 |   0 | 1.573243e+00 | 6.518000e+00 | 314.30%| unknown
  0.8s|     1 |     0 |   722 |     - |    65M |   0 |2120 |5510 |5578 |  25 |  9 |  63 |   0 | 1.586173e+00 | 6.518000e+00 | 310.93%| unknown
  0.9s|     1 |     0 |   937 |     - |    65M |   0 |2120 |5517 |5580 |  27 | 10 |  73 |   0 | 1.586469e+00 | 6.518000e+00 | 310.85%| unknown
  1.0s|     1 |     0 |  1183 |     - |    66M |   0 |2120 |5520 |5582 |  29 | 11 |  81 |   0 | 1.586745e+00 | 6.518000e+00 | 310.78%| unknown
  1.1s|     1 |     0 |  1394 |     - |    66M |   0 |2120 |5524 |5582 |  30 | 12 |  86 |   0 | 1.587141e+00 | 6.518000e+00 | 310.68%| unknown
  1.1s|     1 |     0 |  1637 |     - |    66M |   0 |2120 |5527 |5584 |  32 | 13 |  96 |   0 | 1.592262e+00 | 6.518000e+00 | 309.35%| unknown
 time | node  | left  |LP iter|LP it/n|mem/heur|mdpt |vars |cons |rows |cuts |sepa|confs|strbr|  dualbound   | primalbound  |  gap   | compl. 
L 3.3s|     1 |     0 | 13319 |     - |    rens|   0 |2120 |5547 |5584 |  32 | 15 | 132 |   0 | 1.592262e+00 | 5.116000e+00 | 221.30%| unknown
  3.3s|     1 |     0 | 13483 |     - |    68M |   0 |2120 |5521 |5583 |  32 | 15 | 132 |   0 | 1.618122e+00 | 5.116000e+00 | 216.17%| unknown
  3.4s|     1 |     0 | 13716 |     - |    69M |   0 |2120 |5529 |5584 |  33 | 16 | 142 |   0 | 1.626957e+00 | 5.116000e+00 | 214.45%| unknown
  3.4s|     1 |     0 | 13753 |     - |    69M |   0 |2120 |5533 |5585 |  34 | 17 | 150 |   0 | 1.626975e+00 | 5.116000e+00 | 214.45%| unknown
  5.2s|     1 |     0 | 13974 |     - |    69M |   0 |2120 |5520 |5585 |  34 | 17 | 159 |  31 | 1.675200e+00 | 5.116000e+00 | 205.40%| unknown
  5.3s|     1 |     0 | 14172 |     - |    70M |   0 |2120 |5514 |5587 |  36 | 18 | 159 |  31 | 1.686522e+00 | 5.116000e+00 | 203.35%| unknown
* 5.8s|     1 |     0 | 14172 |     - |strongbr|   0 |2120 |5517 |5587 |  36 | 19 | 170 |  40 | 1.686522e+00 | 2.018000e+00 |  19.65%| unknown
  5.9s|     1 |     0 | 14354 |     - |    70M |   0 |2120 |5514 |5587 |  36 | 19 |1293 |  42 | 1.742000e+00 | 2.018000e+00 |  15.84%| unknown
(run 1, node 1) restarting after 1170 global fixings of integer variables

(restart) converted 27 cuts from the global cut pool into linear constraints

presolving:
(round 1, fast)       1835 del vars, 4061 del conss, 0 add conss, 0 chg bounds, 0 chg sides, 12748 chg coeffs, 0 upgd conss, 0 impls, 462 clqs
(round 2, fast)       1885 del vars, 4968 del conss, 0 add conss, 0 chg bounds, 0 chg sides, 15006 chg coeffs, 0 upgd conss, 0 impls, 412 clqs
(round 3, fast)       1932 del vars, 5083 del conss, 0 add conss, 0 chg bounds, 0 chg sides, 15420 chg coeffs, 0 upgd conss, 0 impls, 355 clqs
(round 4, fast)       1987 del vars, 5245 del conss, 0 add conss, 0 chg bounds, 0 chg sides, 15592 chg coeffs, 0 upgd conss, 0 impls, 229 clqs
(round 5, fast)       2020 del vars, 5305 del conss, 0 add conss, 0 chg bounds, 0 chg sides, 15617 chg coeffs, 0 upgd conss, 0 impls, 174 clqs
(round 6, fast)       2024 del vars, 5310 del conss, 0 add conss, 0 chg bounds, 0 chg sides, 15629 chg coeffs, 0 upgd conss, 0 impls, 165 clqs
(round 7, fast)       2025 del vars, 5312 del conss, 0 add conss, 0 chg bounds, 0 chg sides, 15632 chg coeffs, 0 upgd conss, 0 impls, 163 clqs
(round 8, exhaustive) 2025 del vars, 5313 del conss, 0 add conss, 0 chg bounds, 0 chg sides, 15632 chg coeffs, 0 upgd conss, 0 impls, 163 clqs
(round 9, exhaustive) 2025 del vars, 5313 del conss, 0 add conss, 0 chg bounds, 0 chg sides, 15632 chg coeffs, 16 upgd conss, 0 impls, 163 clqs
(round 10, fast)       2025 del vars, 5314 del conss, 0 add conss, 0 chg bounds, 0 chg sides, 15632 chg coeffs, 16 upgd conss, 0 impls, 163 clqs
(round 11, medium)     2025 del vars, 5314 del conss, 0 add conss, 0 chg bounds, 98 chg sides, 15730 chg coeffs, 16 upgd conss, 0 impls, 163 clqs
(round 12, exhaustive) 2025 del vars, 5314 del conss, 0 add conss, 0 chg bounds, 98 chg sides, 15744 chg coeffs, 16 upgd conss, 0 impls, 163 clqs
(round 13, exhaustive) 2025 del vars, 5314 del conss, 0 add conss, 0 chg bounds, 98 chg sides, 15748 chg coeffs, 16 upgd conss, 0 impls, 163 clqs
(round 14, exhaustive) 2025 del vars, 5314 del conss, 0 add conss, 0 chg bounds, 98 chg sides, 15752 chg coeffs, 16 upgd conss, 0 impls, 163 clqs
(round 15, exhaustive) 2025 del vars, 5314 del conss, 0 add conss, 0 chg bounds, 98 chg sides, 15755 chg coeffs, 16 upgd conss, 0 impls, 163 clqs
(round 16, exhaustive) 2025 del vars, 5314 del conss, 0 add conss, 0 chg bounds, 98 chg sides, 15758 chg coeffs, 16 upgd conss, 0 impls, 163 clqs
(round 17, exhaustive) 2025 del vars, 5314 del conss, 0 add conss, 0 chg bounds, 98 chg sides, 15760 chg coeffs, 16 upgd conss, 0 impls, 163 clqs
(round 18, exhaustive) 2025 del vars, 5314 del conss, 0 add conss, 0 chg bounds, 98 chg sides, 15761 chg coeffs, 16 upgd conss, 0 impls, 163 clqs
(round 19, exhaustive) 2025 del vars, 5314 del conss, 0 add conss, 0 chg bounds, 98 chg sides, 15762 chg coeffs, 16 upgd conss, 0 impls, 163 clqs
(round 20, exhaustive) 2025 del vars, 5314 del conss, 0 add conss, 0 chg bounds, 98 chg sides, 15763 chg coeffs, 16 upgd conss, 0 impls, 163 clqs
(round 21, exhaustive) 2025 del vars, 5314 del conss, 0 add conss, 0 chg bounds, 98 chg sides, 15764 chg coeffs, 16 upgd conss, 0 impls, 163 clqs
(round 22, exhaustive) 2025 del vars, 5314 del conss, 0 add conss, 0 chg bounds, 98 chg sides, 15765 chg coeffs, 16 upgd conss, 0 impls, 163 clqs
(round 23, exhaustive) 2025 del vars, 5321 del conss, 0 add conss, 0 chg bounds, 98 chg sides, 15765 chg coeffs, 16 upgd conss, 0 impls, 163 clqs
(round 24, exhaustive) 2025 del vars, 5329 del conss, 0 add conss, 0 chg bounds, 98 chg sides, 15771 chg coeffs, 16 upgd conss, 0 impls, 163 clqs
presolving (25 rounds: 25 fast, 17 medium, 16 exhaustive):
 2025 deleted vars, 5329 deleted constraints, 0 added constraints, 0 tightened bounds, 0 added holes, 98 changed sides, 15771 changed coefficients
 0 implications, 163 cliques
presolved problem has 98 variables (98 bin, 0 int, 0 impl, 0 cont) and 212 constraints
     12 constraints of type <knapsack>
     71 constraints of type <setppc>
    129 constraints of type <logicor>
transformed objective value is always integral (scale: 0.001)
Presolving Time: 0.19

 time | node  | left  |LP iter|LP it/n|mem/heur|mdpt |vars |cons |rows |cuts |sepa|confs|strbr|  dualbound   | primalbound  |  gap   | compl. 
  5.9s|     1 |     0 | 14401 |     - |    70M |   0 |  98 | 151 | 118 |   0 |  0 |1293 |  42 | 2.018000e+00 | 2.018000e+00 |   0.00%| unknown

SCIP Status        : problem is solved [optimal solution found]
Solving Time (sec) : 5.93
Solving Nodes      : 1 (total of 2 nodes in 2 runs)
Primal Bound       : +2.01800000000000e+00 (5 solutions)
Dual Bound         : +2.01800000000000e+00
Gap                : 0.00 %
Root classes: ['26']
Status: OPTIMAL
