presolving:
(round 1, fast)       1012 del vars, 2835 del conss, 0 add conss, 1011 chg bounds, 7285 chg sides, 6274 chg coeffs, 0 upgd conss, 0 impls, 1 clqs
(round 2, fast)       1013 del vars, 4414 del conss, 0 add conss, 1011 chg bounds, 7351 chg sides, 6340 chg coeffs, 0 upgd conss, 0 impls, 2637 clqs
(round 3, fast)       1022 del vars, 4414 del conss, 0 add conss, 1011 chg bounds, 7624 chg sides, 6613 chg coeffs, 0 upgd conss, 0 impls, 2637 clqs
(round 4, fast)       1022 del vars, 4414 del conss, 0 add conss, 1072 chg bounds, 7624 chg sides, 6613 chg coeffs, 0 upgd conss, 0 impls, 2637 clqs
(round 5, fast)       1022 del vars, 4774 del conss, 0 add conss, 1072 chg bounds, 10319 chg sides, 9308 chg coeffs, 0 upgd conss, 0 impls, 2637 clqs
(round 6, exhaustive) 1023 del vars, 4929 del conss, 0 add conss, 1126 chg bounds, 10319 chg sides, 9308 chg coeffs, 0 upgd conss, 0 impls, 2637 clqs
(round 7, fast)       1023 del vars, 5757 del conss, 0 add conss, 1126 chg bounds, 11653 chg sides, 10642 chg coeffs, 0 upgd conss, 0 impls, 2637 clqs
(round 8, fast)       1023 del vars, 5757 del conss, 0 add conss, 1186 chg bounds, 11653 chg sides, 10642 chg coeffs, 0 upgd conss, 0 impls, 2637 clqs
(round 9, fast)       1029 del vars, 7371 del conss, 0 add conss, 1186 chg bounds, 12067 chg sides, 11056 chg coeffs, 0 upgd conss, 0 impls, 2637 clqs
(round 10, fast)       1057 del vars, 7767 del conss, 0 add conss, 1186 chg bounds, 12067 chg sides, 11056 chg coeffs, 0 upgd conss, 0 impls, 2637 clqs
(round 11, fast)       1071 del vars, 7869 del conss, 0 add conss, 1186 chg bounds, 12067 chg sides, 11056 chg coeffs, 0 upgd conss, 0 impls, 2637 clqs
(round 12, fast)       1075 del vars, 7873 del conss, 0 add conss, 1186 chg bounds, 12067 chg sides, 11056 chg coeffs, 0 upgd conss, 0 impls, 2637 clqs
(round 13, fast)       1075 del vars, 7873 del conss, 0 add conss, 1221 chg bounds, 12067 chg sides, 11056 chg coeffs, 0 upgd conss, 0 impls, 2637 clqs
(round 14, fast)       1075 del vars, 8962 del conss, 0 add conss, 1221 chg bounds, 12067 chg sides, 11056 chg coeffs, 0 upgd conss, 0 impls, 2637 clqs
(round 15, fast)       1117 del vars, 9767 del conss, 0 add conss, 1221 chg bounds, 12067 chg sides, 11056 chg coeffs, 0 upgd conss, 0 impls, 2637 clqs
(round 16, fast)       1165 del vars, 10149 del conss, 0 add conss, 1221 chg bounds, 12067 chg sides, 11056 chg coeffs, 0 upgd conss, 0 impls, 2637 clqs
(round 17, fast)       1200 del vars, 10274 del conss, 0 add conss, 1221 chg bounds, 12067 chg sides, 11056 chg coeffs, 0 upgd conss, 0 impls, 2637 clqs
(round 18, fast)       1226 del vars, 10305 del conss, 0 add conss, 1221 chg bounds, 12067 chg sides, 11056 chg coeffs, 0 upgd conss, 0 impls, 2637 clqs
(round 19, exhaustive) 1226 del vars, 10305 del conss, 0 add conss, 1221 chg bounds, 12067 chg sides, 11056 chg coeffs, 5892 upgd conss, 0 impls, 2637 clqs
   (0.3s) probing: 1000/2131 (46.9%) - 0 fixings, 0 aggregations, 2433 implications, 0 bound changes
   (0.3s) probing: 1001/2131 (47.0%) - 0 fixings, 0 aggregations, 2435 implications, 0 bound changes
   (0.3s) probing aborted: 1000/1000 successive useless probings
   Deactivated symmetry handling methods, since SCIP was built without symmetry detector (SYM=none).
presolving (20 rounds: 20 fast, 3 medium, 3 exhaustive):
 1226 deleted vars, 10305 deleted constraints, 0 added constraints, 1221 tightened bounds, 0 added holes, 12067 changed sides, 11056 changed coefficients
 0 implications, 5072 cliques
presolved problem has 2131 variables (2131 bin, 0 int, 0 impl, 0 cont) and 5892 constraints
   2637 constraints of type <setppc>
   3255 constraints of type <logicor>
transformed objective value is always integral (scale: 0.001)
Presolving Time: 0.30

 time | node  | left  |LP iter|LP it/n|mem/heur|mdpt |vars |cons |rows |cuts |sepa|confs|strbr|  dualbound   | primalbound  |  gap   | compl. 
p 0.3s|     1 |     0 |     0 |     - |  clique|   0 |2131 |5892 |5892 |   0 |  0 |   0 |   0 | 0.000000e+00 | 2.150800e+01 |    Inf | unknown
i 0.4s|     1 |     0 |     0 |     - |  oneopt|   0 |2131 |5902 |5892 |   0 |  0 |  39 |   0 | 0.000000e+00 | 1.210800e+01 |    Inf | unknown
  0.4s|     1 |     0 |   269 |     - |    60M |   0 |2131 |5898 |5892 |   0 |  0 |  39 |   0 | 1.243263e+00 | 1.210800e+01 | 873.89%| unknown
  0.8s|     1 |     0 |   274 |     - |    63M |   0 |2131 |5900 |5895 |   3 |  1 |  41 |   0 | 1.246011e+00 | 1.210800e+01 | 871.74%| unknown
  1.1s|     1 |     0 |   297 |     - |    65M |   0 |2131 |5904 |5897 |   5 |  2 |  45 |   0 | 1.325871e+00 | 1.210800e+01 | 813.21%| unknown
  1.3s|     1 |     0 |   322 |     - |    66M |   0 |2131 |5911 |5898 |   6 |  3 |  52 |   0 | 1.405920e+00 | 1.210800e+01 | 761.22%| unknown
  1.7s|     1 |     0 |   353 |     - |    66M |   0 |2131 |5920 |5900 |   8 |  4 |  61 |   0 | 1.406268e+00 | 1.210800e+01 | 761.00%| unknown
  2.0s|     1 |     0 |   414 |     - |    67M |   0 |2131 |5922 |5903 |  11 |  5 |  66 |   0 | 1.480763e+00 | 1.210800e+01 | 717.69%| unknown
  2.1s|     1 |     0 |   419 |     - |    68M |   0 |2131 |5919 |5904 |  12 |  6 |  66 |   0 | 1.481288e+00 | 1.210800e+01 | 717.40%| unknown
  2.2s|     1 |     0 |   431 |     - |    68M |   0 |2131 |5920 |5905 |  13 |  7 |  73 |   0 | 1.482102e+00 | 1.210800e+01 | 716.95%| unknown
  2.3s|     1 |     0 |   478 |     - |    69M |   0 |2131 |5924 |5910 |  18 |  8 |  79 |   0 | 1.527763e+00 | 1.210800e+01 | 692.53%| unknown
  3.4s|     1 |     0 |  1646 |     - |    70M |   0 |2131 |5930 |5912 |  20 |  9 |  89 |   0 | 2.206001e+00 | 1.210800e+01 | 448.87%| unknown
  3.5s|     1 |     0 |  1960 |     - |    71M |   0 |2131 |5934 |5915 |  23 | 10 |  98 |   0 | 2.206001e+00 | 1.210800e+01 | 448.87%| unknown
  3.6s|     1 |     0 |  2369 |     - |    71M |   0 |2131 |5943 |5917 |  25 | 11 | 108 |   0 | 2.207052e+00 | 1.210800e+01 | 448.61%| unknown
  3.7s|     1 |     0 |  2897 |     - |    72M |   0 |2131 |5950 |5919 |  27 | 12 | 116 |   0 | 2.207327e+00 | 1.210800e+01 | 448.54%| unknown
 time | node  | left  |LP iter|LP it/n|mem/heur|mdpt |vars |cons |rows |cuts |sepa|confs|strbr|  dualbound   | primalbound  |  gap   | compl. 
  3.7s|     1 |     0 |  3183 |     - |    72M |   0 |2131 |5955 |5920 |  28 | 13 | 126 |   0 | 2.208641e+00 | 1.210800e+01 | 448.21%| unknown
  3.8s|     1 |     0 |  3734 |     - |    73M |   0 |2131 |5961 |5922 |  30 | 14 | 135 |   0 | 2.210419e+00 | 1.210800e+01 | 447.77%| unknown
  3.9s|     1 |     0 |  4242 |     - |    74M |   0 |2131 |5967 |5924 |  32 | 15 | 145 |   0 | 2.210837e+00 | 1.210800e+01 | 447.67%| unknown
  4.0s|     1 |     0 |  4930 |     - |    74M |   0 |2131 |5972 |5926 |  34 | 16 | 153 |   0 | 2.218245e+00 | 1.210800e+01 | 445.84%| unknown
  4.1s|     1 |     0 |  5291 |     - |    75M |   0 |2131 |5962 |5928 |  37 | 17 | 157 |   0 | 2.218654e+00 | 1.210800e+01 | 445.74%| unknown
  4.2s|     1 |     0 |  5724 |     - |    76M |   0 |2131 |5965 |5933 |  42 | 18 | 162 |   0 | 2.231197e+00 | 1.210800e+01 | 442.67%| unknown
  4.3s|     1 |     0 |  6252 |     - |    76M |   0 |2131 |5975 |5937 |  46 | 19 | 172 |   0 | 2.242100e+00 | 1.210800e+01 | 440.03%| unknown
  4.3s|     1 |     0 |  6566 |     - |    77M |   0 |2131 |5978 |5942 |  51 | 20 | 179 |   0 | 2.259966e+00 | 1.210800e+01 | 435.76%| unknown
  4.3s|     1 |     0 |  6580 |     - |    77M |   0 |2131 |5977 |5944 |  53 | 21 | 179 |   0 | 2.260073e+00 | 1.210800e+01 | 435.73%| unknown
d 6.1s|     1 |     0 | 15037 |     - |farkasdi|   0 |2131 |5974 |5944 |   0 | 23 | 179 |   0 | 2.260073e+00 | 3.511000e+00 |  55.35%| unknown
d 6.5s|     1 |     0 | 17983 |     - |conflict|   0 |2131 |6011 |5944 |   0 | 23 | 225 |   0 | 2.260073e+00 | 3.409000e+00 |  50.84%| unknown
L 6.6s|     1 |     0 | 17983 |     - |    alns|   0 |2131 |5995 |5944 |  53 | 23 | 225 |   0 | 2.260073e+00 | 2.408000e+00 |   6.55%| unknown
  6.6s|     1 |     0 | 18166 |     - |    78M |   0 |2131 |5681 |5944 |  53 | 23 | 225 |   0 | 2.269685e+00 | 2.408000e+00 |   6.09%| unknown
  6.6s|     1 |     0 | 18166 |     - |    78M |   0 |2131 |5675 |3679 |  53 | 23 | 235 |   0 | 2.269685e+00 | 2.408000e+00 |   6.09%| unknown
  6.7s|     1 |     0 | 18666 |     - |    78M |   0 |2131 |4003 |2645 |  55 | 24 | 235 |   0 | 2.269891e+00 | 2.408000e+00 |   6.08%| unknown
 time | node  | left  |LP iter|LP it/n|mem/heur|mdpt |vars |cons |rows |cuts |sepa|confs|strbr|  dualbound   | primalbound  |  gap   | compl. 
  6.7s|     1 |     0 | 18666 |     - |    78M |   0 |2131 |4002 |2464 |  55 | 24 | 239 |   0 | 2.269891e+00 | 2.408000e+00 |   6.08%| unknown
  6.7s|     1 |     0 | 18666 |     - |    78M |   0 |2131 |3529 |2464 |  55 | 25 | 239 |   0 | 2.269891e+00 | 2.408000e+00 |   6.08%| unknown
  6.7s|     1 |     0 | 18790 |     - |    78M |   0 |2131 |3529 |2467 |  58 | 26 | 239 |   0 | 2.274581e+00 | 2.408000e+00 |   5.87%| unknown
  6.7s|     1 |     0 | 18790 |     - |    78M |   0 |2131 |3525 |2347 |  58 | 26 | 241 |   0 | 2.274581e+00 | 2.408000e+00 |   5.87%| unknown
  6.7s|     1 |     0 | 18798 |     - |    78M |   0 |2131 |3525 |2348 |  59 | 27 | 241 |   0 | 2.274814e+00 | 2.408000e+00 |   5.85%| unknown
(run 1, node 1) restarting after 1308 global fixings of integer variables

(restart) converted 23 cuts from the global cut pool into linear constraints

presolving:
(round 1, fast)       1308 del vars, 1154 del conss, 0 add conss, 0 chg bounds, 0 chg sides, 7254 chg coeffs, 0 upgd conss, 0 impls, 2446 clqs
(round 2, fast)       1316 del vars, 1183 del conss, 0 add conss, 0 chg bounds, 0 chg sides, 7257 chg coeffs, 0 upgd conss, 0 impls, 2401 clqs
(round 3, medium)     1317 del vars, 1184 del conss, 0 add conss, 0 chg bounds, 0 chg sides, 7257 chg coeffs, 0 upgd conss, 0 impls, 2400 clqs
(round 4, exhaustive) 1317 del vars, 1185 del conss, 0 add conss, 0 chg bounds, 1 chg sides, 7257 chg coeffs, 0 upgd conss, 0 impls, 2400 clqs
(round 5, exhaustive) 1317 del vars, 1185 del conss, 0 add conss, 0 chg bounds, 1 chg sides, 7257 chg coeffs, 22 upgd conss, 0 impls, 2400 clqs
(round 6, medium)     1317 del vars, 1185 del conss, 4 add conss, 0 chg bounds, 21 chg sides, 7284 chg coeffs, 22 upgd conss, 0 impls, 2402 clqs
(round 7, exhaustive) 1317 del vars, 1221 del conss, 4 add conss, 0 chg bounds, 21 chg sides, 7298 chg coeffs, 22 upgd conss, 0 impls, 2402 clqs
(round 8, exhaustive) 1317 del vars, 1230 del conss, 4 add conss, 0 chg bounds, 21 chg sides, 7568 chg coeffs, 22 upgd conss, 0 impls, 2402 clqs
(round 9, exhaustive) 1317 del vars, 1230 del conss, 4 add conss, 0 chg bounds, 21 chg sides, 7588 chg coeffs, 22 upgd conss, 0 impls, 2402 clqs
presolving (10 rounds: 10 fast, 8 medium, 6 exhaustive):
 1317 deleted vars, 1230 deleted constraints, 4 added constraints, 0 tightened bounds, 0 added holes, 21 changed sides, 7599 changed coefficients
 0 implications, 2402 cliques
presolved problem has 814 variables (814 bin, 0 int, 0 impl, 0 cont) and 2322 constraints
     11 constraints of type <knapsack>
    966 constraints of type <setppc>
   1345 constraints of type <logicor>
transformed objective value is always integral (scale: 0.001)
Presolving Time: 0.37
transformed 3/7 original solutions to the transformed problem space

 time | node  | left  |LP iter|LP it/n|mem/heur|mdpt |vars |cons |rows |cuts |sepa|confs|strbr|  dualbound   | primalbound  |  gap   | compl. 
  6.8s|     1 |     0 | 19466 |     - |    78M |   0 | 814 |2322 |2248 |   0 |  0 | 251 |   0 | 2.274814e+00 | 2.408000e+00 |   5.85%| unknown
  6.8s|     1 |     0 | 19466 |     - |    78M |   0 | 814 |2328 |1847 |   0 |  0 | 257 |   0 | 2.274814e+00 | 2.408000e+00 |   5.85%| unknown
  7.1s|     1 |     0 | 19914 |     - |    80M |   0 | 814 |2164 |1853 |   6 |  1 | 257 |   0 | 2.274814e+00 | 2.408000e+00 |   5.85%| unknown
  7.3s|     1 |     0 | 20445 |     - |    83M |   0 | 814 |2173 |1859 |  12 |  2 | 267 |   0 | 2.274814e+00 | 2.408000e+00 |   5.85%| unknown
  7.3s|     1 |     0 | 20445 |     - |    83M |   0 | 814 |2173 |1839 |  12 |  2 | 267 |   0 | 2.274814e+00 | 2.408000e+00 |   5.85%| unknown
  7.7s|     1 |     0 | 20840 |     - |    86M |   0 | 814 |2165 |1848 |  21 |  3 | 267 |   0 | 2.274814e+00 | 2.408000e+00 |   5.85%| unknown
  7.8s|     1 |     0 | 21332 |     - |    91M |   0 | 814 |2175 |1853 |  26 |  4 | 277 |   0 | 2.274814e+00 | 2.408000e+00 |   5.85%| unknown
  8.0s|     1 |     0 | 21561 |     - |    94M |   0 | 814 |2184 |1857 |  30 |  5 | 287 |   0 | 2.274814e+00 | 2.408000e+00 |   5.85%| unknown
  8.2s|     1 |     0 | 21876 |     - |    97M |   0 | 814 |2189 |1859 |  32 |  6 | 297 |   0 | 2.274814e+00 | 2.408000e+00 |   5.85%| unknown
  8.4s|     1 |     0 | 22296 |     - |   100M |   0 | 814 |2190 |1862 |  35 |  7 | 299 |   0 | 2.274814e+00 | 2.408000e+00 |   5.85%| unknown
  8.4s|     1 |     0 | 22296 |     - |   100M |   0 | 814 |2185 |1857 |  35 |  7 | 301 |   0 | 2.274814e+00 | 2.408000e+00 |   5.85%| unknown
  8.7s|     1 |     0 | 22543 |     - |   104M |   0 | 814 |2162 |1859 |  37 |  8 | 301 |   0 | 2.274814e+00 | 2.408000e+00 |   5.85%| unknown
  8.7s|     1 |     0 | 22543 |     - |   104M |   0 | 814 |2172 |1849 |  37 |  8 | 311 |   0 | 2.274814e+00 | 2.408000e+00 |   5.85%| unknown
  8.8s|     1 |     0 | 22821 |     - |   107M |   0 | 814 |2168 |1850 |  38 |  9 | 311 |   0 | 2.274814e+00 | 2.408000e+00 |   5.85%| unknown
  9.0s|     1 |     0 | 23814 |     - |   110M |   0 | 814 |2168 |1853 |  41 | 10 | 314 |   0 | 2.274814e+00 | 2.408000e+00 |   5.85%| unknown
 time | node  | left  |LP iter|LP it/n|mem/heur|mdpt |vars |cons |rows |cuts |sepa|confs|strbr|  dualbound   | primalbound  |  gap   | compl. 
  9.0s|     1 |     0 | 23814 |     - |   110M |   0 | 814 |2172 |1851 |  41 | 10 | 321 |   0 | 2.274814e+00 | 2.408000e+00 |   5.85%| unknown
  9.1s|     1 |     0 | 24137 |     - |   111M |   0 | 814 |2164 |1853 |  43 | 11 | 321 |   0 | 2.275179e+00 | 2.408000e+00 |   5.84%| unknown
  9.1s|     1 |     0 | 24169 |     - |   111M |   0 | 814 |2169 |1848 |  47 | 12 | 331 |   0 | 2.275253e+00 | 2.408000e+00 |   5.83%| unknown
  9.1s|     1 |     0 | 24176 |     - |   111M |   0 | 814 |2169 |1850 |  49 | 13 | 332 |   0 | 2.275253e+00 | 2.408000e+00 |   5.83%| unknown
  9.2s|     1 |     0 | 24454 |     - |   111M |   0 | 814 |2170 |1853 |  52 | 14 | 341 |   0 | 2.275628e+00 | 2.408000e+00 |   5.82%| unknown
  9.2s|     1 |     0 | 24525 |     - |   111M |   0 | 814 |2168 |1854 |  53 | 15 | 343 |   0 | 2.275943e+00 | 2.408000e+00 |   5.80%| unknown
  9.2s|     1 |     0 | 24717 |     - |   111M |   0 | 814 |2156 |1855 |  54 | 16 | 343 |   0 | 2.276613e+00 | 2.408000e+00 |   5.77%| unknown
  9.2s|     1 |     0 | 24895 |     - |   111M |   0 | 814 |2151 |1856 |  55 | 17 | 343 |   0 | 2.277047e+00 | 2.408000e+00 |   5.75%| unknown
  9.3s|     1 |     0 | 25423 |     - |   111M |   0 | 814 |2140 |1846 |  56 | 18 | 343 |   0 | 2.277609e+00 | 2.408000e+00 |   5.72%| unknown
  9.3s|     1 |     0 | 25855 |     - |   111M |   0 | 814 |2146 |1848 |  58 | 19 | 349 |   0 | 2.278080e+00 | 2.408000e+00 |   5.70%| unknown
  9.4s|     1 |     0 | 26031 |     - |   111M |   0 | 814 |2148 |1850 |  60 | 20 | 356 |   0 | 2.279067e+00 | 2.408000e+00 |   5.66%| unknown
  9.4s|     1 |     0 | 26243 |     - |   111M |   0 | 814 |2155 |1853 |  63 | 21 | 366 |   0 | 2.281475e+00 | 2.408000e+00 |   5.55%| unknown
  9.4s|     1 |     0 | 26267 |     - |   111M |   0 | 814 |2155 |1858 |  68 | 22 | 376 |   0 | 2.281707e+00 | 2.408000e+00 |   5.54%| unknown
  9.4s|     1 |     0 | 26277 |     - |   111M |   0 | 814 |2156 |1859 |  69 | 23 | 382 |   0 | 2.281733e+00 | 2.408000e+00 |   5.53%| unknown
  9.5s|     1 |     0 | 26531 |     - |   111M |   0 | 814 |2158 |1853 |  70 | 24 | 391 |   0 | 2.282094e+00 | 2.408000e+00 |   5.52%| unknown
 time | node  | left  |LP iter|LP it/n|mem/heur|mdpt |vars |cons |rows |cuts |sepa|confs|strbr|  dualbound   | primalbound  |  gap   | compl. 
  9.5s|     1 |     0 | 26532 |     - |   111M |   0 | 814 |2151 |1854 |  71 | 25 | 391 |   0 | 2.282094e+00 | 2.408000e+00 |   5.52%| unknown
  9.5s|     1 |     0 | 26943 |     - |   111M |   0 | 814 |2143 |1856 |  73 | 26 | 391 |   0 | 2.283168e+00 | 2.408000e+00 |   5.47%| unknown
  9.6s|     1 |     0 | 27249 |     - |   111M |   0 | 814 |2142 |1858 |  75 | 27 | 392 |   0 | 2.283434e+00 | 2.408000e+00 |   5.46%| unknown
  9.6s|     1 |     0 | 27275 |     - |   111M |   0 | 814 |2135 |1859 |  76 | 28 | 392 |   0 | 2.283502e+00 | 2.408000e+00 |   5.45%| unknown
  9.6s|     1 |     0 | 27309 |     - |   111M |   0 | 814 |2135 |1861 |  78 | 29 | 398 |   0 | 2.284329e+00 | 2.408000e+00 |   5.41%| unknown
  9.6s|     1 |     0 | 27572 |     - |   111M |   0 | 814 |2134 |1852 |  79 | 30 | 399 |   0 | 2.284366e+00 | 2.408000e+00 |   5.41%| unknown
  9.6s|     1 |     0 | 27575 |     - |   111M |   0 | 814 |2125 |1853 |  80 | 31 | 403 |   0 | 2.284366e+00 | 2.408000e+00 |   5.41%| unknown
(run 2, node 1) restarting after 153 global fixings of integer variables

(restart) converted 31 cuts from the global cut pool into linear constraints

presolving:
(round 1, fast)       153 del vars, 199 del conss, 0 add conss, 0 chg bounds, 0 chg sides, 859 chg coeffs, 0 upgd conss, 0 impls, 1907 clqs
(round 2, fast)       173 del vars, 257 del conss, 0 add conss, 0 chg bounds, 0 chg sides, 891 chg coeffs, 0 upgd conss, 0 impls, 1842 clqs
(round 3, fast)       180 del vars, 283 del conss, 0 add conss, 0 chg bounds, 0 chg sides, 892 chg coeffs, 0 upgd conss, 0 impls, 1804 clqs
(round 4, exhaustive) 180 del vars, 283 del conss, 0 add conss, 0 chg bounds, 0 chg sides, 906 chg coeffs, 0 upgd conss, 0 impls, 1804 clqs
(round 5, exhaustive) 180 del vars, 283 del conss, 0 add conss, 0 chg bounds, 0 chg sides, 919 chg coeffs, 0 upgd conss, 0 impls, 1804 clqs
(round 6, exhaustive) 180 del vars, 283 del conss, 0 add conss, 0 chg bounds, 0 chg sides, 931 chg coeffs, 0 upgd conss, 0 impls, 1804 clqs
(round 7, exhaustive) 180 del vars, 283 del conss, 0 add conss, 0 chg bounds, 0 chg sides, 941 chg coeffs, 0 upgd conss, 0 impls, 1804 clqs
(round 8, exhaustive) 180 del vars, 283 del conss, 0 add conss, 0 chg bounds, 0 chg sides, 951 chg coeffs, 0 upgd conss, 0 impls, 1804 clqs
(round 9, exhaustive) 180 del vars, 283 del conss, 0 add conss, 0 chg bounds, 0 chg sides, 960 chg coeffs, 21 upgd conss, 0 impls, 1804 clqs
(round 10, medium)     180 del vars, 284 del conss, 2 add conss, 0 chg bounds, 69 chg sides, 1035 chg coeffs, 21 upgd conss, 0 impls, 1804 clqs
(round 11, exhaustive) 180 del vars, 284 del conss, 2 add conss, 0 chg bounds, 69 chg sides, 1056 chg coeffs, 21 upgd conss, 0 impls, 1804 clqs
(round 12, exhaustive) 180 del vars, 284 del conss, 2 add conss, 0 chg bounds, 69 chg sides, 1072 chg coeffs, 21 upgd conss, 0 impls, 1804 clqs
(round 13, exhaustive) 180 del vars, 284 del conss, 2 add conss, 0 chg bounds, 69 chg sides, 1083 chg coeffs, 21 upgd conss, 0 impls, 1804 clqs
(round 14, exhaustive) 180 del vars, 284 del conss, 2 add conss, 0 chg bounds, 69 chg sides, 1094 chg coeffs, 21 upgd conss, 0 impls, 1804 clqs
(round 15, exhaustive) 180 del vars, 299 del conss, 2 add conss, 0 chg bounds, 69 chg sides, 1103 chg coeffs, 21 upgd conss, 0 impls, 1804 clqs
(round 16, exhaustive) 180 del vars, 309 del conss, 2 add conss, 0 chg bounds, 69 chg sides, 1200 chg coeffs, 21 upgd conss, 0 impls, 1804 clqs
(round 17, exhaustive) 180 del vars, 309 del conss, 2 add conss, 0 chg bounds, 69 chg sides, 1274 chg coeffs, 21 upgd conss, 0 impls, 1804 clqs
presolving (18 rounds: 18 fast, 15 medium, 14 exhaustive):
 180 deleted vars, 309 deleted constraints, 2 added constraints, 0 tightened bounds, 0 added holes, 69 changed sides, 1280 changed coefficients
 0 implications, 1804 cliques
presolved problem has 634 variables (634 bin, 0 int, 0 impl, 0 cont) and 1863 constraints
     21 constraints of type <knapsack>
    744 constraints of type <setppc>
     10 constraints of type <linear>
   1088 constraints of type <logicor>
transformed objective value is always integral (scale: 0.001)
Presolving Time: 0.45
transformed 3/7 original solutions to the transformed problem space

 time | node  | left  |LP iter|LP it/n|mem/heur|mdpt |vars |cons |rows |cuts |sepa|confs|strbr|  dualbound   | primalbound  |  gap   | compl. 
 10.0s|     1 |     0 | 30094 |     - |    94M |   0 | 634 |1863 |1742 |   0 |  0 | 427 |   0 | 2.284366e+00 | 2.408000e+00 |   5.41%| unknown
 10.0s|     1 |     0 | 30094 |     - |    94M |   0 | 634 |1873 |1510 |   0 |  0 | 437 |   0 | 2.284366e+00 | 2.408000e+00 |   5.41%| unknown
 10.2s|     1 |     0 | 30417 |     - |    97M |   0 | 634 |1794 |1519 |   9 |  1 | 437 |   0 | 2.293077e+00 | 2.408000e+00 |   5.01%| unknown
 10.2s|     1 |     0 | 30417 |     - |    97M |   0 | 634 |1802 |1446 |   9 |  1 | 445 |   0 | 2.293077e+00 | 2.408000e+00 |   5.01%| unknown
 10.3s|     1 |     0 | 31041 |     - |    99M |   0 | 634 |1767 |1441 |  16 |  2 | 445 |   0 | 2.329206e+00 | 2.408000e+00 |   3.38%| unknown
 10.3s|     1 |     0 | 31041 |     - |    99M |   0 | 634 |1770 |1262 |  16 |  2 | 448 |   0 | 2.329206e+00 | 2.408000e+00 |   3.38%| unknown
 10.4s|     1 |     0 | 31697 |     - |   102M |   0 | 634 |1627 |1186 |  21 |  3 | 448 |   0 | 2.345226e+00 | 2.408000e+00 |   2.68%| unknown
 10.5s|     1 |     0 | 31697 |     - |   102M |   0 | 634 |1626 |1017 |  21 |  3 | 449 |   0 | 2.345226e+00 | 2.408000e+00 |   2.68%| unknown
 10.6s|     1 |     0 | 32183 |     - |   104M |   0 | 634 |1510 | 998 |  25 |  4 | 449 |   0 | 2.349179e+00 | 2.408000e+00 |   2.50%| unknown
 10.6s|     1 |     0 | 32183 |     - |   104M |   0 | 634 |1520 | 973 |  25 |  4 | 459 |   0 | 2.349179e+00 | 2.408000e+00 |   2.50%| unknown
 10.6s|     1 |     0 | 32561 |     - |   106M |   0 | 634 |1490 | 965 |  28 |  5 | 459 |   0 | 2.362438e+00 | 2.408000e+00 |   1.93%| unknown
 10.6s|     1 |     0 | 32561 |     - |   106M |   0 | 634 |1495 | 796 |  28 |  5 | 464 |   0 | 2.362438e+00 | 2.408000e+00 |   1.93%| unknown
 10.7s|     1 |     0 | 33033 |     - |   107M |   0 | 634 |1378 | 755 |  32 |  6 | 464 |   0 | 2.374442e+00 | 2.408000e+00 |   1.41%| unknown
 10.7s|     1 |     0 | 33033 |     - |   107M |   0 | 634 |1378 | 711 |  32 |  6 | 464 |   0 | 2.374442e+00 | 2.408000e+00 |   1.41%| unknown
 10.8s|     1 |     0 | 33411 |     - |   109M |   0 | 634 |1341 | 712 |  35 |  7 | 464 |   0 | 2.388022e+00 | 2.408000e+00 |   0.84%| unknown
 time | node  | left  |LP iter|LP it/n|mem/heur|mdpt |vars |cons |rows |cuts |sepa|confs|strbr|  dualbound   | primalbound  |  gap   | compl. 
 10.8s|     1 |     0 | 33411 |     - |   109M |   0 | 634 |1350 | 648 |  35 |  7 | 474 |   0 | 2.388022e+00 | 2.408000e+00 |   0.84%| unknown
 10.8s|     1 |     0 | 33824 |     - |   110M |   0 | 634 |1321 | 641 |  38 |  8 | 474 |   0 | 2.408000e+00 | 2.408000e+00 |   0.00%| unknown
 10.8s|     1 |     0 | 33824 |     - |   110M |   0 | 634 |1321 | 641 |  38 |  8 | 474 |   0 | 2.408000e+00 | 2.408000e+00 |   0.00%| unknown

SCIP Status        : problem is solved [optimal solution found]
Solving Time (sec) : 10.84
Solving Nodes      : 1 (total of 3 nodes in 3 runs)
Primal Bound       : +2.40800000000000e+00 (7 solutions)
Dual Bound         : +2.40800000000000e+00
Gap                : 0.00 %
Root classes: ['21']
Status: OPTIMAL
