presolving:
(round 1, fast)       47435 del vars, 133360 del conss, 0 add conss, 47433 chg bounds, 332386 chg sides, 284953 chg coeffs, 0 upgd conss, 0 impls, 0 clqs
(round 2, fast)       47485 del vars, 211986 del conss, 0 add conss, 47446 chg bounds, 343809 chg sides, 296376 chg coeffs, 0 upgd conss, 0 impls, 117832 clqs
(round 3, fast)       47493 del vars, 213808 del conss, 0 add conss, 47446 chg bounds, 352848 chg sides, 305415 chg coeffs, 0 upgd conss, 0 impls, 117832 clqs
(round 4, fast)       47493 del vars, 213808 del conss, 0 add conss, 48966 chg bounds, 352848 chg sides, 305415 chg coeffs, 0 upgd conss, 0 impls, 117832 clqs
(round 5, fast)       47505 del vars, 214951 del conss, 0 add conss, 48966 chg bounds, 474753 chg sides, 427310 chg coeffs, 0 upgd conss, 0 impls, 117832 clqs
(round 6, exhaustive) 47508 del vars, 223817 del conss, 0 add conss, 51150 chg bounds, 474753 chg sides, 427310 chg coeffs, 0 upgd conss, 0 impls, 117832 clqs
(round 7, fast)       47508 del vars, 227914 del conss, 0 add conss, 51150 chg bounds, 517444 chg sides, 470001 chg coeffs, 0 upgd conss, 0 impls, 117832 clqs
(round 8, exhaustive) 47521 del vars, 227927 del conss, 0 add conss, 53551 chg bounds, 517444 chg sides, 470001 chg coeffs, 0 upgd conss, 0 impls, 117832 clqs
(round 9, fast)       47556 del vars, 238643 del conss, 0 add conss, 53551 chg bounds, 547144 chg sides, 499701 chg coeffs, 0 upgd conss, 0 impls, 117832 clqs
(round 10, fast)       47752 del vars, 240530 del conss, 0 add conss, 53551 chg bounds, 547173 chg sides, 499701 chg coeffs, 0 upgd conss, 0 impls, 117832 clqs
(round 11, fast)       47841 del vars, 241049 del conss, 0 add conss, 53551 chg bounds, 547173 chg sides, 499701 chg coeffs, 0 upgd conss, 0 impls, 117832 clqs
(round 12, exhaustive) 47858 del vars, 241066 del conss, 0 add conss, 54881 chg bounds, 547173 chg sides, 499701 chg coeffs, 0 upgd conss, 0 impls, 117832 clqs
(round 13, fast)       47936 del vars, 256043 del conss, 0 add conss, 54881 chg bounds, 561087 chg sides, 513612 chg coeffs, 0 upgd conss, 0 impls, 117832 clqs
(round 14, fast)       48326 del vars, 264263 del conss, 0 add conss, 54881 chg bounds, 561103 chg sides, 513612 chg coeffs, 0 upgd conss, 0 impls, 117832 clqs
(round 15, fast)       48737 del vars, 269340 del conss, 0 add conss, 54881 chg bounds, 561114 chg sides, 513612 chg coeffs, 0 upgd conss, 0 impls, 117832 clqs
(round 16, fast)       48979 del vars, 270708 del conss, 0 add conss, 54881 chg bounds, 561136 chg sides, 513612 chg coeffs, 0 upgd conss, 0 impls, 117832 clqs
(round 17, exhaustive) 49047 del vars, 270784 del conss, 0 add conss, 55425 chg bounds, 561136 chg sides, 513612 chg coeffs, 0 upgd conss, 0 impls, 117832 clqs
(round 18, fast)       49071 del vars, 283238 del conss, 0 add conss, 55425 chg bounds, 571334 chg sides, 523810 chg coeffs, 0 upgd conss, 0 impls, 117832 clqs
(round 19, fast)       49272 del vars, 290585 del conss, 0 add conss, 55425 chg bounds, 571334 chg sides, 523810 chg coeffs, 0 upgd conss, 0 impls, 117832 clqs
(round 20, fast)       49703 del vars, 299033 del conss, 0 add conss, 55425 chg bounds, 571334 chg sides, 523810 chg coeffs, 0 upgd conss, 0 impls, 117832 clqs
(round 21, fast)       50061 del vars, 303045 del conss, 0 add conss, 55425 chg bounds, 571334 chg sides, 523810 chg coeffs, 0 upgd conss, 0 impls, 117832 clqs
(round 22, fast)       50216 del vars, 303773 del conss, 0 add conss, 55425 chg bounds, 571334 chg sides, 523810 chg coeffs, 0 upgd conss, 0 impls, 117832 clqs
(round 23, exhaustive) 50241 del vars, 303798 del conss, 0 add conss, 55928 chg bounds, 571334 chg sides, 523810 chg coeffs, 266782 upgd conss, 0 impls, 117832 clqs
(round 24, fast)       50241 del vars, 317280 del conss, 0 add conss, 55928 chg bounds, 580411 chg sides, 532887 chg coeffs, 266782 upgd conss, 5414 impls, 117832 clqs
(round 25, fast)       50361 del vars, 321981 del conss, 0 add conss, 55928 chg bounds, 580411 chg sides, 532887 chg coeffs, 266782 upgd conss, 5414 impls, 117832 clqs
(round 26, fast)       50699 del vars, 328430 del conss, 0 add conss, 55928 chg bounds, 580411 chg sides, 532887 chg coeffs, 266782 upgd conss, 5414 impls, 117832 clqs
(round 27, fast)       50983 del vars, 331890 del conss, 0 add conss, 55928 chg bounds, 580411 chg sides, 532887 chg coeffs, 266782 upgd conss, 5414 impls, 117832 clqs
(round 28, fast)       51118 del vars, 332641 del conss, 0 add conss, 55928 chg bounds, 580411 chg sides, 532887 chg coeffs, 266782 upgd conss, 5414 impls, 117832 clqs
   (12.7s) probing: 52/97405 (0.1%) - 13 fixings, 0 aggregations, 0 implications, 0 bound changes
   (12.7s) probing aborted: 50/50 successive totally useless probings
   Deactivated symmetry handling methods, since SCIP was built without symmetry detector (SYM=none).
presolving (29 rounds: 29 fast, 6 medium, 6 exhaustive):
 51160 deleted vars, 332700 deleted constraints, 0 added constraints, 56249 tightened bounds, 0 added holes, 580411 changed sides, 532887 changed coefficients
 5414 implications, 117832 cliques
presolved problem has 103288 variables (97405 bin, 0 int, 0 impl, 5883 cont) and 409061 constraints
   4807 constraints of type <varbound>
 117832 constraints of type <setppc>
 142886 constraints of type <linear>
 143536 constraints of type <logicor>
transformed objective value is always integral (scale: 0.001)
Presolving Time: 13.59

 time | node  | left  |LP iter|LP it/n|mem/heur|mdpt |vars |cons |rows |cuts |sepa|confs|strbr|  dualbound   | primalbound  |  gap   | compl. 
p20.0s|     1 |     0 |     0 |     - |   locks|   0 | 103k| 395k| 395k|   0 |  0 |   0 |   0 | 1.703000e+00 | 1.987992e+04 |  Large | unknown
i25.7s|     1 |     0 |     0 |     - |  oneopt|   0 | 103k| 395k| 395k|   0 |  0 |  42 |   0 | 1.703000e+00 | 1.346200e+02 |7804.87%| unknown
 28.5s|     1 |     0 |  1769 |     - |  3050M |   0 | 103k| 376k| 395k|   0 |  0 |  42 |   0 | 1.114996e+01 | 1.346200e+02 |1107.36%| unknown
 54.8s|     1 |     0 |  2436 |     - |  3111M |   0 | 103k| 376k| 395k|   7 |  1 |  51 |   0 | 1.229176e+01 | 1.346200e+02 | 995.21%| unknown
 83.5s|     1 |     0 |  4278 |     - |  3161M |   0 | 103k| 376k| 395k|  16 |  2 |  61 |   0 | 1.340887e+01 | 1.346200e+02 | 903.96%| unknown
  110s|     1 |     0 |  7182 |     - |  3210M |   0 | 103k| 376k| 395k|  23 |  3 |  70 |   0 | 1.442584e+01 | 1.346200e+02 | 833.19%| unknown
  130s|     1 |     0 |  9343 |     - |  3259M |   0 | 103k| 376k| 395k|  29 |  4 |  72 |   0 | 1.471151e+01 | 1.346200e+02 | 815.07%| unknown
  151s|     1 |     0 | 11985 |     - |  3312M |   0 | 103k| 376k| 395k|  36 |  5 |  81 |   0 | 1.488719e+01 | 1.346200e+02 | 804.27%| unknown
  212s|     1 |     0 | 15402 |     - |  3371M |   0 | 103k| 376k| 395k|  44 |  6 |  88 |   0 | 1.504135e+01 | 1.346200e+02 | 795.00%| unknown
  262s|     1 |     0 | 18740 |     - |  3443M |   0 | 103k| 376k| 395k|  51 |  7 |  94 |   0 | 1.516560e+01 | 1.346200e+02 | 787.67%| unknown
  285s|     1 |     0 | 20596 |     - |  3502M |   0 | 103k| 376k| 395k|  58 |  8 | 100 |   0 | 1.521473e+01 | 1.346200e+02 | 784.80%| unknown
  328s|     1 |     0 | 22209 |     - |  3568M |   0 | 103k| 376k| 395k|  64 |  9 | 110 |   0 | 1.533240e+01 | 1.346200e+02 | 778.01%| unknown
  367s|     1 |     0 | 23842 |     - |  3632M |   0 | 103k| 376k| 395k|  69 | 10 | 120 |   0 | 1.536841e+01 | 1.346200e+02 | 775.95%| unknown
  381s|     1 |     0 | 26108 |     - |  3672M |   0 | 103k| 376k| 395k|  77 | 11 | 130 |   0 | 1.541481e+01 | 1.346200e+02 | 773.32%| unknown
  397s|     1 |     0 | 29302 |     - |  3712M |   0 | 103k| 376k| 395k|  83 | 12 | 136 |   0 | 1.547363e+01 | 1.346200e+02 | 770.00%| unknown
 time | node  | left  |LP iter|LP it/n|mem/heur|mdpt |vars |cons |rows |cuts |sepa|confs|strbr|  dualbound   | primalbound  |  gap   | compl. 
  422s|     1 |     0 | 34509 |     - |  3751M |   0 | 103k| 376k| 395k|  91 | 13 | 142 |   0 | 1.555322e+01 | 1.346200e+02 | 765.54%| unknown
  440s|     1 |     0 | 37163 |     - |  3789M |   0 | 103k| 377k| 395k|  96 | 14 | 147 |   0 | 1.559581e+01 | 1.346200e+02 | 763.18%| unknown
  452s|     1 |     0 | 38956 |     - |  3827M |   0 | 103k| 377k| 395k| 102 | 15 | 157 |   0 | 1.568856e+01 | 1.346200e+02 | 758.08%| unknown
  468s|     1 |     0 | 42792 |     - |  3865M |   0 | 103k| 377k| 395k| 110 | 16 | 167 |   0 | 1.571290e+01 | 1.346200e+02 | 756.75%| unknown
  483s|     1 |     0 | 44868 |     - |  3903M |   0 | 103k| 377k| 395k| 117 | 17 | 177 |   0 | 1.574394e+01 | 1.346200e+02 | 755.06%| unknown
  499s|     1 |     0 | 48305 |     - |  3941M |   0 | 103k| 377k| 395k| 125 | 18 | 187 |   0 | 1.576940e+01 | 1.346200e+02 | 753.68%| unknown
  505s|     1 |     0 | 48800 |     - |  3981M |   0 | 103k| 377k| 395k| 129 | 19 | 197 |   0 | 1.577310e+01 | 1.346200e+02 | 753.48%| unknown
  520s|     1 |     0 | 51688 |     - |  4018M |   0 | 103k| 377k| 395k| 134 | 20 | 207 |   0 | 1.581116e+01 | 1.346200e+02 | 751.42%| unknown
  527s|     1 |     0 | 52680 |     - |  4018M |   0 | 103k| 377k| 395k| 138 | 21 | 208 |   0 | 1.581294e+01 | 1.346200e+02 | 751.33%| unknown
  539s|     1 |     0 | 54734 |     - |  4018M |   0 | 103k| 377k| 395k| 145 | 22 | 212 |   0 | 1.581718e+01 | 1.346200e+02 | 751.10%| unknown
  556s|     1 |     0 | 56364 |     - |  4018M |   0 | 103k| 377k| 395k| 149 | 23 | 215 |   0 | 1.583964e+01 | 1.346200e+02 | 749.89%| unknown
  568s|     1 |     0 | 58141 |     - |  4018M |   0 | 103k| 377k| 395k| 153 | 24 | 224 |   0 | 1.584890e+01 | 1.346200e+02 | 749.40%| unknown
  573s|     1 |     0 | 58426 |     - |  4018M |   0 | 103k| 377k| 395k| 155 | 25 | 234 |   0 | 1.585170e+01 | 1.346200e+02 | 749.25%| unknown
  583s|     1 |     0 | 59542 |     - |  4018M |   0 | 103k| 377k| 395k| 159 | 26 | 244 |   0 | 1.586138e+01 | 1.346200e+02 | 748.73%| unknown
  594s|     1 |     0 | 61029 |     - |  4019M |   0 | 103k| 377k| 395k| 162 | 27 | 254 |   0 | 1.587424e+01 | 1.346200e+02 | 748.04%| unknown
 time | node  | left  |LP iter|LP it/n|mem/heur|mdpt |vars |cons |rows |cuts |sepa|confs|strbr|  dualbound   | primalbound  |  gap   | compl. 
  599s|     1 |     0 | 61071 |     - |  4019M |   0 | 103k| 377k| 395k| 163 | 28 | 264 |   0 | 1.587446e+01 | 1.346200e+02 | 748.03%| unknown
  610s|     1 |     0 | 61508 |     - |  4026M |   0 | 103k| 377k| 395k| 165 | 29 | 269 |   0 | 1.587465e+01 | 1.346200e+02 | 748.02%| unknown
  619s|     1 |     0 | 62659 |     - |  4027M |   0 | 103k| 377k| 395k| 169 | 30 | 278 |   0 | 1.588207e+01 | 1.346200e+02 | 747.62%| unknown
  631s|     1 |     0 | 64442 |     - |  4027M |   0 | 103k| 377k| 395k| 172 | 31 | 286 |   0 | 1.591300e+01 | 1.346200e+02 | 745.98%| unknown
  642s|     1 |     0 | 66066 |     - |  4027M |   0 | 103k| 377k| 395k| 176 | 32 | 287 |   0 | 1.592623e+01 | 1.346200e+02 | 745.27%| unknown
  650s|     1 |     0 | 67329 |     - |  4027M |   0 | 103k| 377k| 395k| 179 | 33 | 297 |   0 | 1.593575e+01 | 1.346200e+02 | 744.77%| unknown
  659s|     1 |     0 | 68418 |     - |  4027M |   0 | 103k| 377k| 395k| 182 | 34 | 303 |   0 | 1.593804e+01 | 1.346200e+02 | 744.65%| unknown
  669s|     1 |     0 | 68695 |     - |  4027M |   0 | 103k| 377k| 395k| 184 | 35 | 308 |   0 | 1.594876e+01 | 1.346200e+02 | 744.08%| unknown
  672s|     1 |     0 | 68696 |     - |  4027M |   0 | 103k| 377k| 395k| 185 | 36 | 318 |   0 | 1.594876e+01 | 1.346200e+02 | 744.08%| unknown
  673s|     1 |     0 | 68708 |     - |  4028M |   0 | 103k| 377k| 395k| 186 | 37 | 328 |   0 | 1.594887e+01 | 1.346200e+02 | 744.07%| unknown
  677s|     1 |     0 | 69038 |     - |  4028M |   0 | 103k| 377k| 395k| 189 | 38 | 335 |   0 | 1.595010e+01 | 1.346200e+02 | 744.01%| unknown
  688s|     1 |     0 | 70106 |     - |  4029M |   0 | 103k| 377k| 395k| 193 | 39 | 345 |   0 | 1.595287e+01 | 1.346200e+02 | 743.86%| unknown
  708s|     1 |     0 | 73183 |     - |  4029M |   0 | 103k| 377k| 395k| 196 | 40 | 352 |   0 | 1.595289e+01 | 1.346200e+02 | 743.86%| unknown
  719s|     1 |     0 | 73944 |     - |  4029M |   0 | 103k| 377k| 395k| 197 | 41 | 358 |   0 | 1.595301e+01 | 1.346200e+02 | 743.85%| unknown
  902s|     1 |     2 | 80914 |     - |  4031M |   0 | 103k| 377k| 395k| 197 | 43 | 362 |   0 | 1.595301e+01 | 1.346200e+02 | 743.85%| unknown

SCIP Status        : solving was interrupted [time limit reached]
Solving Time (sec) : 902.28
Solving Nodes      : 1
Primal Bound       : +1.34620000000000e+02 (2 solutions)
Dual Bound         : +1.59530131220990e+01
Gap                : 743.85 %
Root classes: ['168']
Status: FEASIBLE
