presolving:
(round 1, fast)       1384 del vars, 3945 del conss, 0 add conss, 1382 chg bounds, 8366 chg sides, 6984 chg coeffs, 0 upgd conss, 0 impls, 0 clqs
(round 2, fast)       1397 del vars, 6045 del conss, 0 add conss, 1386 chg bounds, 8659 chg sides, 7277 chg coeffs, 0 upgd conss, 0 impls, 3040 clqs
(round 3, fast)       1403 del vars, 6046 del conss, 0 add conss, 1386 chg bounds, 9103 chg sides, 7720 chg coeffs, 0 upgd conss, 0 impls, 3040 clqs
(round 4, fast)       1403 del vars, 6046 del conss, 0 add conss, 1485 chg bounds, 9103 chg sides, 7720 chg coeffs, 0 upgd conss, 0 impls, 3040 clqs
(round 5, fast)       1407 del vars, 6411 del conss, 0 add conss, 1485 chg bounds, 12057 chg sides, 10669 chg coeffs, 0 upgd conss, 0 impls, 3040 clqs
(round 6, fast)       1407 del vars, 6411 del conss, 0 add conss, 1554 chg bounds, 12057 chg sides, 10669 chg coeffs, 0 upgd conss, 0 impls, 3040 clqs
(round 7, fast)       1407 del vars, 7293 del conss, 0 add conss, 1554 chg bounds, 13400 chg sides, 12012 chg coeffs, 0 upgd conss, 0 impls, 3040 clqs
(round 8, exhaustive) 1408 del vars, 7503 del conss, 0 add conss, 1626 chg bounds, 13400 chg sides, 12012 chg coeffs, 0 upgd conss, 0 impls, 3040 clqs
(round 9, fast)       1412 del vars, 8892 del conss, 0 add conss, 1626 chg bounds, 13949 chg sides, 12544 chg coeffs, 0 upgd conss, 0 impls, 3040 clqs
(round 10, fast)       1457 del vars, 9352 del conss, 0 add conss, 1626 chg bounds, 13958 chg sides, 12544 chg coeffs, 0 upgd conss, 0 impls, 3040 clqs
(round 11, fast)       1495 del vars, 9521 del conss, 0 add conss, 1626 chg bounds, 13968 chg sides, 12544 chg coeffs, 0 upgd conss, 0 impls, 3040 clqs
(round 12, fast)       1516 del vars, 9546 del conss, 0 add conss, 1626 chg bounds, 13968 chg sides, 12544 chg coeffs, 0 upgd conss, 0 impls, 3040 clqs
(round 13, fast)       1516 del vars, 9546 del conss, 0 add conss, 1660 chg bounds, 13968 chg sides, 12544 chg coeffs, 0 upgd conss, 0 impls, 3040 clqs
(round 14, fast)       1517 del vars, 10464 del conss, 0 add conss, 1660 chg bounds, 14155 chg sides, 12731 chg coeffs, 0 upgd conss, 0 impls, 3040 clqs
(round 15, fast)       1523 del vars, 10555 del conss, 0 add conss, 1660 chg bounds, 14155 chg sides, 12731 chg coeffs, 0 upgd conss, 0 impls, 3040 clqs
(round 16, fast)       1532 del vars, 10606 del conss, 0 add conss, 1660 chg bounds, 14155 chg sides, 12731 chg coeffs, 0 upgd conss, 0 impls, 3040 clqs
(round 17, fast)       1535 del vars, 10609 del conss, 0 add conss, 1660 chg bounds, 14155 chg sides, 12731 chg coeffs, 0 upgd conss, 0 impls, 3040 clqs
(round 18, fast)       1535 del vars, 10609 del conss, 0 add conss, 1694 chg bounds, 14155 chg sides, 12731 chg coeffs, 0 upgd conss, 0 impls, 3040 clqs
(round 19, fast)       1552 del vars, 11505 del conss, 0 add conss, 1694 chg bounds, 14159 chg sides, 12731 chg coeffs, 0 upgd conss, 0 impls, 3040 clqs
(round 20, fast)       1589 del vars, 12124 del conss, 0 add conss, 1694 chg bounds, 14159 chg sides, 12731 chg coeffs, 0 upgd conss, 0 impls, 3040 clqs
(round 21, fast)       1630 del vars, 12433 del conss, 0 add conss, 1694 chg bounds, 14170 chg sides, 12731 chg coeffs, 0 upgd conss, 0 impls, 3040 clqs
(round 22, fast)       1662 del vars, 12542 del conss, 0 add conss, 1694 chg bounds, 14181 chg sides, 12731 chg coeffs, 0 upgd conss, 0 impls, 3040 clqs
(round 23, fast)       1685 del vars, 12570 del conss, 0 add conss, 1694 chg bounds, 14181 chg sides, 12731 chg coeffs, 0 upgd conss, 0 impls, 3040 clqs
(round 24, exhaustive) 1685 del vars, 12570 del conss, 0 add conss, 1694 chg bounds, 14181 chg sides, 12731 chg coeffs, 6525 upgd conss, 0 impls, 3040 clqs
   (0.3s) probing: 1000/2377 (42.1%) - 2 fixings, 0 aggregations, 2412 implications, 0 bound changes
   (0.4s) probing: 1044/2377 (43.9%) - 2 fixings, 0 aggregations, 2517 implications, 0 bound changes
   (0.4s) probing aborted: 1000/1000 successive useless probings
(round 25, exhaustive) 1687 del vars, 12570 del conss, 0 add conss, 1694 chg bounds, 14181 chg sides, 12731 chg coeffs, 6525 upgd conss, 0 impls, 5411 clqs
(round 26, fast)       1687 del vars, 12716 del conss, 0 add conss, 1694 chg bounds, 14181 chg sides, 12731 chg coeffs, 6525 upgd conss, 0 impls, 5411 clqs
(round 27, exhaustive) 1689 del vars, 12716 del conss, 0 add conss, 1694 chg bounds, 14181 chg sides, 12731 chg coeffs, 6525 upgd conss, 0 impls, 5060 clqs
(round 28, fast)       1690 del vars, 12739 del conss, 0 add conss, 1694 chg bounds, 14181 chg sides, 13172 chg coeffs, 6525 upgd conss, 0 impls, 5501 clqs
   (0.4s) probing: 1144/2377 (48.1%) - 2 fixings, 0 aggregations, 2685 implications, 0 bound changes
   (0.4s) probing aborted: 1000/1000 successive useless probings
   Deactivated symmetry handling methods, since SCIP was built without symmetry detector (SYM=none).
presolving (29 rounds: 29 fast, 5 medium, 5 exhaustive):
 1690 deleted vars, 12739 deleted constraints, 0 added constraints, 1694 tightened bounds, 0 added holes, 14181 changed sides, 13172 changed coefficients
 0 implications, 5669 cliques
presolved problem has 2373 variables (2373 bin, 0 int, 0 impl, 0 cont) and 6356 constraints
   2871 constraints of type <setppc>
   3485 constraints of type <logicor>
transformed objective value is always integral (scale: 0.001)
Presolving Time: 0.40

 time | node  | left  |LP iter|LP it/n|mem/heur|mdpt |vars |cons |rows |cuts |sepa|confs|strbr|  dualbound   | primalbound  |  gap   | compl. 
t 0.4s|     1 |     0 |     0 |     - | trivial|   0 |2373 |6356 |   0 |   0 |  0 |   0 |   0 | 2.030000e-01 | 2.133311e+03 |  Large | unknown
p 0.4s|     1 |     0 |     0 |     - |   locks|   0 |2373 |6357 |6356 |   0 |  0 |   0 |   0 | 2.030000e-01 | 1.298211e+03 |  Large | unknown
i 0.5s|     1 |     0 |     0 |     - |  oneopt|   0 |2373 |6372 |6356 |   0 |  0 |  16 |   0 | 2.030000e-01 | 1.811100e+01 |8821.67%| unknown
  0.5s|     1 |     0 |   286 |     - |    64M |   0 |2373 |6366 |6356 |   0 |  0 |  16 |   0 | 3.983905e+00 | 1.811100e+01 | 354.60%| unknown
  1.0s|     1 |     0 |   327 |     - |    65M |   0 |2373 |6372 |6360 |   4 |  1 |  22 |   0 | 4.141917e+00 | 1.811100e+01 | 337.26%| unknown
  1.5s|     1 |     0 |   335 |     - |    66M |   0 |2373 |6379 |6362 |   6 |  2 |  29 |   0 | 4.208583e+00 | 1.811100e+01 | 330.33%| unknown
  1.9s|     1 |     0 |   338 |     - |    67M |   0 |2373 |6387 |6363 |   7 |  3 |  37 |   0 | 4.208667e+00 | 1.811100e+01 | 330.33%| unknown
  2.4s|     1 |     0 |   467 |     - |    67M |   0 |2373 |6393 |6365 |   9 |  4 |  43 |   0 | 4.802051e+00 | 1.811100e+01 | 277.15%| unknown
  3.0s|     1 |     0 |  1461 |     - |    68M |   0 |2373 |6397 |6368 |  12 |  5 |  48 |   0 | 5.470223e+00 | 1.811100e+01 | 231.08%| unknown
  3.7s|     1 |     0 |  2313 |     - |    75M |   0 |2373 |6399 |6372 |  16 |  6 |  53 |   0 | 5.507891e+00 | 1.811100e+01 | 228.82%| unknown
  4.4s|     1 |     0 |  2966 |     - |    81M |   0 |2373 |6404 |6376 |  20 |  7 |  60 |   0 | 5.521191e+00 | 1.811100e+01 | 228.03%| unknown
  4.6s|     1 |     0 |  3250 |     - |    82M |   0 |2373 |6407 |6379 |  23 |  8 |  63 |   0 | 5.544832e+00 | 1.811100e+01 | 226.63%| unknown
  4.9s|     1 |     0 |  4024 |     - |    83M |   0 |2373 |6408 |6382 |  26 |  9 |  65 |   0 | 5.613304e+00 | 1.811100e+01 | 222.64%| unknown
  5.2s|     1 |     0 |  4130 |     - |    86M |   0 |2373 |6392 |6383 |  27 | 10 |  65 |   0 | 5.647144e+00 | 1.811100e+01 | 220.71%| unknown
  5.3s|     1 |     0 |  4443 |     - |    87M |   0 |2373 |6393 |6385 |  29 | 11 |  66 |   0 | 5.648244e+00 | 1.811100e+01 | 220.65%| unknown
 time | node  | left  |LP iter|LP it/n|mem/heur|mdpt |vars |cons |rows |cuts |sepa|confs|strbr|  dualbound   | primalbound  |  gap   | compl. 
  5.4s|     1 |     0 |  4841 |     - |    87M |   0 |2373 |6399 |6387 |  31 | 12 |  73 |   0 | 5.655073e+00 | 1.811100e+01 | 220.26%| unknown
  5.4s|     1 |     0 |  4935 |     - |    88M |   0 |2373 |6409 |6389 |  33 | 13 |  83 |   0 | 5.656023e+00 | 1.811100e+01 | 220.21%| unknown
  5.5s|     1 |     0 |  5297 |     - |    89M |   0 |2373 |6414 |6391 |  35 | 14 |  88 |   0 | 5.660480e+00 | 1.811100e+01 | 219.96%| unknown
  5.6s|     1 |     0 |  5779 |     - |    89M |   0 |2373 |6412 |6396 |  40 | 15 |  88 |   0 | 5.665887e+00 | 1.811100e+01 | 219.65%| unknown
  5.6s|     1 |     0 |  5819 |     - |    90M |   0 |2373 |6416 |6398 |  42 | 16 |  93 |   0 | 5.666098e+00 | 1.811100e+01 | 219.64%| unknown
  5.7s|     1 |     0 |  6286 |     - |    91M |   0 |2373 |6414 |6399 |  45 | 17 |  93 |   0 | 5.673919e+00 | 1.811100e+01 | 219.20%| unknown
  5.8s|     1 |     0 |  6497 |     - |    91M |   0 |2373 |6414 |6401 |  47 | 18 |  93 |   0 | 5.675689e+00 | 1.811100e+01 | 219.10%| unknown
  5.9s|     1 |     0 |  7267 |     - |    92M |   0 |2373 |6415 |6404 |  50 | 19 |  95 |   0 | 5.680952e+00 | 1.811100e+01 | 218.80%| unknown
  6.0s|     1 |     0 |  7725 |     - |    93M |   0 |2373 |6418 |6406 |  52 | 20 |  99 |   0 | 5.684518e+00 | 1.811100e+01 | 218.60%| unknown
  6.1s|     1 |     0 |  8351 |     - |    93M |   0 |2373 |6421 |6407 |  53 | 21 | 102 |   0 | 5.687154e+00 | 1.811100e+01 | 218.45%| unknown
  6.2s|     1 |     0 |  8393 |     - |    93M |   0 |2373 |6420 |6408 |  54 | 22 | 102 |   0 | 5.690438e+00 | 1.811100e+01 | 218.27%| unknown
  6.3s|     1 |     0 |  8497 |     - |    93M |   0 |2373 |6429 |6407 |  56 | 23 | 112 |   0 | 5.691744e+00 | 1.811100e+01 | 218.20%| unknown
  6.3s|     1 |     0 |  8568 |     - |    93M |   0 |2373 |6438 |6409 |  58 | 24 | 122 |   0 | 5.692771e+00 | 1.811100e+01 | 218.14%| unknown
  6.4s|     1 |     0 |  8859 |     - |    93M |   0 |2373 |6447 |6410 |  59 | 25 | 131 |   0 | 5.692845e+00 | 1.811100e+01 | 218.14%| unknown
  6.5s|     1 |     0 |  9471 |     - |    93M |   0 |2373 |6449 |6412 |  61 | 26 | 134 |   0 | 5.693675e+00 | 1.811100e+01 | 218.09%| unknown
 time | node  | left  |LP iter|LP it/n|mem/heur|mdpt |vars |cons |rows |cuts |sepa|confs|strbr|  dualbound   | primalbound  |  gap   | compl. 
  6.6s|     1 |     0 |  9542 |     - |    93M |   0 |2373 |6453 |6413 |  62 | 27 | 139 |   0 | 5.693720e+00 | 1.811100e+01 | 218.09%| unknown
  6.6s|     1 |     0 |  9546 |     - |    93M |   0 |2373 |6461 |6414 |  63 | 28 | 149 |   0 | 5.693724e+00 | 1.811100e+01 | 218.09%| unknown
d 8.0s|     1 |     0 | 14766 |     - |farkasdi|   0 |2373 |6474 |6414 |   0 | 30 | 165 |   0 | 5.693724e+00 | 1.271100e+01 | 123.25%| unknown
L10.0s|     1 |     0 | 18954 |     - |    rens|   0 |2373 |6486 |6414 |  63 | 30 | 195 |   0 | 5.693724e+00 | 1.111100e+01 |  95.14%| unknown
 10.0s|     1 |     0 | 18954 |     - |    93M |   0 |2373 |6446 |6414 |  63 | 30 | 195 |   0 | 5.693724e+00 | 1.111100e+01 |  95.14%| unknown
 10.1s|     1 |     0 | 19012 |     - |    93M |   0 |2373 |6445 |6415 |  64 | 31 | 195 |   0 | 5.693776e+00 | 1.111100e+01 |  95.14%| unknown
 16.8s|     1 |     0 | 19031 |     - |    93M |   0 |2373 |6427 |6415 |  64 | 32 | 200 |  54 | 5.711001e+00 | 1.111100e+01 |  94.55%| unknown
 16.9s|     1 |     0 | 19139 |     - |    93M |   0 |2373 |6426 |6407 |  66 | 33 | 210 |  54 | 5.711001e+00 | 1.111100e+01 |  94.55%| unknown
 17.0s|     1 |     0 | 19632 |     - |    93M |   0 |2373 |6435 |6409 |  68 | 34 | 220 |  54 | 5.711001e+00 | 1.111100e+01 |  94.55%| unknown
 20.0s|     1 |     2 | 19632 |     - |    93M |   0 |2373 |6432 |6409 |  68 | 34 | 230 |  80 | 5.711001e+00 | 1.111100e+01 |  94.55%| unknown
 57.1s|   100 |    41 | 47090 | 372.6 |   116M |  21 |2373 |6812 |6405 | 151 |  0 | 652 | 575 | 5.712059e+00 | 1.111100e+01 |  94.52%|   7.94%
 61.2s|   200 |    75 | 57295 | 236.6 |   118M |  34 |2373 |6805 |6406 | 162 |  2 | 658 | 598 | 5.712059e+00 | 1.111100e+01 |  94.52%|   7.94%
 68.5s|   300 |   107 | 69524 | 198.4 |   132M |  44 |2373 |6824 |6411 | 196 |  1 | 679 | 625 | 5.712059e+00 | 1.111100e+01 |  94.52%|   7.94%
 77.1s|   400 |   133 | 86086 | 190.2 |   143M |  51 |2373 |6898 |6417 | 252 |  0 | 757 | 669 | 5.712059e+00 | 1.111100e+01 |  94.52%|   9.07%
 88.0s|   500 |   153 |104797 | 189.6 |   172M |  54 |2373 |6963 |6422 | 311 |  1 | 832 | 704 | 5.712059e+00 | 1.111100e+01 |  94.52%|   9.07%
 time | node  | left  |LP iter|LP it/n|mem/heur|mdpt |vars |cons |rows |cuts |sepa|confs|strbr|  dualbound   | primalbound  |  gap   | compl. 
  101s|   600 |   209 |131387 | 202.3 |   195M |  55 |2373 |7048 |6434 | 383 |  1 | 943 | 759 | 5.714070e+00 | 1.111100e+01 |  94.45%|  11.05%
r 104s|   630 |   184 |135270 | 198.8 |ziroundi|  61 |2373 |7125 |6434 | 385 |  2 |1033 | 788 | 5.714070e+00 | 1.061100e+01 |  85.70%|  11.14%
i 104s|   631 |   175 |135270 | 198.5 |  oneopt|  61 |2373 |6395 |6434 | 385 |  0 |1033 | 788 | 5.714070e+00 | 1.051100e+01 |  83.95%|  11.35%
  109s|   700 |   216 |148875 | 198.4 |   195M |  68 |2373 |6465 |6412 | 417 |  1 |1112 | 808 | 5.756177e+00 | 1.051100e+01 |  82.60%|  11.98%
  113s|   800 |   256 |159598 | 187.0 |   195M |  68 |2373 |6466 |6420 | 429 |  1 |1130 | 832 | 5.756177e+00 | 1.051100e+01 |  82.60%|  11.98%
  118s|   900 |   310 |174431 | 182.7 |   197M |  71 |2373 |6507 |6415 | 440 |  0 |1174 | 860 | 5.758172e+00 | 1.051100e+01 |  82.54%|  12.00%
  124s|  1000 |   358 |191059 | 181.0 |   197M |  71 |2373 |6554 |   0 | 476 |  0 |1250 | 895 | 5.763705e+00 | 1.051100e+01 |  82.37%|  12.03%
  129s|  1100 |   406 |204471 | 176.8 |   197M |  71 |2373 |6635 |6431 | 488 |  1 |1357 | 935 | 5.806449e+00 | 1.051100e+01 |  81.02%|  12.19%
  135s|  1200 |   446 |217041 | 172.5 |   198M |  83 |2373 |6670 |6439 | 509 |  2 |1409 | 966 | 5.811468e+00 | 1.051100e+01 |  80.87%|  13.82%
  141s|  1300 |   484 |230897 | 169.9 |   200M |  86 |2373 |6714 |6418 | 531 |  0 |1497 |1010 | 5.816742e+00 | 1.051100e+01 |  80.70%|  13.84%
  147s|  1400 |   512 |242662 | 166.2 |   202M |  91 |2373 |6733 |6443 | 550 |  1 |1570 |1045 | 5.850550e+00 | 1.051100e+01 |  79.66%|  15.31%
  151s|  1500 |   554 |252271 | 161.5 |   205M |  92 |2373 |6755 |6412 | 574 |  1 |1638 |1081 | 5.850550e+00 | 1.051100e+01 |  79.66%|  15.83%
  156s|  1600 |   590 |260030 | 156.2 |   208M | 101 |2373 |6767 |6440 | 593 |  2 |1670 |1099 | 5.866305e+00 | 1.051100e+01 |  79.18%|  16.58%
  159s|  1700 |   632 |265273 | 150.1 |   208M | 116 |2373 |6837 |6441 | 594 |  2 |1761 |1133 | 5.898769e+00 | 1.051100e+01 |  78.19%|  16.61%
  161s|  1800 |   674 |268482 | 143.6 |   209M | 124 |2373 |6865 |6441 | 594 |  1 |1790 |1143 | 5.898769e+00 | 1.051100e+01 |  78.19%|  16.61%
 time | node  | left  |LP iter|LP it/n|mem/heur|mdpt |vars |cons |rows |cuts |sepa|confs|strbr|  dualbound   | primalbound  |  gap   | compl. 
  165s|  1900 |   716 |274573 | 139.2 |   209M | 131 |2373 |6913 |6442 | 606 |  0 |1856 |1168 | 5.915432e+00 | 1.051100e+01 |  77.69%|  17.33%
  168s|  2000 |   761 |281207 | 135.6 |   210M | 141 |2373 |6944 |6444 | 610 |  1 |1934 |1191 | 5.915432e+00 | 1.051100e+01 |  77.69%|  17.37%
  177s|  2100 |   803 |295915 | 136.1 |   212M | 141 |2373 |6933 |6420 | 658 |  1 |2065 |1235 | 5.946130e+00 | 1.051100e+01 |  76.77%|  17.40%
  180s|  2200 |   839 |303437 | 133.3 |   212M | 141 |2373 |6965 |6418 | 658 |  0 |2144 |1261 | 5.946130e+00 | 1.051100e+01 |  76.77%|  17.40%
  188s|  2300 |   877 |317866 | 133.8 |   217M | 141 |2373 |6945 |6407 | 706 |  8 |2223 |1299 | 5.970213e+00 | 1.051100e+01 |  76.06%|  20.30%
  192s|  2400 |   905 |326203 | 131.7 |   221M | 141 |2373 |6851 |6446 | 716 |  0 |2246 |1318 | 5.986270e+00 | 1.051100e+01 |  75.59%|  20.61%
  200s|  2500 |   947 |338302 | 131.3 |   223M | 141 |2373 |7100 |6444 | 740 |  7 |2555 |1379 | 6.022299e+00 | 1.051100e+01 |  74.53%|  21.48%
* 201s|  2514 |   949 |338780 | 130.8 |    LP  | 141 |2373 |7111 |6444 | 740 |  2 |2566 |1384 | 6.022299e+00 | 1.051000e+01 |  74.52%|  21.48%
i 201s|  2514 |   913 |338780 | 130.8 |  oneopt| 141 |2373 |7111 |6444 | 740 |  2 |2566 |1384 | 6.022299e+00 | 1.041000e+01 |  72.86%|  21.87%
  205s|  2600 |   947 |346194 | 129.3 |   224M | 141 |2373 |7150 |6445 | 751 |  1 |2610 |1404 | 6.024265e+00 | 1.041000e+01 |  72.80%|  21.97%
  209s|  2700 |   975 |355895 | 128.1 |   224M | 141 |2373 |7187 |6438 | 764 |  2 |2662 |1430 | 6.024265e+00 | 1.041000e+01 |  72.80%|  22.02%
r 214s|  2797 |   796 |363791 | 126.5 |ziroundi| 141 |2373 |7198 |6444 | 784 |  1 |2760 |1465 | 6.133475e+00 | 1.001100e+01 |  63.22%|  22.25%
Restart triggered after 50 consecutive estimations that the remaining tree will be large
i 214s|  2798 |   612 |363798 | 126.4 |  oneopt| 141 |2373 |6446 |6444 | 784 |  0 |2760 |1465 | 6.133475e+00 | 9.511000e+00 |  55.07%|  23.54%
(run 1, node 2798) performing user restart

(restart) converted 27 cuts from the global cut pool into linear constraints

presolving:
(round 1, fast)       22 del vars, 245 del conss, 0 add conss, 0 chg bounds, 0 chg sides, 79 chg coeffs, 0 upgd conss, 0 impls, 4260 clqs
(round 2, exhaustive) 22 del vars, 245 del conss, 0 add conss, 0 chg bounds, 0 chg sides, 79 chg coeffs, 26 upgd conss, 0 impls, 4260 clqs
(round 3, medium)     22 del vars, 248 del conss, 2 add conss, 0 chg bounds, 134 chg sides, 216 chg coeffs, 26 upgd conss, 0 impls, 4260 clqs
(round 4, exhaustive) 22 del vars, 253 del conss, 2 add conss, 0 chg bounds, 134 chg sides, 365 chg coeffs, 26 upgd conss, 0 impls, 4260 clqs
presolving (5 rounds: 5 fast, 4 medium, 3 exhaustive):
 22 deleted vars, 253 deleted constraints, 2 added constraints, 0 tightened bounds, 0 added holes, 134 changed sides, 462 changed coefficients
 0 implications, 4260 cliques
presolved problem has 2351 variables (2351 bin, 0 int, 0 impl, 0 cont) and 6222 constraints
     23 constraints of type <knapsack>
   2610 constraints of type <setppc>
      1 constraints of type <linear>
   3588 constraints of type <logicor>
transformed objective value is always integral (scale: 0.001)
Presolving Time: 0.52
transformed 100/100 original solutions to the transformed problem space

 time | node  | left  |LP iter|LP it/n|mem/heur|mdpt |vars |cons |rows |cuts |sepa|confs|strbr|  dualbound   | primalbound  |  gap   | compl. 
  214s|     1 |     0 |364882 |     - |   227M |   0 |2351 |6222 |6114 |   0 |  0 |2760 |1465 | 6.133475e+00 | 9.511000e+00 |  55.07%| unknown
  214s|     1 |     0 |365133 |     - |   228M |   0 |2351 |6225 |6117 |   3 |  1 |2763 |1465 | 6.133475e+00 | 9.511000e+00 |  55.07%| unknown
  215s|     1 |     0 |365930 |     - |   229M |   0 |2351 |6226 |6120 |   6 |  2 |2764 |1465 | 6.133475e+00 | 9.511000e+00 |  55.07%| unknown
  215s|     1 |     0 |366503 |     - |   229M |   0 |2351 |6226 |6122 |   8 |  3 |2764 |1465 | 6.133475e+00 | 9.511000e+00 |  55.07%| unknown
  215s|     1 |     0 |367033 |     - |   230M |   0 |2351 |6229 |6125 |  11 |  4 |2767 |1465 | 6.133475e+00 | 9.511000e+00 |  55.07%| unknown
  216s|     1 |     0 |367623 |     - |   230M |   0 |2351 |6230 |6128 |  14 |  5 |2768 |1465 | 6.133475e+00 | 9.511000e+00 |  55.07%| unknown
  217s|     1 |     0 |368399 |     - |   233M |   0 |2351 |6235 |6132 |  18 |  6 |2773 |1465 | 6.133475e+00 | 9.511000e+00 |  55.07%| unknown
  217s|     1 |     0 |368650 |     - |   234M |   0 |2351 |6245 |6133 |  19 |  7 |2783 |1465 | 6.133475e+00 | 9.511000e+00 |  55.07%| unknown
  217s|     1 |     0 |369003 |     - |   234M |   0 |2351 |6245 |6135 |  21 |  8 |2783 |1465 | 6.133475e+00 | 9.511000e+00 |  55.07%| unknown
  217s|     1 |     0 |369507 |     - |   235M |   0 |2351 |6248 |6136 |  22 |  9 |2786 |1465 | 6.133475e+00 | 9.511000e+00 |  55.07%| unknown
  218s|     1 |     0 |369778 |     - |   235M |   0 |2351 |6248 |6138 |  24 | 10 |2786 |1465 | 6.133475e+00 | 9.511000e+00 |  55.07%| unknown
  218s|     1 |     0 |369870 |     - |   236M |   0 |2351 |6248 |6140 |  26 | 11 |2786 |1465 | 6.133475e+00 | 9.511000e+00 |  55.07%| unknown
  218s|     1 |     0 |370342 |     - |   237M |   0 |2351 |6248 |6142 |  28 | 12 |2786 |1465 | 6.133475e+00 | 9.511000e+00 |  55.07%| unknown
  218s|     1 |     0 |370495 |     - |   237M |   0 |2351 |6247 |6143 |  29 | 13 |2786 |1465 | 6.133475e+00 | 9.511000e+00 |  55.07%| unknown
  218s|     1 |     0 |371325 |     - |   238M |   0 |2351 |6244 |6137 |  30 | 14 |2786 |1465 | 6.133475e+00 | 9.511000e+00 |  55.07%| unknown
 time | node  | left  |LP iter|LP it/n|mem/heur|mdpt |vars |cons |rows |cuts |sepa|confs|strbr|  dualbound   | primalbound  |  gap   | compl. 
  219s|     1 |     0 |371813 |     - |   238M |   0 |2351 |6242 |6139 |  32 | 15 |2786 |1465 | 6.133475e+00 | 9.511000e+00 |  55.07%| unknown
  219s|     1 |     0 |371902 |     - |   239M |   0 |2351 |6240 |6140 |  33 | 16 |2788 |1465 | 6.133475e+00 | 9.511000e+00 |  55.07%| unknown
  219s|     1 |     0 |372699 |     - |   239M |   0 |2351 |6249 |6144 |  37 | 17 |2798 |1465 | 6.133475e+00 | 9.511000e+00 |  55.07%| unknown
  219s|     1 |     0 |373134 |     - |   240M |   0 |2351 |6248 |6146 |  39 | 18 |2798 |1465 | 6.133475e+00 | 9.511000e+00 |  55.07%| unknown
  219s|     1 |     0 |373265 |     - |   240M |   0 |2351 |6248 |6147 |  40 | 19 |2799 |1465 | 6.133475e+00 | 9.511000e+00 |  55.07%| unknown
  219s|     1 |     0 |374182 |     - |   241M |   0 |2351 |6251 |6140 |  42 | 20 |2802 |1465 | 6.133475e+00 | 9.511000e+00 |  55.07%| unknown
  220s|     1 |     0 |374663 |     - |   241M |   0 |2351 |6252 |6142 |  44 | 21 |2805 |1465 | 6.133475e+00 | 9.511000e+00 |  55.07%| unknown
  220s|     1 |     0 |375334 |     - |   241M |   0 |2351 |6249 |6144 |  46 | 22 |2805 |1465 | 6.133475e+00 | 9.511000e+00 |  55.07%| unknown
  223s|     1 |     2 |381870 |     - |   241M |   0 |2351 |6276 |6144 |  46 | 24 |2837 |1475 | 6.133475e+00 | 9.511000e+00 |  55.07%| unknown
  235s|   100 |    57 |408880 | 133.6 |   253M |  44 |2351 |6333 |6147 | 101 |  1 |2950 |1531 | 6.133475e+00 | 9.511000e+00 |  55.07%|   3.01%
  240s|   200 |   105 |421362 | 133.3 |   253M |  81 |2351 |6370 |6151 | 105 |  2 |2999 |1561 | 6.133475e+00 | 9.511000e+00 |  55.07%|   3.01%
  246s|   300 |   157 |435107 | 133.5 |   255M |  83 |2351 |6500 |6148 | 132 |  1 |3148 |1599 | 6.133475e+00 | 9.511000e+00 |  55.07%|   3.07%
  249s|   400 |   211 |442788 | 131.7 |   255M |  95 |2351 |6540 |6149 | 135 |  2 |3198 |1616 | 6.133475e+00 | 9.511000e+00 |  55.07%|   3.07%
  255s|   500 |   261 |454484 | 131.3 |   252M | 102 |2351 |6606 |6153 | 151 |  2 |3306 |1656 | 6.133475e+00 | 9.511000e+00 |  55.07%|   3.08%
  259s|   600 |   303 |464243 | 130.3 |   252M | 109 |2351 |6691 |6153 | 152 |  0 |3465 |1688 | 6.133475e+00 | 9.511000e+00 |  55.07%|   3.08%
 time | node  | left  |LP iter|LP it/n|mem/heur|mdpt |vars |cons |rows |cuts |sepa|confs|strbr|  dualbound   | primalbound  |  gap   | compl. 
  263s|   700 |   345 |474469 | 129.5 |   252M | 109 |2351 |6662 |6142 | 154 |  1 |3545 |1722 | 6.133475e+00 | 9.511000e+00 |  55.07%|   3.08%
  266s|   800 |   397 |482128 | 128.0 |   253M | 109 |2351 |6711 |6154 | 160 |  2 |3711 |1757 | 6.133475e+00 | 9.511000e+00 |  55.07%|   3.08%
  271s|   900 |   437 |493366 | 127.6 |   254M | 109 |2351 |6676 |6151 | 160 |  1 |3759 |1796 | 6.133475e+00 | 9.511000e+00 |  55.07%|   3.08%
  274s|  1000 |   475 |500882 | 126.2 |   254M | 109 |2351 |6709 |6150 | 165 |  2 |3827 |1822 | 6.133475e+00 | 9.511000e+00 |  55.07%|   3.08%
  278s|  1100 |   517 |509154 | 125.1 |   255M | 116 |2351 |6856 |6151 | 169 |  0 |4015 |1866 | 6.133475e+00 | 9.511000e+00 |  55.07%|   3.08%
  286s|  1200 |   547 |524562 | 125.8 |   258M | 116 |2351 |6938 |6141 | 227 |  0 |4179 |1936 | 6.133475e+00 | 9.511000e+00 |  55.07%|   9.31%
  294s|  1300 |   587 |539950 | 126.5 |   264M | 116 |2351 |6986 |6159 | 281 |  0 |4344 |1993 | 6.133475e+00 | 9.511000e+00 |  55.07%|   9.96%
  299s|  1400 |   619 |550706 | 126.0 |   266M | 116 |2351 |6989 |6160 | 289 |  0 |4476 |2034 | 6.133475e+00 | 9.511000e+00 |  55.07%|   9.96%
  305s|  1500 |   647 |562760 | 125.9 |   267M | 116 |2351 |6984 |6153 | 310 |  1 |4590 |2083 | 6.133475e+00 | 9.511000e+00 |  55.07%|   9.96%
  309s|  1600 |   687 |572161 | 125.2 |   268M | 116 |2351 |6957 |6145 | 317 |  1 |4654 |2119 | 6.133475e+00 | 9.511000e+00 |  55.07%|   9.96%
  313s|  1700 |   727 |581229 | 124.4 |   268M | 116 |2351 |6982 |6152 | 331 |  0 |4730 |2150 | 6.133475e+00 | 9.511000e+00 |  55.07%|   9.96%
  319s|  1800 |   751 |593165 | 124.3 |   269M | 116 |2351 |7194 |6157 | 351 |  2 |5004 |2216 | 6.133475e+00 | 9.511000e+00 |  55.07%|   9.96%
  327s|  1900 |   785 |611200 | 125.5 |   270M | 116 |2351 |7380 |6163 | 399 |  0 |5285 |2287 | 6.133475e+00 | 9.511000e+00 |  55.07%|  10.11%
  332s|  2000 |   813 |623407 | 125.4 |   271M | 116 |2351 |7434 |6157 | 411 |  1 |5458 |2340 | 6.133475e+00 | 9.511000e+00 |  55.07%|  10.11%
  337s|  2100 |   843 |633392 | 124.9 |   271M | 116 |2351 |7515 |6163 | 424 |  2 |5698 |2388 | 6.133475e+00 | 9.511000e+00 |  55.07%|  10.61%
 time | node  | left  |LP iter|LP it/n|mem/heur|mdpt |vars |cons |rows |cuts |sepa|confs|strbr|  dualbound   | primalbound  |  gap   | compl. 
  342s|  2200 |   875 |642155 | 124.2 |   271M | 116 |2351 |7554 |6162 | 441 |  7 |5852 |2425 | 6.133475e+00 | 9.511000e+00 |  55.07%|  10.61%
  349s|  2300 |   915 |657343 | 124.7 |   272M | 116 |2351 |7502 |6156 | 471 |  2 |5946 |2465 | 6.133475e+00 | 9.511000e+00 |  55.07%|  10.68%
  354s|  2400 |   950 |666238 | 124.0 |   272M | 116 |2351 |7528 |6158 | 490 |  2 |6132 |2519 | 6.237082e+00 | 9.511000e+00 |  52.49%|  11.77%
  359s|  2500 |   974 |677163 | 123.7 |   272M | 116 |2351 |7373 |6154 | 524 |  1 |6277 |2574 | 6.255229e+00 | 9.511000e+00 |  52.05%|  12.10%
  363s|  2600 |  1016 |684507 | 122.8 |   273M | 116 |2351 |7317 |6152 | 528 |  1 |6510 |2615 | 6.255229e+00 | 9.511000e+00 |  52.05%|  12.10%
  367s|  2700 |  1062 |692553 | 122.0 |   275M | 116 |2351 |7363 |6153 | 550 |  1 |6713 |2656 | 6.255229e+00 | 9.511000e+00 |  52.05%|  12.10%
  371s|  2800 |  1094 |700131 | 121.2 |   275M | 119 |2351 |7445 |6157 | 562 |  1 |6900 |2693 | 6.255229e+00 | 9.511000e+00 |  52.05%|  12.10%
  375s|  2900 |  1122 |706880 | 120.3 |   276M | 119 |2351 |7426 |6157 | 568 |  1 |7077 |2751 | 6.277203e+00 | 9.511000e+00 |  51.52%|  12.34%
  383s|  3000 |  1154 |721784 | 120.8 |   280M | 121 |2351 |7516 |6165 | 603 |  2 |7317 |2802 | 6.332371e+00 | 9.511000e+00 |  50.20%|  12.92%
  388s|  3100 |  1188 |730792 | 120.2 |   281M | 121 |2351 |7452 |6165 | 635 |  0 |7488 |2837 | 6.332371e+00 | 9.511000e+00 |  50.20%|  13.89%
  392s|  3200 |  1218 |738500 | 119.5 |   282M | 121 |2351 |7450 |6166 | 642 |  0 |7708 |2889 | 6.394306e+00 | 9.511000e+00 |  48.74%|  14.54%
  395s|  3300 |  1240 |744624 | 118.6 |   282M | 121 |2351 |7509 |6168 | 645 |  0 |7893 |2916 | 6.398314e+00 | 9.511000e+00 |  48.65%|  14.58%
  399s|  3400 |  1276 |753006 | 118.0 |   275M | 121 |2351 |7495 |6155 | 650 |  0 |8087 |2960 | 6.398314e+00 | 9.511000e+00 |  48.65%|  14.58%
  405s|  3500 |  1310 |764233 | 117.9 |   277M | 121 |2351 |7423 |6149 | 675 |  1 |8295 |3008 | 6.412550e+00 | 9.511000e+00 |  48.32%|  14.73%
  411s|  3600 |  1340 |776353 | 118.0 |   278M | 121 |2351 |7645 |6166 | 692 |  0 |8723 |3084 | 6.412550e+00 | 9.511000e+00 |  48.32%|  14.73%
 time | node  | left  |LP iter|LP it/n|mem/heur|mdpt |vars |cons |rows |cuts |sepa|confs|strbr|  dualbound   | primalbound  |  gap   | compl. 
  416s|  3700 |  1368 |786521 | 117.7 |   278M | 121 |2351 |7846 |6174 | 707 |  1 |9058 |3144 | 6.415319e+00 | 9.511000e+00 |  48.25%|  14.76%
  421s|  3800 |  1394 |796664 | 117.5 |   279M | 121 |2351 |8105 |6176 | 721 |  3 |9459 |3201 | 6.415319e+00 | 9.511000e+00 |  48.25%|  14.76%
  426s|  3900 |  1416 |806196 | 117.1 |   279M | 121 |2351 |8015 |6140 | 735 |  0 |9626 |3240 | 6.415319e+00 | 9.511000e+00 |  48.25%|  14.76%
  436s|  4000 |  1434 |825730 | 118.3 |   281M | 121 |2351 |7294 |6150 | 781 |  0 |9784 |3327 | 6.415846e+00 | 9.511000e+00 |  48.24%|  15.64%
  441s|  4100 |  1460 |835059 | 117.9 |   282M | 121 |2351 |7477 |6158 | 798 |  1 |  10k|3382 | 6.415846e+00 | 9.511000e+00 |  48.24%|  15.64%
  444s|  4200 |  1484 |843770 | 117.5 |   282M | 121 |2351 |7361 |6154 | 816 |  1 |  10k|3405 | 6.427660e+00 | 9.511000e+00 |  47.97%|  15.76%
  449s|  4300 |  1494 |853482 | 117.2 |   283M | 121 |2351 |7176 |6141 | 836 |  3 |  10k|3450 | 6.427660e+00 | 9.511000e+00 |  47.97%|  15.76%
  454s|  4400 |  1515 |864088 | 117.0 |   284M | 121 |2351 |7206 |6149 | 854 |  2 |  10k|3507 | 6.427660e+00 | 9.511000e+00 |  47.97%|  15.76%
  459s|  4500 |  1547 |875096 | 116.9 |   285M | 121 |2351 |7320 |6165 | 873 |  1 |  10k|3545 | 6.427660e+00 | 9.511000e+00 |  47.97%|  15.76%
  462s|  4600 |  1563 |880213 | 116.1 |   285M | 121 |2351 |7397 |6168 | 876 |  0 |  10k|3571 | 6.481474e+00 | 9.511000e+00 |  46.74%|  16.33%
  466s|  4700 |  1603 |888456 | 115.6 |   285M | 121 |2351 |7515 |6175 | 888 |  0 |  10k|3602 | 6.481556e+00 | 9.511000e+00 |  46.74%|  16.33%
  476s|  4800 |  1629 |907968 | 116.7 |   289M | 121 |2351 |7527 |6172 | 950 |  0 |  11k|3688 | 6.519979e+00 | 9.511000e+00 |  45.87%|  16.79%
  484s|  4900 |  1657 |919665 | 116.7 |   289M | 121 |2351 |7652 |6140 | 982 |  0 |  11k|3743 | 6.519979e+00 | 9.511000e+00 |  45.87%|  16.79%
  489s|  5000 |  1678 |930387 | 116.5 |   291M | 121 |2351 |7691 |6145 |1018 |  0 |  11k|3815 | 6.525205e+00 | 9.511000e+00 |  45.76%|  16.85%
  497s|  5100 |  1706 |944482 | 116.8 |   291M | 121 |2351 |7597 |6166 |1042 |  1 |  12k|3867 | 6.525205e+00 | 9.511000e+00 |  45.76%|  16.85%
 time | node  | left  |LP iter|LP it/n|mem/heur|mdpt |vars |cons |rows |cuts |sepa|confs|strbr|  dualbound   | primalbound  |  gap   | compl. 
  502s|  5200 |  1744 |954456 | 116.6 |   291M | 121 |2351 |7759 |6161 |1055 |  2 |  12k|3919 | 6.572879e+00 | 9.511000e+00 |  44.70%|  17.35%
  508s|  5300 |  1776 |967622 | 116.8 |   292M | 121 |2351 |7694 |6159 |1083 |  1 |  12k|3966 | 6.572879e+00 | 9.511000e+00 |  44.70%|  17.35%
  515s|  5400 |  1812 |979173 | 116.8 |   293M | 121 |2351 |7610 |6179 |1099 |  1 |  12k|4014 | 6.572879e+00 | 9.511000e+00 |  44.70%|  17.36%
  518s|  5500 |  1834 |988040 | 116.5 |   293M | 147 |2351 |7638 |6169 |1103 |  0 |  12k|4046 | 6.572879e+00 | 9.511000e+00 |  44.70%|  17.36%
  523s|  5600 |  1864 |998158 | 116.3 |   294M | 147 |2351 |7657 |6153 |1112 |  1 |  13k|4093 | 6.572879e+00 | 9.511000e+00 |  44.70%|  17.36%
  533s|  5700 |  1892 |  1014k| 116.9 |   295M | 147 |2351 |7654 |6164 |1142 |  1 |  13k|4169 | 6.582572e+00 | 9.511000e+00 |  44.49%|  17.46%
  538s|  5800 |  1920 |  1025k| 116.8 |   296M | 147 |2351 |7539 |6162 |1156 |  0 |  13k|4220 | 6.582572e+00 | 9.511000e+00 |  44.49%|  17.46%
  545s|  5900 |  1950 |  1038k| 116.9 |   299M | 147 |2351 |7566 |6168 |1179 |  0 |  13k|4274 | 6.582572e+00 | 9.511000e+00 |  44.49%|  17.46%
  553s|  6000 |  1974 |  1050k| 117.0 |   307M | 147 |2351 |7576 |6147 |1234 |  3 |  14k|4330 | 6.721560e+00 | 9.511000e+00 |  41.50%|  18.93%
  560s|  6100 |  1996 |  1065k| 117.3 |   307M | 147 |2351 |7506 |6172 |1259 |  0 |  14k|4391 | 6.724625e+00 | 9.511000e+00 |  41.44%|  19.25%
  566s|  6200 |  2020 |  1074k| 117.0 |   308M | 147 |2351 |7745 |6169 |1266 |  0 |  14k|4437 | 6.777163e+00 | 9.511000e+00 |  40.34%|  19.81%
  571s|  6300 |  2040 |  1084k| 116.8 |   308M | 147 |2351 |7897 |6173 |1277 |  1 |  14k|4494 | 6.787059e+00 | 9.511000e+00 |  40.13%|  19.92%
  575s|  6400 |  2070 |  1093k| 116.5 |   309M | 147 |2351 |7902 |6165 |1292 |  2 |  15k|4556 | 6.787059e+00 | 9.511000e+00 |  40.13%|  19.92%
  580s|  6500 |  2092 |  1102k| 116.3 |   309M | 147 |2351 |8029 |6163 |1308 |  1 |  15k|4604 | 6.790742e+00 | 9.511000e+00 |  40.06%|  19.96%
  586s|  6600 |  2110 |  1112k| 116.1 |   310M | 147 |2351 |8142 |6155 |1319 |  1 |  15k|4661 | 6.790742e+00 | 9.511000e+00 |  40.06%|  19.96%
 time | node  | left  |LP iter|LP it/n|mem/heur|mdpt |vars |cons |rows |cuts |sepa|confs|strbr|  dualbound   | primalbound  |  gap   | compl. 
  593s|  6700 |  2128 |  1124k| 116.1 |   310M | 147 |2351 |7978 |6147 |1334 |  4 |  15k|4718 | 6.790742e+00 | 9.511000e+00 |  40.06%|  19.96%
  601s|  6800 |  2150 |  1139k| 116.4 |   311M | 147 |2351 |7904 |6151 |1366 |  0 |  16k|4789 | 6.790742e+00 | 9.511000e+00 |  40.06%|  19.96%
  605s|  6900 |  2184 |  1147k| 116.1 |   312M | 147 |2351 |7889 |6140 |1375 |  2 |  16k|4831 | 6.793901e+00 | 9.511000e+00 |  39.99%|  20.00%
L 610s|  6979 |  2088 |  1156k| 116.1 |    rins| 147 |2351 |7969 |6170 |1380 |  1 |  16k|4876 | 6.793901e+00 | 9.410000e+00 |  38.51%|  20.30%
  611s|  7000 |  2095 |  1158k| 116.0 |   312M | 147 |2351 |8005 |6181 |1380 |  1 |  16k|4883 | 6.793901e+00 | 9.410000e+00 |  38.51%|  20.31%
  617s|  7100 |  2119 |  1171k| 116.2 |   313M | 147 |2351 |7865 |6164 |1380 |  3 |  16k|4940 | 6.879257e+00 | 9.410000e+00 |  36.79%|  20.45%
  623s|  7200 |  2141 |  1181k| 116.0 |   314M | 147 |2351 |7906 |6158 |1406 |  0 |  16k|4991 | 6.884115e+00 | 9.410000e+00 |  36.69%|  20.56%
  631s|  7300 |  2153 |  1196k| 116.3 |   315M | 160 |2351 |7985 |6146 |1426 |  1 |  17k|5046 | 6.884115e+00 | 9.410000e+00 |  36.69%|  20.67%
  636s|  7400 |  2183 |  1205k| 116.1 |   315M | 160 |2351 |7849 |6171 |1450 |  5 |  17k|5083 | 6.884115e+00 | 9.410000e+00 |  36.69%|  20.86%
  642s|  7500 |  2213 |  1216k| 116.0 |   315M | 160 |2351 |7893 |6171 |1456 |  2 |  17k|5131 | 6.884115e+00 | 9.410000e+00 |  36.69%|  20.94%
  648s|  7600 |  2241 |  1229k| 116.2 |   316M | 160 |2351 |8125 |6175 |1481 |  1 |  17k|5184 | 6.884115e+00 | 9.410000e+00 |  36.69%|  21.03%
  655s|  7700 |  2259 |  1243k| 116.4 |   317M | 160 |2351 |8294 |6170 |1512 |  2 |  18k|5253 | 6.884115e+00 | 9.410000e+00 |  36.69%|  21.29%
  661s|  7800 |  2293 |  1253k| 116.2 |   317M | 160 |2351 |8425 |6171 |1524 |  1 |  18k|5310 | 6.884115e+00 | 9.410000e+00 |  36.69%|  21.34%
  667s|  7900 |  2315 |  1263k| 116.1 |   318M | 160 |2351 |8536 |6172 |1534 |  2 |  18k|5364 | 6.885650e+00 | 9.410000e+00 |  36.66%|  21.48%
  672s|  8000 |  2329 |  1274k| 116.0 |   318M | 160 |2351 |8574 |6182 |1543 |  1 |  19k|5418 | 6.885650e+00 | 9.410000e+00 |  36.66%|  21.59%
 time | node  | left  |LP iter|LP it/n|mem/heur|mdpt |vars |cons |rows |cuts |sepa|confs|strbr|  dualbound   | primalbound  |  gap   | compl. 
  679s|  8100 |  2357 |  1288k| 116.2 |   319M | 160 |2351 |8716 |6163 |1552 |  0 |  19k|5471 | 6.885650e+00 | 9.410000e+00 |  36.66%|  21.64%
  683s|  8200 |  2379 |  1296k| 115.9 |   319M | 160 |2351 |8620 |6146 |1567 |  0 |  19k|5512 | 6.889768e+00 | 9.410000e+00 |  36.58%|  21.87%
  688s|  8300 |  2401 |  1304k| 115.6 |   319M | 160 |2351 |8616 |6173 |1570 |  0 |  19k|5557 | 6.890192e+00 | 9.410000e+00 |  36.57%|  21.98%
  691s|  8400 |  2447 |  1309k| 115.0 |   320M | 160 |2351 |8738 |6175 |1577 |  0 |  20k|5589 | 6.890192e+00 | 9.410000e+00 |  36.57%|  22.02%
  696s|  8500 |  2463 |  1319k| 114.8 |   320M | 160 |2351 |8624 |6162 |1585 |  0 |  20k|5634 | 6.902596e+00 | 9.410000e+00 |  36.33%|  26.56%
  701s|  8600 |  2475 |  1330k| 114.8 |   321M | 160 |2351 |8702 |6176 |1598 |  0 |  20k|5690 | 6.902596e+00 | 9.410000e+00 |  36.33%|  26.61%
  707s|  8700 |  2493 |  1340k| 114.7 |   321M | 160 |2351 |8751 |6171 |1605 |  0 |  20k|5736 | 6.902596e+00 | 9.410000e+00 |  36.33%|  26.69%
  712s|  8800 |  2513 |  1349k| 114.5 |   322M | 160 |2351 |8782 |6169 |1619 |  2 |  21k|5798 | 6.912826e+00 | 9.410000e+00 |  36.12%|  26.95%
  716s|  8900 |  2541 |  1355k| 114.1 |   322M | 160 |2351 |8662 |6168 |1622 |  3 |  21k|5835 | 6.912826e+00 | 9.410000e+00 |  36.12%|  27.00%
  724s|  9000 |  2565 |  1370k| 114.3 |   323M | 160 |2351 |8652 |6147 |1648 |  3 |  21k|5895 | 6.912826e+00 | 9.410000e+00 |  36.12%|  27.69%
  728s|  9100 |  2595 |  1377k| 114.0 |   323M | 160 |2351 |8606 |6177 |1659 |  1 |  22k|5928 | 6.918887e+00 | 9.410000e+00 |  36.00%|  27.87%
  733s|  9200 |  2618 |  1386k| 113.8 |   324M | 160 |2351 |8539 |6169 |1668 |  1 |  22k|5969 | 6.918887e+00 | 9.410000e+00 |  36.00%|  27.99%
  742s|  9300 |  2636 |  1400k| 114.0 |   325M | 160 |2351 |8395 |6173 |1716 |  1 |  22k|6063 | 6.918887e+00 | 9.410000e+00 |  36.00%|  28.13%
  748s|  9400 |  2654 |  1411k| 114.0 |   325M | 160 |2351 |8387 |6147 |1720 |  2 |  22k|6109 | 6.918887e+00 | 9.410000e+00 |  36.00%|  28.15%
  753s|  9500 |  2664 |  1419k| 113.7 |   325M | 160 |2351 |8358 |6141 |1732 |  0 |  23k|6173 | 6.918887e+00 | 9.410000e+00 |  36.00%|  28.29%
 time | node  | left  |LP iter|LP it/n|mem/heur|mdpt |vars |cons |rows |cuts |sepa|confs|strbr|  dualbound   | primalbound  |  gap   | compl. 
  759s|  9600 |  2670 |  1433k| 113.8 |   326M | 160 |2351 |8099 |6148 |1741 |  2 |  23k|6225 | 6.918887e+00 | 9.410000e+00 |  36.00%|  28.30%
  764s|  9700 |  2692 |  1443k| 113.8 |   326M | 160 |2351 |8259 |6174 |1758 |  0 |  23k|6281 | 6.921138e+00 | 9.410000e+00 |  35.96%|  28.47%
  773s|  9800 |  2702 |  1461k| 114.3 |   326M | 160 |2351 |8101 |6165 |1759 |  2 |  23k|6361 | 6.923705e+00 | 9.410000e+00 |  35.91%|  28.68%
  776s|  9900 |  2720 |  1467k| 113.9 |   327M | 160 |2351 |8079 |6167 |1762 |  1 |  23k|6387 | 6.923705e+00 | 9.410000e+00 |  35.91%|  28.68%
  786s| 10000 |  2736 |  1482k| 114.2 |   328M | 160 |2351 |8264 |6173 |1797 |  1 |  23k|6462 | 6.923705e+00 | 9.410000e+00 |  35.91%|  28.69%
  791s| 10100 |  2748 |  1492k| 114.0 |   329M | 160 |2351 |8478 |6170 |1811 |  0 |  24k|6530 | 6.926040e+00 | 9.410000e+00 |  35.86%|  28.76%
  797s| 10200 |  2756 |  1500k| 113.8 |   330M | 160 |2351 |8765 |6148 |1826 |  1 |  24k|6588 | 6.926040e+00 | 9.410000e+00 |  35.86%|  28.98%
  802s| 10300 |  2774 |  1509k| 113.6 |   330M | 160 |2351 |8973 |6180 |1852 |  7 |  25k|6654 | 6.934263e+00 | 9.410000e+00 |  35.70%|  29.15%
  806s| 10400 |  2790 |  1516k| 113.2 |   331M | 160 |2351 |9089 |6161 |1854 |  0 |  25k|6692 | 6.934263e+00 | 9.410000e+00 |  35.70%|  29.24%
  811s| 10500 |  2812 |  1524k| 113.0 |   331M | 160 |2351 |9182 |6173 |1868 |  2 |  25k|6740 | 6.934263e+00 | 9.410000e+00 |  35.70%|  29.29%
  816s| 10600 |  2842 |  1532k| 112.8 |   332M | 160 |2351 |9098 |6165 |1878 |  1 |  25k|6787 | 6.936418e+00 | 9.410000e+00 |  35.66%|  29.40%
  820s| 10700 |  2860 |  1539k| 112.5 |   333M | 160 |2351 |9203 |6183 |1888 |  1 |  26k|6838 | 6.936450e+00 | 9.410000e+00 |  35.66%|  29.48%
  826s| 10800 |  2874 |  1549k| 112.4 |   333M | 160 |2351 |9069 |6184 |1904 |  0 |  26k|6907 | 6.939948e+00 | 9.410000e+00 |  35.59%|  29.67%
  831s| 10900 |  2896 |  1557k| 112.1 |   334M | 160 |2351 |9074 |6165 |1912 |  0 |  26k|6949 | 6.939948e+00 | 9.410000e+00 |  35.59%|  29.69%
  836s| 11000 |  2916 |  1565k| 111.9 |   334M | 160 |2351 |8920 |6179 |1921 |  0 |  27k|6992 | 6.940326e+00 | 9.410000e+00 |  35.58%|  29.89%
 time | node  | left  |LP iter|LP it/n|mem/heur|mdpt |vars |cons |rows |cuts |sepa|confs|strbr|  dualbound   | primalbound  |  gap   | compl. 
  840s| 11100 |  2940 |  1573k| 111.7 |   335M | 160 |2351 |8826 |6172 |1933 |  0 |  27k|7035 | 6.940326e+00 | 9.410000e+00 |  35.58%|  29.97%
  846s| 11200 |  2974 |  1583k| 111.6 |   337M | 160 |2351 |8731 |6181 |1941 |  2 |  27k|7084 | 6.940326e+00 | 9.410000e+00 |  35.58%|  30.00%
  855s| 11300 |  2986 |  1596k| 111.7 |   337M | 160 |2351 |8634 |6184 |1995 |  0 |  28k|7161 | 6.941020e+00 | 9.410000e+00 |  35.57%|  30.18%
  860s| 11400 |  3006 |  1606k| 111.6 |   338M | 160 |2351 |8443 |6176 |2005 |  0 |  28k|7212 | 6.941020e+00 | 9.410000e+00 |  35.57%|  30.26%
  865s| 11500 |  3036 |  1614k| 111.4 |   338M | 160 |2351 |8611 |6172 |2012 |  0 |  28k|7265 | 6.941020e+00 | 9.410000e+00 |  35.57%|  30.31%
  870s| 11600 |  3052 |  1624k| 111.3 |   339M | 160 |2351 |8554 |6173 |2034 |  2 |  29k|7317 | 6.953942e+00 | 9.410000e+00 |  35.32%|  30.48%
  875s| 11700 |  3084 |  1631k| 111.0 |   339M | 160 |2351 |8587 |6174 |2043 |  1 |  29k|7365 | 6.953942e+00 | 9.410000e+00 |  35.32%|  30.58%
  883s| 11800 |  3110 |  1644k| 111.2 |   340M | 160 |2351 |8588 |6165 |2057 |  1 |  29k|7452 | 6.953942e+00 | 9.410000e+00 |  35.32%|  30.75%
  888s| 11900 |  3134 |  1653k| 111.0 |   340M | 160 |2351 |8669 |6163 |2062 |  0 |  30k|7504 | 6.953942e+00 | 9.410000e+00 |  35.32%|  30.82%
  892s| 12000 |  3156 |  1659k| 110.7 |   340M | 160 |2351 |8725 |6171 |2070 |  0 |  30k|7547 | 6.959596e+00 | 9.410000e+00 |  35.21%|  30.96%
  897s| 12100 |  3180 |  1667k| 110.5 |   341M | 160 |2351 |8721 |   0 |2095 |  0 |  30k|7606 | 6.959596e+00 | 9.410000e+00 |  35.21%|  31.22%

SCIP Status        : solving was interrupted [time limit reached]
Solving Time (sec) : 900.01
Solving Nodes      : 12132 (total of 14930 nodes in 2 runs)
Primal Bound       : +9.41000000000000e+00 (236 solutions)
Dual Bound         : +6.96977652253471e+00
Gap                : 35.01 %
Root classes: ['36']
Status: FEASIBLE
