presolving:
(round 1, fast)       5263 del vars, 14306 del conss, 0 add conss, 5261 chg bounds, 35468 chg sides, 30207 chg coeffs, 0 upgd conss, 0 impls, 0 clqs
(round 2, fast)       5268 del vars, 23092 del conss, 0 add conss, 5263 chg bounds, 35560 chg sides, 30299 chg coeffs, 0 upgd conss, 0 impls, 11975 clqs
(round 3, fast)       5280 del vars, 23093 del conss, 0 add conss, 5263 chg bounds, 36175 chg sides, 30913 chg coeffs, 0 upgd conss, 0 impls, 11975 clqs
(round 4, exhaustive) 5280 del vars, 23217 del conss, 0 add conss, 5531 chg bounds, 41499 chg sides, 36237 chg coeffs, 0 upgd conss, 0 impls, 11975 clqs
(round 5, fast)       5283 del vars, 23971 del conss, 0 add conss, 5531 chg bounds, 51348 chg sides, 46086 chg coeffs, 0 upgd conss, 0 impls, 11975 clqs
(round 6, fast)       5292 del vars, 24009 del conss, 0 add conss, 5531 chg bounds, 51348 chg sides, 46086 chg coeffs, 0 upgd conss, 0 impls, 11975 clqs
(round 7, exhaustive) 5293 del vars, 24011 del conss, 0 add conss, 5826 chg bounds, 51348 chg sides, 46086 chg coeffs, 0 upgd conss, 0 impls, 11975 clqs
(round 8, fast)       5297 del vars, 26142 del conss, 0 add conss, 5826 chg bounds, 56284 chg sides, 51022 chg coeffs, 0 upgd conss, 0 impls, 11975 clqs
(round 9, fast)       5323 del vars, 26303 del conss, 0 add conss, 5826 chg bounds, 56284 chg sides, 51022 chg coeffs, 0 upgd conss, 0 impls, 11975 clqs
(round 10, fast)       5333 del vars, 26335 del conss, 0 add conss, 5826 chg bounds, 56284 chg sides, 51022 chg coeffs, 0 upgd conss, 0 impls, 11975 clqs
(round 11, exhaustive) 5334 del vars, 26337 del conss, 0 add conss, 6147 chg bounds, 56284 chg sides, 51022 chg coeffs, 0 upgd conss, 0 impls, 11975 clqs
(round 12, fast)       5363 del vars, 30666 del conss, 0 add conss, 6147 chg bounds, 59183 chg sides, 53921 chg coeffs, 0 upgd conss, 0 impls, 11975 clqs
(round 13, fast)       5492 del vars, 31923 del conss, 0 add conss, 6147 chg bounds, 59191 chg sides, 53921 chg coeffs, 0 upgd conss, 0 impls, 11975 clqs
(round 14, fast)       5556 del vars, 32352 del conss, 0 add conss, 6147 chg bounds, 59194 chg sides, 53921 chg coeffs, 0 upgd conss, 0 impls, 11975 clqs
(round 15, fast)       5568 del vars, 32428 del conss, 0 add conss, 6147 chg bounds, 59194 chg sides, 53921 chg coeffs, 0 upgd conss, 0 impls, 11975 clqs
(round 16, fast)       5568 del vars, 32428 del conss, 0 add conss, 6284 chg bounds, 59194 chg sides, 53921 chg coeffs, 0 upgd conss, 0 impls, 11975 clqs
(round 17, fast)       5596 del vars, 36343 del conss, 0 add conss, 6284 chg bounds, 60558 chg sides, 55285 chg coeffs, 0 upgd conss, 0 impls, 11975 clqs
(round 18, fast)       5690 del vars, 38204 del conss, 0 add conss, 6284 chg bounds, 60558 chg sides, 55285 chg coeffs, 0 upgd conss, 0 impls, 11975 clqs
(round 19, fast)       5796 del vars, 39505 del conss, 0 add conss, 6284 chg bounds, 60558 chg sides, 55285 chg coeffs, 0 upgd conss, 0 impls, 11975 clqs
(round 20, fast)       5852 del vars, 39981 del conss, 0 add conss, 6284 chg bounds, 60558 chg sides, 55285 chg coeffs, 0 upgd conss, 0 impls, 11975 clqs
(round 21, fast)       5865 del vars, 40079 del conss, 0 add conss, 6284 chg bounds, 60558 chg sides, 55285 chg coeffs, 0 upgd conss, 0 impls, 11975 clqs
(round 22, exhaustive) 5865 del vars, 42782 del conss, 0 add conss, 6449 chg bounds, 61054 chg sides, 55781 chg coeffs, 0 upgd conss, 0 impls, 11975 clqs
(round 23, fast)       5915 del vars, 45776 del conss, 0 add conss, 6449 chg bounds, 61054 chg sides, 55781 chg coeffs, 0 upgd conss, 0 impls, 11975 clqs
(round 24, fast)       6036 del vars, 48152 del conss, 0 add conss, 6449 chg bounds, 61054 chg sides, 55781 chg coeffs, 0 upgd conss, 0 impls, 11975 clqs
(round 25, fast)       6157 del vars, 49648 del conss, 0 add conss, 6449 chg bounds, 61054 chg sides, 55781 chg coeffs, 0 upgd conss, 0 impls, 11975 clqs
(round 26, fast)       6244 del vars, 50384 del conss, 0 add conss, 6449 chg bounds, 61057 chg sides, 55781 chg coeffs, 0 upgd conss, 0 impls, 11975 clqs
(round 27, fast)       6301 del vars, 50676 del conss, 0 add conss, 6449 chg bounds, 61057 chg sides, 55781 chg coeffs, 0 upgd conss, 0 impls, 11975 clqs
(round 28, fast)       6338 del vars, 50781 del conss, 0 add conss, 6449 chg bounds, 61069 chg sides, 55781 chg coeffs, 0 upgd conss, 0 impls, 11975 clqs
(round 29, fast)       6352 del vars, 50799 del conss, 0 add conss, 6449 chg bounds, 61069 chg sides, 55781 chg coeffs, 0 upgd conss, 0 impls, 11975 clqs
(round 30, exhaustive) 6352 del vars, 50799 del conss, 0 add conss, 6449 chg bounds, 61069 chg sides, 55781 chg coeffs, 27706 upgd conss, 0 impls, 11975 clqs
   (1.1s) probing: 171/10119 (1.7%) - 20 fixings, 0 aggregations, 1871 implications, 0 bound changes
   (1.1s) probing aborted: 50/50 successive totally useless probings
(round 31, exhaustive) 6372 del vars, 50799 del conss, 0 add conss, 6449 chg bounds, 61069 chg sides, 55781 chg coeffs, 27706 upgd conss, 0 impls, 11918 clqs
(round 32, fast)       6373 del vars, 52462 del conss, 0 add conss, 6449 chg bounds, 61069 chg sides, 55781 chg coeffs, 27706 upgd conss, 0 impls, 11918 clqs
(round 33, exhaustive) 6408 del vars, 52462 del conss, 0 add conss, 6449 chg bounds, 61069 chg sides, 55782 chg coeffs, 27706 upgd conss, 0 impls, 11919 clqs
(round 34, fast)       6408 del vars, 52462 del conss, 0 add conss, 6449 chg bounds, 61069 chg sides, 58086 chg coeffs, 27706 upgd conss, 0 impls, 14223 clqs
   (1.3s) probing: 176/10119 (1.7%) - 20 fixings, 0 aggregations, 1871 implications, 0 bound changes
   (1.3s) probing aborted: 50/50 successive totally useless probings
   Deactivated symmetry handling methods, since SCIP was built without symmetry detector (SYM=none).
presolving (35 rounds: 35 fast, 8 medium, 8 exhaustive):
 6408 deleted vars, 52462 deleted constraints, 0 added constraints, 6449 tightened bounds, 0 added holes, 61069 changed sides, 58086 changed coefficients
 0 implications, 14223 cliques
presolved problem has 10063 variables (10063 bin, 0 int, 0 impl, 0 cont) and 26043 constraints
  10312 constraints of type <setppc>
  15731 constraints of type <logicor>
transformed objective value is always integral (scale: 0.001)
Presolving Time: 1.32

 time | node  | left  |LP iter|LP it/n|mem/heur|mdpt |vars |cons |rows |cuts |sepa|confs|strbr|  dualbound   | primalbound  |  gap   | compl. 
t 1.4s|     1 |     0 |     0 |     - | trivial|   0 |  10k|  26k|   0 |   0 |  0 |   0 |   0 | 1.220000e-01 | 9.057535e+03 |  Large | unknown
p 1.6s|     1 |     0 |     0 |     - |   locks|   0 |  10k|  26k|  26k|   0 |  0 |   0 |   0 | 1.220000e-01 | 5.594114e+03 |  Large | unknown
p 1.6s|     1 |     0 |     0 |     - | vbounds|   0 |  10k|  26k|  26k|   0 |  0 |  24 |   0 | 1.220000e-01 | 1.204990e+02 |  Large | unknown
i 1.8s|     1 |     0 |     0 |     - |  oneopt|   0 |  10k|  26k|  26k|   0 |  0 |  32 |   0 | 1.220000e-01 | 3.032600e+01 |  Large | unknown
  1.9s|     1 |     0 |   645 |     - |   241M |   0 |  10k|  26k|  26k|   0 |  0 |  32 |   0 | 3.616893e+00 | 3.032600e+01 | 738.45%| unknown
  3.2s|     1 |     0 |   689 |     - |   245M |   0 |  10k|  26k|  26k|   4 |  1 |  42 |   0 | 3.703871e+00 | 3.032600e+01 | 718.76%| unknown
  4.8s|     1 |     0 |  1167 |     - |   251M |   0 |  10k|  26k|  26k|   9 |  2 |  52 |   0 | 4.146255e+00 | 3.032600e+01 | 631.41%| unknown
  5.1s|     1 |     0 |  1539 |     - |   254M |   0 |  10k|  26k|  26k|  11 |  3 |  62 |   0 | 4.420029e+00 | 3.032600e+01 | 586.10%| unknown
  6.2s|     1 |     0 |  1615 |     - |   258M |   0 |  10k|  26k|  26k|  15 |  4 |  68 |   0 | 4.509468e+00 | 3.032600e+01 | 572.50%| unknown
  7.9s|     1 |     0 |  1749 |     - |   264M |   0 |  10k|  26k|  26k|  18 |  5 |  78 |   0 | 4.573685e+00 | 3.032600e+01 | 563.05%| unknown
  8.0s|     1 |     0 |  1826 |     - |   266M |   0 |  10k|  26k|  26k|  20 |  6 |  88 |   0 | 4.577957e+00 | 3.032600e+01 | 562.44%| unknown
  8.9s|     1 |     0 |  1990 |     - |   272M |   0 |  10k|  26k|  26k|  22 |  7 |  97 |   0 | 4.634092e+00 | 3.032600e+01 | 554.41%| unknown
  9.2s|     1 |     0 |  2247 |     - |   275M |   0 |  10k|  26k|  26k|  26 |  8 | 107 |   0 | 4.679058e+00 | 3.032600e+01 | 548.12%| unknown
 10.3s|     1 |     0 |  2314 |     - |   280M |   0 |  10k|  26k|  26k|  28 |  9 | 107 |   0 | 4.741725e+00 | 3.032600e+01 | 539.56%| unknown
 11.0s|     1 |     0 |  2540 |     - |   283M |   0 |  10k|  26k|  26k|  30 | 10 | 117 |   0 | 4.779962e+00 | 3.032600e+01 | 534.44%| unknown
 time | node  | left  |LP iter|LP it/n|mem/heur|mdpt |vars |cons |rows |cuts |sepa|confs|strbr|  dualbound   | primalbound  |  gap   | compl. 
 11.3s|     1 |     0 |  2984 |     - |   285M |   0 |  10k|  26k|  26k|  32 | 11 | 126 |   0 | 5.141255e+00 | 3.032600e+01 | 489.86%| unknown
 11.3s|     1 |     0 |  2998 |     - |   288M |   0 |  10k|  26k|  26k|  34 | 12 | 136 |   0 | 5.141716e+00 | 3.032600e+01 | 489.80%| unknown
 11.5s|     1 |     0 |  3280 |     - |   291M |   0 |  10k|  26k|  26k|  37 | 13 | 145 |   0 | 5.167671e+00 | 3.032600e+01 | 486.84%| unknown
 11.7s|     1 |     0 |  3494 |     - |   293M |   0 |  10k|  26k|  26k|  40 | 14 | 149 |   0 | 5.191510e+00 | 3.032600e+01 | 484.15%| unknown
 11.9s|     1 |     0 |  3653 |     - |   296M |   0 |  10k|  26k|  26k|  43 | 15 | 158 |   0 | 5.192237e+00 | 3.032600e+01 | 484.06%| unknown
 12.1s|     1 |     0 |  3852 |     - |   298M |   0 |  10k|  26k|  26k|  45 | 16 | 168 |   0 | 5.222543e+00 | 3.032600e+01 | 480.67%| unknown
 12.3s|     1 |     0 |  4032 |     - |   301M |   0 |  10k|  26k|  26k|  47 | 17 | 168 |   0 | 5.239201e+00 | 3.032600e+01 | 478.83%| unknown
 12.4s|     1 |     0 |  4072 |     - |   301M |   0 |  10k|  26k|  26k|  48 | 18 | 175 |   0 | 5.245295e+00 | 3.032600e+01 | 478.16%| unknown
 12.6s|     1 |     0 |  4249 |     - |   303M |   0 |  10k|  26k|  26k|  50 | 19 | 185 |   0 | 5.246242e+00 | 3.032600e+01 | 478.05%| unknown
 12.8s|     1 |     0 |  4360 |     - |   306M |   0 |  10k|  26k|  26k|  52 | 20 | 189 |   0 | 5.247274e+00 | 3.032600e+01 | 477.94%| unknown
 12.8s|     1 |     0 |  4390 |     - |   306M |   0 |  10k|  26k|  26k|  54 | 21 | 190 |   0 | 5.251608e+00 | 3.032600e+01 | 477.46%| unknown
 13.0s|     1 |     0 |  4498 |     - |   306M |   0 |  10k|  26k|  26k|  57 | 22 | 198 |   0 | 5.254163e+00 | 3.032600e+01 | 477.18%| unknown
 13.2s|     1 |     0 |  4579 |     - |   306M |   0 |  10k|  26k|  26k|  61 | 23 | 205 |   0 | 5.255981e+00 | 3.032600e+01 | 476.98%| unknown
 13.4s|     1 |     0 |  4887 |     - |   306M |   0 |  10k|  26k|  26k|  64 | 24 | 214 |   0 | 5.257665e+00 | 3.032600e+01 | 476.80%| unknown
 13.5s|     1 |     0 |  4911 |     - |   306M |   0 |  10k|  26k|  26k|  68 | 25 | 224 |   0 | 5.258871e+00 | 3.032600e+01 | 476.66%| unknown
 time | node  | left  |LP iter|LP it/n|mem/heur|mdpt |vars |cons |rows |cuts |sepa|confs|strbr|  dualbound   | primalbound  |  gap   | compl. 
 13.5s|     1 |     0 |  4918 |     - |   307M |   0 |  10k|  26k|  26k|  69 | 26 | 234 |   0 | 5.258999e+00 | 3.032600e+01 | 476.65%| unknown
 13.8s|     1 |     0 |  5023 |     - |   307M |   0 |  10k|  26k|  26k|  72 | 27 | 244 |   0 | 5.273072e+00 | 3.032600e+01 | 475.11%| unknown
 14.0s|     1 |     0 |  5096 |     - |   307M |   0 |  10k|  26k|  26k|  73 | 28 | 254 |   0 | 5.274658e+00 | 3.032600e+01 | 474.94%| unknown
d26.9s|     1 |     0 | 28208 |     - |conflict|   0 |  10k|  26k|  26k|   0 | 30 | 311 |   0 | 5.274658e+00 | 2.133000e+01 | 304.39%| unknown
L27.5s|     1 |     0 | 28208 |     - |    rens|   0 |  10k|  26k|  26k|  73 | 30 | 311 |   0 | 5.274658e+00 | 1.263200e+01 | 139.48%| unknown
 27.7s|     1 |     0 | 28878 |     - |   309M |   0 |  10k|  26k|  26k|  73 | 30 | 311 |   0 | 5.367567e+00 | 1.263200e+01 | 135.34%| unknown
 28.3s|     1 |     0 | 29802 |     - |   309M |   0 |  10k|  26k|  26k|  78 | 31 | 321 |   0 | 5.399484e+00 | 1.263200e+01 | 133.95%| unknown
 28.7s|     1 |     0 | 29809 |     - |   309M |   0 |  10k|  26k|  26k|  79 | 32 | 327 |   0 | 5.400059e+00 | 1.263200e+01 | 133.92%| unknown
 41.3s|     1 |     0 | 29830 |     - |   309M |   0 |  10k|  26k|  26k|  79 | 32 | 337 |  26 | 5.523024e+00 | 1.263200e+01 | 128.72%| unknown
 41.4s|     1 |     0 | 29835 |     - |   309M |   0 |  10k|  26k|  26k|  80 | 33 | 342 |  26 | 5.523024e+00 | 1.263200e+01 | 128.72%| unknown
 55.4s|     1 |     2 | 29835 |     - |   309M |   0 |  10k|  26k|  26k|  80 | 34 | 346 |  51 | 5.523024e+00 | 1.263200e+01 | 128.72%| unknown
*92.7s|     3 |     1 | 34563 |13930.5 |strongbr|   2 |  10k|  26k|  26k|  80 | 26 | 422 | 127 | 5.523024e+00 | 1.233500e+01 | 123.34%|  18.34%
*93.1s|     3 |     1 | 34563 |13930.5 |strongbr|   2 |  10k|  26k|  26k|  80 | 26 | 422 | 128 | 5.523024e+00 | 1.233400e+01 | 123.32%|  18.34%
i93.3s|     3 |     1 | 34707 |14002.5 |  oneopt|   2 |  10k|  26k|  26k|  80 | 26 | 422 | 129 | 5.523024e+00 | 1.023400e+01 |  85.30%|  18.34%
r 213s|    14 |     8 | 39767 |2543.5 |rounding|  11 |  10k|  25k|  26k|  90 |  0 | 482 | 409 | 5.564767e+00 | 7.337000e+00 |  31.85%|  66.26%
 time | node  | left  |LP iter|LP it/n|mem/heur|mdpt |vars |cons |rows |cuts |sepa|confs|strbr|  dualbound   | primalbound  |  gap   | compl. 
i 213s|    14 |     6 | 39767 |2543.5 |  oneopt|  11 |  10k|  25k|  26k|  90 |  2 | 482 | 409 | 5.564767e+00 | 6.337000e+00 |  13.88%|  70.42%
* 213s|    15 |     4 | 39768 |2361.9 |    LP  |  12 |  10k|  19k|  26k|  90 |  2 | 482 | 409 | 5.564767e+00 | 6.336000e+00 |  13.86%|  70.44%

SCIP Status        : problem is solved [optimal solution found]
Solving Time (sec) : 224.87
Solving Nodes      : 55
Primal Bound       : +6.33600000000000e+00 (13 solutions)
Dual Bound         : +6.33600000000000e+00
Gap                : 0.00 %
Root classes: ['58']
Status: OPTIMAL
