
Welcome to IBM(R) ILOG(R) CPLEX(R) Interactive Optimizer 22.1.1.0
  with Simplex, Mixed Integer & Barrier Optimizers
5725-A06 5725-A29 5724-Y48 5724-Y49 5724-Y54 5724-Y55 5655-Y21
Copyright IBM Corp. 1988, 2022.  All Rights Reserved.

Type 'help' for a list of available commands.
Type 'help' followed by a command name for more
information on commands.

CPLEX> Problem '/tmp/965d7590232544d8a4f4fb34c3777f6b-pulp.lp' read.
Read time = 0.09 sec. (12.43 ticks)
CPLEX> New value for time limit in seconds: 900
CPLEX> Version identifier: 22.1.1.0 | 2022-11-28 | 9160aff4d
CPXPARAM_TimeLimit                               900
Tried aggregator 8 times.
MIP Presolve eliminated 19411 rows and 4526 columns.
MIP Presolve modified 37943 coefficients.
Aggregator did 1849 substitutions.
Reduced MIP has 21371 rows, 8323 columns, and 95721 nonzeros.
Reduced MIP has 5831 binaries, 0 generals, 0 SOSs, and 0 indicators.
Presolve time = 0.22 sec. (386.45 ticks)
Probing time = 0.02 sec. (5.10 ticks)
Tried aggregator 1 time.
Detecting symmetries...
MIP Presolve eliminated 11 rows and 0 columns.
MIP Presolve modified 711 coefficients.
Reduced MIP has 21360 rows, 8323 columns, and 95688 nonzeros.
Reduced MIP has 5831 binaries, 0 generals, 0 SOSs, and 0 indicators.
Presolve time = 0.20 sec. (341.71 ticks)
Probing fixed 172 vars, tightened 0 bounds.
Probing time = 0.04 sec. (9.72 ticks)
Cover probing fixed 0 vars, tightened 48 bounds.
Clique table members: 9990.
MIP emphasis: balance optimality and feasibility.
MIP search method: dynamic search.
Parallel mode: deterministic, using up to 32 threads.
Root relaxation solution time = 0.11 sec. (65.80 ticks)

        Nodes                                         Cuts/
   Node  Left     Objective  IInf  Best Integer    Best Bound    ItCnt     Gap

      0     0       55.1739   249                     55.1739      417         
*     0+    0                           99.0000       55.1739            44.27%
      0     0       94.3333    16       99.0000      Cuts: 12      524    4.71%
*     0+    0                           96.0000       94.3333             1.74%
      0     0       95.0000     4       96.0000       Cuts: 8      529    1.04%
*     0+    0                           95.0000       95.0000             0.00%
      0     0        cutoff             95.0000       95.0000      529    0.00%
Elapsed time = 0.89 sec. (1135.24 ticks, tree = 0.01 MB, solutions = 3)

Zero-half cuts applied:  5
Lift and project cuts applied:  1
Gomory fractional cuts applied:  6

Root node processing (before b&c):
  Real time             =    0.90 sec. (1136.27 ticks)
Parallel b&c, 32 threads:
  Real time             =    0.00 sec. (0.00 ticks)
  Sync time (average)   =    0.00 sec.
  Wait time (average)   =    0.00 sec.
                          ------------
Total (root+branch&cut) =    0.90 sec. (1136.27 ticks)

Solution pool: 3 solutions saved.

MIP - Integer optimal solution:  Objective =  9.5000000000e+01
Solution time =    0.91 sec.  Iterations = 529  Nodes = 0
Deterministic time = 1136.31 ticks  (1248.68 ticks/sec)

CPLEX> MILP problem relaxed to LP with fixed integer variables using
incumbent solution.
CPLEX> Version identifier: 22.1.1.0 | 2022-11-28 | 9160aff4d
CPXPARAM_TimeLimit                               900
Parallel mode: deterministic, using up to 32 threads for concurrent optimization:
 * Starting dual Simplex on 1 thread...
 * Starting Barrier on 30 threads...
 * Starting primal Simplex on 1 thread...
Tried aggregator 1 time.
LP Presolve eliminated 42620 rows and 14689 columns.
Aggregator did 11 substitutions.
All rows and columns eliminated.
Presolve time = 0.02 sec. (43.63 ticks)

Dual simplex solved model.


Dual simplex - Optimal:  Objective =  9.5000000000e+01
Solution time =    0.07 sec.  Iterations = 0 (0)
Deterministic time = 79.09 ticks  (1097.47 ticks/sec)

CPLEX> Solution written to file '/tmp/965d7590232544d8a4f4fb34c3777f6b-pulp.sol'.
CPLEX> Root classes: ['2', '3', '109', '110', '162', '165', '171', '172', '181', '188', '190', '191', '192', '193', '194', '195', '196', '197', '198', '199', '200', '201', '202', '203', '204', '205', '206', '207', '208', '209', '210', '211', '212', '213', '214', '215', '216', '217', '218', '219', '220', '221', '222', '223', '224', '225', '226', '227', '228', '229', '230', '231', '232', '233', '234', '235', '236', '237', '238', '239', '240', '241', '242', '243', '244', '245', '246', '247', '248', '249', '250', '251', '252', '253', '254', '255', '256', '257', '258', '259', '260', '261', '262', '263', '264', '265', '266', '267', '268', '269', '270', '271', '272', '273', '274', '275', '276', '277', '278', '279', '280', '281', '282', '283', '284', '285', '286']
Status: Optimal
Solved x values:
['0.0', '248.0', '121.0', '242.0', '115.0', '236.0', '109.0', '230.0', '5649.0', '103.0', '224.0', '97.0', '218.0', '91.0', '212.0', '85.0', '460.0', '206.0', '79.0', '200.0', '73.0', '194.0', '67.0', '188.0', '61.0', '436.30', '182.0', '55.0', '49.0', '297.18', '170.0', '43.0', '164.0', '37.0', '285.0', '31.0', '279.0', '152.1', '25.0', '527.19', '273.0', '1785.1', '19.0', '267.0', '140.0', '13.0', '261.0', '134.0', '7.0', '255.0', '128.0', '1.0', '249.0', '122.0', '243.0', '116.0', '237.0', '110.0', '231.0', '104.0', '225.0', '98.0', '219.0', '92.0', '340.0', '213.0', '86.0', '207.0', '80.0', '201.0', '74.0', '195.0', '68.0', '189.4', '62.0', '310.28', '56.0', '1441.0', '177.1', '50.0', '171.0', '44.0', '546.18', '165.0', '38.0', '286.0', '159.0', '32.0', '280.0', '153.0', '26.0', '274.0', '20.0', '268.0', '141.0', '14.0', '262.0', '135.0', '8.0', '256.0', '129.0', '2.0', '250.0', '123.0', '244.0', '117.0', '238.0', '111.0', '232.0', '105.0', '226.0', '99.0', '220.0', '93.0', '214.0', '87.0', '208.0', '81.0', '202.0', '75.0', '450.42', '196.0', '69.0', '190.0', '63.0', '184.7', '57.0', '178.1', '51.0', '172.0', '45.0', '166.0', '39.0', '33.0', '281.0', '154.0', '27.0', '275.0', '148.0', '21.0', '269.0', '15.0', '263.0', '136.0', '9.0', '511.39', '257.0', '130.0', '3.0', '251.0', '124.0', '245.0', '118.0', '239.0', '112.0', '233.0', '106.0', '227.0', '100.0', '221.0', '94.0', '215.0', '88.0', '209.0', '82.0', '203.0', '76.0', '197.0', '70.0', '191.0', '64.0', '58.0', '306.28', '179.0', '52.0', '173.0', '46.0', '167.0', '40.0', '161.0', '34.0', '282.0', '155.1', '28.0', '276.0', '149.0', '22.0', '524.30', '270.0', '143.0', '16.0', '264.0', '137.0', '10.0', '258.0', '131.0', '379.15', '379.104', '252.0', '125.0', '246.0', '119.0', '240.0', '113.0', '234.0', '228.0', '101.0', '222.0', '95.0', '216.0', '89.0', '2103.0', '464.0', '210.0', '83.0', '204.0', '77.0', '198.0', '71.0', '192.0', '65.0', '186.4', '59.0', '180.0', '53.0', '47.0', '41.0', '162.0', '35.0', '283.0', '156.0', '29.0', '277.0', '150.1', '23.0', '271.0', '144.0', '17.0', '265.0', '138.0', '11.0', '259.0', '132.0', '5.0', '253.0', '126.0', '247.0', '120.0', '241.0', '114.0', '235.0', '108.0', '356.23', '229.0', '102.0', '223.0', '96.0', '217.0', '90.0', '211.0', '84.0', '205.0', '78.0', '199.0', '72.0', '193.0', '66.0', '187.4', '60.0', '308.30', '181.0', '54.0', '48.0', '42.0', '36.0', '538.20', '284.0', '30.0', '278.0', '151.0', '24.0', '272.0', '18.0', '266.0', '139.0', '12.0', '260.0', '133.0', '6.0', '254.0', '127.0']
