Welcome to the CBC MILP Solver 
Version: 2.10.3 
Build Date: Dec 15 2019 

command line - /work/zhang-x2/users/yc2632/miniconda3/envs/newpt2/lib/python3.9/site-packages/pulp/solverdir/cbc/linux/64/cbc /tmp/bc5e9112b8b84b6984938f774a19c610-pulp.mps sec 900 timeMode elapsed branch printingOptions all solution /tmp/bc5e9112b8b84b6984938f774a19c610-pulp.sol (default strategy 1)
At line 2 NAME          MODEL
At line 3 ROWS
At line 24430 COLUMNS
At line 363432 RHS
At line 387858 BOUNDS
At line 396361 ENDATA
Problem MODEL has 24425 rows, 8502 columns and 314497 elements
Coin0008I MODEL read with 0 errors
seconds was changed from 1e+100 to 900
Option for timeMode changed from cpu to elapsed
Continuous objective value is 19 - 0.06 seconds
Cgl0003I 0 fixed, 0 tightened bounds, 4455 strengthened rows, 0 substitutions
Cgl0003I 0 fixed, 0 tightened bounds, 2 strengthened rows, 0 substitutions
Cgl0004I processed model has 14615 rows, 6123 columns (4506 integer (4506 of which binary)) and 78134 elements
Cbc0038I Initial state - 69 integers unsatisfied sum - 3.42213
Cbc0038I Pass   1: (0.47 seconds) suminf.    3.33311 (61) obj. 8259.75 iterations 213
Cbc0038I Pass   2: (0.48 seconds) suminf.    2.11882 (44) obj. 8270.52 iterations 55
Cbc0038I Pass   3: (0.48 seconds) suminf.    2.11882 (44) obj. 8270.52 iterations 0
Cbc0038I Pass   4: (0.49 seconds) suminf.    0.00118 (8) obj. 60044.9 iterations 33
Cbc0038I Pass   5: (0.49 seconds) suminf.    0.00118 (8) obj. 60044.9 iterations 0
Cbc0038I Pass   6: (0.49 seconds) suminf.    0.00118 (8) obj. 60044.9 iterations 0
Cbc0038I Pass   7: (0.54 seconds) suminf.    6.33493 (152) obj. 1.58109e+06 iterations 1794
Cbc0038I Pass   8: (0.56 seconds) suminf.    1.33476 (119) obj. 1.56359e+06 iterations 444
Cbc0038I Pass   9: (0.58 seconds) suminf.    1.33473 (109) obj. 1.56359e+06 iterations 25
Cbc0038I Pass  10: (0.59 seconds) suminf.    0.00141 (107) obj. 1.57026e+06 iterations 9
Cbc0038I Pass  11: (0.59 seconds) suminf.    0.00141 (107) obj. 1.57026e+06 iterations 0
Cbc0038I Pass  12: (0.62 seconds) suminf.    0.00176 (151) obj. 2.76038e+06 iterations 1122
Cbc0038I Pass  13: (0.63 seconds) suminf.    0.00156 (129) obj. 2.76038e+06 iterations 253
Cbc0038I Pass  14: (0.64 seconds) suminf.    0.00154 (125) obj. 2.76038e+06 iterations 1
Cbc0038I Pass  15: (0.67 seconds) suminf.    2.00192 (189) obj. 3.82054e+06 iterations 990
Cbc0038I Pass  16: (0.68 seconds) suminf.    0.00182 (170) obj. 3.81054e+06 iterations 196
Cbc0038I Pass  17: (0.69 seconds) suminf.    0.00178 (167) obj. 3.81054e+06 iterations 3
Cbc0038I Pass  18: (0.70 seconds) suminf.    0.00178 (167) obj. 3.81054e+06 iterations 0
Cbc0038I Pass  19: (0.72 seconds) suminf.    0.00195 (194) obj. 4.82064e+06 iterations 740
Cbc0038I Pass  20: (0.73 seconds) suminf.    0.00185 (180) obj. 4.82064e+06 iterations 145
Cbc0038I Pass  21: (0.74 seconds) suminf.    0.00185 (180) obj. 4.82064e+06 iterations 0
Cbc0038I Pass  22: (0.76 seconds) suminf.    0.00209 (208) obj. 5.34073e+06 iterations 740
Cbc0038I Pass  23: (0.77 seconds) suminf.    0.00198 (195) obj. 5.34073e+06 iterations 190
Cbc0038I Pass  24: (0.78 seconds) suminf.    0.00198 (195) obj. 5.34073e+06 iterations 0
Cbc0038I Pass  25: (0.80 seconds) suminf.    0.00213 (220) obj. 5.8408e+06 iterations 661
Cbc0038I Pass  26: (0.81 seconds) suminf.    0.00213 (213) obj. 5.8408e+06 iterations 187
Cbc0038I Pass  27: (0.83 seconds) suminf.    0.00212 (214) obj. 5.8408e+06 iterations 2
Cbc0038I Pass  28: (0.85 seconds) suminf.    0.00233 (259) obj. 6.36089e+06 iterations 639
Cbc0038I Pass  29: (0.86 seconds) suminf.    0.00231 (247) obj. 6.36089e+06 iterations 161
Cbc0038I Pass  30: (0.88 seconds) suminf.    0.00226 (243) obj. 6.36089e+06 iterations 2
Cbc0038I No solution found this major pass
Cbc0038I Before mini branch and bound, 2506 integers at bound fixed and 730 continuous
Cbc0038I Full problem 14615 rows 6123 columns, reduced to 4614 rows 1938 columns
Cbc0038I Mini branch and bound did not improve solution (1.53 seconds)
Cbc0038I Full problem 14616 rows 6123 columns, reduced to 14616 rows 6123 columns - too large
Cbc0038I After 2.14 seconds - Feasibility pump exiting - took 1.69 seconds
Cbc0031I 8 added rows had average density of 6
Cbc0013I At root node, 8 cuts changed objective from 22.420972 to 25.000337 in 4 passes
Cbc0014I Cut generator 0 (Probing) - 2 row cuts average 2.0 elements, 0 column cuts (0 active)  in 0.132 seconds - new frequency is 1
Cbc0014I Cut generator 1 (Gomory) - 11 row cuts average 32.2 elements, 0 column cuts (0 active)  in 0.011 seconds - new frequency is 1
Cbc0014I Cut generator 2 (Knapsack) - 0 row cuts average 0.0 elements, 0 column cuts (0 active)  in 0.019 seconds - new frequency is -100
Cbc0014I Cut generator 3 (Clique) - 0 row cuts average 0.0 elements, 0 column cuts (0 active)  in 0.000 seconds - new frequency is -100
Cbc0014I Cut generator 4 (MixedIntegerRounding2) - 4 row cuts average 2.2 elements, 0 column cuts (0 active)  in 0.018 seconds - new frequency is 1
Cbc0014I Cut generator 5 (FlowCover) - 0 row cuts average 0.0 elements, 0 column cuts (0 active)  in 0.009 seconds - new frequency is -100
Cbc0014I Cut generator 6 (TwoMirCuts) - 13 row cuts average 32.3 elements, 0 column cuts (0 active)  in 0.019 seconds - new frequency is 1
Cbc0010I After 0 nodes, 1 on tree, 1e+50 best solution, best possible 25.000337 (2.91 seconds)
Cbc0012I Integer solution of 38 found by DiveCoefficient after 119 iterations and 4 nodes (5.09 seconds)
Cbc0038I Full problem 14615 rows 6123 columns, reduced to 114 rows 58 columns
Cbc0012I Integer solution of 37 found by RINS after 119 iterations and 4 nodes (5.39 seconds)
Cbc0038I Full problem 14615 rows 6123 columns, reduced to 49 rows 34 columns
Cbc0038I Full problem 14623 rows 6123 columns, reduced to 2947 rows 1182 columns
Cbc0044I Reduced cost fixing - 2947 rows, 1182 columns - restarting search
Cbc0012I Integer solution of 37 found by Previous solution after 0 iterations and 0 nodes (6.99 seconds)
Cbc0038I Full problem 2947 rows 1182 columns, reduced to 223 rows 104 columns
Cbc0031I 12 added rows had average density of 6.5833333
Cbc0013I At root node, 12 cuts changed objective from 22.420972 to 25.000342 in 4 passes
Cbc0014I Cut generator 0 (Probing) - 12 row cuts average 2.4 elements, 0 column cuts (0 active)  in 0.011 seconds - new frequency is 1
Cbc0014I Cut generator 1 (Gomory) - 8 row cuts average 26.2 elements, 0 column cuts (0 active)  in 0.001 seconds - new frequency is 1
Cbc0014I Cut generator 2 (Knapsack) - 0 row cuts average 0.0 elements, 0 column cuts (0 active)  in 0.003 seconds - new frequency is -100
Cbc0014I Cut generator 3 (Clique) - 0 row cuts average 0.0 elements, 0 column cuts (0 active)  in 0.000 seconds - new frequency is -100
Cbc0014I Cut generator 4 (MixedIntegerRounding2) - 3 row cuts average 2.3 elements, 0 column cuts (0 active)  in 0.003 seconds - new frequency is 1
Cbc0014I Cut generator 5 (FlowCover) - 0 row cuts average 0.0 elements, 0 column cuts (0 active)  in 0.002 seconds - new frequency is -100
Cbc0014I Cut generator 6 (TwoMirCuts) - 7 row cuts average 26.1 elements, 0 column cuts (0 active)  in 0.003 seconds - new frequency is 1
Cbc0014I Cut generator 7 (ZeroHalf) - 0 row cuts average 0.0 elements, 0 column cuts (0 active)  in 0.005 seconds - new frequency is -100
Cbc0014I Cut generator 9 (Stored from first) - 9 row cuts average 3.0 elements, 0 column cuts (0 active)
Cbc0010I After 0 nodes, 1 on tree, 37 best solution, best possible 25.000342 (7.22 seconds)
Cbc0038I Full problem 2947 rows 1182 columns, reduced to 100 rows 60 columns
Cbc0038I Full problem 2947 rows 1182 columns, reduced to 76 rows 43 columns
Cbc0012I Integer solution of 36 found by RINS after 1245 iterations and 91 nodes (8.67 seconds)
Cbc0010I After 100 nodes, 37 on tree, 36 best solution, best possible 25.000342 (8.77 seconds)
Cbc0038I Full problem 2947 rows 1182 columns, reduced to 97 rows 57 columns
Cbc0010I After 200 nodes, 72 on tree, 36 best solution, best possible 25.000342 (9.37 seconds)
Cbc0038I Full problem 2947 rows 1182 columns, reduced to 143 rows 75 columns
Cbc0010I After 300 nodes, 101 on tree, 36 best solution, best possible 25.000342 (9.83 seconds)
Cbc0038I Full problem 2947 rows 1182 columns, reduced to 96 rows 57 columns
Cbc0010I After 400 nodes, 145 on tree, 36 best solution, best possible 25.000342 (10.17 seconds)
Cbc0038I Full problem 2947 rows 1182 columns, reduced to 92 rows 54 columns
Cbc0010I After 500 nodes, 184 on tree, 36 best solution, best possible 25.000342 (10.53 seconds)
Cbc0038I Full problem 2947 rows 1182 columns, reduced to 104 rows 63 columns
Cbc0010I After 600 nodes, 216 on tree, 36 best solution, best possible 25.000342 (10.86 seconds)
Cbc0010I After 700 nodes, 235 on tree, 36 best solution, best possible 25.000342 (11.15 seconds)
Cbc0010I After 800 nodes, 250 on tree, 36 best solution, best possible 25.000342 (11.51 seconds)
Cbc0010I After 900 nodes, 293 on tree, 36 best solution, best possible 25.000342 (12.39 seconds)
Cbc0010I After 1000 nodes, 310 on tree, 36 best solution, best possible 25.000342 (12.97 seconds)
Cbc0010I After 1100 nodes, 307 on tree, 36 best solution, best possible 25.000342 (13.39 seconds)
Cbc0010I After 1200 nodes, 315 on tree, 36 best solution, best possible 25.000342 (13.78 seconds)
Cbc0010I After 1300 nodes, 294 on tree, 36 best solution, best possible 25.000342 (14.07 seconds)
Cbc0010I After 1400 nodes, 291 on tree, 36 best solution, best possible 25.000342 (14.41 seconds)
Cbc0010I After 1500 nodes, 289 on tree, 36 best solution, best possible 25.000342 (14.77 seconds)
Cbc0010I After 1600 nodes, 296 on tree, 36 best solution, best possible 25.000342 (15.21 seconds)
Cbc0010I After 1700 nodes, 312 on tree, 36 best solution, best possible 25.000342 (15.63 seconds)
Cbc0010I After 1800 nodes, 282 on tree, 36 best solution, best possible 25.000342 (16.03 seconds)
Cbc0038I Full problem 2947 rows 1182 columns, reduced to 75 rows 44 columns
Cbc0010I After 1900 nodes, 286 on tree, 36 best solution, best possible 25.000342 (16.47 seconds)
Cbc0010I After 2000 nodes, 279 on tree, 36 best solution, best possible 25.000342 (16.89 seconds)
Cbc0010I After 2100 nodes, 275 on tree, 36 best solution, best possible 25.000342 (17.30 seconds)
Cbc0010I After 2200 nodes, 266 on tree, 36 best solution, best possible 25.000342 (17.66 seconds)
Cbc0010I After 2300 nodes, 265 on tree, 36 best solution, best possible 25.000342 (18.12 seconds)
Cbc0010I After 2400 nodes, 259 on tree, 36 best solution, best possible 25.000342 (18.67 seconds)
Cbc0010I After 2500 nodes, 255 on tree, 36 best solution, best possible 25.000342 (19.02 seconds)
Cbc0010I After 2600 nodes, 263 on tree, 36 best solution, best possible 25.000342 (19.39 seconds)
Cbc0010I After 2700 nodes, 246 on tree, 36 best solution, best possible 25.000342 (19.75 seconds)
Cbc0010I After 2800 nodes, 258 on tree, 36 best solution, best possible 25.000342 (20.15 seconds)
Cbc0010I After 2900 nodes, 244 on tree, 36 best solution, best possible 25.000342 (20.57 seconds)
Cbc0010I After 3000 nodes, 247 on tree, 36 best solution, best possible 25.000342 (20.99 seconds)
Cbc0038I Full problem 2947 rows 1182 columns, reduced to 82 rows 50 columns
Cbc0010I After 3100 nodes, 238 on tree, 36 best solution, best possible 25.000342 (21.32 seconds)
Cbc0010I After 3200 nodes, 255 on tree, 36 best solution, best possible 25.000342 (21.70 seconds)
Cbc0010I After 3300 nodes, 244 on tree, 36 best solution, best possible 25.000342 (22.08 seconds)
Cbc0010I After 3400 nodes, 239 on tree, 36 best solution, best possible 25.000342 (22.45 seconds)
Cbc0010I After 3500 nodes, 243 on tree, 36 best solution, best possible 25.000342 (22.80 seconds)
Cbc0010I After 3600 nodes, 231 on tree, 36 best solution, best possible 25.000342 (23.13 seconds)
Cbc0010I After 3700 nodes, 211 on tree, 36 best solution, best possible 25.000342 (23.46 seconds)
Cbc0010I After 3800 nodes, 236 on tree, 36 best solution, best possible 25.000342 (23.98 seconds)
Cbc0010I After 3900 nodes, 201 on tree, 36 best solution, best possible 25.000342 (24.32 seconds)
Cbc0010I After 4000 nodes, 205 on tree, 36 best solution, best possible 25.000342 (24.69 seconds)
Cbc0010I After 4100 nodes, 189 on tree, 36 best solution, best possible 25.000342 (24.99 seconds)
Cbc0010I After 4200 nodes, 182 on tree, 36 best solution, best possible 25.000342 (25.35 seconds)
Cbc0038I Full problem 2947 rows 1182 columns, reduced to 168 rows 84 columns
Cbc0010I After 4300 nodes, 194 on tree, 36 best solution, best possible 25.000342 (25.72 seconds)
Cbc0010I After 4400 nodes, 179 on tree, 36 best solution, best possible 25.000342 (26.07 seconds)
Cbc0010I After 4500 nodes, 173 on tree, 36 best solution, best possible 25.000342 (26.43 seconds)
Cbc0010I After 4600 nodes, 174 on tree, 36 best solution, best possible 25.000342 (26.81 seconds)
Cbc0010I After 4700 nodes, 175 on tree, 36 best solution, best possible 25.000342 (27.20 seconds)
Cbc0010I After 4800 nodes, 166 on tree, 36 best solution, best possible 25.000342 (27.61 seconds)
Cbc0010I After 4900 nodes, 157 on tree, 36 best solution, best possible 25.000342 (28.00 seconds)
Cbc0010I After 5000 nodes, 157 on tree, 36 best solution, best possible 25.000342 (28.32 seconds)
Cbc0010I After 5100 nodes, 165 on tree, 36 best solution, best possible 25.000342 (28.66 seconds)
Cbc0010I After 5200 nodes, 161 on tree, 36 best solution, best possible 25.000342 (29.14 seconds)
Cbc0010I After 5300 nodes, 157 on tree, 36 best solution, best possible 25.000342 (29.51 seconds)
Cbc0038I Full problem 2947 rows 1182 columns, reduced to 101 rows 62 columns
Cbc0010I After 5400 nodes, 154 on tree, 36 best solution, best possible 25.000342 (29.77 seconds)
Cbc0010I After 5500 nodes, 147 on tree, 36 best solution, best possible 25.000342 (30.08 seconds)
Cbc0010I After 5600 nodes, 142 on tree, 36 best solution, best possible 25.000342 (30.52 seconds)
Cbc0010I After 5700 nodes, 150 on tree, 36 best solution, best possible 25.000342 (30.94 seconds)
Cbc0010I After 5800 nodes, 134 on tree, 36 best solution, best possible 25.000342 (31.31 seconds)
Cbc0010I After 5900 nodes, 150 on tree, 36 best solution, best possible 25.000342 (31.74 seconds)
Cbc0010I After 6000 nodes, 125 on tree, 36 best solution, best possible 25.000342 (32.25 seconds)
Cbc0010I After 6100 nodes, 137 on tree, 36 best solution, best possible 25.000342 (32.66 seconds)
Cbc0010I After 6200 nodes, 133 on tree, 36 best solution, best possible 25.000342 (33.00 seconds)
Cbc0010I After 6300 nodes, 119 on tree, 36 best solution, best possible 25.000342 (33.37 seconds)
Cbc0010I After 6400 nodes, 114 on tree, 36 best solution, best possible 25.000342 (33.79 seconds)
Cbc0010I After 6500 nodes, 120 on tree, 36 best solution, best possible 25.000342 (34.21 seconds)
Cbc0010I After 6600 nodes, 109 on tree, 36 best solution, best possible 25.000342 (34.61 seconds)
Cbc0038I Full problem 2947 rows 1182 columns, reduced to 102 rows 61 columns
Cbc0010I After 6700 nodes, 119 on tree, 36 best solution, best possible 25.000342 (35.03 seconds)
Cbc0010I After 6800 nodes, 126 on tree, 36 best solution, best possible 25.000342 (35.40 seconds)
Cbc0010I After 6900 nodes, 96 on tree, 36 best solution, best possible 25.000342 (35.71 seconds)
Cbc0010I After 7000 nodes, 95 on tree, 36 best solution, best possible 25.000342 (36.16 seconds)
Cbc0010I After 7100 nodes, 89 on tree, 36 best solution, best possible 25.000342 (36.62 seconds)
Cbc0010I After 7200 nodes, 100 on tree, 36 best solution, best possible 25.000342 (37.04 seconds)
Cbc0010I After 7300 nodes, 94 on tree, 36 best solution, best possible 25.000342 (37.46 seconds)
Cbc0010I After 7400 nodes, 106 on tree, 36 best solution, best possible 25.000342 (37.96 seconds)
Cbc0010I After 7500 nodes, 97 on tree, 36 best solution, best possible 25.000342 (38.44 seconds)
Cbc0010I After 7600 nodes, 75 on tree, 36 best solution, best possible 25.000342 (38.76 seconds)
Cbc0010I After 7700 nodes, 83 on tree, 36 best solution, best possible 25.000342 (39.16 seconds)
Cbc0010I After 7800 nodes, 66 on tree, 36 best solution, best possible 25.000342 (39.50 seconds)
Cbc0038I Full problem 2947 rows 1182 columns, reduced to 261 rows 113 columns
Cbc0010I After 7900 nodes, 67 on tree, 36 best solution, best possible 25.000342 (39.85 seconds)
Cbc0010I After 8000 nodes, 63 on tree, 36 best solution, best possible 25.000342 (40.23 seconds)
Cbc0010I After 8100 nodes, 79 on tree, 36 best solution, best possible 25.000342 (40.68 seconds)
Cbc0010I After 8200 nodes, 54 on tree, 36 best solution, best possible 25.000342 (40.99 seconds)
Cbc0010I After 8300 nodes, 59 on tree, 36 best solution, best possible 25.000342 (41.39 seconds)
Cbc0038I Full problem 2947 rows 1182 columns, reduced to 89 rows 54 columns
Cbc0010I After 8400 nodes, 50 on tree, 36 best solution, best possible 25.000342 (41.80 seconds)
Cbc0010I After 8500 nodes, 47 on tree, 36 best solution, best possible 25.000342 (42.13 seconds)
Cbc0010I After 8600 nodes, 43 on tree, 36 best solution, best possible 25.000342 (42.56 seconds)
Cbc0010I After 8700 nodes, 39 on tree, 36 best solution, best possible 25.000342 (42.96 seconds)
Cbc0010I After 8800 nodes, 31 on tree, 36 best solution, best possible 25.000342 (43.38 seconds)
Cbc0010I After 8900 nodes, 44 on tree, 36 best solution, best possible 25.000342 (43.89 seconds)
Cbc0038I Full problem 2947 rows 1182 columns, reduced to 86 rows 50 columns
Cbc0010I After 9000 nodes, 30 on tree, 36 best solution, best possible 25.000342 (44.25 seconds)
Cbc0010I After 9100 nodes, 43 on tree, 36 best solution, best possible 25.000342 (44.66 seconds)
Cbc0010I After 9200 nodes, 30 on tree, 36 best solution, best possible 25.000342 (45.18 seconds)
Cbc0010I After 9300 nodes, 52 on tree, 36 best solution, best possible 25.000342 (45.66 seconds)
Cbc0010I After 9400 nodes, 32 on tree, 36 best solution, best possible 25.000342 (46.07 seconds)
Cbc0010I After 9500 nodes, 43 on tree, 36 best solution, best possible 25.000342 (46.76 seconds)
Cbc0010I After 9600 nodes, 18 on tree, 36 best solution, best possible 25.000342 (47.06 seconds)
Cbc0010I After 9700 nodes, 14 on tree, 36 best solution, best possible 25.000342 (47.44 seconds)
Cbc0010I After 9800 nodes, 36 on tree, 36 best solution, best possible 25.000342 (47.80 seconds)
Cbc0010I After 9900 nodes, 34 on tree, 36 best solution, best possible 25.000342 (48.14 seconds)
Cbc0010I After 10000 nodes, 41 on tree, 36 best solution, best possible 25.000342 (48.56 seconds)
Cbc0010I After 10100 nodes, 24 on tree, 36 best solution, best possible 25.000342 (48.86 seconds)
Cbc0010I After 10200 nodes, 31 on tree, 36 best solution, best possible 25.000342 (49.21 seconds)
Cbc0038I Full problem 2947 rows 1182 columns, reduced to 69 rows 45 columns
Cbc0010I After 10300 nodes, 11 on tree, 36 best solution, best possible 25.000342 (49.73 seconds)
Cbc0010I After 10400 nodes, 21 on tree, 36 best solution, best possible 25.000342 (50.37 seconds)
Cbc0010I After 10500 nodes, 14 on tree, 36 best solution, best possible 25.000342 (50.72 seconds)
Cbc0010I After 10600 nodes, 11 on tree, 36 best solution, best possible 25.000342 (51.22 seconds)
Cbc0010I After 10700 nodes, 41 on tree, 36 best solution, best possible 25.000342 (51.85 seconds)
Cbc0038I Full problem 2947 rows 1182 columns, reduced to 66 rows 39 columns
Cbc0010I After 10800 nodes, 41 on tree, 36 best solution, best possible 25.000342 (52.71 seconds)
Cbc0010I After 10900 nodes, 26 on tree, 36 best solution, best possible 25.000342 (52.98 seconds)
Cbc0010I After 11000 nodes, 29 on tree, 36 best solution, best possible 25.000342 (53.32 seconds)
Cbc0010I After 11100 nodes, 66 on tree, 36 best solution, best possible 30.000006 (56.14 seconds)
Cbc0010I After 11200 nodes, 110 on tree, 36 best solution, best possible 30.000006 (56.82 seconds)
Cbc0010I After 11300 nodes, 167 on tree, 36 best solution, best possible 30.000007 (57.71 seconds)
Cbc0010I After 11400 nodes, 208 on tree, 36 best solution, best possible 30.000007 (58.16 seconds)
Cbc0010I After 11500 nodes, 260 on tree, 36 best solution, best possible 30.000007 (58.57 seconds)
Cbc0010I After 11600 nodes, 312 on tree, 36 best solution, best possible 30.000007 (58.94 seconds)
Cbc0010I After 11700 nodes, 361 on tree, 36 best solution, best possible 30.000007 (59.34 seconds)
Cbc0010I After 11800 nodes, 407 on tree, 36 best solution, best possible 30.000007 (59.71 seconds)
Cbc0010I After 11900 nodes, 469 on tree, 36 best solution, best possible 30.000007 (60.05 seconds)
Cbc0010I After 12000 nodes, 520 on tree, 36 best solution, best possible 30.000007 (60.43 seconds)
Cbc0010I After 12100 nodes, 561 on tree, 36 best solution, best possible 30.000007 (60.82 seconds)
Cbc0010I After 12200 nodes, 616 on tree, 36 best solution, best possible 30.000007 (61.27 seconds)
Cbc0010I After 12300 nodes, 670 on tree, 36 best solution, best possible 30.000007 (61.64 seconds)
Cbc0010I After 12400 nodes, 702 on tree, 36 best solution, best possible 30.000007 (62.06 seconds)
Cbc0010I After 12500 nodes, 744 on tree, 36 best solution, best possible 30.000007 (62.66 seconds)
Cbc0010I After 12600 nodes, 796 on tree, 36 best solution, best possible 30.000007 (63.09 seconds)
Cbc0010I After 12700 nodes, 841 on tree, 36 best solution, best possible 30.000007 (63.56 seconds)
Cbc0010I After 12800 nodes, 890 on tree, 36 best solution, best possible 30.000007 (64.06 seconds)
Cbc0010I After 12900 nodes, 946 on tree, 36 best solution, best possible 30.000007 (64.44 seconds)
Cbc0010I After 13000 nodes, 997 on tree, 36 best solution, best possible 30.000008 (64.87 seconds)
Cbc0010I After 13100 nodes, 1002 on tree, 36 best solution, best possible 30.000008 (65.38 seconds)
Cbc0004I Integer solution of 35 found after 365517 iterations and 13140 nodes (65.67 seconds)
Cbc0010I After 13200 nodes, 1030 on tree, 35 best solution, best possible 30.000008 (66.21 seconds)
Cbc0010I After 13300 nodes, 1070 on tree, 35 best solution, best possible 30.000008 (66.53 seconds)
Cbc0010I After 13400 nodes, 1120 on tree, 35 best solution, best possible 30.000008 (67.00 seconds)
Cbc0010I After 13500 nodes, 1170 on tree, 35 best solution, best possible 30.000008 (67.37 seconds)
Cbc0010I After 13600 nodes, 1217 on tree, 35 best solution, best possible 30.000008 (67.74 seconds)
Cbc0010I After 13700 nodes, 1264 on tree, 35 best solution, best possible 30.000008 (68.10 seconds)
Cbc0010I After 13800 nodes, 1313 on tree, 35 best solution, best possible 30.000008 (68.47 seconds)
Cbc0010I After 13900 nodes, 1362 on tree, 35 best solution, best possible 30.000008 (68.88 seconds)
Cbc0010I After 14000 nodes, 1411 on tree, 35 best solution, best possible 30.000008 (69.25 seconds)
Cbc0010I After 14100 nodes, 1452 on tree, 35 best solution, best possible 30.000008 (70.53 seconds)
Cbc0010I After 14200 nodes, 1516 on tree, 35 best solution, best possible 30.000008 (71.53 seconds)
Cbc0010I After 14300 nodes, 1564 on tree, 35 best solution, best possible 30.000008 (72.64 seconds)
Cbc0038I Full problem 2947 rows 1182 columns, reduced to 78 rows 45 columns
Cbc0010I After 14400 nodes, 1605 on tree, 35 best solution, best possible 30.000008 (73.12 seconds)
Cbc0010I After 14500 nodes, 1656 on tree, 35 best solution, best possible 30.000008 (73.50 seconds)
Cbc0010I After 14600 nodes, 1722 on tree, 35 best solution, best possible 30.000008 (73.91 seconds)
Cbc0010I After 14700 nodes, 1752 on tree, 35 best solution, best possible 30.000008 (74.50 seconds)
Cbc0010I After 14800 nodes, 1803 on tree, 35 best solution, best possible 30.000008 (75.15 seconds)
Cbc0010I After 14900 nodes, 1868 on tree, 35 best solution, best possible 30.000008 (75.97 seconds)
Cbc0010I After 15000 nodes, 1910 on tree, 35 best solution, best possible 30.000009 (76.96 seconds)
Cbc0010I After 15100 nodes, 1953 on tree, 35 best solution, best possible 30.000009 (77.77 seconds)
Cbc0010I After 15200 nodes, 1983 on tree, 35 best solution, best possible 30.000009 (78.50 seconds)
Cbc0010I After 15300 nodes, 2017 on tree, 35 best solution, best possible 30.000009 (79.14 seconds)
Cbc0010I After 15400 nodes, 2055 on tree, 35 best solution, best possible 30.00001 (80.06 seconds)
Cbc0010I After 15500 nodes, 2039 on tree, 35 best solution, best possible 30.00001 (80.35 seconds)
Cbc0010I After 15600 nodes, 2069 on tree, 35 best solution, best possible 30.00001 (80.87 seconds)
Cbc0010I After 15700 nodes, 2074 on tree, 35 best solution, best possible 30.000012 (81.24 seconds)
Cbc0010I After 15800 nodes, 2122 on tree, 35 best solution, best possible 30.000012 (81.82 seconds)
Cbc0010I After 15900 nodes, 2162 on tree, 35 best solution, best possible 30.000013 (82.73 seconds)
Cbc0010I After 16000 nodes, 2214 on tree, 35 best solution, best possible 30.000013 (83.58 seconds)
Cbc0010I After 16100 nodes, 2254 on tree, 35 best solution, best possible 30.000014 (84.25 seconds)
Cbc0010I After 16200 nodes, 2290 on tree, 35 best solution, best possible 30.000015 (84.73 seconds)
Cbc0010I After 16300 nodes, 2301 on tree, 35 best solution, best possible 30.000017 (85.32 seconds)
Cbc0010I After 16400 nodes, 2295 on tree, 35 best solution, best possible 30.000018 (85.53 seconds)
Cbc0010I After 16500 nodes, 2332 on tree, 35 best solution, best possible 30.000033 (86.03 seconds)
Cbc0010I After 16600 nodes, 2359 on tree, 35 best solution, best possible 30.000036 (86.41 seconds)
Cbc0010I After 16700 nodes, 2367 on tree, 35 best solution, best possible 31.000006 (86.78 seconds)
Cbc0010I After 16800 nodes, 2417 on tree, 35 best solution, best possible 31.000006 (87.14 seconds)
Cbc0010I After 16900 nodes, 2467 on tree, 35 best solution, best possible 31.000006 (87.51 seconds)
Cbc0010I After 17000 nodes, 2515 on tree, 35 best solution, best possible 31.000006 (89.18 seconds)
Cbc0010I After 17100 nodes, 2506 on tree, 35 best solution, best possible 31.000006 (89.40 seconds)
Cbc0010I After 17200 nodes, 2484 on tree, 35 best solution, best possible 31.000006 (89.57 seconds)
Cbc0010I After 17300 nodes, 2455 on tree, 35 best solution, best possible 31.000006 (89.80 seconds)
Cbc0010I After 17400 nodes, 2422 on tree, 35 best solution, best possible 31.000006 (90.08 seconds)
Cbc0010I After 17500 nodes, 2390 on tree, 35 best solution, best possible 31.000006 (90.44 seconds)
Cbc0010I After 17600 nodes, 2352 on tree, 35 best solution, best possible 31.000006 (90.74 seconds)
Cbc0010I After 17700 nodes, 2305 on tree, 35 best solution, best possible 31.000006 (91.05 seconds)
Cbc0010I After 17800 nodes, 2261 on tree, 35 best solution, best possible 31.000006 (91.34 seconds)
Cbc0010I After 17900 nodes, 2223 on tree, 35 best solution, best possible 31.000006 (91.62 seconds)
Cbc0038I Full problem 2947 rows 1182 columns, reduced to 79 rows 46 columns
Cbc0010I After 18000 nodes, 2188 on tree, 35 best solution, best possible 31.000006 (91.93 seconds)
Cbc0010I After 18100 nodes, 2239 on tree, 35 best solution, best possible 31.000006 (92.42 seconds)
Cbc0010I After 18200 nodes, 2288 on tree, 35 best solution, best possible 31.000006 (92.86 seconds)
Cbc0010I After 18300 nodes, 2338 on tree, 35 best solution, best possible 31.000006 (93.28 seconds)
Cbc0010I After 18400 nodes, 2387 on tree, 35 best solution, best possible 31.000006 (93.84 seconds)
Cbc0010I After 18500 nodes, 2437 on tree, 35 best solution, best possible 31.000006 (94.24 seconds)
Cbc0010I After 18600 nodes, 2464 on tree, 35 best solution, best possible 31.000007 (94.70 seconds)
Cbc0010I After 18700 nodes, 2564 on tree, 35 best solution, best possible 31.000007 (95.01 seconds)
Cbc0010I After 18800 nodes, 2664 on tree, 35 best solution, best possible 31.000007 (95.32 seconds)
Cbc0010I After 18900 nodes, 2764 on tree, 35 best solution, best possible 31.000007 (95.64 seconds)
Cbc0010I After 19000 nodes, 2692 on tree, 35 best solution, best possible 31.000007 (96.04 seconds)
Cbc0010I After 19100 nodes, 2592 on tree, 35 best solution, best possible 31.000007 (96.46 seconds)
Cbc0010I After 19200 nodes, 2492 on tree, 35 best solution, best possible 31.000007 (96.89 seconds)
Cbc0010I After 19300 nodes, 2486 on tree, 35 best solution, best possible 31.000007 (97.25 seconds)
Cbc0010I After 19400 nodes, 2450 on tree, 35 best solution, best possible 31.000007 (97.64 seconds)
Cbc0010I After 19500 nodes, 2540 on tree, 35 best solution, best possible 31.000007 (97.95 seconds)
Cbc0010I After 19600 nodes, 2440 on tree, 35 best solution, best possible 31.000007 (98.38 seconds)
Cbc0010I After 19700 nodes, 2440 on tree, 35 best solution, best possible 31.000007 (98.74 seconds)
Cbc0010I After 19800 nodes, 2444 on tree, 35 best solution, best possible 31.000007 (99.11 seconds)
Cbc0010I After 19900 nodes, 2498 on tree, 35 best solution, best possible 31.000007 (99.45 seconds)
Cbc0010I After 20000 nodes, 2442 on tree, 35 best solution, best possible 31.000007 (99.87 seconds)
Cbc0010I After 20100 nodes, 2542 on tree, 35 best solution, best possible 31.000007 (100.18 seconds)
Cbc0010I After 20200 nodes, 2642 on tree, 35 best solution, best possible 31.000007 (100.49 seconds)
Cbc0010I After 20300 nodes, 2742 on tree, 35 best solution, best possible 31.000007 (100.90 seconds)
Cbc0010I After 20400 nodes, 2842 on tree, 35 best solution, best possible 31.000007 (101.23 seconds)
Cbc0010I After 20500 nodes, 2744 on tree, 35 best solution, best possible 31.000007 (101.63 seconds)
Cbc0010I After 20600 nodes, 2644 on tree, 35 best solution, best possible 31.000007 (102.03 seconds)
Cbc0010I After 20700 nodes, 2544 on tree, 35 best solution, best possible 31.000007 (102.43 seconds)
Cbc0010I After 20800 nodes, 2444 on tree, 35 best solution, best possible 31.000007 (102.83 seconds)
Cbc0010I After 20900 nodes, 2476 on tree, 35 best solution, best possible 31.000007 (103.17 seconds)
Cbc0010I After 21000 nodes, 2486 on tree, 35 best solution, best possible 31.000007 (103.52 seconds)
Cbc0010I After 21100 nodes, 2460 on tree, 35 best solution, best possible 31.000007 (103.81 seconds)
Cbc0010I After 21200 nodes, 2439 on tree, 35 best solution, best possible 31.000007 (104.14 seconds)
Cbc0010I After 21300 nodes, 2409 on tree, 35 best solution, best possible 31.000007 (104.44 seconds)
Cbc0010I After 21400 nodes, 2386 on tree, 35 best solution, best possible 31.000007 (104.85 seconds)
Cbc0010I After 21500 nodes, 2360 on tree, 35 best solution, best possible 31.000007 (105.18 seconds)
Cbc0010I After 21600 nodes, 2329 on tree, 35 best solution, best possible 31.000007 (105.51 seconds)
Cbc0010I After 21700 nodes, 2303 on tree, 35 best solution, best possible 31.000007 (105.79 seconds)
Cbc0010I After 21800 nodes, 2276 on tree, 35 best solution, best possible 31.000007 (106.09 seconds)
Cbc0010I After 21900 nodes, 2257 on tree, 35 best solution, best possible 31.000007 (106.38 seconds)
Cbc0010I After 22000 nodes, 2240 on tree, 35 best solution, best possible 31.000007 (106.75 seconds)
Cbc0010I After 22100 nodes, 2236 on tree, 35 best solution, best possible 31.000007 (107.22 seconds)
Cbc0010I After 22200 nodes, 2206 on tree, 35 best solution, best possible 31.000007 (107.68 seconds)
Cbc0010I After 22300 nodes, 2252 on tree, 35 best solution, best possible 31.000007 (108.15 seconds)
Cbc0010I After 22400 nodes, 2216 on tree, 35 best solution, best possible 31.000007 (108.56 seconds)
Cbc0010I After 22500 nodes, 2244 on tree, 35 best solution, best possible 31.000007 (108.88 seconds)
Cbc0010I After 22600 nodes, 2344 on tree, 35 best solution, best possible 31.000007 (109.14 seconds)
Cbc0010I After 22700 nodes, 2444 on tree, 35 best solution, best possible 31.000007 (109.39 seconds)
Cbc0010I After 22800 nodes, 2544 on tree, 35 best solution, best possible 31.000007 (109.64 seconds)
Cbc0010I After 22900 nodes, 2550 on tree, 35 best solution, best possible 31.000007 (109.96 seconds)
Cbc0010I After 23000 nodes, 2450 on tree, 35 best solution, best possible 31.000007 (110.38 seconds)
Cbc0010I After 23100 nodes, 2350 on tree, 35 best solution, best possible 31.000007 (110.79 seconds)
Cbc0010I After 23200 nodes, 2250 on tree, 35 best solution, best possible 31.000007 (111.20 seconds)
Cbc0010I After 23300 nodes, 2212 on tree, 35 best solution, best possible 31.000007 (111.57 seconds)
Cbc0010I After 23400 nodes, 2288 on tree, 35 best solution, best possible 31.000007 (111.85 seconds)
Cbc0010I After 23500 nodes, 2198 on tree, 35 best solution, best possible 31.000007 (112.25 seconds)
Cbc0010I After 23600 nodes, 2202 on tree, 35 best solution, best possible 31.000007 (112.59 seconds)
Cbc0010I After 23700 nodes, 2208 on tree, 35 best solution, best possible 31.000007 (112.92 seconds)
Cbc0010I After 23800 nodes, 2266 on tree, 35 best solution, best possible 31.000007 (113.22 seconds)
Cbc0010I After 23900 nodes, 2194 on tree, 35 best solution, best possible 31.000007 (113.64 seconds)
Cbc0010I After 24000 nodes, 2272 on tree, 35 best solution, best possible 31.000007 (113.91 seconds)
Cbc0010I After 24100 nodes, 2198 on tree, 35 best solution, best possible 31.000007 (114.32 seconds)
Cbc0010I After 24200 nodes, 2202 on tree, 35 best solution, best possible 31.000007 (114.65 seconds)
Cbc0010I After 24300 nodes, 2214 on tree, 35 best solution, best possible 31.000007 (114.98 seconds)
Cbc0010I After 24400 nodes, 2222 on tree, 35 best solution, best possible 31.000007 (115.37 seconds)
Cbc0010I After 24500 nodes, 2322 on tree, 35 best solution, best possible 31.000007 (115.62 seconds)
Cbc0010I After 24600 nodes, 2422 on tree, 35 best solution, best possible 31.000007 (115.87 seconds)
Cbc0010I After 24700 nodes, 2510 on tree, 35 best solution, best possible 31.000007 (116.13 seconds)
Cbc0010I After 24800 nodes, 2410 on tree, 35 best solution, best possible 31.000007 (116.52 seconds)
Cbc0010I After 24900 nodes, 2310 on tree, 35 best solution, best possible 31.000007 (116.92 seconds)
Cbc0010I After 25000 nodes, 2210 on tree, 35 best solution, best possible 31.000007 (117.31 seconds)
Cbc0010I After 25100 nodes, 2228 on tree, 35 best solution, best possible 31.000007 (117.56 seconds)
Cbc0038I Full problem 2947 rows 1182 columns, reduced to 123 rows 71 columns
Cbc0010I After 25200 nodes, 2224 on tree, 35 best solution, best possible 31.000007 (117.80 seconds)
Cbc0010I After 25300 nodes, 2209 on tree, 35 best solution, best possible 31.000007 (118.07 seconds)
Cbc0010I After 25400 nodes, 2203 on tree, 35 best solution, best possible 31.000007 (118.45 seconds)
Cbc0010I After 25500 nodes, 2197 on tree, 35 best solution, best possible 31.000007 (118.81 seconds)
Cbc0010I After 25600 nodes, 2193 on tree, 35 best solution, best possible 31.000007 (119.17 seconds)
Cbc0010I After 25700 nodes, 2178 on tree, 35 best solution, best possible 31.000007 (119.50 seconds)
Cbc0010I After 25800 nodes, 2163 on tree, 35 best solution, best possible 31.000007 (119.81 seconds)
Cbc0010I After 25900 nodes, 2153 on tree, 35 best solution, best possible 31.000007 (120.06 seconds)
Cbc0010I After 26000 nodes, 2143 on tree, 35 best solution, best possible 31.000007 (120.35 seconds)
Cbc0010I After 26100 nodes, 2169 on tree, 35 best solution, best possible 31.000007 (120.68 seconds)
Cbc0010I After 26200 nodes, 2177 on tree, 35 best solution, best possible 31.000007 (121.00 seconds)
Cbc0010I After 26300 nodes, 2161 on tree, 35 best solution, best possible 31.000007 (121.34 seconds)
Cbc0010I After 26400 nodes, 2127 on tree, 35 best solution, best possible 31.000007 (121.72 seconds)
Cbc0010I After 26500 nodes, 2201 on tree, 35 best solution, best possible 31.000007 (122.00 seconds)
Cbc0010I After 26600 nodes, 2145 on tree, 35 best solution, best possible 31.000007 (122.37 seconds)
Cbc0010I After 26700 nodes, 2151 on tree, 35 best solution, best possible 31.000007 (122.70 seconds)
Cbc0010I After 26800 nodes, 2127 on tree, 35 best solution, best possible 31.000007 (123.07 seconds)
Cbc0010I After 26900 nodes, 2181 on tree, 35 best solution, best possible 31.000007 (123.41 seconds)
Cbc0010I After 27000 nodes, 2281 on tree, 35 best solution, best possible 31.000007 (123.66 seconds)
Cbc0010I After 27100 nodes, 2381 on tree, 35 best solution, best possible 31.000007 (123.91 seconds)
Cbc0010I After 27200 nodes, 2403 on tree, 35 best solution, best possible 31.000007 (124.22 seconds)
Cbc0010I After 27300 nodes, 2303 on tree, 35 best solution, best possible 31.000007 (124.62 seconds)
Cbc0010I After 27400 nodes, 2203 on tree, 35 best solution, best possible 31.000007 (125.02 seconds)
Cbc0010I After 27500 nodes, 2127 on tree, 35 best solution, best possible 31.000007 (125.41 seconds)
Cbc0010I After 27600 nodes, 2223 on tree, 35 best solution, best possible 31.000007 (125.66 seconds)
Cbc0010I After 27700 nodes, 2137 on tree, 35 best solution, best possible 31.000007 (126.06 seconds)
Cbc0010I After 27800 nodes, 2133 on tree, 35 best solution, best possible 31.000007 (126.41 seconds)
Cbc0010I After 27900 nodes, 2139 on tree, 35 best solution, best possible 31.000007 (126.74 seconds)
Cbc0010I After 28000 nodes, 2209 on tree, 35 best solution, best possible 31.000007 (127.03 seconds)
Cbc0010I After 28100 nodes, 2309 on tree, 35 best solution, best possible 31.000007 (127.29 seconds)
Cbc0010I After 28200 nodes, 2409 on tree, 35 best solution, best possible 31.000007 (127.56 seconds)
Cbc0010I After 28300 nodes, 2371 on tree, 35 best solution, best possible 31.000007 (127.91 seconds)
Cbc0010I After 28400 nodes, 2271 on tree, 35 best solution, best possible 31.000007 (128.31 seconds)
Cbc0010I After 28500 nodes, 2171 on tree, 35 best solution, best possible 31.000007 (128.70 seconds)
Cbc0010I After 28600 nodes, 2177 on tree, 35 best solution, best possible 31.000007 (129.02 seconds)
Cbc0010I After 28700 nodes, 2133 on tree, 35 best solution, best possible 31.000007 (129.38 seconds)
Cbc0010I After 28800 nodes, 2181 on tree, 35 best solution, best possible 31.000007 (129.68 seconds)
Cbc0010I After 28900 nodes, 2167 on tree, 35 best solution, best possible 31.000007 (130.04 seconds)
Cbc0010I After 29000 nodes, 2167 on tree, 35 best solution, best possible 31.000007 (130.48 seconds)
Cbc0010I After 29100 nodes, 2183 on tree, 35 best solution, best possible 31.000007 (130.75 seconds)
Cbc0010I After 29200 nodes, 2171 on tree, 35 best solution, best possible 31.000007 (131.00 seconds)
Cbc0010I After 29300 nodes, 2164 on tree, 35 best solution, best possible 31.000007 (131.31 seconds)
Cbc0010I After 29400 nodes, 2156 on tree, 35 best solution, best possible 31.000007 (131.69 seconds)
Cbc0010I After 29500 nodes, 2150 on tree, 35 best solution, best possible 31.000007 (132.06 seconds)
Cbc0010I After 29600 nodes, 2153 on tree, 35 best solution, best possible 31.000007 (132.43 seconds)
Cbc0010I After 29700 nodes, 2139 on tree, 35 best solution, best possible 31.000007 (132.80 seconds)
Cbc0010I After 29800 nodes, 2135 on tree, 35 best solution, best possible 31.000007 (133.15 seconds)
Cbc0010I After 29900 nodes, 2140 on tree, 35 best solution, best possible 31.000007 (133.48 seconds)
Cbc0010I After 30000 nodes, 2125 on tree, 35 best solution, best possible 31.000007 (133.83 seconds)
Cbc0010I After 30100 nodes, 2083 on tree, 35 best solution, best possible 31.000007 (134.22 seconds)
Cbc0010I After 30200 nodes, 2155 on tree, 35 best solution, best possible 31.000007 (134.51 seconds)
Cbc0010I After 30300 nodes, 2085 on tree, 35 best solution, best possible 31.000007 (134.93 seconds)
Cbc0010I After 30400 nodes, 2175 on tree, 35 best solution, best possible 31.000007 (135.18 seconds)
Cbc0010I After 30500 nodes, 2275 on tree, 35 best solution, best possible 31.000007 (135.43 seconds)
Cbc0010I After 30600 nodes, 2375 on tree, 35 best solution, best possible 31.000007 (135.68 seconds)
Cbc0010I After 30700 nodes, 2299 on tree, 35 best solution, best possible 31.000007 (136.08 seconds)
Cbc0010I After 30800 nodes, 2199 on tree, 35 best solution, best possible 31.000007 (136.50 seconds)
Cbc0010I After 30900 nodes, 2099 on tree, 35 best solution, best possible 31.000007 (136.91 seconds)
Cbc0010I After 31000 nodes, 2167 on tree, 35 best solution, best possible 31.000007 (137.18 seconds)
Cbc0010I After 31100 nodes, 2087 on tree, 35 best solution, best possible 31.000007 (137.58 seconds)
Cbc0010I After 31200 nodes, 2105 on tree, 35 best solution, best possible 31.000007 (137.92 seconds)
Cbc0010I After 31300 nodes, 2107 on tree, 35 best solution, best possible 31.000007 (138.28 seconds)
Cbc0010I After 31400 nodes, 2121 on tree, 35 best solution, best possible 31.000007 (138.60 seconds)
Cbc0010I After 31500 nodes, 2085 on tree, 35 best solution, best possible 31.000007 (138.96 seconds)
Cbc0010I After 31600 nodes, 2127 on tree, 35 best solution, best possible 31.000007 (139.38 seconds)
Cbc0010I After 31700 nodes, 2227 on tree, 35 best solution, best possible 31.000007 (139.88 seconds)
Cbc0010I After 31800 nodes, 2327 on tree, 35 best solution, best possible 31.000007 (140.38 seconds)
Cbc0010I After 31900 nodes, 2347 on tree, 35 best solution, best possible 31.000007 (140.69 seconds)
Cbc0010I After 32000 nodes, 2247 on tree, 35 best solution, best possible 31.000007 (141.08 seconds)
Cbc0010I After 32100 nodes, 2147 on tree, 35 best solution, best possible 31.000007 (141.47 seconds)
Cbc0010I After 32200 nodes, 2115 on tree, 35 best solution, best possible 31.000007 (141.83 seconds)
Cbc0010I After 32300 nodes, 2127 on tree, 35 best solution, best possible 31.000007 (142.15 seconds)
Cbc0010I After 32400 nodes, 2111 on tree, 35 best solution, best possible 31.000007 (142.49 seconds)
Cbc0038I Full problem 2947 rows 1182 columns, reduced to 80 rows 50 columns
Cbc0010I After 32500 nodes, 2089 on tree, 35 best solution, best possible 31.000007 (142.86 seconds)
Cbc0010I After 32600 nodes, 2093 on tree, 35 best solution, best possible 31.000007 (143.20 seconds)
Cbc0010I After 32700 nodes, 2125 on tree, 35 best solution, best possible 31.000007 (143.51 seconds)
Cbc0010I After 32800 nodes, 2101 on tree, 35 best solution, best possible 31.000007 (143.86 seconds)
Cbc0010I After 32900 nodes, 2095 on tree, 35 best solution, best possible 31.000007 (144.21 seconds)
Cbc0010I After 33000 nodes, 2103 on tree, 35 best solution, best possible 31.000007 (144.58 seconds)
Cbc0010I After 33100 nodes, 2112 on tree, 35 best solution, best possible 31.000007 (144.90 seconds)
Cbc0010I After 33200 nodes, 2103 on tree, 35 best solution, best possible 31.000007 (145.25 seconds)
Cbc0010I After 33300 nodes, 2099 on tree, 35 best solution, best possible 31.000007 (145.62 seconds)
Cbc0010I After 33400 nodes, 2088 on tree, 35 best solution, best possible 31.000007 (145.97 seconds)
Cbc0010I After 33500 nodes, 2080 on tree, 35 best solution, best possible 31.000007 (146.31 seconds)
Cbc0010I After 33600 nodes, 2073 on tree, 35 best solution, best possible 31.000007 (146.60 seconds)
Cbc0010I After 33700 nodes, 2070 on tree, 35 best solution, best possible 31.000007 (146.94 seconds)
Cbc0010I After 33800 nodes, 2067 on tree, 35 best solution, best possible 31.000007 (147.28 seconds)
Cbc0010I After 33900 nodes, 2057 on tree, 35 best solution, best possible 31.000007 (147.63 seconds)
Cbc0010I After 34000 nodes, 2061 on tree, 35 best solution, best possible 31.000007 (148.01 seconds)
Cbc0010I After 34100 nodes, 2161 on tree, 35 best solution, best possible 31.000007 (148.27 seconds)
Cbc0010I After 34200 nodes, 2099 on tree, 35 best solution, best possible 31.000007 (148.65 seconds)
Cbc0010I After 34300 nodes, 2057 on tree, 35 best solution, best possible 31.000007 (149.03 seconds)
Cbc0010I After 34400 nodes, 2047 on tree, 35 best solution, best possible 31.000007 (149.37 seconds)
Cbc0010I After 34500 nodes, 2079 on tree, 35 best solution, best possible 31.000007 (149.68 seconds)
Cbc0010I After 34600 nodes, 2049 on tree, 35 best solution, best possible 31.000007 (150.04 seconds)
Cbc0010I After 34700 nodes, 2045 on tree, 35 best solution, best possible 31.000007 (150.41 seconds)
Cbc0010I After 34800 nodes, 2043 on tree, 35 best solution, best possible 31.000007 (150.76 seconds)
Cbc0010I After 34900 nodes, 2141 on tree, 35 best solution, best possible 31.000007 (151.01 seconds)
Cbc0010I After 35000 nodes, 2085 on tree, 35 best solution, best possible 31.000007 (151.36 seconds)
Cbc0010I After 35100 nodes, 2095 on tree, 35 best solution, best possible 31.000007 (151.68 seconds)
Cbc0010I After 35200 nodes, 2195 on tree, 35 best solution, best possible 31.000007 (151.93 seconds)
Cbc0010I After 35300 nodes, 2267 on tree, 35 best solution, best possible 31.000007 (152.20 seconds)
Cbc0010I After 35400 nodes, 2167 on tree, 35 best solution, best possible 31.000007 (152.61 seconds)
Cbc0010I After 35500 nodes, 2067 on tree, 35 best solution, best possible 31.000007 (153.02 seconds)
Cbc0010I After 35600 nodes, 2079 on tree, 35 best solution, best possible 31.000007 (153.34 seconds)
Cbc0010I After 35700 nodes, 2045 on tree, 35 best solution, best possible 31.000007 (153.70 seconds)
Cbc0010I After 35800 nodes, 2047 on tree, 35 best solution, best possible 31.000007 (154.03 seconds)
Cbc0010I After 35900 nodes, 2077 on tree, 35 best solution, best possible 31.000007 (154.36 seconds)
Cbc0038I Full problem 2947 rows 1182 columns, reduced to 81 rows 50 columns
Cbc0010I After 36000 nodes, 2041 on tree, 35 best solution, best possible 31.000007 (154.76 seconds)
Cbc0010I After 36100 nodes, 2043 on tree, 35 best solution, best possible 31.000007 (155.16 seconds)
Cbc0010I After 36200 nodes, 2143 on tree, 35 best solution, best possible 31.000007 (155.41 seconds)
Cbc0010I After 36300 nodes, 2243 on tree, 35 best solution, best possible 31.000007 (155.66 seconds)
Cbc0010I After 36400 nodes, 2343 on tree, 35 best solution, best possible 31.000007 (155.91 seconds)
Cbc0010I After 36500 nodes, 2335 on tree, 35 best solution, best possible 31.000007 (156.22 seconds)
Cbc0010I After 36600 nodes, 2235 on tree, 35 best solution, best possible 31.000007 (156.58 seconds)
Cbc0010I After 36700 nodes, 2135 on tree, 35 best solution, best possible 31.000007 (156.96 seconds)
Cbc0010I After 36800 nodes, 2045 on tree, 35 best solution, best possible 31.000007 (157.33 seconds)
Cbc0010I After 36900 nodes, 2121 on tree, 35 best solution, best possible 31.000007 (157.59 seconds)
Cbc0010I After 37000 nodes, 2043 on tree, 35 best solution, best possible 31.000007 (157.96 seconds)
Cbc0010I After 37100 nodes, 2033 on tree, 35 best solution, best possible 31.000007 (158.23 seconds)
Cbc0010I After 37200 nodes, 2027 on tree, 35 best solution, best possible 31.000007 (158.59 seconds)
Cbc0010I After 37300 nodes, 2018 on tree, 35 best solution, best possible 31.000007 (158.92 seconds)
Cbc0010I After 37400 nodes, 2020 on tree, 35 best solution, best possible 31.000007 (159.26 seconds)
Cbc0010I After 37500 nodes, 2018 on tree, 35 best solution, best possible 31.000007 (159.49 seconds)
Cbc0010I After 37600 nodes, 2013 on tree, 35 best solution, best possible 31.000007 (159.71 seconds)
Cbc0010I After 37700 nodes, 2010 on tree, 35 best solution, best possible 31.000007 (159.98 seconds)
Cbc0010I After 37800 nodes, 2003 on tree, 35 best solution, best possible 31.000007 (160.27 seconds)
Cbc0010I After 37900 nodes, 2000 on tree, 35 best solution, best possible 31.000007 (160.59 seconds)
Cbc0010I After 38000 nodes, 2001 on tree, 35 best solution, best possible 31.000007 (160.88 seconds)
Cbc0010I After 38100 nodes, 2009 on tree, 35 best solution, best possible 31.000007 (161.53 seconds)
Cbc0010I After 38200 nodes, 2055 on tree, 35 best solution, best possible 31.000007 (162.22 seconds)
Cbc0010I After 38300 nodes, 1997 on tree, 35 best solution, best possible 31.000007 (162.72 seconds)
Cbc0010I After 38400 nodes, 2087 on tree, 35 best solution, best possible 31.000008 (163.45 seconds)
Cbc0010I After 38500 nodes, 2187 on tree, 35 best solution, best possible 31.000008 (164.13 seconds)
Cbc0010I After 38600 nodes, 2287 on tree, 35 best solution, best possible 31.000008 (164.81 seconds)
Cbc0010I After 38700 nodes, 2261 on tree, 35 best solution, best possible 31.000008 (165.30 seconds)
Cbc0010I After 38800 nodes, 2161 on tree, 35 best solution, best possible 31.000008 (165.67 seconds)
Cbc0010I After 38900 nodes, 2061 on tree, 35 best solution, best possible 31.000008 (166.06 seconds)
Cbc0010I After 39000 nodes, 2007 on tree, 35 best solution, best possible 31.000008 (166.51 seconds)
Cbc0010I After 39100 nodes, 2033 on tree, 35 best solution, best possible 31.000008 (167.07 seconds)
Cbc0010I After 39200 nodes, 1997 on tree, 35 best solution, best possible 31.000008 (167.56 seconds)
Cbc0010I After 39300 nodes, 1999 on tree, 35 best solution, best possible 31.000008 (168.05 seconds)
Cbc0010I After 39400 nodes, 2081 on tree, 35 best solution, best possible 31.000008 (168.55 seconds)
Cbc0010I After 39500 nodes, 2181 on tree, 35 best solution, best possible 31.000008 (169.06 seconds)
Cbc0010I After 39600 nodes, 2275 on tree, 35 best solution, best possible 31.000008 (169.56 seconds)
Cbc0010I After 39700 nodes, 2175 on tree, 35 best solution, best possible 31.000008 (169.95 seconds)
Cbc0010I After 39800 nodes, 2075 on tree, 35 best solution, best possible 31.000008 (170.33 seconds)
Cbc0010I After 39900 nodes, 1999 on tree, 35 best solution, best possible 31.000008 (170.73 seconds)
Cbc0010I After 40000 nodes, 2047 on tree, 35 best solution, best possible 31.000008 (171.22 seconds)
Cbc0010I After 40100 nodes, 2003 on tree, 35 best solution, best possible 31.000008 (171.65 seconds)
Cbc0010I After 40200 nodes, 2003 on tree, 35 best solution, best possible 31.000009 (171.99 seconds)
Cbc0010I After 40300 nodes, 1995 on tree, 35 best solution, best possible 31.00001 (172.35 seconds)
Cbc0010I After 40400 nodes, 2077 on tree, 35 best solution, best possible 31.00001 (172.62 seconds)
Cbc0010I After 40500 nodes, 2011 on tree, 35 best solution, best possible 31.00001 (173.01 seconds)
Cbc0010I After 40600 nodes, 2019 on tree, 35 best solution, best possible 31.00001 (173.36 seconds)
Cbc0010I After 40700 nodes, 1998 on tree, 35 best solution, best possible 31.00001 (173.74 seconds)
Cbc0010I After 40800 nodes, 2098 on tree, 35 best solution, best possible 31.00001 (173.99 seconds)
Cbc0010I After 40900 nodes, 2198 on tree, 35 best solution, best possible 31.00001 (174.24 seconds)
Cbc0010I After 41000 nodes, 2258 on tree, 35 best solution, best possible 31.00001 (174.52 seconds)
Cbc0010I After 41100 nodes, 2252 on tree, 35 best solution, best possible 31.00001 (174.81 seconds)
Cbc0010I After 41200 nodes, 2249 on tree, 35 best solution, best possible 31.00001 (175.10 seconds)
Cbc0010I After 41300 nodes, 2245 on tree, 35 best solution, best possible 31.00001 (175.42 seconds)
Cbc0010I After 41400 nodes, 2243 on tree, 35 best solution, best possible 31.00001 (175.73 seconds)
Cbc0010I After 41500 nodes, 2238 on tree, 35 best solution, best possible 31.00001 (176.03 seconds)
Cbc0010I After 41600 nodes, 2235 on tree, 35 best solution, best possible 31.00001 (176.32 seconds)
Cbc0010I After 41700 nodes, 2229 on tree, 35 best solution, best possible 31.00001 (176.59 seconds)
Cbc0010I After 41800 nodes, 2221 on tree, 35 best solution, best possible 31.00001 (176.84 seconds)
Cbc0010I After 41900 nodes, 2221 on tree, 35 best solution, best possible 31.00001 (177.11 seconds)
Cbc0010I After 42000 nodes, 2218 on tree, 35 best solution, best possible 31.00001 (177.39 seconds)
Cbc0010I After 42100 nodes, 2118 on tree, 35 best solution, best possible 31.00001 (177.80 seconds)
Cbc0010I After 42200 nodes, 2018 on tree, 35 best solution, best possible 31.00001 (178.21 seconds)
Cbc0010I After 42300 nodes, 1968 on tree, 35 best solution, best possible 31.00001 (178.58 seconds)
Cbc0010I After 42400 nodes, 1990 on tree, 35 best solution, best possible 31.00001 (178.90 seconds)
Cbc0010I After 42500 nodes, 2006 on tree, 35 best solution, best possible 31.00001 (179.23 seconds)
Cbc0010I After 42600 nodes, 1991 on tree, 35 best solution, best possible 31.00001 (179.59 seconds)
Cbc0010I After 42700 nodes, 1976 on tree, 35 best solution, best possible 31.00001 (179.94 seconds)
Cbc0010I After 42800 nodes, 1966 on tree, 35 best solution, best possible 31.00001 (180.31 seconds)
Cbc0010I After 42900 nodes, 1988 on tree, 35 best solution, best possible 31.00001 (180.62 seconds)
Cbc0010I After 43000 nodes, 2088 on tree, 35 best solution, best possible 31.00001 (180.88 seconds)
Cbc0010I After 43100 nodes, 2188 on tree, 35 best solution, best possible 31.00001 (181.13 seconds)
Cbc0010I After 43200 nodes, 2246 on tree, 35 best solution, best possible 31.00001 (181.41 seconds)
Cbc0010I After 43300 nodes, 2146 on tree, 35 best solution, best possible 31.00001 (181.82 seconds)
Cbc0010I After 43400 nodes, 2046 on tree, 35 best solution, best possible 31.00001 (182.23 seconds)
Cbc0038I Full problem 2947 rows 1182 columns, reduced to 98 rows 60 columns
Cbc0010I After 43500 nodes, 1970 on tree, 35 best solution, best possible 31.00001 (182.63 seconds)
Cbc0010I After 43600 nodes, 2018 on tree, 35 best solution, best possible 31.00001 (182.92 seconds)
Cbc0010I After 43700 nodes, 1996 on tree, 35 best solution, best possible 31.00001 (183.27 seconds)
Cbc0010I After 43800 nodes, 1962 on tree, 35 best solution, best possible 31.00001 (183.64 seconds)
Cbc0010I After 43900 nodes, 1972 on tree, 35 best solution, best possible 31.00001 (183.99 seconds)
Cbc0010I After 44000 nodes, 1978 on tree, 35 best solution, best possible 31.000011 (184.32 seconds)
Cbc0010I After 44100 nodes, 2036 on tree, 35 best solution, best possible 31.000011 (184.60 seconds)
Cbc0010I After 44200 nodes, 2136 on tree, 35 best solution, best possible 31.000011 (184.85 seconds)
Cbc0010I After 44300 nodes, 2236 on tree, 35 best solution, best possible 31.000011 (185.10 seconds)
Cbc0010I After 44400 nodes, 2196 on tree, 35 best solution, best possible 31.000011 (185.47 seconds)
Cbc0010I After 44500 nodes, 2096 on tree, 35 best solution, best possible 31.000011 (185.87 seconds)
Cbc0010I After 44600 nodes, 1996 on tree, 35 best solution, best possible 31.000011 (186.28 seconds)
Cbc0010I After 44700 nodes, 2002 on tree, 35 best solution, best possible 31.000011 (186.61 seconds)
Cbc0010I After 44800 nodes, 1968 on tree, 35 best solution, best possible 31.000011 (186.97 seconds)
Cbc0010I After 44900 nodes, 1974 on tree, 35 best solution, best possible 31.000011 (187.30 seconds)
Cbc0010I After 45000 nodes, 2008 on tree, 35 best solution, best possible 31.000011 (187.61 seconds)
Cbc0010I After 45100 nodes, 2002 on tree, 35 best solution, best possible 31.000011 (187.88 seconds)
Cbc0010I After 45200 nodes, 1995 on tree, 35 best solution, best possible 31.000011 (188.16 seconds)
Cbc0010I After 45300 nodes, 1988 on tree, 35 best solution, best possible 31.000011 (188.46 seconds)
Cbc0010I After 45400 nodes, 1980 on tree, 35 best solution, best possible 31.000011 (188.77 seconds)
Cbc0010I After 45500 nodes, 1971 on tree, 35 best solution, best possible 31.000011 (189.10 seconds)
Cbc0010I After 45600 nodes, 1953 on tree, 35 best solution, best possible 31.000011 (189.44 seconds)
Cbc0010I After 45700 nodes, 1948 on tree, 35 best solution, best possible 31.000011 (189.76 seconds)
Cbc0010I After 45800 nodes, 1938 on tree, 35 best solution, best possible 31.000011 (190.01 seconds)
Cbc0010I After 45900 nodes, 1928 on tree, 35 best solution, best possible 31.000011 (190.25 seconds)
Cbc0010I After 46000 nodes, 1923 on tree, 35 best solution, best possible 31.000011 (190.53 seconds)
Cbc0010I After 46100 nodes, 1899 on tree, 35 best solution, best possible 31.000012 (190.91 seconds)
Cbc0010I After 46200 nodes, 1967 on tree, 35 best solution, best possible 31.000012 (191.31 seconds)
Cbc0010I After 46300 nodes, 2067 on tree, 35 best solution, best possible 31.000012 (192.39 seconds)
Cbc0010I After 46400 nodes, 2149 on tree, 35 best solution, best possible 31.000012 (193.21 seconds)
Cbc0010I After 46500 nodes, 2151 on tree, 35 best solution, best possible 31.000012 (193.53 seconds)
Cbc0010I After 46600 nodes, 2051 on tree, 35 best solution, best possible 31.000012 (193.94 seconds)
Cbc0010I After 46700 nodes, 2016 on tree, 35 best solution, best possible 31.000012 (194.29 seconds)
Cbc0010I After 46800 nodes, 1978 on tree, 35 best solution, best possible 31.000012 (194.64 seconds)
Cbc0010I After 46900 nodes, 2022 on tree, 35 best solution, best possible 31.000012 (195.07 seconds)
Cbc0010I After 47000 nodes, 1994 on tree, 35 best solution, best possible 31.000012 (195.45 seconds)
Cbc0010I After 47100 nodes, 2005 on tree, 35 best solution, best possible 31.000012 (195.72 seconds)
Cbc0010I After 47200 nodes, 2019 on tree, 35 best solution, best possible 31.000012 (195.99 seconds)
Cbc0010I After 47300 nodes, 2072 on tree, 35 best solution, best possible 31.000012 (196.28 seconds)
Cbc0010I After 47400 nodes, 2047 on tree, 35 best solution, best possible 31.000014 (196.88 seconds)
Cbc0010I After 47500 nodes, 2123 on tree, 35 best solution, best possible 31.000014 (197.18 seconds)
Cbc0010I After 47600 nodes, 2164 on tree, 35 best solution, best possible 31.000014 (197.56 seconds)
Cbc0010I After 47700 nodes, 2202 on tree, 35 best solution, best possible 31.000014 (197.90 seconds)
Cbc0010I After 47800 nodes, 2263 on tree, 35 best solution, best possible 31.000014 (198.39 seconds)
Cbc0010I After 47900 nodes, 2281 on tree, 35 best solution, best possible 31.000014 (198.76 seconds)
Cbc0010I After 48000 nodes, 2297 on tree, 35 best solution, best possible 31.000014 (199.15 seconds)
Cbc0010I After 48100 nodes, 2368 on tree, 35 best solution, best possible 31.000014 (199.59 seconds)
Cbc0010I After 48200 nodes, 2308 on tree, 35 best solution, best possible 31.000014 (199.75 seconds)
Cbc0010I After 48300 nodes, 2338 on tree, 35 best solution, best possible 31.000014 (199.98 seconds)
Cbc0010I After 48400 nodes, 2277 on tree, 35 best solution, best possible 31.000014 (200.22 seconds)
Cbc0010I After 48500 nodes, 2221 on tree, 35 best solution, best possible 31.000014 (200.45 seconds)
Cbc0010I After 48600 nodes, 2228 on tree, 35 best solution, best possible 31.000015 (200.95 seconds)
Cbc0010I After 48700 nodes, 2204 on tree, 35 best solution, best possible 31.000015 (201.18 seconds)
Cbc0010I After 48800 nodes, 2222 on tree, 35 best solution, best possible 31.000017 (201.43 seconds)
Cbc0010I After 48900 nodes, 2314 on tree, 35 best solution, best possible 31.000017 (201.87 seconds)
Cbc0010I After 49000 nodes, 2314 on tree, 35 best solution, best possible 31.000017 (202.01 seconds)
Cbc0010I After 49100 nodes, 2294 on tree, 35 best solution, best possible 31.000017 (202.24 seconds)
Cbc0010I After 49200 nodes, 2246 on tree, 35 best solution, best possible 31.000017 (202.47 seconds)
Cbc0010I After 49300 nodes, 2209 on tree, 35 best solution, best possible 31.000017 (202.69 seconds)
Cbc0010I After 49400 nodes, 2186 on tree, 35 best solution, best possible 31.000017 (202.93 seconds)
Cbc0010I After 49500 nodes, 2148 on tree, 35 best solution, best possible 31.000017 (203.12 seconds)
Cbc0010I After 49600 nodes, 2113 on tree, 35 best solution, best possible 31.000017 (203.34 seconds)
Cbc0010I After 49700 nodes, 2077 on tree, 35 best solution, best possible 31.000017 (203.58 seconds)
Cbc0010I After 49800 nodes, 2044 on tree, 35 best solution, best possible 31.000017 (203.80 seconds)
Cbc0010I After 49900 nodes, 2014 on tree, 35 best solution, best possible 31.000017 (204.02 seconds)
Cbc0010I After 50000 nodes, 1967 on tree, 35 best solution, best possible 31.000017 (204.24 seconds)
Cbc0010I After 50100 nodes, 1870 on tree, 35 best solution, best possible 31.000017 (204.38 seconds)
Cbc0010I After 50200 nodes, 1843 on tree, 35 best solution, best possible 31.000022 (204.62 seconds)
Cbc0010I After 50300 nodes, 1833 on tree, 35 best solution, best possible 31.000029 (204.81 seconds)
Cbc0010I After 50400 nodes, 1784 on tree, 35 best solution, best possible 31.000029 (204.99 seconds)
Cbc0010I After 50500 nodes, 1819 on tree, 35 best solution, best possible 31.000032 (205.39 seconds)
Cbc0010I After 50600 nodes, 1797 on tree, 35 best solution, best possible 31.000035 (205.58 seconds)
Cbc0038I Full problem 2947 rows 1182 columns, reduced to 113 rows 65 columns
Cbc0010I After 50700 nodes, 1793 on tree, 35 best solution, best possible 31.001159 (206.24 seconds)
Cbc0010I After 50800 nodes, 1833 on tree, 35 best solution, best possible 32.000006 (206.87 seconds)
Cbc0010I After 50900 nodes, 1882 on tree, 35 best solution, best possible 32.000006 (207.48 seconds)
Cbc0010I After 51000 nodes, 1931 on tree, 35 best solution, best possible 32.000007 (208.19 seconds)
Cbc0010I After 51100 nodes, 1936 on tree, 35 best solution, best possible 32.000007 (208.71 seconds)
Cbc0010I After 51200 nodes, 1939 on tree, 35 best solution, best possible 32.000007 (209.06 seconds)
Cbc0010I After 51300 nodes, 1937 on tree, 35 best solution, best possible 32.000007 (209.37 seconds)
Cbc0010I After 51400 nodes, 1935 on tree, 35 best solution, best possible 32.000007 (209.60 seconds)
Cbc0010I After 51500 nodes, 1943 on tree, 35 best solution, best possible 32.000007 (209.95 seconds)
Cbc0010I After 51600 nodes, 1957 on tree, 35 best solution, best possible 32.000008 (210.29 seconds)
Cbc0010I After 51700 nodes, 1929 on tree, 35 best solution, best possible 32.000008 (210.56 seconds)
Cbc0010I After 51800 nodes, 1933 on tree, 35 best solution, best possible 32.000008 (210.86 seconds)
Cbc0010I After 51900 nodes, 1938 on tree, 35 best solution, best possible 32.000008 (211.19 seconds)
Cbc0010I After 52000 nodes, 1949 on tree, 35 best solution, best possible 32.000009 (211.39 seconds)
Cbc0010I After 52100 nodes, 1969 on tree, 35 best solution, best possible 32.00001 (211.59 seconds)
Cbc0010I After 52200 nodes, 1945 on tree, 35 best solution, best possible 32.00001 (211.73 seconds)
Cbc0010I After 52300 nodes, 1935 on tree, 35 best solution, best possible 32.00001 (211.89 seconds)
Cbc0010I After 52400 nodes, 1961 on tree, 35 best solution, best possible 32.00001 (212.11 seconds)
Cbc0010I After 52500 nodes, 1941 on tree, 35 best solution, best possible 32.00001 (212.26 seconds)
Cbc0010I After 52600 nodes, 1939 on tree, 35 best solution, best possible 32.00001 (212.44 seconds)
Cbc0010I After 52700 nodes, 1935 on tree, 35 best solution, best possible 32.00001 (212.63 seconds)
Cbc0010I After 52800 nodes, 1961 on tree, 35 best solution, best possible 32.00001 (212.82 seconds)
Cbc0010I After 52900 nodes, 1941 on tree, 35 best solution, best possible 32.00001 (212.97 seconds)
Cbc0010I After 53000 nodes, 1941 on tree, 35 best solution, best possible 32.000011 (213.14 seconds)
Cbc0010I After 53100 nodes, 1912 on tree, 35 best solution, best possible 32.000011 (213.30 seconds)
Cbc0010I After 53200 nodes, 1883 on tree, 35 best solution, best possible 32.000011 (213.51 seconds)
Cbc0010I After 53300 nodes, 1849 on tree, 35 best solution, best possible 32.000011 (213.75 seconds)
Cbc0010I After 53400 nodes, 1813 on tree, 35 best solution, best possible 32.000011 (213.96 seconds)
Cbc0010I After 53500 nodes, 1788 on tree, 35 best solution, best possible 32.000011 (214.18 seconds)
Cbc0010I After 53600 nodes, 1755 on tree, 35 best solution, best possible 32.000011 (214.40 seconds)
Cbc0010I After 53700 nodes, 1730 on tree, 35 best solution, best possible 32.000011 (214.64 seconds)
Cbc0010I After 53800 nodes, 1703 on tree, 35 best solution, best possible 32.000011 (214.91 seconds)
Cbc0010I After 53900 nodes, 1677 on tree, 35 best solution, best possible 32.000011 (215.15 seconds)
Cbc0038I Full problem 2947 rows 1182 columns, reduced to 105 rows 63 columns
Cbc0010I After 54000 nodes, 1648 on tree, 35 best solution, best possible 32.000011 (215.45 seconds)
Cbc0010I After 54100 nodes, 1670 on tree, 35 best solution, best possible 32.000011 (215.90 seconds)
Cbc0010I After 54200 nodes, 1654 on tree, 35 best solution, best possible 32.000011 (216.20 seconds)
Cbc0010I After 54300 nodes, 1676 on tree, 35 best solution, best possible 32.000012 (216.79 seconds)
Cbc0010I After 54400 nodes, 1644 on tree, 35 best solution, best possible 32.000012 (217.21 seconds)
Cbc0010I After 54500 nodes, 1644 on tree, 35 best solution, best possible 32.000014 (217.77 seconds)
Cbc0010I After 54600 nodes, 1640 on tree, 35 best solution, best possible 32.000016 (218.01 seconds)
Cbc0010I After 54700 nodes, 1631 on tree, 35 best solution, best possible 32.000017 (218.17 seconds)
Cbc0010I After 54800 nodes, 1570 on tree, 35 best solution, best possible 32.000017 (218.30 seconds)
Cbc0010I After 54900 nodes, 1547 on tree, 35 best solution, best possible 32.000026 (218.50 seconds)
Cbc0010I After 55000 nodes, 1515 on tree, 35 best solution, best possible 32.001155 (218.86 seconds)
Cbc0010I After 55100 nodes, 1488 on tree, 35 best solution, best possible 33.000006 (219.16 seconds)
Cbc0010I After 55200 nodes, 1536 on tree, 35 best solution, best possible 33.000006 (219.67 seconds)
Cbc0010I After 55300 nodes, 1585 on tree, 35 best solution, best possible 33.000006 (220.16 seconds)
Cbc0010I After 55400 nodes, 1635 on tree, 35 best solution, best possible 33.000006 (220.65 seconds)
Cbc0010I After 55500 nodes, 1682 on tree, 35 best solution, best possible 33.000006 (221.14 seconds)
Cbc0010I After 55600 nodes, 1728 on tree, 35 best solution, best possible 33.000006 (221.90 seconds)
Cbc0010I After 55700 nodes, 1780 on tree, 35 best solution, best possible 33.000006 (222.67 seconds)
Cbc0010I After 55800 nodes, 1830 on tree, 35 best solution, best possible 33.000006 (223.17 seconds)
Cbc0010I After 55900 nodes, 1880 on tree, 35 best solution, best possible 33.000006 (223.67 seconds)
Cbc0010I After 56000 nodes, 1929 on tree, 35 best solution, best possible 33.000006 (224.17 seconds)
Cbc0010I After 56100 nodes, 1978 on tree, 35 best solution, best possible 33.000006 (224.67 seconds)
Cbc0010I After 56200 nodes, 2026 on tree, 35 best solution, best possible 33.000006 (225.25 seconds)
Cbc0010I After 56300 nodes, 2077 on tree, 35 best solution, best possible 33.000006 (225.74 seconds)
Cbc0010I After 56400 nodes, 2127 on tree, 35 best solution, best possible 33.000006 (226.24 seconds)
Cbc0010I After 56500 nodes, 2168 on tree, 35 best solution, best possible 33.000007 (227.24 seconds)
Cbc0010I After 56600 nodes, 2186 on tree, 35 best solution, best possible 33.000008 (227.63 seconds)
Cbc0010I After 56700 nodes, 2216 on tree, 35 best solution, best possible 33.000008 (228.06 seconds)
Cbc0010I After 56800 nodes, 2176 on tree, 35 best solution, best possible 33.000008 (228.31 seconds)
Cbc0010I After 56900 nodes, 2211 on tree, 35 best solution, best possible 33.000008 (228.61 seconds)
Cbc0010I After 57000 nodes, 2209 on tree, 35 best solution, best possible 33.000008 (228.79 seconds)
Cbc0010I After 57100 nodes, 2160 on tree, 35 best solution, best possible 33.000008 (228.88 seconds)
Cbc0010I After 57200 nodes, 2110 on tree, 35 best solution, best possible 33.000008 (228.96 seconds)
Cbc0010I After 57300 nodes, 2080 on tree, 35 best solution, best possible 33.000008 (229.14 seconds)
Cbc0010I After 57400 nodes, 2056 on tree, 35 best solution, best possible 33.000008 (229.29 seconds)
Cbc0010I After 57500 nodes, 2044 on tree, 35 best solution, best possible 33.000008 (229.54 seconds)
Cbc0038I Full problem 2947 rows 1182 columns, reduced to 77 rows 47 columns
Cbc0010I After 57600 nodes, 2022 on tree, 35 best solution, best possible 33.000008 (229.76 seconds)
Cbc0010I After 57700 nodes, 2007 on tree, 35 best solution, best possible 33.000008 (230.04 seconds)
Cbc0010I After 57800 nodes, 1980 on tree, 35 best solution, best possible 33.000008 (230.25 seconds)
Cbc0010I After 57900 nodes, 1966 on tree, 35 best solution, best possible 33.000008 (230.48 seconds)
Cbc0010I After 58000 nodes, 1958 on tree, 35 best solution, best possible 33.000008 (230.71 seconds)
Cbc0010I After 58100 nodes, 1932 on tree, 35 best solution, best possible 33.000008 (230.88 seconds)
Cbc0010I After 58200 nodes, 1956 on tree, 35 best solution, best possible 33.000008 (231.08 seconds)
Cbc0010I After 58300 nodes, 2024 on tree, 35 best solution, best possible 33.000008 (231.31 seconds)
Cbc0010I After 58400 nodes, 1924 on tree, 35 best solution, best possible 33.000009 (231.43 seconds)
Cbc0010I After 58500 nodes, 1975 on tree, 35 best solution, best possible 33.000009 (231.85 seconds)
Cbc0010I After 58600 nodes, 2015 on tree, 35 best solution, best possible 33.000009 (232.26 seconds)
Cbc0010I After 58700 nodes, 1924 on tree, 35 best solution, best possible 33.000009 (232.38 seconds)
Cbc0010I After 58800 nodes, 1924 on tree, 35 best solution, best possible 33.000009 (232.48 seconds)
Cbc0010I After 58900 nodes, 1924 on tree, 35 best solution, best possible 33.000009 (232.59 seconds)
Cbc0010I After 59000 nodes, 1924 on tree, 35 best solution, best possible 33.000009 (232.69 seconds)
Cbc0010I After 59100 nodes, 1924 on tree, 35 best solution, best possible 33.000009 (232.79 seconds)
Cbc0010I After 59200 nodes, 1924 on tree, 35 best solution, best possible 33.000009 (232.90 seconds)
Cbc0010I After 59300 nodes, 1869 on tree, 35 best solution, best possible 33.000009 (232.99 seconds)
Cbc0010I After 59400 nodes, 1769 on tree, 35 best solution, best possible 33.000009 (233.07 seconds)
Cbc0010I After 59500 nodes, 1669 on tree, 35 best solution, best possible 33.000009 (233.15 seconds)
Cbc0010I After 59600 nodes, 1569 on tree, 35 best solution, best possible 33.000009 (233.22 seconds)
Cbc0010I After 59700 nodes, 1469 on tree, 35 best solution, best possible 33.000009 (233.30 seconds)
Cbc0010I After 59800 nodes, 1371 on tree, 35 best solution, best possible 33.000009 (233.38 seconds)
Cbc0010I After 59900 nodes, 1373 on tree, 35 best solution, best possible 33.000011 (233.63 seconds)
Cbc0010I After 60000 nodes, 1411 on tree, 35 best solution, best possible 33.000011 (234.07 seconds)
Cbc0010I After 60100 nodes, 1473 on tree, 35 best solution, best possible 33.000011 (234.58 seconds)
Cbc0010I After 60200 nodes, 1373 on tree, 35 best solution, best possible 33.000011 (234.65 seconds)
Cbc0010I After 60300 nodes, 1355 on tree, 35 best solution, best possible 33.000014 (234.86 seconds)
Cbc0010I After 60400 nodes, 1383 on tree, 35 best solution, best possible 33.000017 (235.19 seconds)
Cbc0010I After 60500 nodes, 1371 on tree, 35 best solution, best possible 33.000017 (235.48 seconds)
Cbc0010I After 60600 nodes, 1363 on tree, 35 best solution, best possible 33.000017 (235.79 seconds)
Cbc0010I After 60700 nodes, 1354 on tree, 35 best solution, best possible 33.000021 (236.10 seconds)
Cbc0010I After 60800 nodes, 1307 on tree, 35 best solution, best possible 33.000022 (236.19 seconds)
Cbc0010I After 60900 nodes, 1259 on tree, 35 best solution, best possible 33.000023 (236.35 seconds)
Cbc0010I After 61000 nodes, 1207 on tree, 35 best solution, best possible 33.000023 (236.51 seconds)
Cbc0010I After 61100 nodes, 1163 on tree, 35 best solution, best possible 33.000023 (236.68 seconds)
Cbc0010I After 61200 nodes, 1139 on tree, 35 best solution, best possible 33.000023 (236.93 seconds)
Cbc0010I After 61300 nodes, 1116 on tree, 35 best solution, best possible 33.000023 (237.19 seconds)
Cbc0010I After 61400 nodes, 1100 on tree, 35 best solution, best possible 33.000023 (237.46 seconds)
Cbc0010I After 61500 nodes, 1077 on tree, 35 best solution, best possible 33.000023 (237.75 seconds)
Cbc0010I After 61600 nodes, 1054 on tree, 35 best solution, best possible 33.000023 (238.06 seconds)
Cbc0010I After 61700 nodes, 1028 on tree, 35 best solution, best possible 33.000024 (238.42 seconds)
Cbc0010I After 61800 nodes, 1002 on tree, 35 best solution, best possible 33.000024 (238.72 seconds)
Cbc0010I After 61900 nodes, 983 on tree, 35 best solution, best possible 33.000025 (239.05 seconds)
Cbc0010I After 62000 nodes, 958 on tree, 35 best solution, best possible 33.000032 (239.39 seconds)
Cbc0010I After 62100 nodes, 949 on tree, 35 best solution, best possible 33.275281 (239.80 seconds)
Cbc0010I After 62200 nodes, 967 on tree, 35 best solution, best possible 33.275281 (240.31 seconds)
Cbc0010I After 62300 nodes, 997 on tree, 35 best solution, best possible 33.275281 (240.96 seconds)
Cbc0010I After 62400 nodes, 959 on tree, 35 best solution, best possible 33.275281 (241.31 seconds)
Cbc0010I After 62500 nodes, 1035 on tree, 35 best solution, best possible 33.275284 (241.91 seconds)
Cbc0010I After 62600 nodes, 1015 on tree, 35 best solution, best possible 33.275284 (242.20 seconds)
Cbc0010I After 62700 nodes, 955 on tree, 35 best solution, best possible 33.275284 (242.39 seconds)
Cbc0010I After 62800 nodes, 1011 on tree, 35 best solution, best possible 33.275284 (243.22 seconds)
Cbc0010I After 62900 nodes, 1103 on tree, 35 best solution, best possible 33.275284 (243.87 seconds)
Cbc0010I After 63000 nodes, 1003 on tree, 35 best solution, best possible 33.275284 (243.95 seconds)
Cbc0010I After 63100 nodes, 955 on tree, 35 best solution, best possible 33.275284 (244.20 seconds)
Cbc0010I After 63200 nodes, 1013 on tree, 35 best solution, best possible 33.275284 (244.84 seconds)
Cbc0010I After 63300 nodes, 957 on tree, 35 best solution, best possible 33.275284 (245.07 seconds)
Cbc0010I After 63400 nodes, 951 on tree, 35 best solution, best possible 33.275284 (245.45 seconds)
Cbc0010I After 63500 nodes, 957 on tree, 35 best solution, best possible 33.275284 (245.92 seconds)
Cbc0010I After 63600 nodes, 948 on tree, 35 best solution, best possible 33.431507 (246.33 seconds)
Cbc0010I After 63700 nodes, 996 on tree, 35 best solution, best possible 33.5 (247.00 seconds)
Cbc0010I After 63800 nodes, 1017 on tree, 35 best solution, best possible 34.000001 (247.49 seconds)
Cbc0010I After 63900 nodes, 1004 on tree, 35 best solution, best possible 34.000001 (247.77 seconds)
Cbc0010I After 64000 nodes, 996 on tree, 35 best solution, best possible 34.000001 (248.03 seconds)
Cbc0010I After 64100 nodes, 990 on tree, 35 best solution, best possible 34.000001 (248.43 seconds)
Cbc0010I After 64200 nodes, 965 on tree, 35 best solution, best possible 34.000006 (248.67 seconds)
Cbc0010I After 64300 nodes, 911 on tree, 35 best solution, best possible 34.000006 (248.97 seconds)
Cbc0010I After 64400 nodes, 883 on tree, 35 best solution, best possible 34.000006 (249.17 seconds)
Cbc0010I After 64500 nodes, 932 on tree, 35 best solution, best possible 34.000006 (249.45 seconds)
Cbc0010I After 64600 nodes, 964 on tree, 35 best solution, best possible 34.000006 (249.70 seconds)
Cbc0010I After 64700 nodes, 1017 on tree, 35 best solution, best possible 34.000006 (250.03 seconds)
Cbc0010I After 64800 nodes, 958 on tree, 35 best solution, best possible 34.000006 (250.45 seconds)
Cbc0010I After 64900 nodes, 858 on tree, 35 best solution, best possible 34.000006 (250.82 seconds)
Cbc0010I After 65000 nodes, 758 on tree, 35 best solution, best possible 34.000006 (251.13 seconds)
Cbc0038I Full problem 2947 rows 1182 columns, reduced to 58 rows 38 columns
Cbc0010I After 65100 nodes, 714 on tree, 35 best solution, best possible 34.000006 (251.38 seconds)
Cbc0010I After 65200 nodes, 667 on tree, 35 best solution, best possible 34.000006 (251.56 seconds)
Cbc0010I After 65300 nodes, 623 on tree, 35 best solution, best possible 34.000006 (251.78 seconds)
Cbc0010I After 65400 nodes, 577 on tree, 35 best solution, best possible 34.000006 (251.96 seconds)
Cbc0010I After 65500 nodes, 541 on tree, 35 best solution, best possible 34.000006 (252.18 seconds)
Cbc0010I After 65600 nodes, 502 on tree, 35 best solution, best possible 34.000006 (252.43 seconds)
Cbc0010I After 65700 nodes, 467 on tree, 35 best solution, best possible 34.000006 (252.65 seconds)
Cbc0010I After 65800 nodes, 433 on tree, 35 best solution, best possible 34.000006 (252.85 seconds)
Cbc0010I After 65900 nodes, 392 on tree, 35 best solution, best possible 34.000006 (253.05 seconds)
Cbc0010I After 66000 nodes, 334 on tree, 35 best solution, best possible 34.000006 (253.28 seconds)
Cbc0010I After 66100 nodes, 265 on tree, 35 best solution, best possible 34.000006 (253.57 seconds)
Cbc0010I After 66200 nodes, 216 on tree, 35 best solution, best possible 34.000006 (253.97 seconds)
Cbc0010I After 66300 nodes, 182 on tree, 35 best solution, best possible 34.000006 (254.16 seconds)
Cbc0010I After 66400 nodes, 209 on tree, 35 best solution, best possible 34.000006 (254.56 seconds)
Cbc0010I After 66500 nodes, 242 on tree, 35 best solution, best possible 34.000006 (255.04 seconds)
Cbc0010I After 66600 nodes, 266 on tree, 35 best solution, best possible 34.000006 (255.48 seconds)
Cbc0010I After 66700 nodes, 223 on tree, 35 best solution, best possible 34.000007 (255.66 seconds)
Cbc0010I After 66800 nodes, 172 on tree, 35 best solution, best possible 34.000009 (255.79 seconds)
Cbc0010I After 66900 nodes, 142 on tree, 35 best solution, best possible 34.000012 (255.95 seconds)
Cbc0010I After 67000 nodes, 79 on tree, 35 best solution, best possible 34.000012 (256.08 seconds)
Cbc0010I After 67100 nodes, 43 on tree, 35 best solution, best possible 34.000012 (256.14 seconds)
Cbc0001I Search completed - best objective 35, took 1816349 iterations and 67143 nodes (256.17 seconds)
Cbc0032I Strong branching done 59440 times (689032 iterations), fathomed 1524 nodes and fixed 17909 variables
Cbc0035I Maximum depth 62, 11448863 variables fixed on reduced cost
Cbc0038I Probing was tried 49335 times and created 202256 cuts of which 0 were active after adding rounds of cuts (16.594 seconds)
Cbc0038I Gomory was tried 48865 times and created 38812 cuts of which 0 were active after adding rounds of cuts (12.683 seconds)
Cbc0038I Knapsack was tried 4 times and created 0 cuts of which 0 were active after adding rounds of cuts (0.003 seconds)
Cbc0038I Clique was tried 4 times and created 0 cuts of which 0 were active after adding rounds of cuts (0.000 seconds)
Cbc0038I MixedIntegerRounding2 was tried 48865 times and created 52970 cuts of which 0 were active after adding rounds of cuts (33.240 seconds)
Cbc0038I FlowCover was tried 4 times and created 0 cuts of which 0 were active after adding rounds of cuts (0.002 seconds)
Cbc0038I TwoMirCuts was tried 48865 times and created 85 cuts of which 0 were active after adding rounds of cuts (17.583 seconds)
Cbc0038I ZeroHalf was tried 4 times and created 0 cuts of which 0 were active after adding rounds of cuts (0.005 seconds)
Cbc0038I Stored from first was tried 48865 times and created 1179 cuts of which 0 were active after adding rounds of cuts (0.000 seconds)
Cbc0012I Integer solution of 35 found by Reduced search after 1816703 iterations and 67193 nodes (256.18 seconds)
Cbc0001I Search completed - best objective 35, took 1816703 iterations and 67193 nodes (256.18 seconds)
Cbc0032I Strong branching done 596 times (5902 iterations), fathomed 0 nodes and fixed 0 variables
Cbc0035I Maximum depth 25, 1859 variables fixed on reduced cost
Cuts at root node changed objective from 22.421 to 25.0003
Probing was tried 53 times and created 22 cuts of which 0 were active after adding rounds of cuts (0.196 seconds)
Gomory was tried 53 times and created 11 cuts of which 0 were active after adding rounds of cuts (0.051 seconds)
Knapsack was tried 4 times and created 0 cuts of which 0 were active after adding rounds of cuts (0.019 seconds)
Clique was tried 4 times and created 0 cuts of which 0 were active after adding rounds of cuts (0.000 seconds)
MixedIntegerRounding2 was tried 53 times and created 13 cuts of which 0 were active after adding rounds of cuts (0.179 seconds)
FlowCover was tried 4 times and created 0 cuts of which 0 were active after adding rounds of cuts (0.009 seconds)
TwoMirCuts was tried 53 times and created 13 cuts of which 0 were active after adding rounds of cuts (0.106 seconds)
ZeroHalf was tried 1 times and created 0 cuts of which 0 were active after adding rounds of cuts (0.019 seconds)

Result - Optimal solution found

Objective value:                35.00000000
Enumerated nodes:               67193
Total iterations:               1816703
Time (CPU seconds):             255.91
Time (Wallclock seconds):       256.26

Option for printingOptions changed from normal to all
Total time (CPU seconds):       255.98   (Wallclock seconds):       256.34

Root classes: ['0', '1', '38', '39', '52', '54', '55', '56', '57', '58', '59', '60', '61', '62', '63', '64', '65', '66', '67', '68', '69', '70', '71', '72', '73', '74', '75', '76', '77', '78', '79', '80', '81']
Status: Optimal
Solved x values:
['0.0', '94.0', '79.0', '76.0', '73.0', '70.0', '67.0', '64.0', '61.0', '58.0', '55.0', '52.0', '46.0', '43.0', '40.0', '37.0', '31.0', '28.0', '25.0', '654.21', '22.0', '273.0', '19.0', '16.0', '13.0', '10.0', '7.0', '4.0', '1.0', '125.6', '125.42', '122.38', '119.38', '98.0', '80.0', '77.0', '74.0', '71.0', '68.0', '65.0', '62.0', '59.0', '56.0', '53.0', '50.34', '44.0', '41.0', '38.0', '35.0', '32.0', '29.0', '26.0', '404.2', '277.21', '23.0', '20.0', '17.0', '141.25', '14.0', '138.0', '11.0', '8.0', '5.0', '2.0', '99.0', '93.0', '81.0', '78.0', '75.0', '72.0', '69.0', '66.0', '63.0', '60.0', '57.0', '54.0', '51.0', '48.34', '45.0', '42.0', '39.0', '33.0', '30.0', '408.4', '27.0', '24.0', '21.0', '18.0', '142.4', '15.0', '139.4', '12.0', '9.0', '6.0', '3.0']
