Welcome to the CBC MILP Solver 
Version: 2.10.3 
Build Date: Dec 15 2019 

command line - /work/zhang-x2/users/yc2632/miniconda3/envs/newpt2/lib/python3.9/site-packages/pulp/solverdir/cbc/linux/64/cbc /tmp/ac6af5a8b0f94f28bb2454a649a723d8-pulp.mps sec 900 timeMode elapsed branch printingOptions all solution /tmp/ac6af5a8b0f94f28bb2454a649a723d8-pulp.sol (default strategy 1)
At line 2 NAME          MODEL
At line 3 ROWS
At line 44647 COLUMNS
At line 858650 RHS
At line 903293 BOUNDS
At line 918993 ENDATA
Problem MODEL has 44642 rows, 15699 columns and 769305 elements
Coin0008I MODEL read with 0 errors
seconds was changed from 1e+100 to 900
Option for timeMode changed from cpu to elapsed
Continuous objective value is 70 - 0.24 seconds
Cgl0003I 0 fixed, 0 tightened bounds, 7675 strengthened rows, 0 substitutions
Cgl0003I 0 fixed, 0 tightened bounds, 10 strengthened rows, 0 substitutions
Cgl0004I processed model has 26260 rows, 11222 columns (8249 integer (8249 of which binary)) and 140959 elements
Cbc0038I Initial state - 166 integers unsatisfied sum - 17.2291
Cbc0038I Pass   1: (1.09 seconds) suminf.   14.73673 (229) obj. 59462.8 iterations 1075
Cbc0038I Pass   2: (1.11 seconds) suminf.    8.93681 (228) obj. 113479 iterations 345
Cbc0038I Pass   3: (1.12 seconds) suminf.    8.93678 (220) obj. 113479 iterations 0
Cbc0038I Pass   4: (1.13 seconds) suminf.    8.53237 (190) obj. 202879 iterations 65
Cbc0038I Pass   5: (1.14 seconds) suminf.    7.77658 (189) obj. 299095 iterations 102
Cbc0038I Pass   6: (1.16 seconds) suminf.    6.35361 (153) obj. 441894 iterations 135
Cbc0038I Pass   7: (1.16 seconds) suminf.    6.35361 (153) obj. 441894 iterations 0
Cbc0038I Pass   8: (1.17 seconds) suminf.    0.00067 (45) obj. 520142 iterations 165
Cbc0038I Pass   9: (1.19 seconds) suminf.    0.00067 (45) obj. 520142 iterations 3
Cbc0038I Pass  10: (1.19 seconds) suminf.    0.00067 (45) obj. 520142 iterations 0
Cbc0038I Pass  11: (1.24 seconds) suminf.    9.10402 (244) obj. 1.63555e+06 iterations 1831
Cbc0038I Pass  12: (1.28 seconds) suminf.    5.99092 (159) obj. 1.63005e+06 iterations 1070
Cbc0038I Pass  13: (1.29 seconds) suminf.    5.99092 (159) obj. 1.63005e+06 iterations 7
Cbc0038I Pass  14: (1.31 seconds) suminf.    1.12588 (139) obj. 1.74648e+06 iterations 111
Cbc0038I Pass  15: (1.33 seconds) suminf.    1.12588 (140) obj. 1.74648e+06 iterations 9
Cbc0038I Pass  16: (1.34 seconds) suminf.    0.00088 (122) obj. 1.81023e+06 iterations 26
Cbc0038I Pass  17: (1.35 seconds) suminf.    0.00088 (122) obj. 1.81023e+06 iterations 0
Cbc0038I Pass  18: (1.36 seconds) suminf.    0.00088 (122) obj. 1.81023e+06 iterations 0
Cbc0038I Pass  19: (1.41 seconds) suminf.    6.27951 (229) obj. 2.91712e+06 iterations 1747
Cbc0038I Pass  20: (1.44 seconds) suminf.    2.43619 (189) obj. 2.89761e+06 iterations 646
Cbc0038I Pass  21: (1.45 seconds) suminf.    2.43619 (190) obj. 2.89761e+06 iterations 10
Cbc0038I Pass  22: (1.47 seconds) suminf.    0.00091 (165) obj. 2.97032e+06 iterations 54
Cbc0038I Pass  23: (1.47 seconds) suminf.    0.00091 (165) obj. 2.97032e+06 iterations 0
Cbc0038I Pass  24: (1.48 seconds) suminf.    0.00091 (165) obj. 2.97032e+06 iterations 0
Cbc0038I Pass  25: (1.51 seconds) suminf.    5.91276 (237) obj. 3.93882e+06 iterations 1029
Cbc0038I Pass  26: (1.53 seconds) suminf.    1.41274 (226) obj. 3.91882e+06 iterations 333
Cbc0038I Pass  27: (1.55 seconds) suminf.    1.41273 (226) obj. 3.91882e+06 iterations 6
Cbc0038I Pass  28: (1.56 seconds) suminf.    0.00096 (202) obj. 4.0204e+06 iterations 56
Cbc0038I Pass  29: (1.57 seconds) suminf.    0.00096 (202) obj. 4.0204e+06 iterations 0
Cbc0038I Pass  30: (1.60 seconds) suminf.    2.43686 (273) obj. 5.07777e+06 iterations 1058
Cbc0038I No solution found this major pass
Cbc0038I Before mini branch and bound, 6612 integers at bound fixed and 2362 continuous
Cbc0038I Mini branch and bound did not improve solution (1.62 seconds)
Cbc0038I Full problem 26261 rows 11222 columns, reduced to 26261 rows 11222 columns - too large
Cbc0038I After 2.19 seconds - Feasibility pump exiting - took 1.13 seconds
Cbc0031I 27 added rows had average density of 26
Cbc0013I At root node, 27 cuts changed objective from 82.228484 to 87.000247 in 6 passes
Cbc0014I Cut generator 0 (Probing) - 34 row cuts average 2.0 elements, 0 column cuts (0 active)  in 0.255 seconds - new frequency is 1
Cbc0014I Cut generator 1 (Gomory) - 32 row cuts average 57.9 elements, 0 column cuts (0 active)  in 0.027 seconds - new frequency is 1
Cbc0014I Cut generator 2 (Knapsack) - 0 row cuts average 0.0 elements, 0 column cuts (0 active)  in 0.049 seconds - new frequency is -100
Cbc0014I Cut generator 3 (Clique) - 0 row cuts average 0.0 elements, 0 column cuts (0 active)  in 0.001 seconds - new frequency is -100
Cbc0014I Cut generator 4 (MixedIntegerRounding2) - 18 row cuts average 15.3 elements, 0 column cuts (0 active)  in 0.050 seconds - new frequency is 1
Cbc0014I Cut generator 5 (FlowCover) - 0 row cuts average 0.0 elements, 0 column cuts (0 active)  in 0.025 seconds - new frequency is -100
Cbc0014I Cut generator 6 (TwoMirCuts) - 36 row cuts average 63.3 elements, 0 column cuts (0 active)  in 0.069 seconds - new frequency is 1
Cbc0014I Cut generator 7 (ZeroHalf) - 4 row cuts average 20.5 elements, 0 column cuts (0 active)  in 0.347 seconds - new frequency is -100
Cbc0010I After 0 nodes, 1 on tree, 1e+50 best solution, best possible 87.000247 (3.34 seconds)
Cbc0010I After 100 nodes, 63 on tree, 1e+50 best solution, best possible 87.000247 (8.14 seconds)
Cbc0010I After 200 nodes, 94 on tree, 1e+50 best solution, best possible 87.000247 (9.89 seconds)
Cbc0010I After 300 nodes, 116 on tree, 1e+50 best solution, best possible 87.000247 (11.54 seconds)
Cbc0010I After 400 nodes, 106 on tree, 1e+50 best solution, best possible 87.000247 (12.98 seconds)
Cbc0010I After 500 nodes, 107 on tree, 1e+50 best solution, best possible 87.000247 (14.53 seconds)
Cbc0010I After 600 nodes, 102 on tree, 1e+50 best solution, best possible 87.000247 (16.08 seconds)
Cbc0010I After 700 nodes, 110 on tree, 1e+50 best solution, best possible 87.000247 (17.67 seconds)
Cbc0010I After 800 nodes, 114 on tree, 1e+50 best solution, best possible 87.000247 (19.27 seconds)
Cbc0010I After 900 nodes, 117 on tree, 1e+50 best solution, best possible 87.000247 (20.89 seconds)
Cbc0010I After 1000 nodes, 122 on tree, 1e+50 best solution, best possible 87.000247 (22.46 seconds)
Cbc0010I After 1100 nodes, 157 on tree, 1e+50 best solution, best possible 87.000247 (25.48 seconds)
Cbc0010I After 1200 nodes, 199 on tree, 1e+50 best solution, best possible 87.000247 (27.02 seconds)
Cbc0010I After 1300 nodes, 230 on tree, 1e+50 best solution, best possible 87.000247 (28.66 seconds)
Cbc0010I After 1400 nodes, 220 on tree, 1e+50 best solution, best possible 87.000247 (30.33 seconds)
Cbc0010I After 1500 nodes, 213 on tree, 1e+50 best solution, best possible 87.000247 (31.88 seconds)
Cbc0010I After 1600 nodes, 211 on tree, 1e+50 best solution, best possible 87.000247 (33.54 seconds)
Cbc0010I After 1700 nodes, 205 on tree, 1e+50 best solution, best possible 87.000247 (35.05 seconds)
Cbc0010I After 1800 nodes, 221 on tree, 1e+50 best solution, best possible 87.000247 (36.62 seconds)
Cbc0010I After 1900 nodes, 220 on tree, 1e+50 best solution, best possible 87.000247 (38.25 seconds)
Cbc0010I After 2000 nodes, 211 on tree, 1e+50 best solution, best possible 87.000247 (39.87 seconds)
Cbc0010I After 2100 nodes, 207 on tree, 1e+50 best solution, best possible 87.000247 (41.37 seconds)
Cbc0010I After 2200 nodes, 211 on tree, 1e+50 best solution, best possible 87.000247 (43.07 seconds)
Cbc0010I After 2300 nodes, 205 on tree, 1e+50 best solution, best possible 87.000247 (44.57 seconds)
Cbc0010I After 2400 nodes, 205 on tree, 1e+50 best solution, best possible 87.000247 (46.47 seconds)
Cbc0010I After 2500 nodes, 204 on tree, 1e+50 best solution, best possible 87.000247 (48.47 seconds)
Cbc0010I After 2600 nodes, 203 on tree, 1e+50 best solution, best possible 87.000247 (50.44 seconds)
Cbc0010I After 2700 nodes, 202 on tree, 1e+50 best solution, best possible 87.000247 (52.66 seconds)
Cbc0010I After 2800 nodes, 201 on tree, 1e+50 best solution, best possible 87.000247 (54.56 seconds)
Cbc0010I After 2900 nodes, 201 on tree, 1e+50 best solution, best possible 87.000247 (56.40 seconds)
Cbc0010I After 3000 nodes, 196 on tree, 1e+50 best solution, best possible 87.000247 (58.18 seconds)
Cbc0010I After 3100 nodes, 202 on tree, 1e+50 best solution, best possible 87.000247 (60.10 seconds)
Cbc0010I After 3200 nodes, 202 on tree, 1e+50 best solution, best possible 87.000247 (62.09 seconds)
Cbc0010I After 3300 nodes, 205 on tree, 1e+50 best solution, best possible 87.000247 (63.86 seconds)
Cbc0010I After 3400 nodes, 199 on tree, 1e+50 best solution, best possible 87.000247 (65.61 seconds)
Cbc0010I After 3500 nodes, 200 on tree, 1e+50 best solution, best possible 87.000247 (67.30 seconds)
Cbc0010I After 3600 nodes, 205 on tree, 1e+50 best solution, best possible 87.000247 (69.10 seconds)
Cbc0010I After 3700 nodes, 206 on tree, 1e+50 best solution, best possible 87.000247 (70.96 seconds)
Cbc0010I After 3800 nodes, 205 on tree, 1e+50 best solution, best possible 87.000247 (72.89 seconds)
Cbc0010I After 3900 nodes, 209 on tree, 1e+50 best solution, best possible 87.000247 (74.63 seconds)
Cbc0010I After 4000 nodes, 200 on tree, 1e+50 best solution, best possible 87.000247 (76.49 seconds)
Cbc0010I After 4100 nodes, 210 on tree, 1e+50 best solution, best possible 87.000247 (78.19 seconds)
Cbc0010I After 4200 nodes, 201 on tree, 1e+50 best solution, best possible 87.000247 (79.88 seconds)
Cbc0010I After 4300 nodes, 197 on tree, 1e+50 best solution, best possible 87.000247 (81.57 seconds)
Cbc0010I After 4400 nodes, 198 on tree, 1e+50 best solution, best possible 87.000247 (83.30 seconds)
Cbc0010I After 4500 nodes, 199 on tree, 1e+50 best solution, best possible 87.000247 (85.12 seconds)
Cbc0010I After 4600 nodes, 213 on tree, 1e+50 best solution, best possible 87.000247 (87.27 seconds)
Cbc0010I After 4700 nodes, 209 on tree, 1e+50 best solution, best possible 87.000247 (88.95 seconds)
Cbc0010I After 4800 nodes, 208 on tree, 1e+50 best solution, best possible 87.000247 (90.66 seconds)
Cbc0010I After 4900 nodes, 204 on tree, 1e+50 best solution, best possible 87.000247 (92.51 seconds)
Cbc0010I After 5000 nodes, 203 on tree, 1e+50 best solution, best possible 87.000247 (94.32 seconds)
Cbc0010I After 5100 nodes, 270 on tree, 1e+50 best solution, best possible 87.000255 (96.85 seconds)
Cbc0010I After 5200 nodes, 314 on tree, 1e+50 best solution, best possible 87.000255 (99.10 seconds)
Cbc0010I After 5300 nodes, 287 on tree, 1e+50 best solution, best possible 87.000255 (101.77 seconds)
Cbc0010I After 5400 nodes, 257 on tree, 1e+50 best solution, best possible 87.000255 (104.10 seconds)
Cbc0010I After 5500 nodes, 266 on tree, 1e+50 best solution, best possible 87.000255 (106.30 seconds)
Cbc0010I After 5600 nodes, 354 on tree, 1e+50 best solution, best possible 87.000255 (107.98 seconds)
Cbc0010I After 5700 nodes, 389 on tree, 1e+50 best solution, best possible 87.000255 (109.66 seconds)
Cbc0010I After 5800 nodes, 388 on tree, 1e+50 best solution, best possible 87.000255 (111.32 seconds)
Cbc0010I After 5900 nodes, 424 on tree, 1e+50 best solution, best possible 87.000255 (113.16 seconds)
Cbc0010I After 6000 nodes, 423 on tree, 1e+50 best solution, best possible 87.000255 (114.76 seconds)
Cbc0010I After 6100 nodes, 421 on tree, 1e+50 best solution, best possible 87.000255 (116.31 seconds)
Cbc0010I After 6200 nodes, 420 on tree, 1e+50 best solution, best possible 87.000255 (117.95 seconds)
Cbc0010I After 6300 nodes, 421 on tree, 1e+50 best solution, best possible 87.000255 (119.69 seconds)
Cbc0010I After 6400 nodes, 412 on tree, 1e+50 best solution, best possible 87.000255 (121.38 seconds)
Cbc0010I After 6500 nodes, 421 on tree, 1e+50 best solution, best possible 87.000255 (123.06 seconds)
Cbc0010I After 6600 nodes, 416 on tree, 1e+50 best solution, best possible 87.000255 (124.74 seconds)
Cbc0010I After 6700 nodes, 412 on tree, 1e+50 best solution, best possible 87.000255 (126.37 seconds)
Cbc0010I After 6800 nodes, 442 on tree, 1e+50 best solution, best possible 87.000255 (127.99 seconds)
Cbc0010I After 6900 nodes, 444 on tree, 1e+50 best solution, best possible 87.000255 (130.19 seconds)
Cbc0010I After 7000 nodes, 449 on tree, 1e+50 best solution, best possible 87.000255 (132.36 seconds)
Cbc0010I After 7100 nodes, 473 on tree, 1e+50 best solution, best possible 87.000255 (134.34 seconds)
Cbc0010I After 7200 nodes, 456 on tree, 1e+50 best solution, best possible 87.000255 (136.48 seconds)
Cbc0010I After 7300 nodes, 452 on tree, 1e+50 best solution, best possible 87.000255 (138.56 seconds)
Cbc0010I After 7400 nodes, 501 on tree, 1e+50 best solution, best possible 87.000255 (140.28 seconds)
Cbc0010I After 7500 nodes, 497 on tree, 1e+50 best solution, best possible 87.000255 (142.04 seconds)
Cbc0010I After 7600 nodes, 498 on tree, 1e+50 best solution, best possible 87.000255 (143.82 seconds)
Cbc0010I After 7700 nodes, 501 on tree, 1e+50 best solution, best possible 87.000255 (145.69 seconds)
Cbc0010I After 7800 nodes, 491 on tree, 1e+50 best solution, best possible 87.000255 (147.50 seconds)
Cbc0010I After 7900 nodes, 488 on tree, 1e+50 best solution, best possible 87.000255 (149.38 seconds)
Cbc0010I After 8000 nodes, 488 on tree, 1e+50 best solution, best possible 87.000255 (151.22 seconds)
Cbc0010I After 8100 nodes, 488 on tree, 1e+50 best solution, best possible 87.000255 (153.10 seconds)
Cbc0010I After 8200 nodes, 497 on tree, 1e+50 best solution, best possible 87.000255 (154.98 seconds)
Cbc0010I After 8300 nodes, 494 on tree, 1e+50 best solution, best possible 87.000255 (156.90 seconds)
Cbc0010I After 8400 nodes, 498 on tree, 1e+50 best solution, best possible 87.000255 (158.64 seconds)
Cbc0010I After 8500 nodes, 498 on tree, 1e+50 best solution, best possible 87.000255 (160.45 seconds)
Cbc0010I After 8600 nodes, 500 on tree, 1e+50 best solution, best possible 87.000255 (162.35 seconds)
Cbc0010I After 8700 nodes, 496 on tree, 1e+50 best solution, best possible 87.000255 (164.31 seconds)
Cbc0010I After 8800 nodes, 482 on tree, 1e+50 best solution, best possible 87.000255 (166.45 seconds)
Cbc0010I After 8900 nodes, 482 on tree, 1e+50 best solution, best possible 87.000255 (168.52 seconds)
Cbc0010I After 9000 nodes, 484 on tree, 1e+50 best solution, best possible 87.000255 (170.49 seconds)
Cbc0010I After 9100 nodes, 505 on tree, 1e+50 best solution, best possible 87.000255 (172.92 seconds)
Cbc0010I After 9200 nodes, 527 on tree, 1e+50 best solution, best possible 87.000255 (174.64 seconds)
Cbc0010I After 9300 nodes, 559 on tree, 1e+50 best solution, best possible 87.000255 (176.42 seconds)
Cbc0010I After 9400 nodes, 541 on tree, 1e+50 best solution, best possible 87.000255 (178.35 seconds)
Cbc0010I After 9500 nodes, 562 on tree, 1e+50 best solution, best possible 87.000255 (180.24 seconds)
Cbc0010I After 9600 nodes, 555 on tree, 1e+50 best solution, best possible 87.000255 (182.49 seconds)
Cbc0010I After 9700 nodes, 595 on tree, 1e+50 best solution, best possible 87.000255 (183.94 seconds)
Cbc0010I After 9800 nodes, 583 on tree, 1e+50 best solution, best possible 87.000255 (185.35 seconds)
Cbc0010I After 9900 nodes, 569 on tree, 1e+50 best solution, best possible 87.000255 (186.90 seconds)
Cbc0010I After 10000 nodes, 560 on tree, 1e+50 best solution, best possible 87.000255 (188.63 seconds)
Cbc0010I After 10100 nodes, 544 on tree, 1e+50 best solution, best possible 87.000255 (190.29 seconds)
Cbc0010I After 10200 nodes, 593 on tree, 1e+50 best solution, best possible 87.000255 (192.03 seconds)
Cbc0010I After 10300 nodes, 621 on tree, 1e+50 best solution, best possible 87.000255 (193.58 seconds)
Cbc0010I After 10400 nodes, 607 on tree, 1e+50 best solution, best possible 87.000255 (195.49 seconds)
Cbc0010I After 10500 nodes, 687 on tree, 1e+50 best solution, best possible 87.000255 (197.03 seconds)
Cbc0010I After 10600 nodes, 695 on tree, 1e+50 best solution, best possible 87.000255 (198.87 seconds)
Cbc0010I After 10700 nodes, 693 on tree, 1e+50 best solution, best possible 87.000255 (200.72 seconds)
Cbc0010I After 10800 nodes, 701 on tree, 1e+50 best solution, best possible 87.000255 (202.90 seconds)
Cbc0010I After 10900 nodes, 694 on tree, 1e+50 best solution, best possible 87.000255 (204.90 seconds)
Cbc0010I After 11000 nodes, 676 on tree, 1e+50 best solution, best possible 87.000255 (206.54 seconds)
Cbc0010I After 11100 nodes, 684 on tree, 1e+50 best solution, best possible 93.805008 (211.56 seconds)
Cbc0010I After 11200 nodes, 700 on tree, 1e+50 best solution, best possible 95.626436 (215.53 seconds)
Cbc0010I After 11300 nodes, 720 on tree, 1e+50 best solution, best possible 96.904272 (218.82 seconds)
Cbc0010I After 11400 nodes, 749 on tree, 1e+50 best solution, best possible 97.509668 (221.40 seconds)
Cbc0010I After 11500 nodes, 774 on tree, 1e+50 best solution, best possible 98.014524 (224.17 seconds)
Cbc0010I After 11600 nodes, 801 on tree, 1e+50 best solution, best possible 98.67434 (226.47 seconds)
Cbc0010I After 11700 nodes, 835 on tree, 1e+50 best solution, best possible 98.978932 (229.33 seconds)
Cbc0010I After 11800 nodes, 853 on tree, 1e+50 best solution, best possible 99.240486 (231.94 seconds)
Cbc0010I After 11900 nodes, 875 on tree, 1e+50 best solution, best possible 99.523457 (234.28 seconds)
Cbc0010I After 12000 nodes, 911 on tree, 1e+50 best solution, best possible 99.694886 (236.36 seconds)
Cbc0010I After 12100 nodes, 938 on tree, 1e+50 best solution, best possible 99.833704 (238.64 seconds)
Cbc0010I After 12200 nodes, 977 on tree, 1e+50 best solution, best possible 100.04242 (241.69 seconds)
Cbc0010I After 12300 nodes, 1014 on tree, 1e+50 best solution, best possible 100.18506 (244.29 seconds)
Cbc0010I After 12400 nodes, 1037 on tree, 1e+50 best solution, best possible 100.33304 (247.51 seconds)
Cbc0010I After 12500 nodes, 1072 on tree, 1e+50 best solution, best possible 100.44071 (249.85 seconds)
Cbc0010I After 12600 nodes, 1103 on tree, 1e+50 best solution, best possible 100.56561 (253.08 seconds)
Cbc0010I After 12700 nodes, 1136 on tree, 1e+50 best solution, best possible 100.63952 (255.85 seconds)
Cbc0010I After 12800 nodes, 1160 on tree, 1e+50 best solution, best possible 100.75711 (258.08 seconds)
Cbc0010I After 12900 nodes, 1185 on tree, 1e+50 best solution, best possible 100.86462 (260.82 seconds)
Cbc0010I After 13000 nodes, 1211 on tree, 1e+50 best solution, best possible 100.95847 (263.58 seconds)
Cbc0010I After 13100 nodes, 1236 on tree, 1e+50 best solution, best possible 100.96898 (265.81 seconds)
Cbc0010I After 13200 nodes, 1230 on tree, 1e+50 best solution, best possible 100.96898 (268.01 seconds)
Cbc0010I After 13300 nodes, 1256 on tree, 1e+50 best solution, best possible 100.96898 (270.15 seconds)
Cbc0010I After 13400 nodes, 1300 on tree, 1e+50 best solution, best possible 100.96898 (272.26 seconds)
Cbc0010I After 13500 nodes, 1394 on tree, 1e+50 best solution, best possible 100.96898 (273.75 seconds)
Cbc0010I After 13600 nodes, 1389 on tree, 1e+50 best solution, best possible 100.96898 (275.48 seconds)
Cbc0010I After 13700 nodes, 1379 on tree, 1e+50 best solution, best possible 100.96898 (277.25 seconds)
Cbc0010I After 13800 nodes, 1372 on tree, 1e+50 best solution, best possible 100.96898 (279.00 seconds)
Cbc0010I After 13900 nodes, 1362 on tree, 1e+50 best solution, best possible 100.96898 (280.80 seconds)
Cbc0010I After 14000 nodes, 1356 on tree, 1e+50 best solution, best possible 100.96898 (282.60 seconds)
Cbc0010I After 14100 nodes, 1351 on tree, 1e+50 best solution, best possible 100.96898 (284.76 seconds)
Cbc0010I After 14200 nodes, 1356 on tree, 1e+50 best solution, best possible 100.96898 (286.76 seconds)
Cbc0010I After 14300 nodes, 1351 on tree, 1e+50 best solution, best possible 100.96898 (288.84 seconds)
Cbc0010I After 14400 nodes, 1349 on tree, 1e+50 best solution, best possible 100.96898 (290.67 seconds)
Cbc0010I After 14500 nodes, 1347 on tree, 1e+50 best solution, best possible 100.96898 (292.53 seconds)
Cbc0010I After 14600 nodes, 1350 on tree, 1e+50 best solution, best possible 100.96898 (294.49 seconds)
Cbc0010I After 14700 nodes, 1347 on tree, 1e+50 best solution, best possible 100.96898 (296.49 seconds)
Cbc0010I After 14800 nodes, 1347 on tree, 1e+50 best solution, best possible 100.96898 (298.34 seconds)
Cbc0010I After 14900 nodes, 1351 on tree, 1e+50 best solution, best possible 100.96898 (300.32 seconds)
Cbc0010I After 15000 nodes, 1348 on tree, 1e+50 best solution, best possible 100.96898 (302.63 seconds)
Cbc0010I After 15100 nodes, 1347 on tree, 1e+50 best solution, best possible 100.96898 (304.60 seconds)
Cbc0010I After 15200 nodes, 1347 on tree, 1e+50 best solution, best possible 100.96898 (306.44 seconds)
Cbc0010I After 15300 nodes, 1344 on tree, 1e+50 best solution, best possible 100.96898 (308.17 seconds)
Cbc0010I After 15400 nodes, 1346 on tree, 1e+50 best solution, best possible 100.96898 (310.05 seconds)
Cbc0010I After 15500 nodes, 1345 on tree, 1e+50 best solution, best possible 100.96898 (311.82 seconds)
Cbc0010I After 15600 nodes, 1344 on tree, 1e+50 best solution, best possible 100.96898 (313.71 seconds)
Cbc0010I After 15700 nodes, 1344 on tree, 1e+50 best solution, best possible 100.96898 (316.12 seconds)
Cbc0010I After 15800 nodes, 1339 on tree, 1e+50 best solution, best possible 100.96898 (318.37 seconds)
Cbc0010I After 15900 nodes, 1347 on tree, 1e+50 best solution, best possible 100.96898 (320.52 seconds)
Cbc0010I After 16000 nodes, 1338 on tree, 1e+50 best solution, best possible 100.96898 (322.55 seconds)
Cbc0010I After 16100 nodes, 1348 on tree, 1e+50 best solution, best possible 100.96898 (324.61 seconds)
Cbc0010I After 16200 nodes, 1342 on tree, 1e+50 best solution, best possible 100.96898 (326.78 seconds)
Cbc0010I After 16300 nodes, 1341 on tree, 1e+50 best solution, best possible 100.96898 (328.90 seconds)
Cbc0010I After 16400 nodes, 1342 on tree, 1e+50 best solution, best possible 100.96898 (330.85 seconds)
Cbc0010I After 16500 nodes, 1343 on tree, 1e+50 best solution, best possible 100.96898 (332.95 seconds)
Cbc0010I After 16600 nodes, 1342 on tree, 1e+50 best solution, best possible 100.96898 (335.06 seconds)
Cbc0010I After 16700 nodes, 1344 on tree, 1e+50 best solution, best possible 100.96898 (337.29 seconds)
Cbc0010I After 16800 nodes, 1341 on tree, 1e+50 best solution, best possible 100.96898 (339.30 seconds)
Cbc0010I After 16900 nodes, 1343 on tree, 1e+50 best solution, best possible 100.96898 (341.35 seconds)
Cbc0010I After 17000 nodes, 1343 on tree, 1e+50 best solution, best possible 100.96898 (343.29 seconds)
Cbc0010I After 17100 nodes, 1371 on tree, 1e+50 best solution, best possible 100.96898 (346.25 seconds)
Cbc0010I After 17200 nodes, 1369 on tree, 1e+50 best solution, best possible 100.96898 (348.52 seconds)
Cbc0010I After 17300 nodes, 1363 on tree, 1e+50 best solution, best possible 100.96898 (350.57 seconds)
Cbc0010I After 17400 nodes, 1364 on tree, 1e+50 best solution, best possible 100.96898 (352.53 seconds)
Cbc0010I After 17500 nodes, 1361 on tree, 1e+50 best solution, best possible 100.96898 (354.39 seconds)
Cbc0010I After 17600 nodes, 1361 on tree, 1e+50 best solution, best possible 100.96898 (356.32 seconds)
Cbc0010I After 17700 nodes, 1361 on tree, 1e+50 best solution, best possible 100.96898 (358.31 seconds)
Cbc0010I After 17800 nodes, 1357 on tree, 1e+50 best solution, best possible 100.96898 (360.26 seconds)
Cbc0010I After 17900 nodes, 1359 on tree, 1e+50 best solution, best possible 100.96898 (362.21 seconds)
Cbc0010I After 18000 nodes, 1355 on tree, 1e+50 best solution, best possible 100.97817 (364.13 seconds)
Cbc0010I After 18100 nodes, 1340 on tree, 1e+50 best solution, best possible 100.97817 (366.10 seconds)
Cbc0010I After 18200 nodes, 1340 on tree, 1e+50 best solution, best possible 100.97817 (368.33 seconds)
Cbc0010I After 18300 nodes, 1331 on tree, 1e+50 best solution, best possible 100.97817 (370.68 seconds)
Cbc0010I After 18400 nodes, 1345 on tree, 1e+50 best solution, best possible 100.97817 (372.79 seconds)
Cbc0010I After 18500 nodes, 1346 on tree, 1e+50 best solution, best possible 100.97817 (374.59 seconds)
Cbc0010I After 18600 nodes, 1342 on tree, 1e+50 best solution, best possible 100.97817 (376.39 seconds)
Cbc0010I After 18700 nodes, 1345 on tree, 1e+50 best solution, best possible 100.97817 (378.17 seconds)
Cbc0010I After 18800 nodes, 1338 on tree, 1e+50 best solution, best possible 100.97817 (379.96 seconds)
Cbc0010I After 18900 nodes, 1340 on tree, 1e+50 best solution, best possible 100.97817 (381.83 seconds)
Cbc0010I After 19000 nodes, 1374 on tree, 1e+50 best solution, best possible 100.97817 (383.65 seconds)
Cbc0010I After 19100 nodes, 1379 on tree, 1e+50 best solution, best possible 100.97817 (385.55 seconds)
Cbc0010I After 19200 nodes, 1369 on tree, 1e+50 best solution, best possible 100.97817 (387.31 seconds)
Cbc0010I After 19300 nodes, 1382 on tree, 1e+50 best solution, best possible 100.97817 (389.10 seconds)
Cbc0010I After 19400 nodes, 1366 on tree, 1e+50 best solution, best possible 100.97817 (390.81 seconds)
Cbc0010I After 19500 nodes, 1369 on tree, 1e+50 best solution, best possible 100.97817 (392.51 seconds)
Cbc0010I After 19600 nodes, 1366 on tree, 1e+50 best solution, best possible 100.97817 (394.32 seconds)
Cbc0010I After 19700 nodes, 1374 on tree, 1e+50 best solution, best possible 100.97817 (395.95 seconds)
Cbc0010I After 19800 nodes, 1372 on tree, 1e+50 best solution, best possible 100.97817 (397.69 seconds)
Cbc0010I After 19900 nodes, 1372 on tree, 1e+50 best solution, best possible 100.97817 (399.40 seconds)
Cbc0010I After 20000 nodes, 1369 on tree, 1e+50 best solution, best possible 100.97817 (401.11 seconds)
Cbc0010I After 20100 nodes, 1370 on tree, 1e+50 best solution, best possible 100.97817 (402.85 seconds)
Cbc0010I After 20200 nodes, 1374 on tree, 1e+50 best solution, best possible 100.97817 (404.60 seconds)
Cbc0010I After 20300 nodes, 1367 on tree, 1e+50 best solution, best possible 100.97817 (406.28 seconds)
Cbc0010I After 20400 nodes, 1366 on tree, 1e+50 best solution, best possible 100.97817 (407.99 seconds)
Cbc0010I After 20500 nodes, 1362 on tree, 1e+50 best solution, best possible 100.97817 (409.77 seconds)
Cbc0010I After 20600 nodes, 1364 on tree, 1e+50 best solution, best possible 100.97817 (411.51 seconds)
Cbc0010I After 20700 nodes, 1361 on tree, 1e+50 best solution, best possible 100.97817 (413.26 seconds)
Cbc0010I After 20800 nodes, 1358 on tree, 1e+50 best solution, best possible 100.97817 (414.96 seconds)
Cbc0010I After 20900 nodes, 1370 on tree, 1e+50 best solution, best possible 100.97817 (416.60 seconds)
Cbc0010I After 21000 nodes, 1373 on tree, 1e+50 best solution, best possible 100.97817 (418.36 seconds)
Cbc0010I After 21100 nodes, 1450 on tree, 1e+50 best solution, best possible 100.97817 (420.85 seconds)
Cbc0010I After 21200 nodes, 1494 on tree, 1e+50 best solution, best possible 100.97817 (423.19 seconds)
Cbc0010I After 21300 nodes, 1481 on tree, 1e+50 best solution, best possible 100.97817 (424.88 seconds)
Cbc0010I After 21400 nodes, 1466 on tree, 1e+50 best solution, best possible 100.97817 (426.56 seconds)
Cbc0010I After 21500 nodes, 1473 on tree, 1e+50 best solution, best possible 100.97817 (428.34 seconds)
Cbc0010I After 21600 nodes, 1467 on tree, 1e+50 best solution, best possible 100.97817 (430.11 seconds)
Cbc0010I After 21700 nodes, 1469 on tree, 1e+50 best solution, best possible 100.97817 (431.94 seconds)
Cbc0010I After 21800 nodes, 1469 on tree, 1e+50 best solution, best possible 100.97817 (433.85 seconds)
Cbc0010I After 21900 nodes, 1466 on tree, 1e+50 best solution, best possible 100.97817 (435.62 seconds)
Cbc0010I After 22000 nodes, 1462 on tree, 1e+50 best solution, best possible 100.97817 (437.39 seconds)
Cbc0010I After 22100 nodes, 1457 on tree, 1e+50 best solution, best possible 100.97817 (439.15 seconds)
Cbc0010I After 22200 nodes, 1466 on tree, 1e+50 best solution, best possible 100.97817 (440.93 seconds)
Cbc0010I After 22300 nodes, 1456 on tree, 1e+50 best solution, best possible 100.97817 (442.78 seconds)
Cbc0010I After 22400 nodes, 1454 on tree, 1e+50 best solution, best possible 100.97817 (444.60 seconds)
Cbc0010I After 22500 nodes, 1455 on tree, 1e+50 best solution, best possible 100.97817 (446.48 seconds)
Cbc0010I After 22600 nodes, 1455 on tree, 1e+50 best solution, best possible 100.97817 (448.37 seconds)
Cbc0010I After 22700 nodes, 1449 on tree, 1e+50 best solution, best possible 100.97817 (450.26 seconds)
Cbc0010I After 22800 nodes, 1453 on tree, 1e+50 best solution, best possible 100.97817 (452.28 seconds)
Cbc0010I After 22900 nodes, 1441 on tree, 1e+50 best solution, best possible 100.97817 (454.02 seconds)
Cbc0010I After 23000 nodes, 1439 on tree, 1e+50 best solution, best possible 100.97817 (455.89 seconds)
Cbc0010I After 23100 nodes, 1432 on tree, 1e+50 best solution, best possible 100.97817 (457.69 seconds)
Cbc0010I After 23200 nodes, 1444 on tree, 1e+50 best solution, best possible 100.97817 (459.64 seconds)
Cbc0010I After 23300 nodes, 1440 on tree, 1e+50 best solution, best possible 100.97817 (461.51 seconds)
Cbc0010I After 23400 nodes, 1433 on tree, 1e+50 best solution, best possible 100.97817 (463.36 seconds)
Cbc0010I After 23500 nodes, 1434 on tree, 1e+50 best solution, best possible 100.97817 (465.25 seconds)
Cbc0010I After 23600 nodes, 1441 on tree, 1e+50 best solution, best possible 100.97817 (467.04 seconds)
Cbc0010I After 23700 nodes, 1436 on tree, 1e+50 best solution, best possible 100.97817 (468.87 seconds)
Cbc0010I After 23800 nodes, 1431 on tree, 1e+50 best solution, best possible 100.97817 (470.50 seconds)
Cbc0010I After 23900 nodes, 1440 on tree, 1e+50 best solution, best possible 100.97817 (472.37 seconds)
Cbc0010I After 24000 nodes, 1457 on tree, 1e+50 best solution, best possible 100.97817 (474.24 seconds)
Cbc0010I After 24100 nodes, 1448 on tree, 1e+50 best solution, best possible 100.97817 (476.44 seconds)
Cbc0010I After 24200 nodes, 1442 on tree, 1e+50 best solution, best possible 100.97817 (478.59 seconds)
Cbc0010I After 24300 nodes, 1425 on tree, 1e+50 best solution, best possible 100.97817 (480.64 seconds)
Cbc0010I After 24400 nodes, 1440 on tree, 1e+50 best solution, best possible 100.97817 (482.61 seconds)
Cbc0010I After 24500 nodes, 1445 on tree, 1e+50 best solution, best possible 100.97817 (484.41 seconds)
Cbc0010I After 24600 nodes, 1430 on tree, 1e+50 best solution, best possible 100.97817 (486.07 seconds)
Cbc0010I After 24700 nodes, 1438 on tree, 1e+50 best solution, best possible 100.97817 (487.91 seconds)
Cbc0010I After 24800 nodes, 1451 on tree, 1e+50 best solution, best possible 100.97817 (489.76 seconds)
Cbc0010I After 24900 nodes, 1448 on tree, 1e+50 best solution, best possible 100.97817 (491.52 seconds)
Cbc0010I After 25000 nodes, 1444 on tree, 1e+50 best solution, best possible 100.97817 (493.27 seconds)
Cbc0010I After 25100 nodes, 1493 on tree, 1e+50 best solution, best possible 100.97817 (495.44 seconds)
Cbc0010I After 25200 nodes, 1504 on tree, 1e+50 best solution, best possible 100.97817 (497.13 seconds)
Cbc0010I After 25300 nodes, 1504 on tree, 1e+50 best solution, best possible 100.97817 (498.64 seconds)
Cbc0010I After 25400 nodes, 1507 on tree, 1e+50 best solution, best possible 100.97817 (500.18 seconds)
Cbc0010I After 25500 nodes, 1508 on tree, 1e+50 best solution, best possible 100.97817 (501.58 seconds)
Cbc0010I After 25600 nodes, 1508 on tree, 1e+50 best solution, best possible 100.97817 (502.90 seconds)
Cbc0010I After 25700 nodes, 1506 on tree, 1e+50 best solution, best possible 100.97817 (504.31 seconds)
Cbc0010I After 25800 nodes, 1506 on tree, 1e+50 best solution, best possible 100.97817 (505.63 seconds)
Cbc0010I After 25900 nodes, 1514 on tree, 1e+50 best solution, best possible 100.97817 (507.07 seconds)
Cbc0010I After 26000 nodes, 1510 on tree, 1e+50 best solution, best possible 100.97817 (508.39 seconds)
Cbc0010I After 26100 nodes, 1510 on tree, 1e+50 best solution, best possible 100.97817 (509.80 seconds)
Cbc0010I After 26200 nodes, 1526 on tree, 1e+50 best solution, best possible 100.97817 (511.18 seconds)
Cbc0010I After 26300 nodes, 1523 on tree, 1e+50 best solution, best possible 100.97817 (512.46 seconds)
Cbc0010I After 26400 nodes, 1526 on tree, 1e+50 best solution, best possible 100.97817 (513.78 seconds)
Cbc0010I After 26500 nodes, 1523 on tree, 1e+50 best solution, best possible 100.97817 (515.11 seconds)
Cbc0010I After 26600 nodes, 1522 on tree, 1e+50 best solution, best possible 100.97817 (516.38 seconds)
Cbc0010I After 26700 nodes, 1531 on tree, 1e+50 best solution, best possible 100.97817 (517.89 seconds)
Cbc0010I After 26800 nodes, 1530 on tree, 1e+50 best solution, best possible 100.97817 (519.50 seconds)
Cbc0010I After 26900 nodes, 1535 on tree, 1e+50 best solution, best possible 100.97817 (521.06 seconds)
Cbc0010I After 27000 nodes, 1531 on tree, 1e+50 best solution, best possible 100.97817 (522.55 seconds)
Cbc0010I After 27100 nodes, 1531 on tree, 1e+50 best solution, best possible 100.97817 (524.06 seconds)
Cbc0010I After 27200 nodes, 1527 on tree, 1e+50 best solution, best possible 100.97817 (525.55 seconds)
Cbc0010I After 27300 nodes, 1531 on tree, 1e+50 best solution, best possible 100.97817 (526.94 seconds)
Cbc0010I After 27400 nodes, 1527 on tree, 1e+50 best solution, best possible 100.97817 (528.28 seconds)
Cbc0010I After 27500 nodes, 1524 on tree, 1e+50 best solution, best possible 100.97817 (529.59 seconds)
Cbc0010I After 27600 nodes, 1520 on tree, 1e+50 best solution, best possible 100.97817 (530.91 seconds)
Cbc0010I After 27700 nodes, 1528 on tree, 1e+50 best solution, best possible 100.97817 (532.23 seconds)
Cbc0010I After 27800 nodes, 1523 on tree, 1e+50 best solution, best possible 100.97817 (533.55 seconds)
Cbc0010I After 27900 nodes, 1519 on tree, 1e+50 best solution, best possible 100.97817 (534.87 seconds)
Cbc0010I After 28000 nodes, 1523 on tree, 1e+50 best solution, best possible 100.97817 (536.24 seconds)
Cbc0010I After 28100 nodes, 1528 on tree, 1e+50 best solution, best possible 100.97817 (537.70 seconds)
Cbc0010I After 28200 nodes, 1531 on tree, 1e+50 best solution, best possible 100.97817 (539.14 seconds)
Cbc0010I After 28300 nodes, 1530 on tree, 1e+50 best solution, best possible 100.97817 (540.62 seconds)
Cbc0010I After 28400 nodes, 1526 on tree, 1e+50 best solution, best possible 100.97817 (542.08 seconds)
Cbc0010I After 28500 nodes, 1524 on tree, 1e+50 best solution, best possible 100.97817 (543.43 seconds)
Cbc0010I After 28600 nodes, 1529 on tree, 1e+50 best solution, best possible 100.97817 (544.77 seconds)
Cbc0010I After 28700 nodes, 1526 on tree, 1e+50 best solution, best possible 100.97817 (546.10 seconds)
Cbc0010I After 28800 nodes, 1521 on tree, 1e+50 best solution, best possible 100.97817 (547.42 seconds)
Cbc0010I After 28900 nodes, 1517 on tree, 1e+50 best solution, best possible 100.97817 (548.67 seconds)
Cbc0010I After 29000 nodes, 1522 on tree, 1e+50 best solution, best possible 100.97817 (550.01 seconds)
Cbc0010I After 29100 nodes, 1548 on tree, 1e+50 best solution, best possible 100.97817 (552.10 seconds)
Cbc0010I After 29200 nodes, 1552 on tree, 1e+50 best solution, best possible 100.97817 (554.13 seconds)
Cbc0010I After 29300 nodes, 1547 on tree, 1e+50 best solution, best possible 100.97817 (556.41 seconds)
Cbc0010I After 29400 nodes, 1571 on tree, 1e+50 best solution, best possible 100.97817 (558.69 seconds)
Cbc0010I After 29500 nodes, 1564 on tree, 1e+50 best solution, best possible 100.97817 (560.50 seconds)
Cbc0010I After 29600 nodes, 1562 on tree, 1e+50 best solution, best possible 100.97817 (562.45 seconds)
Cbc0010I After 29700 nodes, 1561 on tree, 1e+50 best solution, best possible 100.97817 (564.48 seconds)
Cbc0010I After 29800 nodes, 1567 on tree, 1e+50 best solution, best possible 100.97817 (566.41 seconds)
Cbc0010I After 29900 nodes, 1560 on tree, 1e+50 best solution, best possible 100.97817 (568.25 seconds)
Cbc0010I After 30000 nodes, 1564 on tree, 1e+50 best solution, best possible 100.97817 (570.16 seconds)
Cbc0010I After 30100 nodes, 1559 on tree, 1e+50 best solution, best possible 100.97817 (572.08 seconds)
Cbc0010I After 30200 nodes, 1563 on tree, 1e+50 best solution, best possible 100.97817 (573.94 seconds)
Cbc0010I After 30300 nodes, 1564 on tree, 1e+50 best solution, best possible 100.97817 (575.83 seconds)
Cbc0010I After 30400 nodes, 1559 on tree, 1e+50 best solution, best possible 100.97817 (577.67 seconds)
Cbc0010I After 30500 nodes, 1564 on tree, 1e+50 best solution, best possible 100.97817 (579.55 seconds)
Cbc0010I After 30600 nodes, 1562 on tree, 1e+50 best solution, best possible 100.97817 (581.39 seconds)
Cbc0010I After 30700 nodes, 1570 on tree, 1e+50 best solution, best possible 100.97817 (583.12 seconds)
Cbc0010I After 30800 nodes, 1561 on tree, 1e+50 best solution, best possible 100.97817 (584.83 seconds)
Cbc0010I After 30900 nodes, 1606 on tree, 1e+50 best solution, best possible 100.97817 (586.89 seconds)
Cbc0010I After 31000 nodes, 1623 on tree, 1e+50 best solution, best possible 100.97817 (588.90 seconds)
Cbc0010I After 31100 nodes, 1619 on tree, 1e+50 best solution, best possible 100.97817 (590.76 seconds)
Cbc0010I After 31200 nodes, 1617 on tree, 1e+50 best solution, best possible 100.97817 (592.53 seconds)
Cbc0010I After 31300 nodes, 1628 on tree, 1e+50 best solution, best possible 100.97817 (594.33 seconds)
Cbc0010I After 31400 nodes, 1627 on tree, 1e+50 best solution, best possible 100.97817 (596.01 seconds)
Cbc0010I After 31500 nodes, 1619 on tree, 1e+50 best solution, best possible 100.97817 (597.78 seconds)
Cbc0010I After 31600 nodes, 1633 on tree, 1e+50 best solution, best possible 100.97817 (599.64 seconds)
Cbc0010I After 31700 nodes, 1630 on tree, 1e+50 best solution, best possible 100.97817 (601.50 seconds)
Cbc0010I After 31800 nodes, 1630 on tree, 1e+50 best solution, best possible 100.97817 (603.26 seconds)
Cbc0010I After 31900 nodes, 1625 on tree, 1e+50 best solution, best possible 100.97817 (605.00 seconds)
Cbc0010I After 32000 nodes, 1620 on tree, 1e+50 best solution, best possible 100.97817 (606.86 seconds)
Cbc0010I After 32100 nodes, 1617 on tree, 1e+50 best solution, best possible 100.97817 (608.71 seconds)
Cbc0010I After 32200 nodes, 1626 on tree, 1e+50 best solution, best possible 100.97817 (610.43 seconds)
Cbc0010I After 32300 nodes, 1625 on tree, 1e+50 best solution, best possible 100.97817 (612.09 seconds)
Cbc0010I After 32400 nodes, 1622 on tree, 1e+50 best solution, best possible 100.97817 (613.75 seconds)
Cbc0010I After 32500 nodes, 1621 on tree, 1e+50 best solution, best possible 100.97817 (615.32 seconds)
Cbc0010I After 32600 nodes, 1615 on tree, 1e+50 best solution, best possible 100.97817 (617.08 seconds)
Cbc0010I After 32700 nodes, 1620 on tree, 1e+50 best solution, best possible 100.97817 (618.76 seconds)
Cbc0010I After 32800 nodes, 1625 on tree, 1e+50 best solution, best possible 100.97817 (620.54 seconds)
Cbc0010I After 32900 nodes, 1623 on tree, 1e+50 best solution, best possible 100.97817 (622.23 seconds)
Cbc0010I After 33000 nodes, 1623 on tree, 1e+50 best solution, best possible 100.97817 (623.90 seconds)
Cbc0010I After 33100 nodes, 1663 on tree, 1e+50 best solution, best possible 100.97989 (625.83 seconds)
Cbc0010I After 33200 nodes, 1673 on tree, 1e+50 best solution, best possible 100.97989 (627.54 seconds)
Cbc0010I After 33300 nodes, 1701 on tree, 1e+50 best solution, best possible 100.97989 (629.36 seconds)
Cbc0010I After 33400 nodes, 1690 on tree, 1e+50 best solution, best possible 100.97989 (630.76 seconds)
Cbc0010I After 33500 nodes, 1697 on tree, 1e+50 best solution, best possible 100.97989 (632.30 seconds)
Cbc0010I After 33600 nodes, 1695 on tree, 1e+50 best solution, best possible 100.97989 (633.85 seconds)
Cbc0010I After 33700 nodes, 1685 on tree, 1e+50 best solution, best possible 100.97989 (635.33 seconds)
Cbc0010I After 33800 nodes, 1698 on tree, 1e+50 best solution, best possible 100.97989 (636.88 seconds)
Cbc0010I After 33900 nodes, 1692 on tree, 1e+50 best solution, best possible 100.97989 (638.42 seconds)
Cbc0010I After 34000 nodes, 1682 on tree, 1e+50 best solution, best possible 100.97989 (639.87 seconds)
Cbc0010I After 34100 nodes, 1699 on tree, 1e+50 best solution, best possible 100.97989 (641.49 seconds)
Cbc0010I After 34200 nodes, 1690 on tree, 1e+50 best solution, best possible 100.97989 (643.04 seconds)
Cbc0010I After 34300 nodes, 1692 on tree, 1e+50 best solution, best possible 100.97989 (644.52 seconds)
Cbc0010I After 34400 nodes, 1697 on tree, 1e+50 best solution, best possible 100.97989 (646.08 seconds)
Cbc0010I After 34500 nodes, 1686 on tree, 1e+50 best solution, best possible 100.97989 (647.54 seconds)
Cbc0010I After 34600 nodes, 1681 on tree, 1e+50 best solution, best possible 100.97989 (649.04 seconds)
Cbc0010I After 34700 nodes, 1688 on tree, 1e+50 best solution, best possible 100.97989 (650.80 seconds)
Cbc0010I After 34800 nodes, 1695 on tree, 1e+50 best solution, best possible 100.97989 (652.54 seconds)
Cbc0010I After 34900 nodes, 1682 on tree, 1e+50 best solution, best possible 100.97989 (654.26 seconds)
Cbc0010I After 35000 nodes, 1702 on tree, 1e+50 best solution, best possible 100.97989 (655.71 seconds)
Cbc0010I After 35100 nodes, 1702 on tree, 1e+50 best solution, best possible 100.97989 (657.32 seconds)
Cbc0010I After 35200 nodes, 1695 on tree, 1e+50 best solution, best possible 100.97989 (658.87 seconds)
Cbc0010I After 35300 nodes, 1682 on tree, 1e+50 best solution, best possible 100.97989 (660.31 seconds)
Cbc0010I After 35400 nodes, 1700 on tree, 1e+50 best solution, best possible 100.97989 (661.89 seconds)
Cbc0010I After 35500 nodes, 1701 on tree, 1e+50 best solution, best possible 100.97989 (663.40 seconds)
Cbc0010I After 35600 nodes, 1692 on tree, 1e+50 best solution, best possible 100.97989 (664.91 seconds)
Cbc0010I After 35700 nodes, 1682 on tree, 1e+50 best solution, best possible 100.97989 (666.36 seconds)
Cbc0010I After 35800 nodes, 1696 on tree, 1e+50 best solution, best possible 100.97989 (667.96 seconds)
Cbc0010I After 35900 nodes, 1693 on tree, 1e+50 best solution, best possible 100.97989 (669.59 seconds)
Cbc0010I After 36000 nodes, 1692 on tree, 1e+50 best solution, best possible 100.97989 (671.24 seconds)
Cbc0010I After 36100 nodes, 1684 on tree, 1e+50 best solution, best possible 100.97989 (672.76 seconds)
Cbc0010I After 36200 nodes, 1684 on tree, 1e+50 best solution, best possible 100.97989 (674.32 seconds)
Cbc0010I After 36300 nodes, 1701 on tree, 1e+50 best solution, best possible 100.97989 (675.88 seconds)
Cbc0010I After 36400 nodes, 1702 on tree, 1e+50 best solution, best possible 100.97989 (677.52 seconds)
Cbc0010I After 36500 nodes, 1689 on tree, 1e+50 best solution, best possible 100.97989 (679.03 seconds)
Cbc0010I After 36600 nodes, 1681 on tree, 1e+50 best solution, best possible 100.97989 (680.61 seconds)
Cbc0010I After 36700 nodes, 1677 on tree, 1e+50 best solution, best possible 100.97989 (682.42 seconds)
Cbc0010I After 36800 nodes, 1674 on tree, 1e+50 best solution, best possible 100.97989 (684.40 seconds)
Cbc0010I After 36900 nodes, 1673 on tree, 1e+50 best solution, best possible 100.97989 (686.04 seconds)
Cbc0010I After 37000 nodes, 1676 on tree, 1e+50 best solution, best possible 100.97989 (687.79 seconds)
Cbc0010I After 37100 nodes, 1709 on tree, 1e+50 best solution, best possible 100.98198 (689.67 seconds)
Cbc0010I After 37200 nodes, 1709 on tree, 1e+50 best solution, best possible 100.98198 (691.88 seconds)
Cbc0010I After 37300 nodes, 1717 on tree, 1e+50 best solution, best possible 100.98198 (693.72 seconds)
Cbc0010I After 37400 nodes, 1715 on tree, 1e+50 best solution, best possible 100.98198 (695.53 seconds)
Cbc0010I After 37500 nodes, 1716 on tree, 1e+50 best solution, best possible 100.98198 (697.27 seconds)
Cbc0010I After 37600 nodes, 1716 on tree, 1e+50 best solution, best possible 100.98198 (699.11 seconds)
Cbc0010I After 37700 nodes, 1714 on tree, 1e+50 best solution, best possible 100.98198 (701.06 seconds)
Cbc0010I After 37800 nodes, 1713 on tree, 1e+50 best solution, best possible 100.98198 (702.93 seconds)
Cbc0010I After 37900 nodes, 1714 on tree, 1e+50 best solution, best possible 100.98198 (704.71 seconds)
Cbc0010I After 38000 nodes, 1718 on tree, 1e+50 best solution, best possible 100.98198 (706.49 seconds)
Cbc0010I After 38100 nodes, 1715 on tree, 1e+50 best solution, best possible 100.98198 (708.56 seconds)
Cbc0010I After 38200 nodes, 1716 on tree, 1e+50 best solution, best possible 100.98198 (710.53 seconds)
Cbc0010I After 38300 nodes, 1715 on tree, 1e+50 best solution, best possible 100.98198 (712.48 seconds)
Cbc0010I After 38400 nodes, 1712 on tree, 1e+50 best solution, best possible 100.98198 (714.27 seconds)
Cbc0010I After 38500 nodes, 1710 on tree, 1e+50 best solution, best possible 100.98198 (716.22 seconds)
Cbc0010I After 38600 nodes, 1712 on tree, 1e+50 best solution, best possible 100.98198 (718.09 seconds)
Cbc0010I After 38700 nodes, 1712 on tree, 1e+50 best solution, best possible 100.98198 (719.83 seconds)
Cbc0010I After 38800 nodes, 1718 on tree, 1e+50 best solution, best possible 100.98198 (721.82 seconds)
Cbc0010I After 38900 nodes, 1715 on tree, 1e+50 best solution, best possible 100.98198 (723.94 seconds)
Cbc0010I After 39000 nodes, 1717 on tree, 1e+50 best solution, best possible 100.98198 (725.81 seconds)
Cbc0010I After 39100 nodes, 1716 on tree, 1e+50 best solution, best possible 100.98198 (727.67 seconds)
Cbc0010I After 39200 nodes, 1714 on tree, 1e+50 best solution, best possible 100.98198 (729.71 seconds)
Cbc0010I After 39300 nodes, 1713 on tree, 1e+50 best solution, best possible 100.98198 (731.93 seconds)
Cbc0010I After 39400 nodes, 1707 on tree, 1e+50 best solution, best possible 100.98198 (733.79 seconds)
Cbc0010I After 39500 nodes, 1711 on tree, 1e+50 best solution, best possible 100.98198 (735.64 seconds)
Cbc0010I After 39600 nodes, 1710 on tree, 1e+50 best solution, best possible 100.98198 (737.49 seconds)
Cbc0010I After 39700 nodes, 1710 on tree, 1e+50 best solution, best possible 100.98198 (739.32 seconds)
Cbc0010I After 39800 nodes, 1707 on tree, 1e+50 best solution, best possible 100.98198 (741.17 seconds)
Cbc0010I After 39900 nodes, 1712 on tree, 1e+50 best solution, best possible 100.98198 (743.00 seconds)
Cbc0010I After 40000 nodes, 1714 on tree, 1e+50 best solution, best possible 100.98198 (744.84 seconds)
Cbc0010I After 40100 nodes, 1705 on tree, 1e+50 best solution, best possible 100.98198 (746.72 seconds)
Cbc0010I After 40200 nodes, 1707 on tree, 1e+50 best solution, best possible 100.98198 (748.49 seconds)
Cbc0010I After 40300 nodes, 1706 on tree, 1e+50 best solution, best possible 100.98198 (750.36 seconds)
Cbc0010I After 40400 nodes, 1714 on tree, 1e+50 best solution, best possible 100.98198 (752.19 seconds)
Cbc0010I After 40500 nodes, 1710 on tree, 1e+50 best solution, best possible 100.98198 (753.95 seconds)
Cbc0010I After 40600 nodes, 1716 on tree, 1e+50 best solution, best possible 100.98198 (755.80 seconds)
Cbc0010I After 40700 nodes, 1720 on tree, 1e+50 best solution, best possible 100.98198 (757.48 seconds)
Cbc0010I After 40800 nodes, 1706 on tree, 1e+50 best solution, best possible 100.98198 (759.38 seconds)
Cbc0010I After 40900 nodes, 1721 on tree, 1e+50 best solution, best possible 100.98198 (761.16 seconds)
Cbc0010I After 41000 nodes, 1722 on tree, 1e+50 best solution, best possible 100.98198 (762.94 seconds)
Cbc0010I After 41100 nodes, 1804 on tree, 1e+50 best solution, best possible 100.98198 (765.32 seconds)
Cbc0010I After 41200 nodes, 1813 on tree, 1e+50 best solution, best possible 100.98198 (767.12 seconds)
Cbc0010I After 41300 nodes, 1818 on tree, 1e+50 best solution, best possible 100.98198 (769.02 seconds)
Cbc0010I After 41400 nodes, 1829 on tree, 1e+50 best solution, best possible 100.98198 (770.86 seconds)
Cbc0010I After 41500 nodes, 1829 on tree, 1e+50 best solution, best possible 100.98198 (772.65 seconds)
Cbc0010I After 41600 nodes, 1825 on tree, 1e+50 best solution, best possible 100.98198 (774.28 seconds)
Cbc0010I After 41700 nodes, 1820 on tree, 1e+50 best solution, best possible 100.98198 (775.85 seconds)
Cbc0010I After 41800 nodes, 1815 on tree, 1e+50 best solution, best possible 100.98198 (777.52 seconds)
Cbc0010I After 41900 nodes, 1818 on tree, 1e+50 best solution, best possible 100.98198 (779.12 seconds)
Cbc0010I After 42000 nodes, 1812 on tree, 1e+50 best solution, best possible 100.98198 (780.75 seconds)
Cbc0010I After 42100 nodes, 1807 on tree, 1e+50 best solution, best possible 100.98198 (782.34 seconds)
Cbc0010I After 42200 nodes, 1804 on tree, 1e+50 best solution, best possible 100.98198 (784.05 seconds)
Cbc0010I After 42300 nodes, 1804 on tree, 1e+50 best solution, best possible 100.98198 (785.78 seconds)
Cbc0010I After 42400 nodes, 1800 on tree, 1e+50 best solution, best possible 100.98198 (787.44 seconds)
Cbc0010I After 42500 nodes, 1794 on tree, 1e+50 best solution, best possible 100.98198 (789.27 seconds)
Cbc0010I After 42600 nodes, 1795 on tree, 1e+50 best solution, best possible 100.98198 (791.01 seconds)
Cbc0010I After 42700 nodes, 1795 on tree, 1e+50 best solution, best possible 100.98198 (792.76 seconds)
Cbc0010I After 42800 nodes, 1792 on tree, 1e+50 best solution, best possible 100.98198 (794.75 seconds)
Cbc0010I After 42900 nodes, 1810 on tree, 1e+50 best solution, best possible 100.98198 (796.26 seconds)
Cbc0010I After 43000 nodes, 1801 on tree, 1e+50 best solution, best possible 100.98198 (798.05 seconds)
Cbc0010I After 43100 nodes, 1795 on tree, 1e+50 best solution, best possible 100.98198 (799.68 seconds)
Cbc0010I After 43200 nodes, 1784 on tree, 1e+50 best solution, best possible 100.98198 (801.70 seconds)
Cbc0010I After 43300 nodes, 1789 on tree, 1e+50 best solution, best possible 100.98198 (803.52 seconds)
Cbc0010I After 43400 nodes, 1791 on tree, 1e+50 best solution, best possible 100.98198 (805.34 seconds)
Cbc0010I After 43500 nodes, 1790 on tree, 1e+50 best solution, best possible 100.98198 (807.09 seconds)
Cbc0010I After 43600 nodes, 1790 on tree, 1e+50 best solution, best possible 100.98198 (808.92 seconds)
Cbc0010I After 43700 nodes, 1791 on tree, 1e+50 best solution, best possible 100.98198 (810.92 seconds)
Cbc0010I After 43800 nodes, 1787 on tree, 1e+50 best solution, best possible 100.98198 (812.62 seconds)
Cbc0010I After 43900 nodes, 1787 on tree, 1e+50 best solution, best possible 100.98198 (814.78 seconds)
Cbc0010I After 44000 nodes, 1808 on tree, 1e+50 best solution, best possible 100.98198 (816.70 seconds)
Cbc0010I After 44100 nodes, 1807 on tree, 1e+50 best solution, best possible 100.98198 (818.38 seconds)
Cbc0010I After 44200 nodes, 1809 on tree, 1e+50 best solution, best possible 100.98198 (820.03 seconds)
Cbc0010I After 44300 nodes, 1809 on tree, 1e+50 best solution, best possible 100.98198 (821.75 seconds)
Cbc0010I After 44400 nodes, 1808 on tree, 1e+50 best solution, best possible 100.98198 (823.55 seconds)
Cbc0010I After 44500 nodes, 1805 on tree, 1e+50 best solution, best possible 100.98198 (825.29 seconds)
Cbc0010I After 44600 nodes, 1804 on tree, 1e+50 best solution, best possible 100.98198 (826.99 seconds)
Cbc0010I After 44700 nodes, 1794 on tree, 1e+50 best solution, best possible 100.98198 (828.77 seconds)
Cbc0010I After 44800 nodes, 1788 on tree, 1e+50 best solution, best possible 100.98198 (830.66 seconds)
Cbc0010I After 44900 nodes, 1809 on tree, 1e+50 best solution, best possible 100.98198 (832.35 seconds)
Cbc0010I After 45000 nodes, 1809 on tree, 1e+50 best solution, best possible 100.98198 (834.09 seconds)
Cbc0010I After 45100 nodes, 1809 on tree, 1e+50 best solution, best possible 100.98569 (836.08 seconds)
Cbc0010I After 45200 nodes, 1797 on tree, 1e+50 best solution, best possible 100.98569 (838.03 seconds)
Cbc0010I After 45300 nodes, 1807 on tree, 1e+50 best solution, best possible 100.98569 (839.76 seconds)
Cbc0010I After 45400 nodes, 1796 on tree, 1e+50 best solution, best possible 100.98569 (841.49 seconds)
Cbc0010I After 45500 nodes, 1803 on tree, 1e+50 best solution, best possible 100.98569 (843.21 seconds)
Cbc0010I After 45600 nodes, 1796 on tree, 1e+50 best solution, best possible 100.98569 (845.02 seconds)
Cbc0010I After 45700 nodes, 1796 on tree, 1e+50 best solution, best possible 100.98569 (846.70 seconds)
Cbc0010I After 45800 nodes, 1818 on tree, 1e+50 best solution, best possible 100.98569 (848.41 seconds)
Cbc0010I After 45900 nodes, 1806 on tree, 1e+50 best solution, best possible 100.98569 (850.17 seconds)
Cbc0010I After 46000 nodes, 1806 on tree, 1e+50 best solution, best possible 100.98569 (852.02 seconds)
Cbc0010I After 46100 nodes, 1813 on tree, 1e+50 best solution, best possible 100.98569 (853.79 seconds)
Cbc0010I After 46200 nodes, 1799 on tree, 1e+50 best solution, best possible 100.98569 (855.56 seconds)
Cbc0010I After 46300 nodes, 1808 on tree, 1e+50 best solution, best possible 100.98569 (857.36 seconds)
Cbc0010I After 46400 nodes, 1798 on tree, 1e+50 best solution, best possible 100.98569 (859.08 seconds)
Cbc0010I After 46500 nodes, 1813 on tree, 1e+50 best solution, best possible 100.98569 (860.82 seconds)
Cbc0010I After 46600 nodes, 1802 on tree, 1e+50 best solution, best possible 100.98569 (862.57 seconds)
Cbc0010I After 46700 nodes, 1794 on tree, 1e+50 best solution, best possible 100.98569 (864.37 seconds)
Cbc0010I After 46800 nodes, 1804 on tree, 1e+50 best solution, best possible 100.98569 (866.12 seconds)
Cbc0010I After 46900 nodes, 1797 on tree, 1e+50 best solution, best possible 100.98569 (867.88 seconds)
Cbc0010I After 47000 nodes, 1796 on tree, 1e+50 best solution, best possible 100.98569 (869.62 seconds)
Cbc0010I After 47100 nodes, 1797 on tree, 1e+50 best solution, best possible 100.98569 (871.45 seconds)
Cbc0010I After 47200 nodes, 1805 on tree, 1e+50 best solution, best possible 100.98569 (873.16 seconds)
Cbc0010I After 47300 nodes, 1800 on tree, 1e+50 best solution, best possible 100.98569 (874.93 seconds)
Cbc0010I After 47400 nodes, 1808 on tree, 1e+50 best solution, best possible 100.98569 (876.72 seconds)
Cbc0010I After 47500 nodes, 1805 on tree, 1e+50 best solution, best possible 100.98569 (878.45 seconds)
Cbc0010I After 47600 nodes, 1811 on tree, 1e+50 best solution, best possible 100.98569 (880.12 seconds)
Cbc0010I After 47700 nodes, 1802 on tree, 1e+50 best solution, best possible 100.98569 (881.94 seconds)
Cbc0010I After 47800 nodes, 1800 on tree, 1e+50 best solution, best possible 100.98569 (883.72 seconds)
Cbc0010I After 47900 nodes, 1810 on tree, 1e+50 best solution, best possible 100.98569 (885.47 seconds)
Cbc0010I After 48000 nodes, 1798 on tree, 1e+50 best solution, best possible 100.98569 (887.25 seconds)
Cbc0010I After 48100 nodes, 1813 on tree, 1e+50 best solution, best possible 100.98569 (889.12 seconds)
Cbc0010I After 48200 nodes, 1800 on tree, 1e+50 best solution, best possible 100.98569 (890.85 seconds)
Cbc0010I After 48300 nodes, 1793 on tree, 1e+50 best solution, best possible 100.98569 (892.71 seconds)
Cbc0010I After 48400 nodes, 1792 on tree, 1e+50 best solution, best possible 100.98569 (894.65 seconds)
Cbc0010I After 48500 nodes, 1809 on tree, 1e+50 best solution, best possible 100.98569 (896.39 seconds)
Cbc0010I After 48600 nodes, 1804 on tree, 1e+50 best solution, best possible 100.98569 (898.29 seconds)
Cbc0020I Exiting on maximum time
Cbc0005I Partial search - best objective 1e+50 (best possible 100.98569), took 351980 iterations and 48659 nodes (899.38 seconds)
Cbc0032I Strong branching done 63652 times (264624 iterations), fathomed 79 nodes and fixed 141 variables
Cbc0035I Maximum depth 351, 0 variables fixed on reduced cost
Cuts at root node changed objective from 82.2285 to 87.0002
Probing was tried 6044 times and created 391 cuts of which 0 were active after adding rounds of cuts (1.312 seconds)
Gomory was tried 6043 times and created 2802 cuts of which 0 were active after adding rounds of cuts (21.524 seconds)
Knapsack was tried 6 times and created 0 cuts of which 0 were active after adding rounds of cuts (0.049 seconds)
Clique was tried 6 times and created 0 cuts of which 0 were active after adding rounds of cuts (0.001 seconds)
MixedIntegerRounding2 was tried 6043 times and created 8803 cuts of which 0 were active after adding rounds of cuts (47.503 seconds)
FlowCover was tried 6 times and created 0 cuts of which 0 were active after adding rounds of cuts (0.025 seconds)
TwoMirCuts was tried 6043 times and created 570 cuts of which 0 were active after adding rounds of cuts (26.136 seconds)
ZeroHalf was tried 6 times and created 4 cuts of which 0 were active after adding rounds of cuts (0.347 seconds)

Result - Stopped on time limit

No feasible solution found
Lower bound:                    100.986
Enumerated nodes:               48659
Total iterations:               351980
Time (CPU seconds):             898.40
Time (Wallclock seconds):       899.38

Option for printingOptions changed from normal to all
Total time (CPU seconds):       898.58   (Wallclock seconds):       899.57

Root classes: ['0', '3', '130', '131', '196', '197', '203', '208', '209', '221', '222', '229', '232', '233', '234', '235', '236', '237', '238', '239', '240', '241', '242', '243', '244', '245', '246', '247', '248', '249', '250', '251', '252', '253', '254', '255', '256', '257', '258', '259', '260', '261', '262', '263', '264', '265', '266', '267', '268', '269', '270', '271', '272', '273', '274', '275', '276', '277', '278', '279', '280', '281', '282', '283', '284', '285', '286', '287', '288', '289', '290', '291', '292', '293', '294', '295', '296', '297', '298', '299', '300', '301', '302', '303', '304', '305', '306', '307', '308', '309', '310', '311', '312', '313', '314', '315', '316', '317', '318', '319', '320', '321', '322', '323', '324', '325', '326', '327', '328', '329', '330', '331', '332', '333', '334', '335', '336', '337', '338', '339', '340', '341', '342', '343', '344', '345', '346', '347', '348', '349']
Status: Not Solved
