
Welcome to IBM(R) ILOG(R) CPLEX(R) Interactive Optimizer 22.1.1.0
  with Simplex, Mixed Integer & Barrier Optimizers
5725-A06 5725-A29 5724-Y48 5724-Y49 5724-Y54 5724-Y55 5655-Y21
Copyright IBM Corp. 1988, 2022.  All Rights Reserved.

Type 'help' for a list of available commands.
Type 'help' followed by a command name for more
information on commands.

CPLEX> Problem '/tmp/1242d264d40247f298b65f456ee68bc8-pulp.lp' read.
Read time = 0.09 sec. (12.35 ticks)
CPLEX> New value for time limit in seconds: 900
CPLEX> Version identifier: 22.1.1.0 | 2022-11-28 | 9160aff4d
CPXPARAM_TimeLimit                               900
Tried aggregator 8 times.
MIP Presolve eliminated 19710 rows and 4518 columns.
MIP Presolve modified 39655 coefficients.
Aggregator did 2049 substitutions.
Reduced MIP has 22883 rows, 9131 columns, and 116570 nonzeros.
Reduced MIP has 6373 binaries, 0 generals, 0 SOSs, and 0 indicators.
Presolve time = 0.23 sec. (386.08 ticks)
Probing time = 0.09 sec. (2.79 ticks)
Cover probing fixed 0 vars, tightened 2 bounds.
Tried aggregator 1 time.
Detecting symmetries...
MIP Presolve eliminated 8 rows and 0 columns.
MIP Presolve modified 740 coefficients.
Reduced MIP has 22875 rows, 9131 columns, and 116546 nonzeros.
Reduced MIP has 6373 binaries, 0 generals, 0 SOSs, and 0 indicators.
Presolve time = 0.30 sec. (496.95 ticks)
Probing fixed 164 vars, tightened 0 bounds.
Probing time = 0.04 sec. (4.56 ticks)
Cover probing fixed 0 vars, tightened 29 bounds.
Clique table members: 9196.
MIP emphasis: balance optimality and feasibility.
MIP search method: dynamic search.
Parallel mode: deterministic, using up to 32 threads.
Root relaxation solution time = 0.16 sec. (67.94 ticks)

        Nodes                                         Cuts/
   Node  Left     Objective  IInf  Best Integer    Best Bound    ItCnt     Gap

      0     0       89.3843   209                     89.3843      429         
      0     0      113.7143    73                    Cuts: 81      691         
      0     0      116.7863    84                    Cuts: 26      841         
      0     0      130.3611    58                    Cuts: 29      924         
      0     0      131.5000     5                    Cuts: 21      956         
      0     0      132.0000    15                 ZeroHalf: 2      973         
      0     0      132.0000     8                     Cuts: 4      981         
      0     0      132.0000     8                   Covers: 1      983         
      0     0      132.0000     7                    Cuts: 12     1016         
      0     2      132.0000     7                    132.0000     1016         
Elapsed time = 3.50 sec. (3313.02 ticks, tree = 0.02 MB, solutions = 0)
*   322     8      integral     0      136.0000      136.0000     1146    0.00%
    364   121    infeasible            136.0000      136.0000     2467    0.00%

Clique cuts applied:  9
Cover cuts applied:  2
Implied bound cuts applied:  32
Zero-half cuts applied:  49
Lift and project cuts applied:  2
Gomory fractional cuts applied:  23

Root node processing (before b&c):
  Real time             =    3.32 sec. (3305.28 ticks)
Parallel b&c, 32 threads:
  Real time             =    0.69 sec. (293.25 ticks)
  Sync time (average)   =    0.34 sec.
  Wait time (average)   =    0.00 sec.
                          ------------
Total (root+branch&cut) =    4.01 sec. (3598.54 ticks)

Solution pool: 1 solution saved.

MIP - Integer optimal solution:  Objective =  1.3600000000e+02
Solution time =    4.04 sec.  Iterations = 2739  Nodes = 378
Deterministic time = 3598.58 ticks  (890.34 ticks/sec)

CPLEX> MILP problem relaxed to LP with fixed integer variables using
incumbent solution.
CPLEX> Version identifier: 22.1.1.0 | 2022-11-28 | 9160aff4d
CPXPARAM_TimeLimit                               900
Parallel mode: deterministic, using up to 32 threads for concurrent optimization:
 * Starting dual Simplex on 1 thread...
 * Starting Barrier on 30 threads...
 * Starting primal Simplex on 1 thread...
Tried aggregator 1 time.
LP Presolve eliminated 44612 rows and 15669 columns.
Aggregator did 30 substitutions.
All rows and columns eliminated.
Presolve time = 0.02 sec. (43.54 ticks)

Dual simplex solved model.


Dual simplex - Optimal:  Objective =  1.3600000000e+02
Solution time =    0.06 sec.  Iterations = 0 (0)
Deterministic time = 79.34 ticks  (1249.69 ticks/sec)

CPLEX> Solution written to file '/tmp/1242d264d40247f298b65f456ee68bc8-pulp.sol'.
CPLEX> Root classes: ['0', '3', '130', '131', '196', '197', '203', '208', '209', '221', '222', '229', '232', '233', '234', '235', '236', '237', '238', '239', '240', '241', '242', '243', '244', '245', '246', '247', '248', '249', '250', '251', '252', '253', '254', '255', '256', '257', '258', '259', '260', '261', '262', '263', '264', '265', '266', '267', '268', '269', '270', '271', '272', '273', '274', '275', '276', '277', '278', '279', '280', '281', '282', '283', '284', '285', '286', '287', '288', '289', '290', '291', '292', '293', '294', '295', '296', '297', '298', '299', '300', '301', '302', '303', '304', '305', '306', '307', '308', '309', '310', '311', '312', '313', '314', '315', '316', '317', '318', '319', '320', '321', '322', '323', '324', '325', '326', '327', '328', '329', '330', '331', '332', '333', '334', '335', '336', '337', '338', '339', '340', '341', '342', '343', '344', '345', '346', '347', '348', '349']
Status: Optimal
Solved x values:
['0.0', '121.0', '242.0', '109.0', '230.4', '97.0', '339.0', '85.0', '327.0', '73.0', '315.0', '61.0', '182.0', '303.0', '49.0', '424.0', '170.0', '799.0', '291.0', '37.0', '158.0', '279.0', '25.0', '146.0', '267.0', '13.0', '134.0', '255.0', '1.0', '376.30', '122.0', '243.0', '110.0', '231.4', '98.0', '219.0', '340.0', '86.0', '207.0', '328.0', '74.0', '195.0', '316.0', '62.0', '183.7', '304.0', '50.0', '425.0', '800.4', '292.0', '38.0', '159.0', '280.0', '26.0', '147.0', '268.0', '14.0', '135.0', '256.0', '2.0', '123.0', '244.0', '111.0', '232.0', '99.0', '474.15', '474.97', '220.0', '341.0', '87.0', '208.0', '583.0', '329.0', '75.0', '196.0', '317.0', '63.0', '184.0', '305.0', '51.0', '680.16', '172.0', '293.0', '39.0', '414.0', '160.0', '281.0', '27.0', '148.0', '269.0', '15.0', '2156.39', '136.0', '257.0', '3.0', '124.0', '245.0', '112.0', '233.0', '100.0', '221.0', '342.0', '88.0', '209.0', '330.0', '76.0', '197.0', '826.33', '318.0', '64.0', '439.0', '185.0', '306.0', '1818.51', '52.0', '173.0', '294.0', '40.0', '669.0', '161.0', '282.0', '28.0', '149.0', '270.0', '16.0', '137.0', '258.0', '125.0', '246.0', '113.0', '234.0', '101.0', '222.0', '343.0', '89.0', '210.0', '331.0', '77.0', '319.0', '65.0', '440.0', '186.1', '307.0', '53.0', '803.4', '295.0', '41.0', '162.0', '283.0', '29.0', '150.0', '271.0', '17.0', '138.0', '259.0', '5.0', '2146.39', '126.0', '247.0', '114.0', '235.0', '102.0', '223.0', '344.0', '90.0', '840.33', '332.0', '78.0', '320.0', '66.0', '187.0', '308.0', '54.0', '429.0', '296.0', '42.0', '163.0', '284.0', '30.0', '151.0', '272.0', '18.0', '139.0', '260.0', '6.0', '127.0', '248.0', '115.0', '236.0', '103.0', '224.0', '345.0', '91.0', '333.0', '79.0', '321.0', '67.0', '188.0', '309.0', '55.0', '430.0', '297.0', '43.0', '164.0', '285.0', '31.0', '660.24', '152.0', '273.0', '19.0', '140.0', '261.0', '7.0', '249.0', '116.0', '237.0', '104.0', '225.7', '346.0', '92.0', '334.0', '80.0', '201.0', '830.33', '322.0', '68.0', '564.43', '310.0', '56.0', '177.0', '806.4', '298.0', '1810.51', '44.0', '165.0', '286.0', '1798.51', '4822.0', '32.0', '153.0', '274.0', '20.0', '141.0', '262.0', '8.0', '129.0', '250.0', '117.0', '238.0', '105.0', '347.0', '93.0', '335.0', '81.0', '202.0', '323.0', '69.0', '311.0', '57.0', '178.1', '299.0', '45.0', '674.19', '166.0', '287.0', '33.0', '154.0', '275.0', '21.0', '2162.39', '142.0', '263.0', '9.0', '130.0', '251.0', '372.28', '118.0', '239.0', '614.38', '106.0', '227.4', '348.0', '94.0', '844.33', '336.0', '82.0', '203.0', '324.0', '1836.39', '70.0', '312.0', '58.0', '179.0', '300.0', '46.0', '167.0', '288.0', '34.0', '155.0', '276.0', '22.0', '143.0', '264.0', '10.0', '131.0', '252.0', '119.0', '240.0', '107.0', '228.4', '349.0', '95.0', '216.18', '337.0', '83.0', '2599.0', '204.0', '325.0', '71.0', '446.23', '192.0', '313.0', '1825.51', '59.0', '434.0', '180.0', '809.4', '301.0', '47.0', '168.0', '289.0', '35.0', '156.0', '277.0', '23.0', '144.0', '265.0', '11.0', '132.0', '253.0', '374.23', '120.0', '241.0', '362.24', '108.0', '229.0', '96.0', '338.0', '84.0', '205.0', '2092.39', '326.0', '72.0', '193.0', '314.0', '60.0', '435.0', '181.7', '302.0', '48.0', '169.0', '290.0', '36.0', '157.0', '278.0', '24.0', '653.19', '145.0', '266.0', '12.0', '133.0', '254.0']
