Welcome to the CBC MILP Solver 
Version: 2.10.3 
Build Date: Dec 15 2019 

command line - /work/zhang-x2/users/yc2632/miniconda3/envs/newpt2/lib/python3.9/site-packages/pulp/solverdir/cbc/linux/64/cbc /tmp/d967940719e5423fa50120490175e257-pulp.mps sec 900 timeMode elapsed branch printingOptions all solution /tmp/d967940719e5423fa50120490175e257-pulp.sol (default strategy 1)
At line 2 NAME          MODEL
At line 3 ROWS
At line 24430 COLUMNS
At line 363432 RHS
At line 387858 BOUNDS
At line 396361 ENDATA
Problem MODEL has 24425 rows, 8502 columns and 314497 elements
Coin0008I MODEL read with 0 errors
seconds was changed from 1e+100 to 900
Option for timeMode changed from cpu to elapsed
Continuous objective value is 19 - 0.07 seconds
Cgl0003I 0 fixed, 0 tightened bounds, 4453 strengthened rows, 0 substitutions
Cgl0004I processed model has 14615 rows, 6123 columns (4506 integer (4506 of which binary)) and 78143 elements
Cbc0038I Initial state - 38 integers unsatisfied sum - 3.75005
Cbc0038I Pass   1: (0.40 seconds) suminf.    3.33198 (63) obj. 16323.4 iterations 270
Cbc0038I Pass   2: (0.41 seconds) suminf.    2.11770 (45) obj. 60615.4 iterations 45
Cbc0038I Pass   3: (0.41 seconds) suminf.    2.11770 (45) obj. 60615.4 iterations 0
Cbc0038I Pass   4: (0.42 seconds) suminf.    0.00005 (9) obj. 120036 iterations 33
Cbc0038I Pass   5: (0.42 seconds) suminf.    0.00005 (9) obj. 120036 iterations 0
Cbc0038I Pass   6: (0.42 seconds) suminf.    0.00005 (9) obj. 120036 iterations 0
Cbc0038I Pass   7: (0.47 seconds) suminf.    6.33427 (188) obj. 2.24935e+06 iterations 1881
Cbc0038I Pass   8: (0.49 seconds) suminf.    1.33388 (114) obj. 2.23685e+06 iterations 496
Cbc0038I Pass   9: (0.51 seconds) suminf.    1.33385 (106) obj. 2.23685e+06 iterations 29
Cbc0038I Pass  10: (0.52 seconds) suminf.    0.00054 (104) obj. 2.25019e+06 iterations 11
Cbc0038I Pass  11: (0.52 seconds) suminf.    0.00054 (104) obj. 2.25019e+06 iterations 0
Cbc0038I Pass  12: (0.55 seconds) suminf.    0.00084 (145) obj. 3.92027e+06 iterations 1130
Cbc0038I Pass  13: (0.56 seconds) suminf.    0.00071 (130) obj. 3.92027e+06 iterations 253
Cbc0038I Pass  14: (0.57 seconds) suminf.    0.00071 (130) obj. 3.92027e+06 iterations 0
Cbc0038I Pass  15: (0.59 seconds) suminf.    2.00105 (181) obj. 5.38038e+06 iterations 961
Cbc0038I Pass  16: (0.60 seconds) suminf.    0.00095 (166) obj. 5.36038e+06 iterations 190
Cbc0038I Pass  17: (0.61 seconds) suminf.    0.00095 (166) obj. 5.36038e+06 iterations 2
Cbc0038I Pass  18: (0.62 seconds) suminf.    0.00095 (166) obj. 5.36038e+06 iterations 0
Cbc0038I Pass  19: (0.64 seconds) suminf.    0.00107 (194) obj. 6.69045e+06 iterations 759
Cbc0038I Pass  20: (0.65 seconds) suminf.    0.00097 (181) obj. 6.69045e+06 iterations 141
Cbc0038I Pass  21: (0.66 seconds) suminf.    0.00097 (181) obj. 6.69045e+06 iterations 0
Cbc0038I Pass  22: (0.68 seconds) suminf.    0.00124 (208) obj. 7.43052e+06 iterations 708
Cbc0038I Pass  23: (0.69 seconds) suminf.    0.00112 (194) obj. 7.43052e+06 iterations 182
Cbc0038I Pass  24: (0.70 seconds) suminf.    0.00112 (194) obj. 7.43052e+06 iterations 0
Cbc0038I Pass  25: (0.72 seconds) suminf.    0.00128 (223) obj. 8.20056e+06 iterations 681
Cbc0038I Pass  26: (0.73 seconds) suminf.    0.00123 (212) obj. 8.20056e+06 iterations 182
Cbc0038I Pass  27: (0.75 seconds) suminf.    0.00122 (213) obj. 8.20056e+06 iterations 2
Cbc0038I Pass  28: (0.77 seconds) suminf.    0.00147 (258) obj. 8.94062e+06 iterations 613
Cbc0038I Pass  29: (0.78 seconds) suminf.    0.00145 (246) obj. 8.94062e+06 iterations 152
Cbc0038I Pass  30: (0.80 seconds) suminf.    0.00141 (243) obj. 8.94062e+06 iterations 2
Cbc0038I No solution found this major pass
Cbc0038I Before mini branch and bound, 2496 integers at bound fixed and 730 continuous
Cbc0038I Full problem 14615 rows 6123 columns, reduced to 4623 rows 1947 columns
Cbc0038I Mini branch and bound did not improve solution (1.60 seconds)
Cbc0038I Full problem 14616 rows 6123 columns, reduced to 14616 rows 6123 columns - too large
Cbc0038I After 2.34 seconds - Feasibility pump exiting - took 1.96 seconds
Cbc0012I Integer solution of 39 found by DiveCoefficient after 0 iterations and 0 nodes (2.38 seconds)
Cbc0038I Full problem 14615 rows 6123 columns, reduced to 137 rows 73 columns
Cbc0012I Integer solution of 38 found by DiveCoefficient after 81 iterations and 0 nodes (2.58 seconds)
Cbc0031I 11 added rows had average density of 6.3636364
Cbc0013I At root node, 11 cuts changed objective from 22.750019 to 25.00002 in 6 passes
Cbc0014I Cut generator 0 (Probing) - 18 row cuts average 2.4 elements, 1 column cuts (1 active)  in 0.036 seconds - new frequency is 1
Cbc0014I Cut generator 1 (Gomory) - 0 row cuts average 0.0 elements, 0 column cuts (0 active)  in 0.006 seconds - new frequency is -100
Cbc0014I Cut generator 2 (Knapsack) - 0 row cuts average 0.0 elements, 0 column cuts (0 active)  in 0.020 seconds - new frequency is -100
Cbc0014I Cut generator 3 (Clique) - 0 row cuts average 0.0 elements, 0 column cuts (0 active)  in 0.000 seconds - new frequency is -100
Cbc0014I Cut generator 4 (MixedIntegerRounding2) - 7 row cuts average 2.3 elements, 0 column cuts (0 active)  in 0.019 seconds - new frequency is 1
Cbc0014I Cut generator 5 (FlowCover) - 0 row cuts average 0.0 elements, 0 column cuts (0 active)  in 0.013 seconds - new frequency is -100
Cbc0014I Cut generator 6 (TwoMirCuts) - 10 row cuts average 11.9 elements, 0 column cuts (0 active)  in 0.021 seconds - new frequency is 1
Cbc0014I Cut generator 7 (ZeroHalf) - 1 row cuts average 6.0 elements, 0 column cuts (0 active)  in 0.018 seconds - new frequency is -100
Cbc0010I After 0 nodes, 1 on tree, 38 best solution, best possible 25.00002 (2.60 seconds)
Cbc0038I Full problem 14615 rows 6123 columns, reduced to 81 rows 54 columns
Cbc0038I Full problem 14626 rows 6123 columns, reduced to 1933 rows 849 columns
Cbc0044I Reduced cost fixing - 1933 rows, 849 columns - restarting search
Cbc0012I Integer solution of 38 found by Previous solution after 0 iterations and 0 nodes (3.45 seconds)
Cbc0038I Full problem 1933 rows 849 columns, reduced to 155 rows 79 columns
Cbc0031I 11 added rows had average density of 6.3636364
Cbc0013I At root node, 11 cuts changed objective from 22.750018 to 25.000019 in 3 passes
Cbc0014I Cut generator 0 (Probing) - 16 row cuts average 2.4 elements, 0 column cuts (0 active)  in 0.006 seconds - new frequency is 1
Cbc0014I Cut generator 1 (Gomory) - 7 row cuts average 9.3 elements, 0 column cuts (0 active)  in 0.001 seconds - new frequency is 1
Cbc0014I Cut generator 2 (Knapsack) - 0 row cuts average 0.0 elements, 0 column cuts (0 active)  in 0.001 seconds - new frequency is -100
Cbc0014I Cut generator 3 (Clique) - 0 row cuts average 0.0 elements, 0 column cuts (0 active)  in 0.000 seconds - new frequency is -100
Cbc0014I Cut generator 4 (MixedIntegerRounding2) - 2 row cuts average 2.5 elements, 0 column cuts (0 active)  in 0.001 seconds - new frequency is 1
Cbc0014I Cut generator 5 (FlowCover) - 0 row cuts average 0.0 elements, 0 column cuts (0 active)  in 0.001 seconds - new frequency is -100
Cbc0014I Cut generator 6 (TwoMirCuts) - 6 row cuts average 10.5 elements, 0 column cuts (0 active)  in 0.002 seconds - new frequency is 1
Cbc0014I Cut generator 7 (ZeroHalf) - 3 row cuts average 10.7 elements, 0 column cuts (0 active)  in 0.002 seconds - new frequency is -100
Cbc0014I Cut generator 9 (Stored from first) - 11 row cuts average 6.4 elements, 0 column cuts (0 active)
Cbc0010I After 0 nodes, 1 on tree, 38 best solution, best possible 25.000019 (3.55 seconds)
Cbc0038I Full problem 1933 rows 849 columns, reduced to 66 rows 44 columns
Cbc0012I Integer solution of 37 found by RINS after 322 iterations and 41 nodes (4.22 seconds)
Cbc0038I Full problem 1933 rows 849 columns, reduced to 77 rows 50 columns
Cbc0010I After 100 nodes, 30 on tree, 37 best solution, best possible 25.000019 (4.53 seconds)
Cbc0010I After 200 nodes, 59 on tree, 37 best solution, best possible 25.000019 (4.86 seconds)
Cbc0038I Full problem 1933 rows 849 columns, reduced to 95 rows 61 columns
Cbc0010I After 300 nodes, 92 on tree, 37 best solution, best possible 25.000019 (5.13 seconds)
Cbc0038I Full problem 1933 rows 849 columns, reduced to 97 rows 53 columns
Cbc0010I After 400 nodes, 126 on tree, 37 best solution, best possible 25.000019 (5.40 seconds)
Cbc0038I Full problem 1933 rows 849 columns, reduced to 74 rows 48 columns
Cbc0010I After 500 nodes, 172 on tree, 37 best solution, best possible 25.000019 (5.66 seconds)
Cbc0038I Full problem 1933 rows 849 columns, reduced to 83 rows 53 columns
Cbc0010I After 600 nodes, 212 on tree, 37 best solution, best possible 25.000019 (5.96 seconds)
Cbc0038I Full problem 1933 rows 849 columns, reduced to 55 rows 36 columns
Cbc0010I After 700 nodes, 244 on tree, 37 best solution, best possible 25.000019 (6.17 seconds)
Cbc0010I After 800 nodes, 284 on tree, 37 best solution, best possible 25.000019 (6.44 seconds)
Cbc0010I After 900 nodes, 326 on tree, 37 best solution, best possible 25.000019 (6.66 seconds)
Cbc0010I After 1000 nodes, 368 on tree, 37 best solution, best possible 25.000019 (6.87 seconds)
Cbc0010I After 1100 nodes, 368 on tree, 37 best solution, best possible 25.000019 (7.14 seconds)
Cbc0038I Full problem 1933 rows 849 columns, reduced to 50 rows 33 columns
Cbc0010I After 1200 nodes, 363 on tree, 37 best solution, best possible 25.000019 (7.37 seconds)
Cbc0010I After 1300 nodes, 365 on tree, 37 best solution, best possible 25.000019 (7.62 seconds)
Cbc0010I After 1400 nodes, 357 on tree, 37 best solution, best possible 25.000019 (7.89 seconds)
Cbc0010I After 1500 nodes, 359 on tree, 37 best solution, best possible 25.000019 (8.21 seconds)
Cbc0010I After 1600 nodes, 375 on tree, 37 best solution, best possible 25.000019 (8.43 seconds)
Cbc0010I After 1700 nodes, 353 on tree, 37 best solution, best possible 25.000019 (8.69 seconds)
Cbc0038I Full problem 1933 rows 849 columns, reduced to 65 rows 44 columns
Cbc0010I After 1800 nodes, 352 on tree, 37 best solution, best possible 25.000019 (8.96 seconds)
Cbc0010I After 1900 nodes, 359 on tree, 37 best solution, best possible 25.000019 (9.20 seconds)
Cbc0010I After 2000 nodes, 351 on tree, 37 best solution, best possible 25.000019 (9.46 seconds)
Cbc0010I After 2100 nodes, 353 on tree, 37 best solution, best possible 25.000019 (9.71 seconds)
Cbc0010I After 2200 nodes, 355 on tree, 37 best solution, best possible 25.000019 (9.94 seconds)
Cbc0010I After 2300 nodes, 345 on tree, 37 best solution, best possible 25.000019 (10.20 seconds)
Cbc0010I After 2400 nodes, 351 on tree, 37 best solution, best possible 25.000019 (10.44 seconds)
Cbc0010I After 2500 nodes, 340 on tree, 37 best solution, best possible 25.000019 (10.68 seconds)
Cbc0010I After 2600 nodes, 357 on tree, 37 best solution, best possible 25.000019 (10.89 seconds)
Cbc0010I After 2700 nodes, 338 on tree, 37 best solution, best possible 25.000019 (11.10 seconds)
Cbc0010I After 2800 nodes, 343 on tree, 37 best solution, best possible 25.000019 (11.32 seconds)
Cbc0010I After 2900 nodes, 347 on tree, 37 best solution, best possible 25.000019 (11.57 seconds)
Cbc0038I Full problem 1933 rows 849 columns, reduced to 51 rows 34 columns
Cbc0010I After 3000 nodes, 340 on tree, 37 best solution, best possible 25.000019 (11.82 seconds)
Cbc0010I After 3100 nodes, 340 on tree, 37 best solution, best possible 25.000019 (12.05 seconds)
Cbc0010I After 3200 nodes, 334 on tree, 37 best solution, best possible 25.000019 (12.32 seconds)
Cbc0010I After 3300 nodes, 335 on tree, 37 best solution, best possible 25.000019 (12.53 seconds)
Cbc0010I After 3400 nodes, 335 on tree, 37 best solution, best possible 25.000019 (12.80 seconds)
Cbc0010I After 3500 nodes, 334 on tree, 37 best solution, best possible 25.000019 (13.07 seconds)
Cbc0038I Full problem 1933 rows 849 columns, reduced to 91 rows 48 columns
Cbc0012I Integer solution of 36 found by RINS after 47026 iterations and 3600 nodes (13.34 seconds)
Cbc0010I After 3600 nodes, 334 on tree, 36 best solution, best possible 25.000019 (13.34 seconds)
Cbc0010I After 3700 nodes, 381 on tree, 36 best solution, best possible 25.000019 (13.76 seconds)
Cbc0010I After 3800 nodes, 420 on tree, 36 best solution, best possible 25.000019 (14.09 seconds)
Cbc0010I After 3900 nodes, 453 on tree, 36 best solution, best possible 25.000019 (14.35 seconds)
Cbc0010I After 4000 nodes, 478 on tree, 36 best solution, best possible 25.000019 (14.60 seconds)
Cbc0010I After 4100 nodes, 528 on tree, 36 best solution, best possible 25.000019 (14.89 seconds)
Cbc0010I After 4200 nodes, 543 on tree, 36 best solution, best possible 25.000019 (15.23 seconds)
Cbc0010I After 4300 nodes, 543 on tree, 36 best solution, best possible 25.000019 (15.49 seconds)
Cbc0010I After 4400 nodes, 502 on tree, 36 best solution, best possible 25.000019 (15.71 seconds)
Cbc0010I After 4500 nodes, 476 on tree, 36 best solution, best possible 25.000019 (15.95 seconds)
Cbc0010I After 4600 nodes, 486 on tree, 36 best solution, best possible 25.000019 (16.31 seconds)
Cbc0010I After 4700 nodes, 502 on tree, 36 best solution, best possible 25.000019 (16.64 seconds)
Cbc0010I After 4800 nodes, 511 on tree, 36 best solution, best possible 25.000019 (16.91 seconds)
Cbc0038I Full problem 1933 rows 849 columns, reduced to 68 rows 38 columns
Cbc0010I After 4900 nodes, 527 on tree, 36 best solution, best possible 25.000019 (17.19 seconds)
Cbc0010I After 5000 nodes, 540 on tree, 36 best solution, best possible 25.000019 (17.40 seconds)
Cbc0010I After 5100 nodes, 541 on tree, 36 best solution, best possible 25.000019 (17.65 seconds)
Cbc0010I After 5200 nodes, 535 on tree, 36 best solution, best possible 25.000019 (17.92 seconds)
Cbc0010I After 5300 nodes, 539 on tree, 36 best solution, best possible 25.000019 (18.18 seconds)
Cbc0010I After 5400 nodes, 524 on tree, 36 best solution, best possible 25.000019 (18.38 seconds)
Cbc0010I After 5500 nodes, 519 on tree, 36 best solution, best possible 25.000019 (18.63 seconds)
Cbc0010I After 5600 nodes, 509 on tree, 36 best solution, best possible 25.000019 (18.84 seconds)
Cbc0010I After 5700 nodes, 508 on tree, 36 best solution, best possible 25.000019 (19.07 seconds)
Cbc0010I After 5800 nodes, 506 on tree, 36 best solution, best possible 25.000019 (19.29 seconds)
Cbc0010I After 5900 nodes, 490 on tree, 36 best solution, best possible 25.000019 (19.46 seconds)
Cbc0010I After 6000 nodes, 482 on tree, 36 best solution, best possible 25.000019 (19.71 seconds)
Cbc0038I Full problem 1933 rows 849 columns, reduced to 90 rows 47 columns
Cbc0010I After 6100 nodes, 481 on tree, 36 best solution, best possible 25.000019 (19.93 seconds)
Cbc0010I After 6200 nodes, 476 on tree, 36 best solution, best possible 25.000019 (20.19 seconds)
Cbc0010I After 6300 nodes, 472 on tree, 36 best solution, best possible 25.000019 (20.39 seconds)
Cbc0010I After 6400 nodes, 473 on tree, 36 best solution, best possible 25.000019 (20.58 seconds)
Cbc0010I After 6500 nodes, 480 on tree, 36 best solution, best possible 25.000019 (20.80 seconds)
Cbc0010I After 6600 nodes, 471 on tree, 36 best solution, best possible 25.000019 (21.05 seconds)
Cbc0010I After 6700 nodes, 469 on tree, 36 best solution, best possible 25.000019 (21.27 seconds)
Cbc0010I After 6800 nodes, 479 on tree, 36 best solution, best possible 25.000019 (21.52 seconds)
Cbc0010I After 6900 nodes, 475 on tree, 36 best solution, best possible 25.000019 (21.76 seconds)
Cbc0010I After 7000 nodes, 470 on tree, 36 best solution, best possible 25.000019 (21.97 seconds)
Cbc0010I After 7100 nodes, 468 on tree, 36 best solution, best possible 25.000019 (22.20 seconds)
Cbc0038I Full problem 1933 rows 849 columns, reduced to 56 rows 36 columns
Cbc0010I After 7200 nodes, 461 on tree, 36 best solution, best possible 25.000019 (22.47 seconds)
Cbc0010I After 7300 nodes, 465 on tree, 36 best solution, best possible 25.000019 (22.74 seconds)
Cbc0010I After 7400 nodes, 448 on tree, 36 best solution, best possible 25.000019 (22.94 seconds)
Cbc0010I After 7500 nodes, 446 on tree, 36 best solution, best possible 25.000019 (23.16 seconds)
Cbc0010I After 7600 nodes, 440 on tree, 36 best solution, best possible 25.000019 (23.34 seconds)
Cbc0010I After 7700 nodes, 434 on tree, 36 best solution, best possible 25.000019 (23.57 seconds)
Cbc0010I After 7800 nodes, 435 on tree, 36 best solution, best possible 25.000019 (23.86 seconds)
Cbc0010I After 7900 nodes, 438 on tree, 36 best solution, best possible 25.000019 (24.14 seconds)
Cbc0010I After 8000 nodes, 433 on tree, 36 best solution, best possible 25.000019 (24.41 seconds)
Cbc0010I After 8100 nodes, 420 on tree, 36 best solution, best possible 25.000019 (24.64 seconds)
Cbc0010I After 8200 nodes, 412 on tree, 36 best solution, best possible 25.000019 (24.83 seconds)
Cbc0010I After 8300 nodes, 407 on tree, 36 best solution, best possible 25.000019 (25.06 seconds)
Cbc0038I Full problem 1933 rows 849 columns, reduced to 104 rows 60 columns
Cbc0010I After 8400 nodes, 408 on tree, 36 best solution, best possible 25.000019 (25.31 seconds)
Cbc0010I After 8500 nodes, 409 on tree, 36 best solution, best possible 25.000019 (25.59 seconds)
Cbc0010I After 8600 nodes, 408 on tree, 36 best solution, best possible 25.000019 (25.87 seconds)
Cbc0010I After 8700 nodes, 409 on tree, 36 best solution, best possible 25.000019 (26.14 seconds)
Cbc0010I After 8800 nodes, 397 on tree, 36 best solution, best possible 25.000019 (26.38 seconds)
Cbc0010I After 8900 nodes, 398 on tree, 36 best solution, best possible 25.000019 (26.63 seconds)
Cbc0010I After 9000 nodes, 399 on tree, 36 best solution, best possible 25.000019 (26.85 seconds)
Cbc0010I After 9100 nodes, 398 on tree, 36 best solution, best possible 25.000019 (27.10 seconds)
Cbc0010I After 9200 nodes, 397 on tree, 36 best solution, best possible 25.000019 (27.36 seconds)
Cbc0010I After 9300 nodes, 398 on tree, 36 best solution, best possible 25.000019 (27.59 seconds)
Cbc0010I After 9400 nodes, 398 on tree, 36 best solution, best possible 25.000019 (27.85 seconds)
Cbc0010I After 9500 nodes, 396 on tree, 36 best solution, best possible 25.000019 (28.06 seconds)
Cbc0038I Full problem 1933 rows 849 columns, reduced to 86 rows 54 columns
Cbc0010I After 9600 nodes, 383 on tree, 36 best solution, best possible 25.000019 (28.27 seconds)
Cbc0010I After 9700 nodes, 383 on tree, 36 best solution, best possible 25.000019 (28.47 seconds)
Cbc0010I After 9800 nodes, 379 on tree, 36 best solution, best possible 25.000019 (28.67 seconds)
Cbc0010I After 9900 nodes, 369 on tree, 36 best solution, best possible 25.000019 (28.90 seconds)
Cbc0010I After 10000 nodes, 369 on tree, 36 best solution, best possible 25.000019 (29.16 seconds)
Cbc0010I After 10100 nodes, 374 on tree, 36 best solution, best possible 25.000019 (29.49 seconds)
Cbc0038I Full problem 1933 rows 849 columns, reduced to 95 rows 54 columns
Cbc0010I After 10200 nodes, 369 on tree, 36 best solution, best possible 25.000019 (29.79 seconds)
Cbc0010I After 10300 nodes, 370 on tree, 36 best solution, best possible 25.000019 (30.02 seconds)
Cbc0010I After 10400 nodes, 369 on tree, 36 best solution, best possible 25.000019 (30.26 seconds)
Cbc0010I After 10500 nodes, 366 on tree, 36 best solution, best possible 25.000019 (30.48 seconds)
Cbc0010I After 10600 nodes, 366 on tree, 36 best solution, best possible 25.000019 (30.72 seconds)
Cbc0010I After 10700 nodes, 360 on tree, 36 best solution, best possible 25.000019 (30.96 seconds)
Cbc0038I Full problem 1933 rows 849 columns, reduced to 52 rows 35 columns
Cbc0010I After 10800 nodes, 355 on tree, 36 best solution, best possible 25.000019 (31.19 seconds)
Cbc0010I After 10900 nodes, 352 on tree, 36 best solution, best possible 25.000019 (31.39 seconds)
Cbc0010I After 11000 nodes, 346 on tree, 36 best solution, best possible 25.000019 (31.59 seconds)
Cbc0010I After 11100 nodes, 385 on tree, 36 best solution, best possible 30.000007 (32.38 seconds)
Cbc0010I After 11200 nodes, 434 on tree, 36 best solution, best possible 30.000008 (32.63 seconds)
Cbc0010I After 11300 nodes, 485 on tree, 36 best solution, best possible 30.000008 (32.90 seconds)
Cbc0010I After 11400 nodes, 535 on tree, 36 best solution, best possible 30.000012 (33.24 seconds)
Cbc0010I After 11500 nodes, 547 on tree, 36 best solution, best possible 31.000006 (33.86 seconds)
Cbc0010I After 11600 nodes, 599 on tree, 36 best solution, best possible 31.000006 (34.23 seconds)
Cbc0010I After 11700 nodes, 649 on tree, 36 best solution, best possible 31.000006 (34.64 seconds)
Cbc0010I After 11800 nodes, 699 on tree, 36 best solution, best possible 31.000006 (35.00 seconds)
Cbc0010I After 11900 nodes, 747 on tree, 36 best solution, best possible 31.000006 (35.30 seconds)
Cbc0010I After 12000 nodes, 797 on tree, 36 best solution, best possible 31.000006 (35.61 seconds)
Cbc0010I After 12100 nodes, 846 on tree, 36 best solution, best possible 31.000006 (35.94 seconds)
Cbc0010I After 12200 nodes, 896 on tree, 36 best solution, best possible 31.000006 (36.19 seconds)
Cbc0010I After 12300 nodes, 940 on tree, 36 best solution, best possible 31.000006 (36.44 seconds)
Cbc0010I After 12400 nodes, 967 on tree, 36 best solution, best possible 31.000006 (36.84 seconds)
Cbc0010I After 12500 nodes, 1041 on tree, 36 best solution, best possible 31.000006 (37.15 seconds)
Cbc0010I After 12600 nodes, 1062 on tree, 36 best solution, best possible 31.000006 (37.48 seconds)
Cbc0010I After 12700 nodes, 1103 on tree, 36 best solution, best possible 31.000006 (37.73 seconds)
Cbc0010I After 12800 nodes, 1152 on tree, 36 best solution, best possible 31.000007 (37.97 seconds)
Cbc0010I After 12900 nodes, 1207 on tree, 36 best solution, best possible 31.000007 (38.28 seconds)
Cbc0010I After 13000 nodes, 1229 on tree, 36 best solution, best possible 31.000007 (38.54 seconds)
Cbc0010I After 13100 nodes, 1223 on tree, 36 best solution, best possible 31.000007 (38.80 seconds)
Cbc0010I After 13200 nodes, 1215 on tree, 36 best solution, best possible 31.000007 (39.02 seconds)
Cbc0010I After 13300 nodes, 1208 on tree, 36 best solution, best possible 31.000007 (39.27 seconds)
Cbc0010I After 13400 nodes, 1198 on tree, 36 best solution, best possible 31.000007 (39.52 seconds)
Cbc0010I After 13500 nodes, 1193 on tree, 36 best solution, best possible 31.000007 (39.76 seconds)
Cbc0010I After 13600 nodes, 1184 on tree, 36 best solution, best possible 31.000007 (39.99 seconds)
Cbc0010I After 13700 nodes, 1176 on tree, 36 best solution, best possible 31.000007 (40.22 seconds)
Cbc0010I After 13800 nodes, 1173 on tree, 36 best solution, best possible 31.000007 (40.44 seconds)
Cbc0010I After 13900 nodes, 1159 on tree, 36 best solution, best possible 31.000007 (40.69 seconds)
Cbc0010I After 14000 nodes, 1155 on tree, 36 best solution, best possible 31.000007 (40.93 seconds)
Cbc0010I After 14100 nodes, 1183 on tree, 36 best solution, best possible 31.000007 (41.25 seconds)
Cbc0010I After 14200 nodes, 1219 on tree, 36 best solution, best possible 31.000007 (41.57 seconds)
Cbc0010I After 14300 nodes, 1295 on tree, 36 best solution, best possible 31.000007 (41.86 seconds)
Cbc0038I Full problem 1933 rows 849 columns, reduced to 148 rows 66 columns
Cbc0010I After 14400 nodes, 1388 on tree, 36 best solution, best possible 31.000007 (42.10 seconds)
Cbc0010I After 14500 nodes, 1388 on tree, 36 best solution, best possible 31.000007 (42.67 seconds)
Cbc0010I After 14600 nodes, 1431 on tree, 36 best solution, best possible 31.000007 (43.13 seconds)
Cbc0010I After 14700 nodes, 1471 on tree, 36 best solution, best possible 31.000007 (43.56 seconds)
Cbc0010I After 14800 nodes, 1505 on tree, 36 best solution, best possible 31.000007 (43.95 seconds)
Cbc0010I After 14900 nodes, 1560 on tree, 36 best solution, best possible 31.000007 (44.34 seconds)
Cbc0010I After 15000 nodes, 1606 on tree, 36 best solution, best possible 31.000007 (44.73 seconds)
Cbc0010I After 15100 nodes, 1687 on tree, 36 best solution, best possible 31.000007 (45.01 seconds)
Cbc0010I After 15200 nodes, 1703 on tree, 36 best solution, best possible 31.000007 (45.51 seconds)
Cbc0010I After 15300 nodes, 1753 on tree, 36 best solution, best possible 31.000007 (45.92 seconds)
Cbc0010I After 15400 nodes, 1806 on tree, 36 best solution, best possible 31.000007 (46.33 seconds)
Cbc0010I After 15500 nodes, 1893 on tree, 36 best solution, best possible 31.000007 (46.81 seconds)
Cbc0010I After 15600 nodes, 1993 on tree, 36 best solution, best possible 31.000007 (47.14 seconds)
Cbc0010I After 15700 nodes, 2017 on tree, 36 best solution, best possible 31.000007 (47.70 seconds)
Cbc0010I After 15800 nodes, 2017 on tree, 36 best solution, best possible 31.000007 (48.27 seconds)
Cbc0010I After 15900 nodes, 2060 on tree, 36 best solution, best possible 31.000007 (48.76 seconds)
Cbc0010I After 16000 nodes, 2100 on tree, 36 best solution, best possible 31.000007 (49.24 seconds)
Cbc0010I After 16100 nodes, 2182 on tree, 36 best solution, best possible 31.000007 (49.56 seconds)
Cbc0010I After 16200 nodes, 2202 on tree, 36 best solution, best possible 31.000007 (50.11 seconds)
Cbc0010I After 16300 nodes, 2277 on tree, 36 best solution, best possible 31.000007 (50.36 seconds)
Cbc0010I After 16400 nodes, 2305 on tree, 36 best solution, best possible 31.000007 (50.64 seconds)
Cbc0010I After 16500 nodes, 2405 on tree, 36 best solution, best possible 31.000007 (50.92 seconds)
Cbc0010I After 16600 nodes, 2504 on tree, 36 best solution, best possible 31.000007 (51.22 seconds)
Cbc0010I After 16700 nodes, 2504 on tree, 36 best solution, best possible 31.000007 (51.53 seconds)
Cbc0010I After 16800 nodes, 2504 on tree, 36 best solution, best possible 31.000007 (51.84 seconds)
Cbc0010I After 16900 nodes, 2551 on tree, 36 best solution, best possible 31.000007 (52.15 seconds)
Cbc0010I After 17000 nodes, 2611 on tree, 36 best solution, best possible 31.000007 (52.39 seconds)
Cbc0010I After 17100 nodes, 2615 on tree, 36 best solution, best possible 31.000007 (52.58 seconds)
Cbc0010I After 17200 nodes, 2609 on tree, 36 best solution, best possible 31.000007 (52.79 seconds)
Cbc0010I After 17300 nodes, 2608 on tree, 36 best solution, best possible 31.000007 (52.99 seconds)
Cbc0010I After 17400 nodes, 2605 on tree, 36 best solution, best possible 31.000007 (53.19 seconds)
Cbc0010I After 17500 nodes, 2596 on tree, 36 best solution, best possible 31.000007 (53.42 seconds)
Cbc0010I After 17600 nodes, 2596 on tree, 36 best solution, best possible 31.000007 (53.65 seconds)
Cbc0010I After 17700 nodes, 2594 on tree, 36 best solution, best possible 31.000007 (53.93 seconds)
Cbc0010I After 17800 nodes, 2594 on tree, 36 best solution, best possible 31.000007 (54.16 seconds)
Cbc0010I After 17900 nodes, 2596 on tree, 36 best solution, best possible 31.000007 (54.38 seconds)
Cbc0038I Full problem 1933 rows 849 columns, reduced to 95 rows 56 columns
Cbc0010I After 18000 nodes, 2590 on tree, 36 best solution, best possible 31.000007 (54.63 seconds)
Cbc0010I After 18100 nodes, 2634 on tree, 36 best solution, best possible 31.000007 (54.85 seconds)
Cbc0010I After 18200 nodes, 2691 on tree, 36 best solution, best possible 31.000007 (55.05 seconds)
Cbc0010I After 18300 nodes, 2791 on tree, 36 best solution, best possible 31.000007 (55.21 seconds)
Cbc0010I After 18400 nodes, 2872 on tree, 36 best solution, best possible 31.000007 (55.39 seconds)
Cbc0010I After 18500 nodes, 2872 on tree, 36 best solution, best possible 31.000007 (55.66 seconds)
Cbc0010I After 18600 nodes, 2885 on tree, 36 best solution, best possible 31.000007 (55.91 seconds)
Cbc0010I After 18700 nodes, 2942 on tree, 36 best solution, best possible 31.000007 (56.11 seconds)
Cbc0010I After 18800 nodes, 2992 on tree, 36 best solution, best possible 31.000007 (56.33 seconds)
Cbc0010I After 18900 nodes, 3032 on tree, 36 best solution, best possible 31.000007 (56.58 seconds)
Cbc0010I After 19000 nodes, 3109 on tree, 36 best solution, best possible 31.000007 (56.81 seconds)
Cbc0010I After 19100 nodes, 3135 on tree, 36 best solution, best possible 31.000007 (57.08 seconds)
Cbc0010I After 19200 nodes, 3196 on tree, 36 best solution, best possible 31.000007 (57.29 seconds)
Cbc0010I After 19300 nodes, 3239 on tree, 36 best solution, best possible 31.000007 (57.56 seconds)
Cbc0010I After 19400 nodes, 3339 on tree, 36 best solution, best possible 31.000007 (57.74 seconds)
Cbc0010I After 19500 nodes, 3423 on tree, 36 best solution, best possible 31.000007 (57.92 seconds)
Cbc0010I After 19600 nodes, 3423 on tree, 36 best solution, best possible 31.000007 (58.22 seconds)
Cbc0010I After 19700 nodes, 3433 on tree, 36 best solution, best possible 31.000007 (58.50 seconds)
Cbc0010I After 19800 nodes, 3490 on tree, 36 best solution, best possible 31.000007 (58.72 seconds)
Cbc0010I After 19900 nodes, 3536 on tree, 36 best solution, best possible 31.000008 (58.96 seconds)
Cbc0010I After 20000 nodes, 3594 on tree, 36 best solution, best possible 31.000008 (59.18 seconds)
Cbc0010I After 20100 nodes, 3648 on tree, 36 best solution, best possible 31.000008 (59.41 seconds)
Cbc0010I After 20200 nodes, 3684 on tree, 36 best solution, best possible 31.000008 (59.66 seconds)
Cbc0010I After 20300 nodes, 3769 on tree, 36 best solution, best possible 31.000008 (59.84 seconds)
Cbc0010I After 20400 nodes, 3869 on tree, 36 best solution, best possible 31.000008 (60.01 seconds)
Cbc0010I After 20500 nodes, 3897 on tree, 36 best solution, best possible 31.000008 (60.27 seconds)
Cbc0010I After 20600 nodes, 3897 on tree, 36 best solution, best possible 31.000008 (60.56 seconds)
Cbc0010I After 20700 nodes, 3940 on tree, 36 best solution, best possible 31.000008 (60.79 seconds)
Cbc0010I After 20800 nodes, 3978 on tree, 36 best solution, best possible 31.000008 (61.04 seconds)
Cbc0010I After 20900 nodes, 4044 on tree, 36 best solution, best possible 31.000008 (61.28 seconds)
Cbc0010I After 21000 nodes, 4078 on tree, 36 best solution, best possible 31.000008 (61.51 seconds)
Cbc0010I After 21100 nodes, 4094 on tree, 36 best solution, best possible 31.000008 (61.66 seconds)
Cbc0010I After 21200 nodes, 4087 on tree, 36 best solution, best possible 31.000008 (61.81 seconds)
Cbc0010I After 21300 nodes, 4086 on tree, 36 best solution, best possible 31.000008 (61.97 seconds)
Cbc0010I After 21400 nodes, 4085 on tree, 36 best solution, best possible 31.000008 (62.11 seconds)
Cbc0010I After 21500 nodes, 4077 on tree, 36 best solution, best possible 31.000008 (62.27 seconds)
Cbc0038I Full problem 1933 rows 849 columns, reduced to 69 rows 42 columns
Cbc0010I After 21600 nodes, 4067 on tree, 36 best solution, best possible 31.000008 (62.49 seconds)
Cbc0010I After 21700 nodes, 4062 on tree, 36 best solution, best possible 31.000008 (62.72 seconds)
Cbc0010I After 21800 nodes, 4062 on tree, 36 best solution, best possible 31.000008 (62.94 seconds)
Cbc0010I After 21900 nodes, 4062 on tree, 36 best solution, best possible 31.000008 (63.16 seconds)
Cbc0010I After 22000 nodes, 4061 on tree, 36 best solution, best possible 31.000008 (63.39 seconds)
Cbc0010I After 22100 nodes, 4112 on tree, 36 best solution, best possible 31.000008 (63.64 seconds)
Cbc0010I After 22200 nodes, 4190 on tree, 36 best solution, best possible 31.000008 (63.83 seconds)
Cbc0010I After 22300 nodes, 4290 on tree, 36 best solution, best possible 31.000008 (63.99 seconds)
Cbc0010I After 22400 nodes, 4341 on tree, 36 best solution, best possible 31.000008 (64.22 seconds)
Cbc0010I After 22500 nodes, 4341 on tree, 36 best solution, best possible 31.000008 (64.55 seconds)
Cbc0010I After 22600 nodes, 4380 on tree, 36 best solution, best possible 31.000008 (64.81 seconds)
Cbc0010I After 22700 nodes, 4420 on tree, 36 best solution, best possible 31.000008 (65.07 seconds)
Cbc0010I After 22800 nodes, 4476 on tree, 36 best solution, best possible 31.000008 (65.30 seconds)
Cbc0010I After 22900 nodes, 4512 on tree, 36 best solution, best possible 31.000008 (65.56 seconds)
Cbc0010I After 23000 nodes, 4580 on tree, 36 best solution, best possible 31.000008 (65.76 seconds)
Cbc0010I After 23100 nodes, 4624 on tree, 36 best solution, best possible 31.000008 (65.99 seconds)
Cbc0010I After 23200 nodes, 4724 on tree, 36 best solution, best possible 31.000008 (66.16 seconds)
Cbc0010I After 23300 nodes, 4806 on tree, 36 best solution, best possible 31.000008 (66.34 seconds)
Cbc0010I After 23400 nodes, 4806 on tree, 36 best solution, best possible 31.000008 (66.64 seconds)
Cbc0010I After 23500 nodes, 4814 on tree, 36 best solution, best possible 31.000008 (66.92 seconds)
Cbc0010I After 23600 nodes, 4869 on tree, 36 best solution, best possible 31.000008 (67.14 seconds)
Cbc0010I After 23700 nodes, 4911 on tree, 36 best solution, best possible 31.000008 (67.38 seconds)
Cbc0010I After 23800 nodes, 4967 on tree, 36 best solution, best possible 31.000008 (67.60 seconds)
Cbc0010I After 23900 nodes, 5032 on tree, 36 best solution, best possible 31.000008 (67.80 seconds)
Cbc0010I After 24000 nodes, 5069 on tree, 36 best solution, best possible 31.000008 (68.05 seconds)
Cbc0010I After 24100 nodes, 5169 on tree, 36 best solution, best possible 31.000008 (68.21 seconds)
Cbc0010I After 24200 nodes, 5258 on tree, 36 best solution, best possible 31.000008 (68.38 seconds)
Cbc0010I After 24300 nodes, 5258 on tree, 36 best solution, best possible 31.000008 (68.68 seconds)
Cbc0010I After 24400 nodes, 5259 on tree, 36 best solution, best possible 31.000008 (68.97 seconds)
Cbc0010I After 24500 nodes, 5316 on tree, 36 best solution, best possible 31.000008 (69.18 seconds)
Cbc0010I After 24600 nodes, 5374 on tree, 36 best solution, best possible 31.000008 (69.40 seconds)
Cbc0010I After 24700 nodes, 5417 on tree, 36 best solution, best possible 31.000008 (69.64 seconds)
Cbc0010I After 24800 nodes, 5466 on tree, 36 best solution, best possible 31.000009 (69.88 seconds)
Cbc0010I After 24900 nodes, 5566 on tree, 36 best solution, best possible 31.000009 (70.05 seconds)
Cbc0010I After 25000 nodes, 5652 on tree, 36 best solution, best possible 31.000009 (70.24 seconds)
Cbc0010I After 25100 nodes, 5646 on tree, 36 best solution, best possible 31.000009 (70.43 seconds)
Cbc0010I After 25200 nodes, 5636 on tree, 36 best solution, best possible 31.000009 (70.64 seconds)
Cbc0010I After 25300 nodes, 5632 on tree, 36 best solution, best possible 31.000009 (70.88 seconds)
Cbc0010I After 25400 nodes, 5616 on tree, 36 best solution, best possible 31.000009 (71.11 seconds)
Cbc0010I After 25500 nodes, 5601 on tree, 36 best solution, best possible 31.000009 (71.35 seconds)
Cbc0010I After 25600 nodes, 5596 on tree, 36 best solution, best possible 31.000009 (71.59 seconds)
Cbc0010I After 25700 nodes, 5591 on tree, 36 best solution, best possible 31.000009 (71.81 seconds)
Cbc0010I After 25800 nodes, 5578 on tree, 36 best solution, best possible 31.000009 (72.03 seconds)
Cbc0010I After 25900 nodes, 5546 on tree, 36 best solution, best possible 31.000009 (72.27 seconds)
Cbc0010I After 26000 nodes, 5546 on tree, 36 best solution, best possible 31.000009 (72.51 seconds)
Cbc0010I After 26100 nodes, 5546 on tree, 36 best solution, best possible 31.000009 (72.83 seconds)
Cbc0010I After 26200 nodes, 5551 on tree, 36 best solution, best possible 31.000009 (73.13 seconds)
Cbc0010I After 26300 nodes, 5603 on tree, 36 best solution, best possible 31.000009 (73.36 seconds)
Cbc0010I After 26400 nodes, 5658 on tree, 36 best solution, best possible 31.000009 (73.59 seconds)
Cbc0010I After 26500 nodes, 5722 on tree, 36 best solution, best possible 31.000009 (73.81 seconds)
Cbc0010I After 26600 nodes, 5749 on tree, 36 best solution, best possible 31.000009 (74.08 seconds)
Cbc0010I After 26700 nodes, 5821 on tree, 36 best solution, best possible 31.000009 (74.37 seconds)
Cbc0010I After 26800 nodes, 5921 on tree, 36 best solution, best possible 31.000009 (74.54 seconds)
Cbc0010I After 26900 nodes, 5915 on tree, 36 best solution, best possible 31.000009 (74.79 seconds)
Cbc0010I After 27000 nodes, 5937 on tree, 36 best solution, best possible 31.000009 (75.05 seconds)
Cbc0010I After 27100 nodes, 6037 on tree, 36 best solution, best possible 31.000009 (75.22 seconds)
Cbc0010I After 27200 nodes, 6088 on tree, 36 best solution, best possible 31.000009 (75.42 seconds)
Cbc0010I After 27300 nodes, 6082 on tree, 36 best solution, best possible 31.000009 (75.72 seconds)
Cbc0010I After 27400 nodes, 6114 on tree, 36 best solution, best possible 31.000009 (75.99 seconds)
Cbc0010I After 27500 nodes, 6162 on tree, 36 best solution, best possible 31.000009 (76.24 seconds)
Cbc0010I After 27600 nodes, 6255 on tree, 36 best solution, best possible 31.000009 (76.79 seconds)
Cbc0010I After 27700 nodes, 6355 on tree, 36 best solution, best possible 31.000009 (76.95 seconds)
Cbc0010I After 27800 nodes, 6373 on tree, 36 best solution, best possible 31.000009 (77.22 seconds)
Cbc0010I After 27900 nodes, 6373 on tree, 36 best solution, best possible 31.000009 (77.54 seconds)
Cbc0010I After 28000 nodes, 6415 on tree, 36 best solution, best possible 31.000009 (77.77 seconds)
Cbc0010I After 28100 nodes, 6507 on tree, 36 best solution, best possible 31.000009 (77.94 seconds)
Cbc0010I After 28200 nodes, 6485 on tree, 36 best solution, best possible 31.000009 (78.21 seconds)
Cbc0010I After 28300 nodes, 6535 on tree, 36 best solution, best possible 31.000009 (78.43 seconds)
Cbc0010I After 28400 nodes, 6586 on tree, 36 best solution, best possible 31.00001 (78.64 seconds)
Cbc0010I After 28500 nodes, 6628 on tree, 36 best solution, best possible 31.00001 (78.89 seconds)
Cbc0010I After 28600 nodes, 6677 on tree, 36 best solution, best possible 31.00001 (79.14 seconds)
Cbc0010I After 28700 nodes, 6726 on tree, 36 best solution, best possible 31.00001 (79.37 seconds)
Cbc0038I Full problem 1933 rows 849 columns, reduced to 61 rows 39 columns
Cbc0010I After 28800 nodes, 6815 on tree, 36 best solution, best possible 31.00001 (79.56 seconds)
Cbc0010I After 28900 nodes, 6855 on tree, 36 best solution, best possible 31.00001 (79.82 seconds)
Cbc0010I After 29000 nodes, 6890 on tree, 36 best solution, best possible 31.00001 (80.08 seconds)
Cbc0010I After 29100 nodes, 6897 on tree, 36 best solution, best possible 31.00001 (80.27 seconds)
Cbc0010I After 29200 nodes, 6878 on tree, 36 best solution, best possible 31.00001 (80.49 seconds)
Cbc0010I After 29300 nodes, 6870 on tree, 36 best solution, best possible 31.00001 (80.73 seconds)
Cbc0010I After 29400 nodes, 6853 on tree, 36 best solution, best possible 31.00001 (80.96 seconds)
Cbc0010I After 29500 nodes, 6829 on tree, 36 best solution, best possible 31.00001 (81.21 seconds)
Cbc0010I After 29600 nodes, 6815 on tree, 36 best solution, best possible 31.00001 (81.47 seconds)
Cbc0010I After 29700 nodes, 6802 on tree, 36 best solution, best possible 31.00001 (81.72 seconds)
Cbc0010I After 29800 nodes, 6785 on tree, 36 best solution, best possible 31.00001 (81.85 seconds)
Cbc0010I After 29900 nodes, 6745 on tree, 36 best solution, best possible 31.00001 (82.06 seconds)
Cbc0010I After 30000 nodes, 6735 on tree, 36 best solution, best possible 31.00001 (82.35 seconds)
Cbc0010I After 30100 nodes, 6784 on tree, 36 best solution, best possible 31.00001 (82.84 seconds)
Cbc0010I After 30200 nodes, 6824 on tree, 36 best solution, best possible 31.00001 (83.29 seconds)
Cbc0010I After 30300 nodes, 6885 on tree, 36 best solution, best possible 31.000011 (83.62 seconds)
Cbc0010I After 30400 nodes, 6915 on tree, 36 best solution, best possible 31.000011 (84.17 seconds)
Cbc0010I After 30500 nodes, 6957 on tree, 36 best solution, best possible 31.000011 (84.63 seconds)
Cbc0010I After 30600 nodes, 6998 on tree, 36 best solution, best possible 31.000011 (85.12 seconds)
Cbc0010I After 30700 nodes, 7098 on tree, 36 best solution, best possible 31.000011 (85.34 seconds)
Cbc0010I After 30800 nodes, 7192 on tree, 36 best solution, best possible 31.000011 (85.59 seconds)
Cbc0010I After 30900 nodes, 7192 on tree, 36 best solution, best possible 31.000011 (85.96 seconds)
Cbc0010I After 31000 nodes, 7154 on tree, 36 best solution, best possible 31.000012 (86.21 seconds)
Cbc0010I After 31100 nodes, 7232 on tree, 36 best solution, best possible 31.000012 (86.50 seconds)
Cbc0010I After 31200 nodes, 7265 on tree, 36 best solution, best possible 31.000012 (86.86 seconds)
Cbc0010I After 31300 nodes, 7312 on tree, 36 best solution, best possible 31.000012 (87.21 seconds)
Cbc0010I After 31400 nodes, 7396 on tree, 36 best solution, best possible 31.000012 (87.48 seconds)
Cbc0010I After 31500 nodes, 7397 on tree, 36 best solution, best possible 31.000012 (87.91 seconds)
Cbc0010I After 31600 nodes, 7462 on tree, 36 best solution, best possible 31.000012 (88.12 seconds)
Cbc0010I After 31700 nodes, 7444 on tree, 36 best solution, best possible 31.000016 (88.33 seconds)
Cbc0010I After 31800 nodes, 7387 on tree, 36 best solution, best possible 31.000016 (88.44 seconds)
Cbc0010I After 31900 nodes, 7375 on tree, 36 best solution, best possible 31.000017 (88.56 seconds)
Cbc0010I After 32000 nodes, 7305 on tree, 36 best solution, best possible 31.000017 (88.66 seconds)
Cbc0010I After 32100 nodes, 7248 on tree, 36 best solution, best possible 31.000017 (88.77 seconds)
Cbc0010I After 32200 nodes, 7231 on tree, 36 best solution, best possible 31.000017 (88.87 seconds)
Cbc0010I After 32300 nodes, 7206 on tree, 36 best solution, best possible 31.000017 (88.97 seconds)
Cbc0010I After 32400 nodes, 7106 on tree, 36 best solution, best possible 31.000017 (89.08 seconds)
Cbc0010I After 32500 nodes, 7123 on tree, 36 best solution, best possible 32.000006 (89.62 seconds)
Cbc0010I After 32600 nodes, 7165 on tree, 36 best solution, best possible 32.000006 (89.91 seconds)
Cbc0010I After 32700 nodes, 7207 on tree, 36 best solution, best possible 32.000007 (90.11 seconds)
Cbc0010I After 32800 nodes, 7253 on tree, 36 best solution, best possible 32.000007 (90.42 seconds)
Cbc0010I After 32900 nodes, 7159 on tree, 36 best solution, best possible 32.000007 (90.65 seconds)
Cbc0010I After 33000 nodes, 7171 on tree, 36 best solution, best possible 32.000007 (90.96 seconds)
Cbc0010I After 33100 nodes, 7156 on tree, 36 best solution, best possible 32.000007 (91.14 seconds)
Cbc0010I After 33200 nodes, 7110 on tree, 36 best solution, best possible 32.000007 (91.34 seconds)
Cbc0010I After 33300 nodes, 7060 on tree, 36 best solution, best possible 32.000007 (91.60 seconds)
Cbc0010I After 33400 nodes, 7041 on tree, 36 best solution, best possible 32.000007 (91.74 seconds)
Cbc0010I After 33500 nodes, 7006 on tree, 36 best solution, best possible 32.000007 (91.87 seconds)
Cbc0010I After 33600 nodes, 6963 on tree, 36 best solution, best possible 32.000007 (92.10 seconds)
Cbc0010I After 33700 nodes, 6915 on tree, 36 best solution, best possible 32.000007 (92.29 seconds)
Cbc0010I After 33800 nodes, 6865 on tree, 36 best solution, best possible 32.000007 (92.56 seconds)
Cbc0010I After 33900 nodes, 6819 on tree, 36 best solution, best possible 32.000007 (92.81 seconds)
Cbc0010I After 34000 nodes, 6778 on tree, 36 best solution, best possible 32.000007 (93.06 seconds)
Cbc0010I After 34100 nodes, 6772 on tree, 36 best solution, best possible 32.000007 (93.26 seconds)
Cbc0010I After 34200 nodes, 6846 on tree, 36 best solution, best possible 32.000007 (93.46 seconds)
Cbc0010I After 34300 nodes, 6828 on tree, 36 best solution, best possible 32.000007 (93.70 seconds)
Cbc0010I After 34400 nodes, 6770 on tree, 36 best solution, best possible 32.000007 (93.92 seconds)
Cbc0010I After 34500 nodes, 6764 on tree, 36 best solution, best possible 32.000007 (94.19 seconds)
Cbc0010I After 34600 nodes, 6768 on tree, 36 best solution, best possible 32.000007 (94.43 seconds)
Cbc0010I After 34700 nodes, 6858 on tree, 36 best solution, best possible 32.000007 (94.69 seconds)
Cbc0010I After 34800 nodes, 6816 on tree, 36 best solution, best possible 32.000007 (94.92 seconds)
Cbc0010I After 34900 nodes, 6772 on tree, 36 best solution, best possible 32.000007 (95.14 seconds)
Cbc0010I After 35000 nodes, 6766 on tree, 36 best solution, best possible 32.000007 (95.40 seconds)
Cbc0010I After 35100 nodes, 6766 on tree, 36 best solution, best possible 32.000007 (95.62 seconds)
Cbc0010I After 35200 nodes, 6774 on tree, 36 best solution, best possible 32.000007 (95.77 seconds)
Cbc0010I After 35300 nodes, 6874 on tree, 36 best solution, best possible 32.000007 (95.97 seconds)
Cbc0010I After 35400 nodes, 6887 on tree, 36 best solution, best possible 32.000007 (96.19 seconds)
Cbc0010I After 35500 nodes, 6934 on tree, 36 best solution, best possible 32.000007 (96.37 seconds)
Cbc0010I After 35600 nodes, 6962 on tree, 36 best solution, best possible 32.000007 (96.59 seconds)
Cbc0010I After 35700 nodes, 6970 on tree, 36 best solution, best possible 32.000007 (96.78 seconds)
Cbc0010I After 35800 nodes, 7010 on tree, 36 best solution, best possible 32.000007 (96.95 seconds)
Cbc0010I After 35900 nodes, 7056 on tree, 36 best solution, best possible 32.000007 (97.15 seconds)
Cbc0038I Full problem 1933 rows 849 columns, reduced to 62 rows 39 columns
Cbc0010I After 36000 nodes, 6964 on tree, 36 best solution, best possible 32.000007 (97.40 seconds)
Cbc0010I After 36100 nodes, 6960 on tree, 36 best solution, best possible 32.000007 (97.61 seconds)
Cbc0010I After 36200 nodes, 6966 on tree, 36 best solution, best possible 32.000007 (97.82 seconds)
Cbc0010I After 36300 nodes, 7002 on tree, 36 best solution, best possible 32.000007 (98.04 seconds)
Cbc0010I After 36400 nodes, 7064 on tree, 36 best solution, best possible 32.000007 (98.23 seconds)
Cbc0010I After 36500 nodes, 6964 on tree, 36 best solution, best possible 32.000007 (98.46 seconds)
Cbc0010I After 36600 nodes, 6962 on tree, 36 best solution, best possible 32.000007 (98.66 seconds)
Cbc0010I After 36700 nodes, 6962 on tree, 36 best solution, best possible 32.000007 (98.84 seconds)
Cbc0010I After 36800 nodes, 6962 on tree, 36 best solution, best possible 32.000007 (99.04 seconds)
Cbc0010I After 36900 nodes, 6960 on tree, 36 best solution, best possible 32.000007 (99.23 seconds)
Cbc0010I After 37000 nodes, 7036 on tree, 36 best solution, best possible 32.000007 (99.40 seconds)
Cbc0010I After 37100 nodes, 7049 on tree, 36 best solution, best possible 32.000007 (99.56 seconds)
Cbc0010I After 37200 nodes, 7044 on tree, 36 best solution, best possible 32.000007 (99.73 seconds)
Cbc0010I After 37300 nodes, 7048 on tree, 36 best solution, best possible 32.000007 (99.87 seconds)
Cbc0010I After 37400 nodes, 7052 on tree, 36 best solution, best possible 32.000007 (100.01 seconds)
Cbc0010I After 37500 nodes, 7056 on tree, 36 best solution, best possible 32.000007 (100.16 seconds)
Cbc0010I After 37600 nodes, 7057 on tree, 36 best solution, best possible 32.000007 (100.31 seconds)
Cbc0010I After 37700 nodes, 7047 on tree, 36 best solution, best possible 32.000007 (100.45 seconds)
Cbc0010I After 37800 nodes, 7043 on tree, 36 best solution, best possible 32.000007 (100.60 seconds)
Cbc0010I After 37900 nodes, 7049 on tree, 36 best solution, best possible 32.000007 (100.75 seconds)
Cbc0010I After 38000 nodes, 7043 on tree, 36 best solution, best possible 32.000007 (100.88 seconds)
Cbc0010I After 38100 nodes, 6973 on tree, 36 best solution, best possible 32.000007 (101.11 seconds)
Cbc0010I After 38200 nodes, 6979 on tree, 36 best solution, best possible 32.000007 (101.32 seconds)
Cbc0010I After 38300 nodes, 6981 on tree, 36 best solution, best possible 32.000007 (101.52 seconds)
Cbc0010I After 38400 nodes, 7008 on tree, 36 best solution, best possible 32.000007 (101.70 seconds)
Cbc0010I After 38500 nodes, 7056 on tree, 36 best solution, best possible 32.000008 (101.88 seconds)
Cbc0010I After 38600 nodes, 7111 on tree, 36 best solution, best possible 32.000008 (102.07 seconds)
Cbc0010I After 38700 nodes, 7133 on tree, 36 best solution, best possible 32.000008 (102.29 seconds)
Cbc0010I After 38800 nodes, 7164 on tree, 36 best solution, best possible 32.000008 (102.51 seconds)
Cbc0010I After 38900 nodes, 7191 on tree, 36 best solution, best possible 32.000008 (102.71 seconds)
Cbc0010I After 39000 nodes, 7235 on tree, 36 best solution, best possible 32.000008 (102.92 seconds)
Cbc0010I After 39100 nodes, 7328 on tree, 36 best solution, best possible 32.000008 (103.08 seconds)
Cbc0010I After 39200 nodes, 7311 on tree, 36 best solution, best possible 32.000008 (103.32 seconds)
Cbc0010I After 39300 nodes, 7365 on tree, 36 best solution, best possible 32.000008 (103.51 seconds)
Cbc0010I After 39400 nodes, 7384 on tree, 36 best solution, best possible 32.000008 (103.74 seconds)
Cbc0010I After 39500 nodes, 7402 on tree, 36 best solution, best possible 32.000008 (103.90 seconds)
Cbc0038I Full problem 1933 rows 849 columns, reduced to 89 rows 54 columns
Cbc0010I After 39600 nodes, 7436 on tree, 36 best solution, best possible 32.000008 (104.11 seconds)
Cbc0010I After 39700 nodes, 7489 on tree, 36 best solution, best possible 32.000008 (104.30 seconds)
Cbc0010I After 39800 nodes, 7524 on tree, 36 best solution, best possible 32.000008 (104.51 seconds)
Cbc0010I After 39900 nodes, 7545 on tree, 36 best solution, best possible 32.000008 (104.71 seconds)
Cbc0010I After 40000 nodes, 7580 on tree, 36 best solution, best possible 32.000008 (104.92 seconds)
Cbc0010I After 40100 nodes, 7614 on tree, 36 best solution, best possible 32.000008 (105.12 seconds)
Cbc0010I After 40200 nodes, 7638 on tree, 36 best solution, best possible 32.000008 (105.31 seconds)
Cbc0010I After 40300 nodes, 7676 on tree, 36 best solution, best possible 32.000008 (105.51 seconds)
Cbc0010I After 40400 nodes, 7762 on tree, 36 best solution, best possible 32.000008 (105.68 seconds)
Cbc0010I After 40500 nodes, 7758 on tree, 36 best solution, best possible 32.000008 (105.92 seconds)
Cbc0010I After 40600 nodes, 7805 on tree, 36 best solution, best possible 32.000008 (106.12 seconds)
Cbc0010I After 40700 nodes, 7818 on tree, 36 best solution, best possible 32.000009 (106.32 seconds)
Cbc0010I After 40800 nodes, 7837 on tree, 36 best solution, best possible 32.000009 (106.53 seconds)
Cbc0010I After 40900 nodes, 7853 on tree, 36 best solution, best possible 32.000009 (106.71 seconds)
Cbc0010I After 41000 nodes, 7953 on tree, 36 best solution, best possible 32.000009 (106.87 seconds)
Cbc0010I After 41100 nodes, 7967 on tree, 36 best solution, best possible 32.000009 (107.02 seconds)
Cbc0010I After 41200 nodes, 7969 on tree, 36 best solution, best possible 32.000009 (107.16 seconds)
Cbc0010I After 41300 nodes, 7971 on tree, 36 best solution, best possible 32.000009 (107.30 seconds)
Cbc0010I After 41400 nodes, 7967 on tree, 36 best solution, best possible 32.000009 (107.45 seconds)
Cbc0010I After 41500 nodes, 7963 on tree, 36 best solution, best possible 32.000009 (107.59 seconds)
Cbc0010I After 41600 nodes, 7953 on tree, 36 best solution, best possible 32.000009 (107.73 seconds)
Cbc0010I After 41700 nodes, 7956 on tree, 36 best solution, best possible 32.000009 (107.88 seconds)
Cbc0010I After 41800 nodes, 7958 on tree, 36 best solution, best possible 32.000009 (108.03 seconds)
Cbc0010I After 41900 nodes, 7947 on tree, 36 best solution, best possible 32.000009 (108.20 seconds)
Cbc0010I After 42000 nodes, 7936 on tree, 36 best solution, best possible 32.000009 (108.40 seconds)
Cbc0010I After 42100 nodes, 7844 on tree, 36 best solution, best possible 32.000009 (108.61 seconds)
Cbc0010I After 42200 nodes, 7838 on tree, 36 best solution, best possible 32.000009 (108.80 seconds)
Cbc0010I After 42300 nodes, 7835 on tree, 36 best solution, best possible 32.000009 (108.99 seconds)
Cbc0010I After 42400 nodes, 7864 on tree, 36 best solution, best possible 32.000009 (109.18 seconds)
Cbc0010I After 42500 nodes, 7960 on tree, 36 best solution, best possible 32.000009 (109.34 seconds)
Cbc0010I After 42600 nodes, 7944 on tree, 36 best solution, best possible 32.000009 (109.58 seconds)
Cbc0010I After 42700 nodes, 8002 on tree, 36 best solution, best possible 32.000009 (109.77 seconds)
Cbc0010I After 42800 nodes, 8034 on tree, 36 best solution, best possible 32.000009 (109.98 seconds)
Cbc0010I After 42900 nodes, 8055 on tree, 36 best solution, best possible 32.00001 (110.19 seconds)
Cbc0010I After 43000 nodes, 8103 on tree, 36 best solution, best possible 32.00001 (110.52 seconds)
Cbc0010I After 43100 nodes, 8172 on tree, 36 best solution, best possible 32.00001 (110.96 seconds)
Cbc0038I Full problem 1933 rows 849 columns, reduced to 86 rows 37 columns
Cbc0010I After 43200 nodes, 8182 on tree, 36 best solution, best possible 32.00001 (111.26 seconds)
Cbc0010I After 43300 nodes, 8216 on tree, 36 best solution, best possible 32.00001 (111.60 seconds)
Cbc0010I After 43400 nodes, 8255 on tree, 36 best solution, best possible 32.00001 (111.89 seconds)
Cbc0010I After 43500 nodes, 8296 on tree, 36 best solution, best possible 32.000011 (112.24 seconds)
Cbc0010I After 43600 nodes, 8335 on tree, 36 best solution, best possible 32.000014 (112.68 seconds)
Cbc0010I After 43700 nodes, 8335 on tree, 36 best solution, best possible 32.000014 (112.96 seconds)
Cbc0010I After 43800 nodes, 8325 on tree, 36 best solution, best possible 32.000014 (113.21 seconds)
Cbc0010I After 43900 nodes, 8425 on tree, 36 best solution, best possible 32.000014 (113.38 seconds)
Cbc0010I After 44000 nodes, 8343 on tree, 36 best solution, best possible 32.000014 (113.67 seconds)
Cbc0010I After 44100 nodes, 8359 on tree, 36 best solution, best possible 32.000015 (113.88 seconds)
Cbc0010I After 44200 nodes, 8411 on tree, 36 best solution, best possible 32.000015 (114.05 seconds)
Cbc0010I After 44300 nodes, 8456 on tree, 36 best solution, best possible 32.000015 (114.23 seconds)
Cbc0010I After 44400 nodes, 8505 on tree, 36 best solution, best possible 32.000015 (114.40 seconds)
Cbc0010I After 44500 nodes, 8589 on tree, 36 best solution, best possible 32.000015 (114.55 seconds)
Cbc0010I After 44600 nodes, 8615 on tree, 36 best solution, best possible 32.000015 (114.73 seconds)
Cbc0010I After 44700 nodes, 8624 on tree, 36 best solution, best possible 32.000015 (114.92 seconds)
Cbc0010I After 44800 nodes, 8656 on tree, 36 best solution, best possible 32.000015 (115.08 seconds)
Cbc0010I After 44900 nodes, 8689 on tree, 36 best solution, best possible 32.000016 (115.26 seconds)
Cbc0010I After 45000 nodes, 8721 on tree, 36 best solution, best possible 32.000016 (115.43 seconds)
Cbc0010I After 45100 nodes, 8724 on tree, 36 best solution, best possible 32.000016 (115.56 seconds)
Cbc0010I After 45200 nodes, 8699 on tree, 36 best solution, best possible 32.000016 (115.67 seconds)
Cbc0010I After 45300 nodes, 8671 on tree, 36 best solution, best possible 32.000016 (115.81 seconds)
Cbc0010I After 45400 nodes, 8641 on tree, 36 best solution, best possible 32.000016 (115.95 seconds)
Cbc0010I After 45500 nodes, 8617 on tree, 36 best solution, best possible 32.000016 (116.10 seconds)
Cbc0010I After 45600 nodes, 8596 on tree, 36 best solution, best possible 32.000016 (116.26 seconds)
Cbc0010I After 45700 nodes, 8562 on tree, 36 best solution, best possible 32.000016 (116.39 seconds)
Cbc0010I After 45800 nodes, 8545 on tree, 36 best solution, best possible 32.000016 (116.56 seconds)
Cbc0010I After 45900 nodes, 8517 on tree, 36 best solution, best possible 32.000016 (116.68 seconds)
Cbc0010I After 46000 nodes, 8475 on tree, 36 best solution, best possible 32.000016 (116.80 seconds)
Cbc0010I After 46100 nodes, 8536 on tree, 36 best solution, best possible 32.000016 (117.13 seconds)
Cbc0010I After 46200 nodes, 8562 on tree, 36 best solution, best possible 32.000016 (117.36 seconds)
Cbc0010I After 46300 nodes, 8560 on tree, 36 best solution, best possible 32.000017 (117.61 seconds)
Cbc0010I After 46400 nodes, 8553 on tree, 36 best solution, best possible 32.000017 (117.82 seconds)
Cbc0010I After 46500 nodes, 8508 on tree, 36 best solution, best possible 32.000019 (117.95 seconds)
Cbc0010I After 46600 nodes, 8467 on tree, 36 best solution, best possible 32.000023 (118.10 seconds)
Cbc0010I After 46700 nodes, 8405 on tree, 36 best solution, best possible 32.000025 (118.24 seconds)
Cbc0038I Full problem 1933 rows 849 columns, reduced to 135 rows 56 columns
Cbc0010I After 46800 nodes, 8412 on tree, 36 best solution, best possible 32.944853 (118.48 seconds)
Cbc0010I After 46900 nodes, 8459 on tree, 36 best solution, best possible 33.000006 (118.98 seconds)
Cbc0010I After 47000 nodes, 8505 on tree, 36 best solution, best possible 33.000006 (119.41 seconds)
Cbc0010I After 47100 nodes, 8549 on tree, 36 best solution, best possible 33.000006 (119.77 seconds)
Cbc0010I After 47200 nodes, 8594 on tree, 36 best solution, best possible 33.000006 (120.13 seconds)
Cbc0010I After 47300 nodes, 8642 on tree, 36 best solution, best possible 33.000007 (120.46 seconds)
Cbc0010I After 47400 nodes, 8742 on tree, 36 best solution, best possible 33.000007 (120.65 seconds)
Cbc0010I After 47500 nodes, 8786 on tree, 36 best solution, best possible 33.000007 (120.81 seconds)
Cbc0010I After 47600 nodes, 8686 on tree, 36 best solution, best possible 33.000007 (120.86 seconds)
Cbc0010I After 47700 nodes, 8660 on tree, 36 best solution, best possible 33.000007 (120.95 seconds)
Cbc0010I After 47800 nodes, 8760 on tree, 36 best solution, best possible 33.000007 (121.11 seconds)
Cbc0010I After 47900 nodes, 8726 on tree, 36 best solution, best possible 33.000007 (121.19 seconds)
Cbc0010I After 48000 nodes, 8626 on tree, 36 best solution, best possible 33.000007 (121.24 seconds)
Cbc0010I After 48100 nodes, 8660 on tree, 36 best solution, best possible 33.000007 (121.39 seconds)
Cbc0010I After 48200 nodes, 8760 on tree, 36 best solution, best possible 33.000007 (121.54 seconds)
Cbc0010I After 48300 nodes, 8742 on tree, 36 best solution, best possible 33.000007 (121.64 seconds)
Cbc0010I After 48400 nodes, 8642 on tree, 36 best solution, best possible 33.000007 (121.69 seconds)
Cbc0010I After 48500 nodes, 8624 on tree, 36 best solution, best possible 33.000007 (121.84 seconds)
Cbc0010I After 48600 nodes, 8724 on tree, 36 best solution, best possible 33.000007 (122.00 seconds)
Cbc0010I After 48700 nodes, 8778 on tree, 36 best solution, best possible 33.000007 (122.13 seconds)
Cbc0010I After 48800 nodes, 8678 on tree, 36 best solution, best possible 33.000007 (122.18 seconds)
Cbc0010I After 48900 nodes, 8624 on tree, 36 best solution, best possible 33.000007 (122.26 seconds)
Cbc0010I After 49000 nodes, 8724 on tree, 36 best solution, best possible 33.000007 (122.44 seconds)
Cbc0010I After 49100 nodes, 8683 on tree, 36 best solution, best possible 33.000007 (122.52 seconds)
Cbc0010I After 49200 nodes, 8650 on tree, 36 best solution, best possible 33.000007 (122.62 seconds)
Cbc0010I After 49300 nodes, 8622 on tree, 36 best solution, best possible 33.000007 (122.73 seconds)
Cbc0010I After 49400 nodes, 8577 on tree, 36 best solution, best possible 33.000007 (122.82 seconds)
Cbc0010I After 49500 nodes, 8549 on tree, 36 best solution, best possible 33.000007 (122.96 seconds)
Cbc0010I After 49600 nodes, 8514 on tree, 36 best solution, best possible 33.000007 (123.07 seconds)
Cbc0010I After 49700 nodes, 8473 on tree, 36 best solution, best possible 33.000007 (123.16 seconds)
Cbc0010I After 49800 nodes, 8429 on tree, 36 best solution, best possible 33.000007 (123.23 seconds)
Cbc0010I After 49900 nodes, 8393 on tree, 36 best solution, best possible 33.000007 (123.34 seconds)
Cbc0010I After 50000 nodes, 8359 on tree, 36 best solution, best possible 33.000007 (123.45 seconds)
Cbc0010I After 50100 nodes, 8413 on tree, 36 best solution, best possible 33.000007 (123.73 seconds)
Cbc0010I After 50200 nodes, 8313 on tree, 36 best solution, best possible 33.000007 (123.78 seconds)
Cbc0010I After 50300 nodes, 8259 on tree, 36 best solution, best possible 33.000008 (123.90 seconds)
Cbc0038I Full problem 1933 rows 849 columns, reduced to 55 rows 37 columns
Cbc0010I After 50400 nodes, 8351 on tree, 36 best solution, best possible 33.000008 (124.30 seconds)
Cbc0010I After 50500 nodes, 8413 on tree, 36 best solution, best possible 33.000008 (124.52 seconds)
Cbc0010I After 50600 nodes, 8313 on tree, 36 best solution, best possible 33.000008 (124.59 seconds)
Cbc0010I After 50700 nodes, 8259 on tree, 36 best solution, best possible 33.000008 (124.74 seconds)
Cbc0010I After 50800 nodes, 8258 on tree, 36 best solution, best possible 33.000014 (124.90 seconds)
Cbc0010I After 50900 nodes, 8208 on tree, 36 best solution, best possible 33.000014 (124.99 seconds)
Cbc0010I After 51000 nodes, 8190 on tree, 36 best solution, best possible 33.000014 (125.14 seconds)
Cbc0010I After 51100 nodes, 8234 on tree, 36 best solution, best possible 33.000014 (125.33 seconds)
Cbc0010I After 51200 nodes, 8161 on tree, 36 best solution, best possible 33.000014 (125.39 seconds)
Cbc0010I After 51300 nodes, 8146 on tree, 36 best solution, best possible 33.000014 (125.47 seconds)
Cbc0010I After 51400 nodes, 8049 on tree, 36 best solution, best possible 33.000014 (125.57 seconds)
Cbc0010I After 51500 nodes, 8056 on tree, 36 best solution, best possible 33.382359 (125.88 seconds)
Cbc0010I After 51600 nodes, 8070 on tree, 36 best solution, best possible 33.444853 (126.09 seconds)
Cbc0010I After 51700 nodes, 8108 on tree, 36 best solution, best possible 33.500006 (126.48 seconds)
Cbc0010I After 51800 nodes, 8128 on tree, 36 best solution, best possible 33.625006 (126.84 seconds)
Cbc0010I After 51900 nodes, 8143 on tree, 36 best solution, best possible 33.625006 (127.08 seconds)
Cbc0010I After 52000 nodes, 8143 on tree, 36 best solution, best possible 33.625006 (127.21 seconds)
Cbc0010I After 52100 nodes, 8130 on tree, 36 best solution, best possible 33.625006 (127.53 seconds)
Cbc0010I After 52200 nodes, 8104 on tree, 36 best solution, best possible 33.625006 (127.97 seconds)
Cbc0010I After 52300 nodes, 8092 on tree, 36 best solution, best possible 33.625007 (128.28 seconds)
Cbc0010I After 52400 nodes, 8089 on tree, 36 best solution, best possible 33.654418 (128.54 seconds)
Cbc0010I After 52500 nodes, 8079 on tree, 36 best solution, best possible 33.654418 (128.86 seconds)
Cbc0010I After 52600 nodes, 8056 on tree, 36 best solution, best possible 33.70081 (129.18 seconds)
Cbc0010I After 52700 nodes, 8043 on tree, 36 best solution, best possible 33.70081 (129.61 seconds)
Cbc0010I After 52800 nodes, 8043 on tree, 36 best solution, best possible 33.70081 (130.09 seconds)
Cbc0010I After 52900 nodes, 8040 on tree, 36 best solution, best possible 33.70081 (130.56 seconds)
Cbc0010I After 53000 nodes, 7940 on tree, 36 best solution, best possible 33.70081 (130.70 seconds)
Cbc0010I After 53100 nodes, 7896 on tree, 36 best solution, best possible 33.70081 (130.78 seconds)
Cbc0010I After 53200 nodes, 7847 on tree, 36 best solution, best possible 33.70081 (130.82 seconds)
Cbc0010I After 53300 nodes, 7817 on tree, 36 best solution, best possible 33.70081 (130.92 seconds)
Cbc0010I After 53400 nodes, 7776 on tree, 36 best solution, best possible 33.70081 (130.99 seconds)
Cbc0010I After 53500 nodes, 7744 on tree, 36 best solution, best possible 33.70081 (131.12 seconds)
Cbc0010I After 53600 nodes, 7712 on tree, 36 best solution, best possible 33.70081 (131.24 seconds)
Cbc0010I After 53700 nodes, 7662 on tree, 36 best solution, best possible 33.70081 (131.27 seconds)
Cbc0010I After 53800 nodes, 7614 on tree, 36 best solution, best possible 33.70081 (131.31 seconds)
Cbc0010I After 53900 nodes, 7576 on tree, 36 best solution, best possible 33.70081 (131.40 seconds)
Cbc0010I After 54000 nodes, 7531 on tree, 36 best solution, best possible 33.70081 (131.62 seconds)
Cbc0010I After 54100 nodes, 7431 on tree, 36 best solution, best possible 33.70081 (131.76 seconds)
Cbc0010I After 54200 nodes, 7351 on tree, 36 best solution, best possible 33.70081 (131.98 seconds)
Cbc0010I After 54300 nodes, 7306 on tree, 36 best solution, best possible 33.764712 (132.26 seconds)
Cbc0010I After 54400 nodes, 7261 on tree, 36 best solution, best possible 33.77907 (132.57 seconds)
Cbc0010I After 54500 nodes, 7249 on tree, 36 best solution, best possible 33.77907 (133.02 seconds)
Cbc0010I After 54600 nodes, 7249 on tree, 36 best solution, best possible 33.77907 (133.49 seconds)
Cbc0010I After 54700 nodes, 7249 on tree, 36 best solution, best possible 33.77907 (133.90 seconds)
Cbc0010I After 54800 nodes, 7249 on tree, 36 best solution, best possible 33.77907 (134.31 seconds)
Cbc0010I After 54900 nodes, 7249 on tree, 36 best solution, best possible 33.77907 (134.73 seconds)
Cbc0010I After 55000 nodes, 7249 on tree, 36 best solution, best possible 33.77907 (135.14 seconds)
Cbc0010I After 55100 nodes, 7249 on tree, 36 best solution, best possible 33.77907 (135.56 seconds)
Cbc0010I After 55200 nodes, 7197 on tree, 36 best solution, best possible 33.77907 (135.79 seconds)
Cbc0010I After 55300 nodes, 7097 on tree, 36 best solution, best possible 33.77907 (135.84 seconds)
Cbc0010I After 55400 nodes, 6997 on tree, 36 best solution, best possible 33.77907 (135.90 seconds)
Cbc0010I After 55500 nodes, 6897 on tree, 36 best solution, best possible 33.77907 (135.95 seconds)
Cbc0010I After 55600 nodes, 6797 on tree, 36 best solution, best possible 33.77907 (136.00 seconds)
Cbc0010I After 55700 nodes, 6697 on tree, 36 best solution, best possible 33.77907 (136.06 seconds)
Cbc0010I After 55800 nodes, 6597 on tree, 36 best solution, best possible 33.77907 (136.11 seconds)
Cbc0010I After 55900 nodes, 6509 on tree, 36 best solution, best possible 33.77907 (136.21 seconds)
Cbc0010I After 56000 nodes, 6469 on tree, 36 best solution, best possible 33.77907 (136.48 seconds)
Cbc0010I After 56100 nodes, 6410 on tree, 36 best solution, best possible 33.798045 (136.66 seconds)
Cbc0010I After 56200 nodes, 6417 on tree, 36 best solution, best possible 33.863627 (136.89 seconds)
Cbc0010I After 56300 nodes, 6404 on tree, 36 best solution, best possible 34.000004 (137.19 seconds)
Cbc0010I After 56400 nodes, 6347 on tree, 36 best solution, best possible 34.000004 (137.47 seconds)
Cbc0010I After 56500 nodes, 6285 on tree, 36 best solution, best possible 34.000006 (137.73 seconds)
Cbc0010I After 56600 nodes, 6314 on tree, 36 best solution, best possible 34.000006 (138.18 seconds)
Cbc0010I After 56700 nodes, 6315 on tree, 36 best solution, best possible 34.000006 (138.46 seconds)
Cbc0010I After 56800 nodes, 6295 on tree, 36 best solution, best possible 34.000007 (138.69 seconds)
Cbc0010I After 56900 nodes, 6288 on tree, 36 best solution, best possible 34.000009 (138.88 seconds)
Cbc0010I After 57000 nodes, 6293 on tree, 36 best solution, best possible 34.000011 (139.10 seconds)
Cbc0010I After 57100 nodes, 6256 on tree, 36 best solution, best possible 34.000011 (139.28 seconds)
Cbc0010I After 57200 nodes, 6206 on tree, 36 best solution, best possible 34.000011 (139.33 seconds)
Cbc0010I After 57300 nodes, 6156 on tree, 36 best solution, best possible 34.000011 (139.37 seconds)
Cbc0010I After 57400 nodes, 6115 on tree, 36 best solution, best possible 34.000011 (139.46 seconds)
Cbc0010I After 57500 nodes, 6080 on tree, 36 best solution, best possible 34.000011 (139.60 seconds)
Cbc0010I After 57600 nodes, 6033 on tree, 36 best solution, best possible 34.000011 (139.71 seconds)
Cbc0010I After 57700 nodes, 5988 on tree, 36 best solution, best possible 34.000011 (139.84 seconds)
Cbc0010I After 57800 nodes, 5938 on tree, 36 best solution, best possible 34.000011 (139.89 seconds)
Cbc0010I After 57900 nodes, 5895 on tree, 36 best solution, best possible 34.000011 (139.97 seconds)
Cbc0010I After 58000 nodes, 5856 on tree, 36 best solution, best possible 34.000011 (140.07 seconds)
Cbc0010I After 58100 nodes, 5823 on tree, 36 best solution, best possible 34.000012 (140.25 seconds)
Cbc0010I After 58200 nodes, 5775 on tree, 36 best solution, best possible 34.000014 (140.32 seconds)
Cbc0010I After 58300 nodes, 5752 on tree, 36 best solution, best possible 34.000018 (140.47 seconds)
Cbc0010I After 58400 nodes, 5742 on tree, 36 best solution, best possible 34.0625 (140.60 seconds)
Cbc0010I After 58500 nodes, 5695 on tree, 36 best solution, best possible 34.0625 (140.88 seconds)
Cbc0010I After 58600 nodes, 5660 on tree, 36 best solution, best possible 34.09127 (141.15 seconds)
Cbc0010I After 58700 nodes, 5659 on tree, 36 best solution, best possible 34.09127 (141.29 seconds)
Cbc0010I After 58800 nodes, 5651 on tree, 36 best solution, best possible 34.09127 (141.51 seconds)
Cbc0010I After 58900 nodes, 5616 on tree, 36 best solution, best possible 34.09127 (141.96 seconds)
Cbc0010I After 59000 nodes, 5610 on tree, 36 best solution, best possible 34.09127 (142.21 seconds)
Cbc0010I After 59100 nodes, 5610 on tree, 36 best solution, best possible 34.09127 (142.33 seconds)
Cbc0010I After 59200 nodes, 5610 on tree, 36 best solution, best possible 34.09127 (142.65 seconds)
Cbc0010I After 59300 nodes, 5588 on tree, 36 best solution, best possible 34.09127 (143.10 seconds)
Cbc0010I After 59400 nodes, 5579 on tree, 36 best solution, best possible 34.09127 (143.36 seconds)
Cbc0010I After 59500 nodes, 5571 on tree, 36 best solution, best possible 34.09127 (143.62 seconds)
Cbc0010I After 59600 nodes, 5556 on tree, 36 best solution, best possible 34.09127 (143.98 seconds)
Cbc0010I After 59700 nodes, 5541 on tree, 36 best solution, best possible 34.101778 (144.30 seconds)
Cbc0010I After 59800 nodes, 5530 on tree, 36 best solution, best possible 34.106895 (144.46 seconds)
Cbc0010I After 59900 nodes, 5530 on tree, 36 best solution, best possible 34.106895 (144.58 seconds)
Cbc0010I After 60000 nodes, 5530 on tree, 36 best solution, best possible 34.106895 (144.70 seconds)
Cbc0010I After 60100 nodes, 5530 on tree, 36 best solution, best possible 34.106895 (144.82 seconds)
Cbc0010I After 60200 nodes, 5530 on tree, 36 best solution, best possible 34.106895 (144.94 seconds)
Cbc0010I After 60300 nodes, 5500 on tree, 36 best solution, best possible 34.106895 (145.23 seconds)
Cbc0010I After 60400 nodes, 5455 on tree, 36 best solution, best possible 34.106895 (145.63 seconds)
Cbc0010I After 60500 nodes, 5380 on tree, 36 best solution, best possible 34.106895 (145.99 seconds)
Cbc0010I After 60600 nodes, 5330 on tree, 36 best solution, best possible 34.106895 (146.35 seconds)
Cbc0010I After 60700 nodes, 5271 on tree, 36 best solution, best possible 34.106895 (146.72 seconds)
Cbc0010I After 60800 nodes, 5225 on tree, 36 best solution, best possible 34.106895 (147.02 seconds)
Cbc0010I After 60900 nodes, 5212 on tree, 36 best solution, best possible 34.106895 (147.20 seconds)
Cbc0010I After 61000 nodes, 5168 on tree, 36 best solution, best possible 34.106895 (147.54 seconds)
Cbc0010I After 61100 nodes, 5121 on tree, 36 best solution, best possible 34.106895 (147.63 seconds)
Cbc0010I After 61200 nodes, 5096 on tree, 36 best solution, best possible 34.106895 (147.82 seconds)
Cbc0010I After 61300 nodes, 5066 on tree, 36 best solution, best possible 34.106895 (147.97 seconds)
Cbc0010I After 61400 nodes, 5033 on tree, 36 best solution, best possible 34.106895 (148.10 seconds)
Cbc0010I After 61500 nodes, 5008 on tree, 36 best solution, best possible 34.106895 (148.19 seconds)
Cbc0010I After 61600 nodes, 4963 on tree, 36 best solution, best possible 34.106895 (148.27 seconds)
Cbc0010I After 61700 nodes, 4913 on tree, 36 best solution, best possible 34.106895 (148.30 seconds)
Cbc0010I After 61800 nodes, 4864 on tree, 36 best solution, best possible 34.106895 (148.36 seconds)
Cbc0010I After 61900 nodes, 4817 on tree, 36 best solution, best possible 34.106895 (148.44 seconds)
Cbc0010I After 62000 nodes, 4767 on tree, 36 best solution, best possible 34.106895 (148.64 seconds)
Cbc0010I After 62100 nodes, 4743 on tree, 36 best solution, best possible 34.106895 (148.90 seconds)
Cbc0010I After 62200 nodes, 4721 on tree, 36 best solution, best possible 34.110367 (149.17 seconds)
Cbc0010I After 62300 nodes, 4698 on tree, 36 best solution, best possible 34.117477 (149.44 seconds)
Cbc0010I After 62400 nodes, 4698 on tree, 36 best solution, best possible 34.117477 (149.56 seconds)
Cbc0010I After 62500 nodes, 4698 on tree, 36 best solution, best possible 34.117477 (149.67 seconds)
Cbc0010I After 62600 nodes, 4698 on tree, 36 best solution, best possible 34.117477 (149.80 seconds)
Cbc0010I After 62700 nodes, 4698 on tree, 36 best solution, best possible 34.117477 (149.91 seconds)
Cbc0010I After 62800 nodes, 4688 on tree, 36 best solution, best possible 34.117477 (150.08 seconds)
Cbc0010I After 62900 nodes, 4627 on tree, 36 best solution, best possible 34.117477 (150.44 seconds)
Cbc0010I After 63000 nodes, 4571 on tree, 36 best solution, best possible 34.117477 (150.80 seconds)
Cbc0010I After 63100 nodes, 4527 on tree, 36 best solution, best possible 34.117477 (151.20 seconds)
Cbc0010I After 63200 nodes, 4466 on tree, 36 best solution, best possible 34.117477 (151.56 seconds)
Cbc0010I After 63300 nodes, 4432 on tree, 36 best solution, best possible 34.117477 (151.84 seconds)
Cbc0010I After 63400 nodes, 4409 on tree, 36 best solution, best possible 34.117477 (152.13 seconds)
Cbc0010I After 63500 nodes, 4386 on tree, 36 best solution, best possible 34.148148 (152.42 seconds)
Cbc0010I After 63600 nodes, 4338 on tree, 36 best solution, best possible 34.222222 (152.63 seconds)
Cbc0010I After 63700 nodes, 4374 on tree, 36 best solution, best possible 34.222222 (152.97 seconds)
Cbc0010I After 63800 nodes, 4280 on tree, 36 best solution, best possible 34.222222 (153.03 seconds)
Cbc0010I After 63900 nodes, 4246 on tree, 36 best solution, best possible 34.251634 (153.16 seconds)
Cbc0010I After 64000 nodes, 4196 on tree, 36 best solution, best possible 34.264712 (153.25 seconds)
Cbc0010I After 64100 nodes, 4181 on tree, 36 best solution, best possible 34.382359 (153.40 seconds)
Cbc0010I After 64200 nodes, 4141 on tree, 36 best solution, best possible 34.398148 (153.62 seconds)
Cbc0010I After 64300 nodes, 4100 on tree, 36 best solution, best possible 34.486928 (153.75 seconds)
Cbc0010I After 64400 nodes, 4051 on tree, 36 best solution, best possible 34.486928 (153.80 seconds)
Cbc0010I After 64500 nodes, 3998 on tree, 36 best solution, best possible 34.5 (153.89 seconds)
Cbc0010I After 64600 nodes, 3981 on tree, 36 best solution, best possible 34.500006 (154.12 seconds)
Cbc0010I After 64700 nodes, 3953 on tree, 36 best solution, best possible 34.500006 (154.33 seconds)
Cbc0010I After 64800 nodes, 3928 on tree, 36 best solution, best possible 34.500006 (154.57 seconds)
Cbc0010I After 64900 nodes, 3832 on tree, 36 best solution, best possible 34.500006 (154.77 seconds)
Cbc0010I After 65000 nodes, 3869 on tree, 36 best solution, best possible 34.500006 (155.11 seconds)
Cbc0010I After 65100 nodes, 3833 on tree, 36 best solution, best possible 34.500006 (155.21 seconds)
Cbc0010I After 65200 nodes, 3817 on tree, 36 best solution, best possible 34.500006 (155.31 seconds)
Cbc0010I After 65300 nodes, 3801 on tree, 36 best solution, best possible 34.500006 (155.46 seconds)
Cbc0010I After 65400 nodes, 3769 on tree, 36 best solution, best possible 34.500006 (155.67 seconds)
Cbc0010I After 65500 nodes, 3721 on tree, 36 best solution, best possible 34.500006 (155.79 seconds)
Cbc0010I After 65600 nodes, 3671 on tree, 36 best solution, best possible 34.500006 (155.89 seconds)
Cbc0010I After 65700 nodes, 3621 on tree, 36 best solution, best possible 34.500006 (156.00 seconds)
Cbc0010I After 65800 nodes, 3586 on tree, 36 best solution, best possible 34.500006 (156.17 seconds)
Cbc0010I After 65900 nodes, 3554 on tree, 36 best solution, best possible 34.500006 (156.38 seconds)
Cbc0010I After 66000 nodes, 3518 on tree, 36 best solution, best possible 34.500006 (156.62 seconds)
Cbc0010I After 66100 nodes, 3618 on tree, 36 best solution, best possible 34.500006 (157.10 seconds)
Cbc0010I After 66200 nodes, 3630 on tree, 36 best solution, best possible 34.500006 (157.38 seconds)
Cbc0010I After 66300 nodes, 3531 on tree, 36 best solution, best possible 34.500006 (157.47 seconds)
Cbc0010I After 66400 nodes, 3480 on tree, 36 best solution, best possible 34.500007 (157.64 seconds)
Cbc0010I After 66500 nodes, 3458 on tree, 36 best solution, best possible 34.500007 (157.88 seconds)
Cbc0010I After 66600 nodes, 3465 on tree, 36 best solution, best possible 34.500007 (158.26 seconds)
Cbc0010I After 66700 nodes, 3423 on tree, 36 best solution, best possible 34.500007 (158.46 seconds)
Cbc0010I After 66800 nodes, 3393 on tree, 36 best solution, best possible 34.527784 (158.66 seconds)
Cbc0010I After 66900 nodes, 3346 on tree, 36 best solution, best possible 34.527784 (158.80 seconds)
Cbc0010I After 67000 nodes, 3285 on tree, 36 best solution, best possible 34.527784 (158.96 seconds)
Cbc0010I After 67100 nodes, 3246 on tree, 36 best solution, best possible 34.527784 (159.16 seconds)
Cbc0010I After 67200 nodes, 3179 on tree, 36 best solution, best possible 34.529418 (159.28 seconds)
Cbc0010I After 67300 nodes, 3165 on tree, 36 best solution, best possible 34.529418 (159.52 seconds)
Cbc0010I After 67400 nodes, 3077 on tree, 36 best solution, best possible 34.529418 (159.72 seconds)
Cbc0010I After 67500 nodes, 3102 on tree, 36 best solution, best possible 34.529418 (160.08 seconds)
Cbc0010I After 67600 nodes, 3080 on tree, 36 best solution, best possible 34.529418 (160.34 seconds)
Cbc0010I After 67700 nodes, 3046 on tree, 36 best solution, best possible 34.529418 (160.51 seconds)
Cbc0010I After 67800 nodes, 3021 on tree, 36 best solution, best possible 34.529418 (160.84 seconds)
Cbc0010I After 67900 nodes, 3013 on tree, 36 best solution, best possible 34.529418 (161.09 seconds)
Cbc0010I After 68000 nodes, 2963 on tree, 36 best solution, best possible 34.531256 (161.29 seconds)
Cbc0010I After 68100 nodes, 2924 on tree, 36 best solution, best possible 34.531256 (161.44 seconds)
Cbc0010I After 68200 nodes, 2924 on tree, 36 best solution, best possible 34.531256 (161.69 seconds)
Cbc0010I After 68300 nodes, 2875 on tree, 36 best solution, best possible 34.531256 (161.83 seconds)
Cbc0010I After 68400 nodes, 2775 on tree, 36 best solution, best possible 34.531256 (161.88 seconds)
Cbc0010I After 68500 nodes, 2723 on tree, 36 best solution, best possible 34.531256 (162.04 seconds)
Cbc0010I After 68600 nodes, 2662 on tree, 36 best solution, best possible 34.531256 (162.18 seconds)
Cbc0010I After 68700 nodes, 2661 on tree, 36 best solution, best possible 34.555556 (162.48 seconds)
Cbc0010I After 68800 nodes, 2653 on tree, 36 best solution, best possible 34.555556 (162.78 seconds)
Cbc0010I After 68900 nodes, 2617 on tree, 36 best solution, best possible 34.568376 (162.95 seconds)
Cbc0010I After 69000 nodes, 2616 on tree, 36 best solution, best possible 34.568376 (162.99 seconds)
Cbc0010I After 69100 nodes, 2566 on tree, 36 best solution, best possible 34.568376 (163.10 seconds)
Cbc0010I After 69200 nodes, 2520 on tree, 36 best solution, best possible 34.568376 (163.23 seconds)
Cbc0010I After 69300 nodes, 2483 on tree, 36 best solution, best possible 34.568376 (163.40 seconds)
Cbc0010I After 69400 nodes, 2458 on tree, 36 best solution, best possible 34.568376 (163.59 seconds)
Cbc0010I After 69500 nodes, 2433 on tree, 36 best solution, best possible 34.568376 (163.80 seconds)
Cbc0010I After 69600 nodes, 2408 on tree, 36 best solution, best possible 34.568376 (164.02 seconds)
Cbc0010I After 69700 nodes, 2381 on tree, 36 best solution, best possible 34.568376 (164.21 seconds)
Cbc0010I After 69800 nodes, 2356 on tree, 36 best solution, best possible 34.568376 (164.42 seconds)
Cbc0010I After 69900 nodes, 2313 on tree, 36 best solution, best possible 34.568376 (164.69 seconds)
Cbc0010I After 70000 nodes, 2258 on tree, 36 best solution, best possible 34.568376 (164.74 seconds)
Cbc0010I After 70100 nodes, 2197 on tree, 36 best solution, best possible 34.568376 (164.78 seconds)
Cbc0010I After 70200 nodes, 2122 on tree, 36 best solution, best possible 34.568376 (164.82 seconds)
Cbc0010I After 70300 nodes, 2065 on tree, 36 best solution, best possible 34.568376 (164.87 seconds)
Cbc0010I After 70400 nodes, 2017 on tree, 36 best solution, best possible 34.603333 (164.95 seconds)
Cbc0010I After 70500 nodes, 2012 on tree, 36 best solution, best possible 34.618424 (165.23 seconds)
Cbc0010I After 70600 nodes, 2012 on tree, 36 best solution, best possible 34.618424 (165.45 seconds)
Cbc0010I After 70700 nodes, 2012 on tree, 36 best solution, best possible 34.618424 (165.88 seconds)
Cbc0010I After 70800 nodes, 2001 on tree, 36 best solution, best possible 34.646476 (166.21 seconds)
Cbc0010I After 70900 nodes, 1958 on tree, 36 best solution, best possible 34.660001 (166.56 seconds)
Cbc0010I After 71000 nodes, 1902 on tree, 36 best solution, best possible 34.660001 (166.87 seconds)
Cbc0010I After 71100 nodes, 1851 on tree, 36 best solution, best possible 34.666673 (167.22 seconds)
Cbc0010I After 71200 nodes, 1801 on tree, 36 best solution, best possible 34.740002 (167.35 seconds)
Cbc0010I After 71300 nodes, 1751 on tree, 36 best solution, best possible 34.745003 (167.67 seconds)
Cbc0010I After 71400 nodes, 1718 on tree, 36 best solution, best possible 34.75 (167.81 seconds)
Cbc0010I After 71500 nodes, 1659 on tree, 36 best solution, best possible 34.764706 (168.13 seconds)
Cbc0010I After 71600 nodes, 1659 on tree, 36 best solution, best possible 34.764706 (168.40 seconds)
Cbc0010I After 71700 nodes, 1604 on tree, 36 best solution, best possible 34.764706 (168.55 seconds)
Cbc0010I After 71800 nodes, 1504 on tree, 36 best solution, best possible 34.764706 (168.60 seconds)
Cbc0010I After 71900 nodes, 1486 on tree, 36 best solution, best possible 34.794118 (168.83 seconds)
Cbc0010I After 72000 nodes, 1406 on tree, 36 best solution, best possible 34.794118 (168.92 seconds)
Cbc0010I After 72100 nodes, 1365 on tree, 36 best solution, best possible 35 (169.07 seconds)
Cbc0010I After 72200 nodes, 1306 on tree, 36 best solution, best possible 35 (169.18 seconds)
Cbc0010I After 72300 nodes, 1286 on tree, 36 best solution, best possible 35.000001 (169.42 seconds)
Cbc0010I After 72400 nodes, 1296 on tree, 36 best solution, best possible 35.000002 (169.72 seconds)
Cbc0010I After 72500 nodes, 1300 on tree, 36 best solution, best possible 35.000002 (169.99 seconds)
Cbc0010I After 72600 nodes, 1302 on tree, 36 best solution, best possible 35.000002 (170.27 seconds)
Cbc0010I After 72700 nodes, 1278 on tree, 36 best solution, best possible 35.000003 (170.52 seconds)
Cbc0010I After 72800 nodes, 1242 on tree, 36 best solution, best possible 35.000006 (170.62 seconds)
Cbc0010I After 72900 nodes, 1186 on tree, 36 best solution, best possible 35.000006 (170.77 seconds)
Cbc0010I After 73000 nodes, 1144 on tree, 36 best solution, best possible 35.000006 (170.95 seconds)
Cbc0010I After 73100 nodes, 1103 on tree, 36 best solution, best possible 35.000006 (171.04 seconds)
Cbc0010I After 73200 nodes, 1077 on tree, 36 best solution, best possible 35.000006 (171.20 seconds)
Cbc0010I After 73300 nodes, 1048 on tree, 36 best solution, best possible 35.000006 (171.31 seconds)
Cbc0010I After 73400 nodes, 1019 on tree, 36 best solution, best possible 35.000006 (171.43 seconds)
Cbc0010I After 73500 nodes, 971 on tree, 36 best solution, best possible 35.000006 (171.54 seconds)
Cbc0010I After 73600 nodes, 921 on tree, 36 best solution, best possible 35.000006 (171.69 seconds)
Cbc0010I After 73700 nodes, 871 on tree, 36 best solution, best possible 35.000006 (171.83 seconds)
Cbc0010I After 73800 nodes, 822 on tree, 36 best solution, best possible 35.000006 (171.97 seconds)
Cbc0010I After 73900 nodes, 786 on tree, 36 best solution, best possible 35.000006 (172.12 seconds)
Cbc0010I After 74000 nodes, 752 on tree, 36 best solution, best possible 35.000006 (172.28 seconds)
Cbc0010I After 74100 nodes, 741 on tree, 36 best solution, best possible 35.000006 (172.47 seconds)
Cbc0010I After 74200 nodes, 739 on tree, 36 best solution, best possible 35.000006 (172.70 seconds)
Cbc0010I After 74300 nodes, 704 on tree, 36 best solution, best possible 35.000006 (172.85 seconds)
Cbc0010I After 74400 nodes, 654 on tree, 36 best solution, best possible 35.000007 (172.92 seconds)
Cbc0010I After 74500 nodes, 623 on tree, 36 best solution, best possible 35.000007 (173.03 seconds)
Cbc0010I After 74600 nodes, 561 on tree, 36 best solution, best possible 35.000007 (173.09 seconds)
Cbc0010I After 74700 nodes, 514 on tree, 36 best solution, best possible 35.000007 (173.16 seconds)
Cbc0010I After 74800 nodes, 483 on tree, 36 best solution, best possible 35.000007 (173.27 seconds)
Cbc0010I After 74900 nodes, 504 on tree, 36 best solution, best possible 35.000007 (173.44 seconds)
Cbc0010I After 75000 nodes, 604 on tree, 36 best solution, best possible 35.000007 (173.69 seconds)
Cbc0010I After 75100 nodes, 544 on tree, 36 best solution, best possible 35.000007 (173.77 seconds)
Cbc0010I After 75200 nodes, 478 on tree, 36 best solution, best possible 35.000007 (173.86 seconds)
Cbc0010I After 75300 nodes, 465 on tree, 36 best solution, best possible 35.000007 (173.99 seconds)
Cbc0010I After 75400 nodes, 431 on tree, 36 best solution, best possible 35.000009 (174.10 seconds)
Cbc0010I After 75500 nodes, 431 on tree, 36 best solution, best possible 35.000009 (174.26 seconds)
Cbc0010I After 75600 nodes, 431 on tree, 36 best solution, best possible 35.000009 (174.42 seconds)
Cbc0010I After 75700 nodes, 399 on tree, 36 best solution, best possible 35.000009 (174.54 seconds)
Cbc0010I After 75800 nodes, 299 on tree, 36 best solution, best possible 35.000009 (174.61 seconds)
Cbc0010I After 75900 nodes, 199 on tree, 36 best solution, best possible 35.000009 (174.68 seconds)
Cbc0010I After 76000 nodes, 141 on tree, 36 best solution, best possible 35.000012 (174.81 seconds)
Cbc0010I After 76100 nodes, 98 on tree, 36 best solution, best possible 35.000017 (174.88 seconds)
Cbc0010I After 76200 nodes, 41 on tree, 36 best solution, best possible 35.000017 (174.93 seconds)
Cbc0001I Search completed - best objective 36, took 1429635 iterations and 76280 nodes (174.98 seconds)
Cbc0032I Strong branching done 63390 times (518388 iterations), fathomed 4582 nodes and fixed 17137 variables
Cbc0035I Maximum depth 61, 7546467 variables fixed on reduced cost
Cbc0038I Probing was tried 51268 times and created 242282 cuts of which 0 were active after adding rounds of cuts (12.267 seconds)
Cbc0038I Gomory was tried 9878 times and created 21956 cuts of which 0 were active after adding rounds of cuts (2.164 seconds)
Cbc0038I Knapsack was tried 3 times and created 0 cuts of which 0 were active after adding rounds of cuts (0.001 seconds)
Cbc0038I Clique was tried 3 times and created 0 cuts of which 0 were active after adding rounds of cuts (0.000 seconds)
Cbc0038I MixedIntegerRounding2 was tried 47710 times and created 58565 cuts of which 0 were active after adding rounds of cuts (21.385 seconds)
Cbc0038I FlowCover was tried 3 times and created 0 cuts of which 0 were active after adding rounds of cuts (0.001 seconds)
Cbc0038I TwoMirCuts was tried 47710 times and created 1317 cuts of which 0 were active after adding rounds of cuts (12.229 seconds)
Cbc0038I ZeroHalf was tried 3 times and created 3 cuts of which 0 were active after adding rounds of cuts (0.002 seconds)
Cbc0038I Stored from first was tried 47710 times and created 30854 cuts of which 0 were active after adding rounds of cuts (0.000 seconds)
Cbc0012I Integer solution of 36 found by Reduced search after 1430072 iterations and 76330 nodes (175.00 seconds)
Cbc0001I Search completed - best objective 36, took 1430072 iterations and 76330 nodes (175.00 seconds)
Cbc0032I Strong branching done 740 times (6723 iterations), fathomed 0 nodes and fixed 8 variables
Cbc0035I Maximum depth 33, 2578 variables fixed on reduced cost
Cuts at root node changed objective from 22.75 to 25
Probing was tried 22 times and created 53 cuts of which 0 were active after adding rounds of cuts (0.053 seconds)
Gomory was tried 6 times and created 0 cuts of which 0 were active after adding rounds of cuts (0.006 seconds)
Knapsack was tried 6 times and created 0 cuts of which 0 were active after adding rounds of cuts (0.020 seconds)
Clique was tried 6 times and created 0 cuts of which 0 were active after adding rounds of cuts (0.000 seconds)
MixedIntegerRounding2 was tried 22 times and created 14 cuts of which 0 were active after adding rounds of cuts (0.070 seconds)
FlowCover was tried 6 times and created 0 cuts of which 0 were active after adding rounds of cuts (0.013 seconds)
TwoMirCuts was tried 22 times and created 10 cuts of which 0 were active after adding rounds of cuts (0.053 seconds)
ZeroHalf was tried 1 times and created 1 cuts of which 0 were active after adding rounds of cuts (0.018 seconds)

Result - Optimal solution found

Objective value:                36.00000000
Enumerated nodes:               76330
Total iterations:               1430072
Time (CPU seconds):             174.77
Time (Wallclock seconds):       175.07

Option for printingOptions changed from normal to all
Total time (CPU seconds):       174.85   (Wallclock seconds):       175.15

Root classes: ['0', '1', '38', '39', '52', '54', '55', '56', '57', '58', '59', '60', '61', '62', '63', '64', '65', '66', '67', '68', '69', '70', '71', '72', '73', '74', '75', '76', '77', '78', '79', '80', '81']
Status: Optimal
Solved x values:
['0.0', '94.0', '79.0', '76.0', '73.0', '70.0', '67.0', '64.0', '61.0', '58.0', '55.0', '52.0', '46.0', '43.0', '40.0', '37.0', '31.0', '28.0', '25.0', '654.0', '22.0', '273.38', '19.0', '16.0', '13.0', '10.0', '1017.21', '7.0', '4.0', '1.0', '125.6', '125.42', '122.21', '119.21', '98.0', '80.0', '77.0', '74.0', '71.0', '68.0', '65.0', '62.0', '59.0', '56.0', '53.0', '50.34', '44.0', '41.0', '38.0', '35.0', '32.0', '29.0', '26.0', '404.23', '277.24', '23.0', '20.0', '17.0', '141.0', '14.0', '138.0', '11.0', '8.0', '5.0', '2.0', '99.0', '93.0', '81.0', '78.0', '75.0', '72.0', '69.0', '66.0', '63.0', '60.0', '57.0', '54.0', '51.0', '48.34', '45.0', '42.0', '39.0', '33.0', '30.0', '408.23', '27.0', '24.0', '21.0', '18.0', '142.4', '15.0', '139.4', '12.0', '9.0', '6.0', '3.0']
