
Welcome to IBM(R) ILOG(R) CPLEX(R) Interactive Optimizer 22.1.1.0
  with Simplex, Mixed Integer & Barrier Optimizers
5725-A06 5725-A29 5724-Y48 5724-Y49 5724-Y54 5724-Y55 5655-Y21
Copyright IBM Corp. 1988, 2022.  All Rights Reserved.

Type 'help' for a list of available commands.
Type 'help' followed by a command name for more
information on commands.

CPLEX> Problem '/tmp/af25ebc9ab0d43998e0e2833ff6647d4-pulp.lp' read.
Read time = 0.10 sec. (13.63 ticks)
CPLEX> New value for time limit in seconds: 900
CPLEX> Version identifier: 22.1.1.0 | 2022-11-28 | 9160aff4d
CPXPARAM_TimeLimit                               900
Tried aggregator 8 times.
MIP Presolve eliminated 21269 rows and 4967 columns.
MIP Presolve modified 40058 coefficients.
Aggregator did 1415 substitutions.
Reduced MIP has 22875 rows, 8573 columns, and 103039 nonzeros.
Reduced MIP has 6477 binaries, 0 generals, 0 SOSs, and 0 indicators.
Presolve time = 0.24 sec. (435.73 ticks)
Probing time = 0.07 sec. (3.02 ticks)
Cover probing fixed 0 vars, tightened 3 bounds.
Tried aggregator 1 time.
Detecting symmetries...
MIP Presolve eliminated 13 rows and 0 columns.
MIP Presolve modified 883 coefficients.
Reduced MIP has 22862 rows, 8573 columns, and 103000 nonzeros.
Reduced MIP has 6477 binaries, 0 generals, 0 SOSs, and 0 indicators.
Presolve time = 0.27 sec. (450.28 ticks)
Probing fixed 143 vars, tightened 0 bounds.
Probing time = 0.04 sec. (4.74 ticks)
Cover probing fixed 0 vars, tightened 13 bounds.
Clique table members: 13532.
MIP emphasis: balance optimality and feasibility.
MIP search method: dynamic search.
Parallel mode: deterministic, using up to 32 threads.
Root relaxation solution time = 0.13 sec. (68.82 ticks)

        Nodes                                         Cuts/
   Node  Left     Objective  IInf  Best Integer    Best Bound    ItCnt     Gap

      0     0       67.4790   239                     67.4790      463         
*     0+    0                          110.0000       67.4790            38.66%
      0     0      101.1000    59      110.0000      Cuts: 27      714    8.09%
      0     0      105.0000     6      110.0000       Cuts: 6      771    4.55%
*     0+    0                          105.0000      105.0000             0.00%
      0     0        cutoff            105.0000      105.0000      771    0.00%
Elapsed time = 1.13 sec. (1328.44 ticks, tree = 0.01 MB, solutions = 2)

Clique cuts applied:  1
Zero-half cuts applied:  14
Lift and project cuts applied:  2
Gomory fractional cuts applied:  8

Root node processing (before b&c):
  Real time             =    1.13 sec. (1329.41 ticks)
Parallel b&c, 32 threads:
  Real time             =    0.00 sec. (0.00 ticks)
  Sync time (average)   =    0.00 sec.
  Wait time (average)   =    0.00 sec.
                          ------------
Total (root+branch&cut) =    1.13 sec. (1329.41 ticks)

Solution pool: 2 solutions saved.

MIP - Integer optimal solution:  Objective =  1.0500000000e+02
Solution time =    1.14 sec.  Iterations = 771  Nodes = 0
Deterministic time = 1329.45 ticks  (1165.71 ticks/sec)

CPLEX> MILP problem relaxed to LP with fixed integer variables using
incumbent solution.
CPLEX> Version identifier: 22.1.1.0 | 2022-11-28 | 9160aff4d
CPXPARAM_TimeLimit                               900
Parallel mode: deterministic, using up to 32 threads for concurrent optimization:
 * Starting dual Simplex on 1 thread...
 * Starting Barrier on 30 threads...
 * Starting primal Simplex on 1 thread...
Tried aggregator 1 time.
LP Presolve eliminated 45532 rows and 14930 columns.
Aggregator did 27 substitutions.
All rows and columns eliminated.
Presolve time = 0.02 sec. (47.72 ticks)

Dual simplex solved model.


Dual simplex - Optimal:  Objective =  1.0500000000e+02
Solution time =    0.07 sec.  Iterations = 0 (0)
Deterministic time = 86.28 ticks  (1270.67 ticks/sec)

CPLEX> Solution written to file '/tmp/af25ebc9ab0d43998e0e2833ff6647d4-pulp.sol'.
CPLEX> Root classes: ['0', '2', '107', '108', '158', '159', '160', '166', '178', '182', '186', '187', '188', '189', '190', '191', '192', '193', '194', '195', '196', '197', '198', '199', '200', '201', '202', '203', '204', '205', '206', '207', '208', '209', '210', '211', '212', '213', '214', '215', '216', '217', '218', '219', '220', '221', '222', '223', '224', '225', '226', '227', '228', '229', '230', '231', '232', '233', '234', '235', '236', '237', '238', '239', '240', '241', '242', '243', '244', '245', '246', '247', '248', '249', '250', '251', '252', '253', '254', '255', '256', '257', '258', '259', '260', '261', '262', '263', '264', '265', '266', '267', '268', '269', '270', '271', '272', '273', '274', '275', '276', '277', '278', '279', '280']
Status: Optimal
Solved x values:
['0.0', '248.0', '121.0', '242.0', '115.0', '236.0', '109.0', '230.0', '103.0', '224.0', '97.0', '218.0', '91.0', '339.0', '212.0', '85.0', '206.0', '79.0', '200.0', '73.0', '194.0', '67.0', '188.0', '61.0', '1446.4', '182.0', '55.0', '49.0', '43.0', '164.0', '37.0', '158.0', '31.0', '279.0', '25.0', '654.34', '273.0', '146.0', '19.0', '521.8', '267.0', '140.0', '13.0', '261.0', '134.0', '7.0', '255.0', '128.0', '1.0', '249.0', '122.0', '243.0', '116.0', '237.0', '110.0', '231.0', '104.0', '225.0', '98.0', '219.0', '92.0', '213.0', '86.0', '207.0', '80.0', '201.0', '74.0', '449.0', '195.0', '68.0', '189.0', '62.0', '183.4', '56.0', '177.0', '50.0', '44.0', '165.0', '38.0', '159.0', '32.0', '280.0', '26.0', '274.0', '147.1', '20.0', '268.0', '14.0', '516.18', '262.0', '135.0', '8.0', '637.0', '256.0', '129.0', '2.0', '250.0', '123.0', '244.0', '117.0', '238.0', '111.0', '232.0', '226.0', '99.0', '220.0', '93.0', '214.0', '87.0', '208.0', '81.0', '202.0', '75.0', '1460.0', '196.0', '69.0', '190.0', '63.0', '1448.0', '184.4', '57.0', '178.0', '51.0', '1436.0', '172.24', '45.0', '166.0', '39.0', '160.0', '33.0', '662.22', '27.0', '275.0', '148.0', '21.0', '269.0', '15.0', '644.4', '263.0', '136.0', '9.0', '638.4', '257.0', '130.0', '378.15', '378.104', '251.0', '124.0', '245.0', '118.0', '239.0', '112.0', '233.0', '106.0', '227.0', '100.0', '348.0', '221.0', '94.0', '215.0', '88.0', '209.0', '82.0', '330.0', '203.0', '76.0', '197.0', '70.0', '191.0', '64.0', '1697.4', '58.0', '179.0', '52.0', '300.4', '46.0', '167.0', '40.0', '669.34', '161.0', '34.0', '155.0', '28.0', '276.0', '149.7', '1661.4', '22.0', '270.0', '143.0', '16.0', '264.0', '137.0', '10.0', '258.0', '131.0', '4.0', '252.0', '125.0', '246.0', '119.0', '240.0', '113.0', '234.0', '107.0', '355.23', '228.0', '101.0', '349.0', '222.0', '95.0', '343.0', '216.0', '89.0', '5381.0', '210.0', '83.0', '204.0', '77.0', '198.0', '71.0', '192.0', '65.0', '186.0', '59.0', '180.0', '53.0', '174.0', '47.0', '41.0', '543.4', '35.0', '156.0', '29.0', '658.34', '531.0', '277.0', '150.0', '23.0', '271.0', '144.1', '17.0', '265.0', '138.0', '11.0', '259.0', '132.0', '5.0', '253.0', '126.0', '247.0', '120.0', '241.0', '114.0', '235.0', '108.0', '229.0', '102.0', '223.0', '96.0', '344.0', '217.0', '90.0', '338.0', '211.0', '84.0', '205.0', '78.0', '199.0', '72.0', '193.0', '66.0', '187.0', '60.0', '181.4', '54.0', '302.4', '175.1', '48.0', '42.0', '36.0', '157.0', '30.0', '278.0', '151.0', '24.0', '272.0', '145.0', '1657.4', '18.0', '266.0', '12.0', '641.4', '260.0', '133.0', '6.0', '254.0', '127.0']
