
Welcome to IBM(R) ILOG(R) CPLEX(R) Interactive Optimizer 22.1.1.0
  with Simplex, Mixed Integer & Barrier Optimizers
5725-A06 5725-A29 5724-Y48 5724-Y49 5724-Y54 5724-Y55 5655-Y21
Copyright IBM Corp. 1988, 2022.  All Rights Reserved.

Type 'help' for a list of available commands.
Type 'help' followed by a command name for more
information on commands.

CPLEX> Problem '/tmp/e95df668150a491889265ce1234d5d0b-pulp.lp' read.
Read time = 0.30 sec. (35.84 ticks)
CPLEX> New value for time limit in seconds: 900
CPLEX> Version identifier: 22.1.1.0 | 2022-11-28 | 9160aff4d
CPXPARAM_TimeLimit                               900
Tried aggregator 5 times.
MIP Presolve eliminated 45060 rows and 23 columns.
MIP Presolve modified 377115 coefficients.
Aggregator did 68711 substitutions.
Reduced MIP has 294306 rows, 123608 columns, and 776492 nonzeros.
Reduced MIP has 33312 binaries, 0 generals, 0 SOSs, and 0 indicators.
Presolve time = 2.60 sec. (1577.93 ticks)
Found incumbent of value 4062169.000000 after 2.75 sec. (1708.56 ticks)
Probing time = 0.65 sec. (56.56 ticks)
Tried aggregator 2 times.
Detecting symmetries...
MIP Presolve eliminated 6 rows and 0 columns.
MIP Presolve modified 121 coefficients.
Aggregator did 2 substitutions.
Reduced MIP has 294298 rows, 123606 columns, and 776473 nonzeros.
Reduced MIP has 33312 binaries, 0 generals, 0 SOSs, and 0 indicators.
Presolve time = 2.59 sec. (1063.87 ticks)
Probing time = 0.27 sec. (38.84 ticks)
Clique table members: 511892.
MIP emphasis: balance optimality and feasibility.
MIP search method: dynamic search.
Parallel mode: deterministic, using up to 32 threads.
Root relaxation solution time = 7.93 sec. (7095.02 ticks)

        Nodes                                         Cuts/
   Node  Left     Objective  IInf  Best Integer    Best Bound    ItCnt     Gap

*     0+    0                      4062169.0000        0.0000           100.00%
      0     0   670572.6875  4181  4062169.0000   670572.6875    28727   83.49%
*     0+    0                      2851064.0000   670572.6875            76.48%
*     0+    0                      2101956.0000   670572.6875            68.10%
      0     0  1019385.4375  2467  2101956.0000     Cuts: 166    32554   51.50%
*     0+    0                      1640732.0000  1019385.4375            37.87%
      0     0  1173794.8417  1162  1640732.0000     Cuts: 344    36452   28.46%
*     0+    0                      1628652.0000  1173794.8417            27.93%
      0     0  1227287.1250   813  1628652.0000     Cuts: 187    40331   24.64%
*     0+    0                      1449113.0000  1227287.1250            15.31%
      0     0  -1.00000e+75     0  1449113.0000  1227287.1250    40331   15.31%
      0     0  1259661.2500   346  1449113.0000     Cuts: 153    44877   13.07%
      0     0  1282712.1250  2248  1449113.0000 ZeroHalf: 110    47530   11.48%
*     0+    0                      1395146.0000  1282712.1250             8.06%
      0     0  1282822.3125  1085  1395146.0000  ZeroHalf: 41    47986    8.05%
*     0+    0                      1332389.0000  1282822.3125             3.72%
*     0+    0                      1305965.0000  1282822.3125             1.77%
      0     0  1297710.7500   121  1305965.0000     Cuts: 383    48771    0.63%
      0     0  1305345.0000    29  1305965.0000  ZeroHalf: 46    49580    0.05%
      0     0        cutoff        1305965.0000  1305345.0000    49580    0.05%
Elapsed time = 65.51 sec. (56570.37 ticks, tree = 0.01 MB, solutions = 9)

Mixed integer rounding cuts applied:  17
Zero-half cuts applied:  719
Gomory fractional cuts applied:  109

Root node processing (before b&c):
  Real time             =   65.53 sec. (56589.60 ticks)
Parallel b&c, 32 threads:
  Real time             =    1.90 sec. (334.81 ticks)
  Sync time (average)   =    0.08 sec.
  Wait time (average)   =    0.00 sec.
                          ------------
Total (root+branch&cut) =   67.43 sec. (56924.42 ticks)

Solution pool: 9 solutions saved.

MIP - Integer optimal solution:  Objective =  1.3059650000e+06
Solution time =   67.54 sec.  Iterations = 49580  Nodes = 0
Deterministic time = 56924.97 ticks  (842.85 ticks/sec)

CPLEX> MILP problem relaxed to LP with fixed integer variables using
incumbent solution.
CPLEX> Version identifier: 22.1.1.0 | 2022-11-28 | 9160aff4d
CPXPARAM_TimeLimit                               900
Parallel mode: deterministic, using up to 32 threads for concurrent optimization:
 * Starting dual Simplex on 1 thread...
 * Starting Barrier on 30 threads...
 * Starting primal Simplex on 1 thread...
Tried aggregator 1 time.
LP Presolve eliminated 405063 rows and 190230 columns.
Aggregator did 1051 substitutions.
Reduced LP has 1963 rows, 1061 columns, and 3926 nonzeros.
Presolve time = 0.14 sec. (158.56 ticks)
Initializing dual steep norms . . .

Iteration log . . .
Iteration:     1   Dual objective     =       1305965.000000
Perturbation started.
Iteration:   101   Dual objective     =       1305965.000000
Iteration:   287   Dual objective     =       1305965.000000
Iteration:   474   Dual objective     =       1305965.000000
Removing perturbation.

Dual simplex solved model.


Dual simplex - Optimal:  Objective =  1.3059650000e+06
Solution time =    0.30 sec.  Iterations = 589 (0)
Deterministic time = 329.59 ticks  (1093.16 ticks/sec)

CPLEX> Solution written to file '/tmp/e95df668150a491889265ce1234d5d0b-pulp.sol'.
CPLEX> Root classes: {'24'}
Status: Optimal
Solved x values:
['0.0', '13983.0', '1500.0', '1742.0', '7161.0', '15725.0', '97.2', '14080.0', '14709.0', '19112.0', '14322.0', '4113.0', '6629.0', '13935.0', '14564.0', '3968.0', '10016.0', '436.0', '7742.0', '13790.0', '19209.0', '10258.0', '6097.0', '291.0', '1549.0', '7597.0', '19064.0', '14274.0', '9484.0', '1791.0', '13887.0', '19306.0', '3678.0', '14516.0', '15774.0', '146.2', '8710.0', '5178.0', '15629.0', '1.0', '6049.0', '13984.0', '1501.0', '2130.0', '5904.0', '15726.0', '98.0', '6146.1', '14081.0', '9920.0', '7646.0', '19113.0', '14323.0', '9533.0', '582.0', '6630.0', '1840.0', '7259.0', '14565.0', '6243.0', '14178.0', '1066.0', '7114.0', '13791.0', '19210.0', '4211.0', '10259.0', '15678.0', '50.0', '5469.0', '6098.0', '14033.0', '14662.0', '20710.0', '5082.0', '1550.0', '7598.0', '19065.1', '9485.0', '1792.0', '13888.0', '3679.0', '14517.0', '15146.0', '15775.0', '147.0', '5566.0', '6195.0', '1405.2', '5179.0', '7695.0', '15630.0', '5421.0', '6050.1', '13985.0', '2131.0', '14856.0', '5905.0', '15727.0', '5518.0', '6147.0', '1986.0', '8034.0', '14082.0', '9921.0', '19114.0', '14324.0', '9534.0', '583.0', '6631.0', '13937.0', '19356.0', '9776.0', '10018.0', '438.0', '1067.0', '7115.0', '19211.0', '6099.0', '7357.0', '14663.0', '20711.0', '5083.0', '293.0', '1551.0', '19066.0', '9486.0', '14905.0', '7212.0', '13889.0', '3680.0', '14518.0', '15147.0', '15776.0', '6196.0', '1406.2', '15389.0', '5180.0', '390.0', '7067.0', '19163.0', '15631.0', '3.0', '5422.0', '6051.0', '13986.0', '1503.0', '6922.2', '2132.0', '487.0', '7164.0', '13841.2', '15728.0', '6148.0', '14083.0', '9922.0', '6390.0', '19115.0', '14325.0', '9535.0', '15583.0', '6632.0', '13938.0', '14567.0', '9777.0', '8132.0', '439.0', '19212.0', '20712.2', '5084.0', '19067.0', '9487.0', '14906.0', '15535.0', '14519.0', '15148.0', '15777.0', '149.0', '1407.0', '2036.0', '391.0', '7068.0', '19164.2', '4165.0', '9584.0', '15632.0', '4.0', '6052.0', '1504.1', '6923.2', '7165.0', '13842.2', '14471.2', '4262.0', '730.0', '6149.0', '14084.0', '14713.0', '9923.0', '15971.0', '6391.2', '7649.0', '19116.0', '14326.0', '9536.0', '6633.0', '2472.0', '14568.0', '6246.0', '8133.0', '13794.0', '19213.0', '53.0', '5472.0', '19455.0', '20713.0', '5085.0', '1553.0', '6972.0', '19068.0', '9488.0', '14907.0', '15536.0', '5956.0', '7843.0', '13891.1', '14520.0', '5569.0', '7069.0', '7698.0', '13746.0', '19165.0', '4166.0', '9585.0', '5.0', '6053.0', '1263.1', '1892.0', '13988.0', '1505.0', '6924.0', '14859.0', '13843.0', '14472.0', '14085.0', '14714.0', '15972.0', '6392.0', '9537.0', '6634.0', '7263.0', '2473.0', '3102.0', '19359.0', '6247.0', '8134.0', '441.0', '13795.0', '19214.0', '9634.0', '7360.0', '8618.0', '19456.0', '4457.0', '20714.0', '6973.0', '9489.0', '15537.0', '5957.0', '7215.0', '13892.0', '14521.0', '6199.0', '1409.0', '13747.0', '19166.0', '15634.0', '1264.0', '1893.0', '13989.0', '21295.0', '6296.0', '1506.0', '490.0', '14473.0', '14086.0', '14715.0', '9925.0', '15973.0', '6393.0', '19118.0', '14328.2', '4119.0', '587.2', '6635.0', '7264.0', '2474.0', '3103.0', '13941.0', '14183.0', '10651.0', '2958.0', '2571.0', '8619.0', '14038.0', '19457.0', '4458.0', '20715.0', '19070.0', '15538.0', '13893.0', '14522.0', '152.0', '6200.0', '2039.0', '15393.0', '7071.0', '19167.0', '15635.0', '7.0', '1265.0', '14619.0', '1507.0', '6926.0', '10071.0', '13845.0', '19264.0', '14474.0', '9684.0', '15103.0', '733.0', '14087.0', '4507.0', '15974.0', '6394.0', '19119.2', '14329.0', '9539.0', '588.2', '6636.0', '7265.0', '3104.0', '13942.0', '14571.0', '14184.0', '10652.0', '443.0', '2959.0', '15684.0', '2572.0', '8620.0', '14039.0', '19458.0', '4459.0', '20716.0', '1556.0', '19071.0', '9491.0', '15539.0', '7846.0', '13894.0', '14523.0', '14765.0', '15394.0', '1653.2', '7072.0', '19168.0', '15636.0', '1266.0', '14620.0', '5669.2', '6927.0', '10072.0', '5911.0', '1750.0', '19265.0', '14475.0', '14717.0', '4508.0', '15975.0', '6395.0', '19120.0', '14330.0', '9540.0', '589.0', '14572.0', '10024.0', '10653.0', '444.0', '1073.0', '2960.0', '57.2', '2573.0', '19459.0', '4460.0', '20717.0', '299.1', '1557.0', '9492.0', '15540.0', '19314.0', '14524.0', '5573.2', '1412.0', '15395.0', '1025.2', '1654.0', '13750.0', '19169.0', '8960.0', '15637.0', '9.0', '1896.0', '5670.2', '6299.0', '6928.1', '8186.0', '14234.0', '10073.0', '15492.0', '5912.0', '1751.0', '14476.0', '14089.0', '14718.0', '4509.0', '6396.0', '1606.0', '19121.0', '14331.0', '15589.0', '1848.0', '7267.0', '19363.0', '9783.0', '10025.0', '10654.0', '1074.1', '13799.2', '58.2', '20718.0', '300.0', '7606.0', '9493.0', '1800.0', '13896.0', '4316.0', '5574.2', '6203.0', '1026.2', '1655.0', '13751.0', '19170.0', '8961.0', '15638.0', '10.0', '1897.0', '9832.0', '5671.0', '6300.0', '6929.0', '8187.0', '10074.0', '15493.0', '494.2', '5913.1', '1123.0', '13848.0', '14477.0', '4268.0', '15106.0', '5526.0', '4510.0', '6397.0', '19122.0', '14332.0', '15590.0', '1849.0', '13945.0', '19364.0', '9784.0', '10026.0', '1075.0', '7123.0', '13800.2', '59.0', '19461.0', '14671.0', '20719.0', '301.0', '19074.0', '14284.2', '9494.0', '15542.0', '13897.0', '4317.0', '5575.0', '6204.0', '14768.0', '1027.0', '1656.0', '7075.0', '19171.0', '8962.0', '4172.0', '9591.0', '5430.0', '14623.0', '6930.0', '8188.0', '15494.0', '495.2', '5914.0', '1124.0', '2382.0', '19268.0', '14478.0', '5527.0', '6398.0', '19123.0', '14333.0', '15591.0', '13946.0', '19365.0', '9785.0', '10027.0', '5866.2', '1076.0', '7124.0', '13801.0', '9640.0', '19462.0', '20720.0', '302.0', '19075.0', '14285.0', '9495.0', '15543.0', '13898.1', '19317.0', '4318.0', '16027.0', '399.0', '1657.0', '7076.0', '19172.0', '9592.0', '15640.0', '5431.0', '641.0', '19414.0', '14624.0', '6931.0', '14237.0', '496.0', '5915.0', '1125.1', '1754.0', '7173.0', '2383.0', '19269.0', '14479.0', '14092.0', '14721.0', '4512.0', '6399.0', '1609.0', '19124.0', '14334.0', '4125.0', '15592.0', '7270.0', '9786.0', '14818.0', '5867.2', '1077.0', '5480.0', '19463.0', '20721.0', '7609.0', '14286.0', '9496.0', '1803.0', '13899.0', '4319.0', '9738.0', '1416.2', '16028.0', '400.2', '1658.0', '19173.0', '14383.2', '9593.0', '13996.0', '19415.0', '14238.0', '14867.0', '5916.0', '1126.0', '1755.0', '7174.0', '2384.0', '14480.0', '9690.0', '1368.1', '14093.0', '14722.0', '4513.0', '352.1', '6400.0', '1610.0', '19125.0', '14335.0', '4126.0', '15593.0', '1852.0', '2481.0', '9787.0', '10416.0', '15835.0', '836.2', '8771.0', '5868.0', '13803.0', '4852.0', '15690.0', '19464.0', '14674.0', '20722.0', '6981.0', '14287.0', '13900.0', '4320.0', '9739.0', '1417.2', '6836.2', '14142.2', '4562.0', '9981.0', '16029.0', '401.0', '1659.0', '19174.0', '14384.0', '9594.0', '14.2', '13997.0', '6933.0', '498.0', '1127.0', '5530.0', '1369.0', '4514.0', '353.0', '6401.0', '19126.0', '14336.0', '9546.0', '1853.0', '2482.0', '10417.0', '15836.0', '837.2', '8772.0', '1079.0', '7127.0', '4853.0', '19465.0', '20723.0', '6982.0', '19078.0', '14288.0', '9498.0', '5337.0', '13901.0', '9740.0', '1418.0', '6837.0', '2047.0', '14143.0', '14772.0', '4563.0', '9982.0', '16030.0', '402.0', '1660.0', '19175.0', '14385.0', '9595.0', '15.2', '5434.0', '15256.0', '6934.0', '5918.0', '1128.0', '10321.0', '15740.0', '5531.0', '1370.0', '8047.0', '4515.0', '15982.0', '354.0', '6402.0', '19127.0', '14337.0', '9547.0', '15595.0', '2483.0', '9789.0', '10418.0', '15837.0', '209.0', '838.0', '6257.0', '8773.0', '14192.0', '14821.0', '7128.0', '2967.0', '4854.0', '5483.0', '14047.0', '20724.0', '6983.2', '19079.0', '14289.0', '9499.0', '14918.0', '5338.0', '19321.0', '9741.0', '6838.0', '14144.0', '14773.0', '4564.0', '9983.0', '403.0', '1661.0', '7080.0', '14386.0', '16.0', '5435.0', '7322.0', '15257.0', '6935.2', '14870.0', '5919.0', '7177.0', '4274.0', '10322.0', '15741.0', '113.0', '6161.0', '1371.0', '8048.0', '15983.0', '355.0', '19128.0', '15596.0', '6016.0', '14580.0', '10419.0', '15838.0', '6258.2', '452.0', '2968.0', '13806.0', '4855.0', '19467.0', '20725.0', '10516.0', '6984.0', '7613.0', '14290.0', '5339.0', '549.0', '13903.0', '19322.0', '9742.0', '4952.0', '1420.0', '6839.0', '14145.0', '14774.0', '4565.0', '9984.0', '16032.0', '404.0', '1662.0', '7081.0', '14387.0', '4178.0', '9597.0', '7323.0', '15258.0', '6936.0', '10081.0', '501.0', '7178.0', '10323.0', '15742.0', '114.0', '6162.0', '8049.0', '15984.0', '19129.0', '15597.0', '14581.0', '6259.0', '2969.0', '9646.0', '19468.0', '10517.0', '15936.0', '6985.0', '7614.0', '14291.0', '15549.0', '5340.0', '13904.1', '19323.0', '9743.0', '4953.0', '6840.0', '2050.0', '14146.0', '16033.0', '405.0', '7082.0', '13759.0', '14388.0', '15646.0', '8582.0', '6937.0', '10082.0', '15501.0', '10324.0', '15743.0', '15985.0', '19130.0', '15598.0', '19372.0', '212.0', '6260.0', '19227.2', '4857.0', '14050.0', '19469.0', '20727.0', '10518.0', '15937.0', '309.0', '1567.0', '6986.0', '7615.0', '14292.0', '14921.0', '15550.0', '7228.0', '13905.0', '4954.0', '6212.0', '6841.0', '14147.0', '14776.0', '9986.0', '16034.0', '406.0', '13760.0', '14389.0', '15018.0', '8583.0', '19421.0', '261.2', '1519.0', '6938.0', '10083.0', '15502.0', '9696.0', '116.0', '2003.0', '4132.0', '15599.0', '13954.0', '19373.0', '6261.0', '1471.0', '455.0', '6503.0', '19228.0', '4858.0', '14051.0', '19470.0', '20728.0', '10519.0', '15938.0', '6987.0', '14293.0', '552.0', '7229.0', '13906.0', '19325.0', '9745.0', '4955.0', '165.2', '6213.0', '1423.0', '6842.0', '14148.0', '16035.0', '407.0', '7084.0', '14390.0', '7326.0', '8584.0', '19422.0', '14632.0', '10471.0', '262.2', '1520.0', '6939.0', '10084.0', '15503.0', '19277.0', '10326.0', '15745.0', '6165.0', '19132.0', '4133.0', '15600.0', '7278.0', '13955.0', '19374.0', '14584.0', '6262.0', '1472.0', '14197.0', '5875.2', '6504.2', '13810.2', '19229.0', '4859.0', '19471.0', '15939.0', '6988.0', '7617.0', '1811.0', '7230.0', '7859.0', '13907.0', '166.2', '6843.0', '14149.0', '408.0', '7085.0', '14391.0', '7327.0', '14633.0', '10472.0', '263.0', '5682.0', '1521.2', '6940.0', '1763.0', '19278.0', '10327.0', '118.0', '6166.0', '14730.0', '7666.0', '19133.0', '9553.0', '14585.0', '6263.0', '8150.0', '14198.0', '5876.2', '6505.0', '13811.2', '19230.0', '4860.0', '70.0', '1328.1', '14682.0', '6989.0', '9505.0', '1812.0', '7860.0', '14537.0', '167.0', '5586.0', '6844.0', '14150.0', '14779.0', '409.0', '13763.0', '14392.0', '15021.0', '14005.0', '10473.0', '5683.0', '1522.0', '6941.0', '5925.0', '10328.0', '119.0', '2006.0', '14731.0', '9554.0', '15602.0', '6022.1', '1861.0', '216.2', '5635.0', '6264.0', '8151.0', '5877.0', '6506.0', '13812.0', '19231.0', '4232.0', '71.0', '1329.0', '6748.2', '20731.0', '6990.0', '9506.0', '7232.0', '7861.0', '13909.0', '19328.0', '14538.0', '6216.0', '6845.0', '14151.0', '410.0', '13764.0', '9603.0', '14006.2', '10474.0', '1523.0', '6942.0', '13861.2', '10329.0', '1378.1', '7426.0', '14103.0', '362.0', '3507.0', '14974.0', '15603.0', '6023.0', '7281.0', '13958.0', '10426.0', '217.2', '6265.0', '8152.0', '10039.0', '6507.0', '7136.0', '19232.0', '4233.0', '1330.0', '6749.0', '20732.0', '1572.0', '6991.0', '7620.0', '19087.0', '14539.2', '6217.0', '411.0', '7088.0', '5443.0', '14007.0', '14636.0', '1524.0', '6943.0', '14878.0', '1766.0', '13862.2', '19281.0', '6169.0', '1379.0', '14104.0', '363.0', '7669.0', '19136.0', '3508.0', '14975.0', '6024.0', '13959.0', '10427.0', '218.0', '6266.0', '7524.0', '10040.0', '6508.0', '7137.0', '13814.0', '19233.0', '15701.0', '1331.0', '6750.0', '14685.0', '315.0', '1573.0', '6992.0', '19088.0', '15556.0', '1815.0', '7863.0', '14540.0', '5589.0', '15411.0', '7089.0', '25.0', '5444.0', '14008.0', '14637.0', '5686.0', '1525.0', '6944.0', '7186.0', '13863.0', '19282.0', '6170.0', '1380.0', '14734.0', '19137.0', '3509.0', '14976.0', '6025.0', '1864.0', '10428.0', '5638.0', '6267.0', '7525.0', '10041.0', '1090.0', '6509.0', '1719.0', '19234.0', '15702.0', '6751.0', '3219.0', '6993.0', '15557.0', '1816.0', '7235.0', '14541.0', '15799.0', '14783.0', '15412.0', '413.0', '15025.0', '26.0', '14009.0', '19428.0', '9848.0', '15896.0', '5687.0', '1526.0', '6945.0', '7187.0', '15751.0', '1381.0', '7429.0', '14735.0', '15364.0', '4139.0', '10429.0', '6268.0', '1478.0', '10042.0', '6510.0', '1720.0', '19235.0', '15703.0', '6752.0', '3220.0', '6994.0', '14929.0', '5978.0', '19332.0', '14542.0', '15800.0', '6220.0', '8107.0', '14784.0', '15413.0', '1043.2', '15026.0', '6075.1', '8591.0', '14010.0', '19429.0', '15897.0', '1527.0', '6946.0', '14881.0', '10091.0', '1140.0', '13865.0', '4285.0', '14107.0', '15365.0', '366.0', '5785.2', '14978.0', '13962.0', '19381.0', '6269.0', '1479.0', '10043.0', '463.0', '6511.0', '1721.2', '7140.0', '23397.0', '13817.0', '19236.0', '15704.0', '6753.0', '3221.0', '19478.0', '20736.0', '6995.0', '19091.0', '14930.0', '5979.1', '7866.0', '19333.0', '14543.0', '15801.0', '6221.0', '1431.0', '14785.0', '1044.2', '19188.0', '4189.0', '15027.0', '28.0', '5447.0', '6076.0', '8592.0', '14011.0', '15898.0', '1528.0', '6947.0', '10092.0', '5931.0', '13866.0', '1383.0', '14108.0', '15366.0', '367.0', '5786.2', '7673.0', '19140.0', '9560.0', '609.0', '7915.0', '13963.0', '19382.0', '1480.1', '7528.0', '6512.0', '1722.0', '7141.0', '15705.0', '77.0', '6754.0', '19479.0', '20737.0', '6996.0', '19092.0', '9512.0', '5980.0', '13915.0', '19334.0', '14544.0', '15802.0', '1045.0', '19189.2', '4190.0', '9609.0', '15657.0', '5448.0', '6077.0', '7335.0', '8593.0', '14012.0', '15899.0', '1529.0', '6948.0', '10093.0', '6561.2', '7190.0', '1384.0', '5787.0', '7045.0', '7674.0', '19141.0', '9561.0', '15609.0', '7916.0', '19383.0', '14593.0', '6271.0', '1481.0', '7529.0', '14206.0', '6513.0', '1723.0', '19238.0', '4239.0', '78.1', '6755.0', '14061.0', '19480.0', '20738.0', '6368.2', '9513.0', '5981.0', '14545.0', '8110.0', '14787.0', '19190.0', '15029.0', '30.0', '6078.0', '14013.0', '5691.2', '1530.0', '10094.0', '6562.0', '7191.0', '127.0', '2014.0', '14739.0', '7046.0', '7675.0', '8933.0', '14981.0', '15610.0', '7917.0', '14594.0', '1482.0', '466.0', '6514.0', '1724.0', '23400.0', '19239.0', '79.0', '5498.2', '6756.0', '19481.0', '6369.0', '6998.0', '14933.0', '5982.0', '19336.0', '14546.0', '1434.0', '418.0', '1047.0', '7724.0', '19191.0', '31.0', '14014.0', '5692.2', '1531.0', '6950.0', '15514.0', '6563.0', '3660.0', '128.0', '3273.0', '14111.0', '14740.0', '8934.0', '15611.0', '612.0', '7289.0', '19385.0', '9176.0', '9805.0', '1483.0', '1096.0', '6515.0', '1725.0', '80.0', '5499.2', '6757.0', '7386.0', '19482.0', '20740.0', '10531.0', '6370.0', '6999.2', '19095.0', '14934.0', '15563.0', '14547.0', '419.0', '1048.0', '19192.0', '6080.0', '7338.0', '14015.0', '9854.0', '274.0', '5693.0', '1532.0', '6951.0', '15515.0', '6564.0', '1774.0', '3661.0', '1387.0', '3274.0', '14112.0', '14741.0', '9951.0', '371.2', '8935.0', '4145.0', '15612.0', '6032.1', '9177.0', '14209.0', '1726.0', '81.0', '5500.0', '14693.0', '20741.0', '10532.0', '6371.0', '1581.0', '7000.0', '19096.0', '14306.2', '15564.0', '14548.0', '15177.0', '178.0', '5597.0', '14790.0', '7097.0', '19193.0', '15032.0', '5452.2', '14016.0', '19435.0', '14645.0', '9855.0', '275.0', '1533.0', '6952.2', '15516.0', '6565.0', '1775.0', '19290.0', '3662.0', '6178.0', '1388.0', '2017.0', '3275.0', '9952.0', '372.2', '7049.0', '4146.0', '15613.0', '6033.0', '1872.0', '9178.0', '14597.0', '15855.0', '1485.0', '7533.0', '14210.0', '1727.0', '19242.0', '9662.0', '15081.0', '19484.0', '20742.0', '10533.0', '953.2', '6372.0', '1582.2', '7001.0', '14307.0', '1824.0', '7243.0', '19339.0', '14549.0', '7098.0', '7727.0', '19194.0', '5453.2', '7969.0', '14017.0', '19436.0', '14646.0', '9856.0', '5695.0', '1534.0', '6953.0', '15517.0', '518.0', '5937.0', '6566.0', '13872.0', '131.0', '6179.0', '7437.0', '14743.0', '9953.0', '373.0', '7050.0', '15614.0', '6034.0', '7292.0', '19388.0', '14598.0', '15856.0', '6276.0', '1486.1', '7534.0', '1728.0', '19243.0', '15082.0', '83.0', '5502.0', '1970.0', '7389.0', '14066.0', '19485.0', '20743.0', '10534.0', '954.2', '6373.0', '1583.0', '7002.0', '14308.0', '1825.0', '7244.0', '13921.1', '14550.0', '1438.2', '2067.0', '19195.0', '9615.0', '5454.0', '7970.0', '9857.0', '6954.0', '19050.0', '15518.0', '5938.1', '6567.0', '13873.0', '4922.0', '10341.0', '132.0', '9954.0', '9567.0', '4777.0', '6035.0', '15857.0', '6277.0', '1487.0', '7535.0', '1729.0', '13825.0', '15083.0', '15712.0', '84.1', '5503.0', '1971.0', '14067.0', '19486.0', '14696.0', '20744.0', '326.0', '955.0', '6374.0', '1584.0', '7003.0', '14309.0', '9519.0', '14938.0', '1197.1', '13922.0', '14551.0', '15180.0', '181.0', '5600.0', '6229.0', '1439.2', '14164.0', '13777.2', '19196.0', '9616.0', '7971.0', '14019.0', '1536.0', '6955.0', '19051.0', '15519.0', '5939.0', '6568.0', '1778.0', '19293.0', '4923.0', '10342.0', '375.0', '4778.0', '15616.0', '1875.0', '13971.0', '15858.0', '1488.0', '10681.0', '1730.0', '7149.0', '85.0', '8020.0', '19487.0', '20745.0', '327.1', '6375.0', '1585.0', '7004.0', '14310.0', '9520.0', '14939.0', '1198.0', '13923.0', '14552.0', '10391.0', '1440.0', '7101.0', '13778.2', '19197.0', '15036.0', '5456.0', '9230.0', '14649.0', '5698.0', '908.2', '1537.0', '6956.0', '10101.0', '521.0', '5940.0', '6569.0', '1779.0', '4924.0', '10343.0', '6182.0', '7440.0', '8069.0', '14746.0', '376.0', '19149.0', '4779.0', '15617.0', '13972.0', '15859.0', '1489.0', '7537.0', '10682.0', '1731.0', '86.0', '15956.0', '328.0', '5747.2', '6376.0', '1586.0', '7005.0', '14311.0', '14940.0', '5989.0', '1199.0', '1828.0', '7247.0', '13924.0', '19343.0', '10392.0', '2070.0', '1054.0', '7102.0', '13779.0', '19198.0', '15037.0', '5457.0', '7973.0', '9231.0', '14650.0', '909.2', '1538.2', '6957.0', '10102.0', '15521.0', '5941.0', '6570.0', '7199.0', '4925.0', '10344.0', '6183.0', '5167.0', '377.1', '14989.0', '4780.0', '15618.0', '13973.2', '19392.0', '14602.0', '5651.2', '10683.0', '474.0', '1732.0', '13828.0', '87.0', '5506.0', '1974.0', '19489.0', '15328.0', '15957.0', '329.0', '5748.2', '6377.0', '1587.0', '7006.0', '14312.0', '15570.0', '1200.0', '1829.0', '7248.0', '19344.0', '14554.0', '10393.0', '1442.0', '19199.0', '15038.0', '39.0', '9232.0', '281.0', '910.0', '1539.0', '6958.0', '19054.0', '10103.0', '15522.0', '7200.0', '9329.0', '5168.0', '378.0', '14361.2', '4152.0', '15619.0', '13974.0', '19393.0', '14603.0', '5652.2', '1491.0', '8168.0', '10684.0', '475.0', '1733.0', '7152.0', '9668.0', '5507.0', '717.2', '1975.0', '8023.0', '19490.0', '14700.0', '15329.0', '15958.0', '330.0', '5749.0', '1588.0', '7007.0', '14313.0', '15571.0', '13926.0', '19345.0', '14555.0', '15184.0', '10394.0', '5604.2', '427.2', '19200.0', '7346.0', '19442.0', '282.0', '1540.0', '6959.0', '19055.0', '10104.0', '5943.0', '19297.0', '8072.0', '9330.0', '5169.0', '379.0', '13733.0', '14362.0', '4153.0', '4782.0', '15620.0', '13975.0', '19394.0', '14604.0', '5653.0', '7540.0', '8169.0', '1734.0', '4250.0', '718.2', '19491.0', '14701.0', '15330.0', '15959.0', '1589.0', '7008.0', '19104.0', '14314.0', '4105.0', '20991.0', '15185.0', '15814.0', '5605.2', '6234.0', '14169.0', '14798.0', '428.0', '5460.0', '1928.0', '7976.0', '14024.0', '19443.0', '5702.2', '1541.0', '6960.0', '5944.0', '13879.0', '19298.0', '6186.0', '1396.0', '2025.0', '9331.0', '14750.0', '5170.0', '380.0', '13734.0', '14363.0', '9573.0', '14992.0', '4783.0', '13976.0', '8170.0', '15718.0', '719.0', '19492.0', '14702.0', '5751.0', '1590.0', '7009.0', '19105.2', '14315.0', '4106.0', '15186.0', '5606.0', '6235.0', '1445.0', '14170.0', '429.0', '19202.0', '42.0', '5461.0', '1929.0', '14025.0', '19444.0', '5703.2', '6332.0', '1542.0', '6961.0', '9477.0', '7203.0', '13880.0', '19299.0', '15767.0', '6187.0', '1397.0', '14751.0', '7058.0', '19154.0', '14364.0', '9574.0', '4784.0', '15622.0', '6042.0', '7300.0', '13977.0', '14606.0', '9816.0', '6913.0', '2123.0', '478.0', '5897.0', '1107.0', '1736.0', '19251.0', '15719.0', '7397.0', '1591.0', '7010.0', '19106.0', '9526.0', '14558.0', '430.0', '19203.2', '1930.0', '7349.0', '19445.0', '5704.0', '1543.0', '6962.0', '9478.0', '10736.0', '1156.0', '7204.0', '15768.0', '14752.0', '382.0', '7059.0', '19155.0', '14365.0', '9575.0', '4785.0', '6043.0', '7301.0', '13978.0', '14607.0', '9817.0', '6914.0', '14220.0', '479.0', '5898.0', '1737.0', '7156.0', '19252.0', '15720.0', '8027.0', '14075.0', '19494.0', '14704.0', '9914.0', '1592.0', '19107.0', '14317.2', '9527.0', '5995.0', '14559.0', '189.0', '7495.0', '8753.0', '14801.0', '431.0', '1060.0', '19204.0', '19446.0', '1544.0', '6963.0', '19059.2', '14898.0', '10737.0', '19301.0', '15769.0', '2028.0', '8076.0', '383.0', '13737.0', '14366.0', '9576.0', '6044.1', '13979.0', '9818.0', '10060.0', '7157.0', '15721.0', '6141.1', '8028.0', '14076.2', '19495.0', '14705.0', '5754.0', '1593.0', '19108.0', '14318.0', '14947.0', '5996.1', '3093.0', '8754.0', '10012.0', '432.0', '13786.2', '19205.0', '4206.0', '1303.1', '1932.0', '6335.0', '1545.0', '6964.0', '7593.0', '19060.2', '14270.0', '15528.0', '10738.0', '529.0', '1787.0', '19302.0', '9722.0', '15770.0', '1400.0', '7448.0', '8077.0', '14754.0', '13738.0', '14367.0', '6045.0', '13980.0', '9819.0', '1497.0', '2126.0', '1739.0', '7158.0', '15722.0', '94.0', '6142.0', '7400.0', '8029.0', '14077.0', '19496.0', '19109.0', '14319.0', '14948.0', '15577.0', '578.0', '5997.0', '1207.0', '3094.0', '13932.1', '1449.2', '8755.0', '10013.0', '433.0', '7110.0', '13787.2', '19206.0', '4207.0', '46.2', '1304.0', '19448.0', '14658.0', '288.1', '6336.0', '1546.0', '6965.0', '7594.0', '19061.0', '8852.0', '15529.0', '10739.0', '1788.0', '8465.0', '15771.0', '1401.0', '8078.0', '7062.0', '14368.0', '4159.0', '9578.0', '5417.0', '6046.0', '7304.0', '13981.0', '14610.0', '9820.0', '1498.1', '6917.0', '14223.0', '19255.0', '4256.0', '15723.0', '6143.0', '14078.0', '19497.0', '19110.0', '14320.0', '14949.0', '579.0', '5998.0', '6627.2', '1837.0', '7256.0', '3095.0', '13933.0', '192.0', '1450.2', '7498.0', '3966.0', '10014.0', '434.0', '7111.0', '7740.0', '13788.0', '19207.0', '4208.0', '9627.0', '10256.0', '47.2', '1305.0', '19449.0', '14659.0', '289.0', '1547.0', '8853.0', '14901.0', '5950.0', '8466.0', '8708.0', '386.0', '7063.0', '14369.0', '5418.0', '6047.0', '7305.0', '13982.0', '14611.0', '1499.0', '6918.0', '14224.0', '1741.0', '7160.0', '19256.0', '5515.0', '6144.0', '1983.0', '8031.0', '14079.0', '19498.0', '14708.0', '19111.0', '14321.0', '4112.0', '5999.0', '6628.0', '13934.0', '14563.0', '1451.0', '3967.0', '10015.0', '435.0', '7741.0', '19208.0', '4209.0', '9628.0', '10257.0', '48.0', '6096.1', '1306.0', '1935.0', '290.0', '1548.0', '6967.0', '19063.0', '8854.0', '14273.0', '532.0', '8467.0', '13886.1', '19305.0', '14515.2', '15773.0', '145.2', '7451.0', '8709.0', '14757.0', '15386.0', '5177.0', '387.0', '14370.0', '15628.0']
