
Welcome to IBM(R) ILOG(R) CPLEX(R) Interactive Optimizer 22.1.1.0
  with Simplex, Mixed Integer & Barrier Optimizers
5725-A06 5725-A29 5724-Y48 5724-Y49 5724-Y54 5724-Y55 5655-Y21
Copyright IBM Corp. 1988, 2022.  All Rights Reserved.

Type 'help' for a list of available commands.
Type 'help' followed by a command name for more
information on commands.

CPLEX> Problem '/tmp/6f5705f92af34ec1ac453f5502f363fb-pulp.lp' read.
Read time = 0.02 sec. (3.37 ticks)
CPLEX> New value for time limit in seconds: 900
CPLEX> Version identifier: 22.1.1.0 | 2022-11-28 | 9160aff4d
CPXPARAM_TimeLimit                               900
Tried aggregator 5 times.
MIP Presolve eliminated 3794 rows and 22 columns.
MIP Presolve modified 38564 coefficients.
Aggregator did 7477 substitutions.
Reduced MIP has 29790 rows, 11903 columns, and 78706 nonzeros.
Reduced MIP has 2792 binaries, 0 generals, 0 SOSs, and 0 indicators.
Presolve time = 0.15 sec. (152.43 ticks)
Found incumbent of value 242169.000000 after 0.16 sec. (165.54 ticks)
Probing time = 0.03 sec. (6.71 ticks)
Tried aggregator 4 times.
Detecting symmetries...
MIP Presolve eliminated 98 rows and 4 columns.
MIP Presolve modified 408 coefficients.
Aggregator did 8 substitutions.
Reduced MIP has 29684 rows, 11891 columns, and 78423 nonzeros.
Reduced MIP has 2792 binaries, 0 generals, 0 SOSs, and 0 indicators.
Presolve time = 0.09 sec. (99.37 ticks)
Probing time = 0.03 sec. (6.66 ticks)
Clique table members: 35864.
MIP emphasis: balance optimality and feasibility.
MIP search method: dynamic search.
Parallel mode: deterministic, using up to 32 threads.
Root relaxation solution time = 0.21 sec. (233.02 ticks)

        Nodes                                         Cuts/
   Node  Left     Objective  IInf  Best Integer    Best Bound    ItCnt     Gap

*     0+    0                       242169.0000        0.0000           100.00%
      0     0    94059.7500   753   242169.0000    94059.7500     2696   61.16%
*     0+    0                       182825.0000    94059.7500            48.55%
*     0+    0                       152016.0000    94059.7500            38.13%
      0     0   130249.5000    33   152016.0000     Cuts: 129     3043   14.32%
*     0     0      integral     0   136680.0000       Cuts: 9     3105    0.00%
      0     0        cutoff         136680.0000   136680.0000     3105    0.00%
Elapsed time = 1.29 sec. (1404.43 ticks, tree = 0.01 MB, solutions = 4)

Clique cuts applied:  2
Zero-half cuts applied:  33
Gomory fractional cuts applied:  88

Root node processing (before b&c):
  Real time             =    1.29 sec. (1405.84 ticks)
Parallel b&c, 32 threads:
  Real time             =    0.00 sec. (0.00 ticks)
  Sync time (average)   =    0.00 sec.
  Wait time (average)   =    0.00 sec.
                          ------------
Total (root+branch&cut) =    1.29 sec. (1405.84 ticks)

Solution pool: 4 solutions saved.

MIP - Integer optimal solution:  Objective =  1.3668000000e+05
Solution time =    1.30 sec.  Iterations = 3105  Nodes = 0
Deterministic time = 1405.90 ticks  (1079.63 ticks/sec)

CPLEX> MILP problem relaxed to LP with fixed integer variables using
incumbent solution.
CPLEX> Version identifier: 22.1.1.0 | 2022-11-28 | 9160aff4d
CPXPARAM_TimeLimit                               900
Parallel mode: deterministic, using up to 32 threads for concurrent optimization:
 * Starting dual Simplex on 1 thread...
 * Starting Barrier on 30 threads...
 * Starting primal Simplex on 1 thread...
Tried aggregator 1 time.
LP Presolve eliminated 40835 rows and 19190 columns.
Aggregator did 138 substitutions.
Reduced LP has 88 rows, 74 columns, and 176 nonzeros.
Presolve time = 0.01 sec. (15.91 ticks)
Initializing dual steep norms . . .

Iteration log . . .
Iteration:     1   Dual objective     =        136680.000000

Dual simplex solved model.


Dual simplex - Optimal:  Objective =  1.3668000000e+05
Solution time =    0.03 sec.  Iterations = 30 (0)
Deterministic time = 32.77 ticks  (1166.09 ticks/sec)

CPLEX> Solution written to file '/tmp/6f5705f92af34ec1ac453f5502f363fb-pulp.sol'.
CPLEX> Root classes: {'26'}
Status: Optimal
Solved x values:
['0.0', '121.0', '496.0', '115.0', '2129.0', '2002.0', '109.0', '1621.0', '345.0', '91.0', '1603.0', '466.0', '85.0', '460.0', '333.0', '206.0', '581.0', '454.0', '73.0', '448.0', '1579.0', '569.0', '61.0', '309.0', '1694.0', '55.0', '430.0', '1688.0', '49.2', '424.0', '297.0', '170.0', '1555.0', '418.0', '7724.0', '1924.0', '285.0', '1670.0', '7718.0', '533.0', '1918.0', '25.0', '1912.0', '146.0', '19.0', '521.0', '140.0', '1652.0', '642.0', '1646.0', '7.0', '255.0', '128.0', '1.0', '376.0', '497.0', '116.0', '110.0', '1622.0', '485.0', '231.0', '104.0', '92.0', '467.0', '1979.0', '340.0', '86.0', '461.0', '334.0', '207.0', '1592.0', '582.0', '455.0', '2088.0', '449.0', '1580.0', '443.0', '2076.0', '1695.0', '1568.0', '558.0', '431.0', '1689.0', '50.0', '298.0', '44.0', '1556.0', '419.1', '1677.0', '7725.0', '413.2', '159.0', '1671.0', '32.0', '7719.0', '1919.0', '26.2', '7713.0', '1913.0', '20.1', '1907.0', '14.2', '1647.0', '637.0', '129.0', '377.0', '123.0', '117.0', '111.0', '1623.0', '105.0', '1617.0', '93.0', '468.0', '1980.0', '341.0', '87.0', '1599.0', '462.0', '335.0', '208.0', '81.0', '577.0', '450.0', '444.2', '1956.0', '317.0', '184.0', '1696.0', '1690.0', '426.0', '299.0', '420.0', '293.0', '7726.0', '414.2', '1672.0', '33.0', '7720.0', '408.0', '1920.0', '27.0', '7714.0', '1914.0', '148.0', '1660.0', '21.0', '1908.0', '15.2', '2029.0', '1648.0', '9.0', '638.0', '3.0', '2017.0', '378.0', '124.0', '2138.0', '118.0', '1630.0', '2005.0', '112.0', '487.0', '106.0', '1993.0', '94.0', '1606.0', '469.0', '342.0', '1600.0', '463.0', '1975.0', '336.0', '82.1', '457.0', '578.0', '451.0', '197.0', '2084.0', '445.0', '566.0', '1697.0', '2072.0', '1691.0', '52.0', '1564.0', '427.0', '173.0', '1685.0', '421.0', '294.0', '7727.0', '415.0', '1927.0', '1673.0', '536.0', '409.0', '1921.0', '28.0', '1915.0', '1661.0', '22.0', '7709.0', '524.0', '1909.2', '16.0', '137.0', '1649.0', '10.0', '512.0', '1643.0', '4.0', '379.0', '500.0', '119.0', '1631.0', '2006.0', '113.0', '488.0', '361.0', '107.2', '482.0', '228.0', '95.0', '343.0', '89.0', '1601.0', '464.0', '1976.0', '337.0', '83.0', '1595.0', '458.2', '452.0', '325.0', '198.0', '1583.0', '446.0', '1952.0', '1698.0', '59.2', '1571.0', '434.0', '1565.0', '555.0', '301.0', '1686.0', '1559.0', '422.0', '295.0', '41.0', '7728.0', '162.0', '1674.0', '7722.0', '1922.0', '404.0', '1916.0', '23.0', '7710.0', '525.0', '1910.0', '144.0', '1650.0', '2025.0', '1644.0', '5.0', '380.0', '253.0', '126.0', '501.0', '120.0', '1632.0', '114.0', '2001.0', '108.0', '483.0', '1614.0', '1989.0', '344.0', '90.1', '465.0', '338.0', '84.0', '459.0', '453.0', '199.0', '72.0', '1584.0', '447.0', '60.2', '435.0', '181.0', '1693.0', '1566.0', '1687.0', '48.2', '1560.0', '423.0', '296.0', '7729.0', '417.0', '1675.0', '7723.0', '284.0', '1669.0', '30.0', '405.0', '1917.0', '151.0', '24.0', '1911.0', '145.0', '18.0', '520.0', '641.0', '1645.0', '381.0', '254.0']
