
Welcome to IBM(R) ILOG(R) CPLEX(R) Interactive Optimizer 22.1.1.0
  with Simplex, Mixed Integer & Barrier Optimizers
5725-A06 5725-A29 5724-Y48 5724-Y49 5724-Y54 5724-Y55 5655-Y21
Copyright IBM Corp. 1988, 2022.  All Rights Reserved.

Type 'help' for a list of available commands.
Type 'help' followed by a command name for more
information on commands.

CPLEX> Problem '/tmp/bd6d071959e445f39abc436db7765860-pulp.lp' read.
Read time = 0.14 sec. (17.73 ticks)
CPLEX> New value for time limit in seconds: 900
CPLEX> Version identifier: 22.1.1.0 | 2022-11-28 | 9160aff4d
CPXPARAM_TimeLimit                               900
Tried aggregator 5 times.
MIP Presolve eliminated 27987 rows and 23 columns.
MIP Presolve modified 192682 coefficients.
Aggregator did 38537 substitutions.
Reduced MIP has 140025 rows, 59268 columns, and 374870 nonzeros.
Reduced MIP has 13104 binaries, 0 generals, 0 SOSs, and 0 indicators.
Presolve time = 1.09 sec. (783.97 ticks)
Found incumbent of value 962169.000000 after 1.16 sec. (847.96 ticks)
Probing time = 0.39 sec. (28.34 ticks)
Tried aggregator 2 times.
Detecting symmetries...
MIP Presolve eliminated 73 rows and 9 columns.
MIP Presolve modified 370 coefficients.
Aggregator did 4 substitutions.
Reduced MIP has 139948 rows, 59255 columns, and 374662 nonzeros.
Reduced MIP has 13104 binaries, 0 generals, 0 SOSs, and 0 indicators.
Presolve time = 0.91 sec. (515.89 ticks)
Probing time = 0.20 sec. (21.13 ticks)
Clique table members: 246635.
MIP emphasis: balance optimality and feasibility.
MIP search method: dynamic search.
Parallel mode: deterministic, using up to 32 threads.
Root relaxation solution time = 1.48 sec. (1326.79 ticks)

        Nodes                                         Cuts/
   Node  Left     Objective  IInf  Best Integer    Best Bound    ItCnt     Gap

*     0+    0                       962169.0000        0.0000           100.00%
      0     0   257991.8750   922   962169.0000   257991.8750     8663   73.19%
*     0+    0                       740039.0000   257991.8750            65.14%
*     0+    0                       536007.0000   257991.8750            51.87%
      0     0   380026.6250   257   536007.0000     Cuts: 144     9654   29.10%
*     0+    0                       466268.0000   380026.6250            18.50%
      0     0   392429.5000   262   466268.0000      Cuts: 43     9967   15.84%
      0     0   402642.5000   267   466268.0000      Cuts: 52    10229   13.65%
*     0+    0                       441158.0000   402642.5000             8.73%
      0     0  -1.00000e+75     0   441158.0000   402642.5000    10229    8.73%
*     0+    0                       424418.0000   402642.5000             5.13%
      0     0   410328.5000    98   424418.0000      Cuts: 44    10725    3.32%
      0     0   416759.0000    49   424418.0000  ZeroHalf: 21    11371    1.80%
      0     0   417987.5000    31   424418.0000       Cuts: 9    12147    1.52%
      0     0   423119.0000   202   424418.0000       Cuts: 6    12709    0.31%
      0     0        cutoff         424418.0000                  12826    0.00%
Elapsed time = 11.38 sec. (12998.01 ticks, tree = 0.01 MB, solutions = 6)

Implied bound cuts applied:  12
Mixed integer rounding cuts applied:  14
Zero-half cuts applied:  93
Gomory fractional cuts applied:  64

Root node processing (before b&c):
  Real time             =   11.38 sec. (13005.61 ticks)
Parallel b&c, 32 threads:
  Real time             =    0.00 sec. (0.00 ticks)
  Sync time (average)   =    0.00 sec.
  Wait time (average)   =    0.00 sec.
                          ------------
Total (root+branch&cut) =   11.38 sec. (13005.61 ticks)

Solution pool: 6 solutions saved.

MIP - Integer optimal solution:  Objective =  4.2441800000e+05
Solution time =   11.43 sec.  Iterations = 12826  Nodes = 0
Deterministic time = 13005.89 ticks  (1138.21 ticks/sec)

CPLEX> MILP problem relaxed to LP with fixed integer variables using
incumbent solution.
CPLEX> Version identifier: 22.1.1.0 | 2022-11-28 | 9160aff4d
CPXPARAM_TimeLimit                               900
Parallel mode: deterministic, using up to 32 threads for concurrent optimization:
 * Starting dual Simplex on 1 thread...
 * Starting Barrier on 30 threads...
 * Starting primal Simplex on 1 thread...
Tried aggregator 1 time.
LP Presolve eliminated 205627 rows and 97092 columns.
Aggregator did 419 substitutions.
Reduced LP has 503 rows, 317 columns, and 1006 nonzeros.
Presolve time = 0.07 sec. (79.86 ticks)
Initializing dual steep norms . . .

Iteration log . . .
Iteration:     1   Dual objective     =        424418.000000
Perturbation started.
Iteration:    51   Dual objective     =        424418.000000
Removing perturbation.

Dual simplex solved model.


Dual simplex - Optimal:  Objective =  4.2441800000e+05
Solution time =    0.15 sec.  Iterations = 131 (0)
Deterministic time = 164.74 ticks  (1081.59 ticks/sec)

CPLEX> Solution written to file '/tmp/bd6d071959e445f39abc436db7765860-pulp.sol'.
CPLEX> Root classes: {'26'}
Status: Optimal
Solved x values:
['0.0', '6677.0', '1887.0', '121.0', '2129.0', '1621.2', '1742.0', '7790.0', '1863.2', '15096.0', '460.0', '581.0', '1839.0', '73.0', '6121.0', '15193.0', '1452.0', '1694.0', '7742.0', '15048.0', '49.2', '170.0', '6218.0', '6847.0', '6460.0', '1670.1', '7718.2', '533.0', '25.0', '1912.0', '15145.0', '146.0', '6194.0', '15266.0', '1525.0', '1646.0', '509.0', '7815.0', '1.0', '6678.0', '1888.0', '15871.0', '6291.0', '1622.2', '485.0', '7791.0', '1864.0', '15218.0', '2106.0', '340.1', '461.0', '582.0', '15073.0', '6122.0', '6751.0', '15194.0', '1453.0', '1695.0', '7743.0', '558.0', '6606.0', '50.0', '20589.0', '6848.0', '413.2', '1671.0', '7719.2', '26.2', '1913.0', '15146.0', '15267.0', '1647.0', '7816.0', '6679.0', '1889.0', '15122.0', '123.0', '15243.0', '15872.0', '1623.0', '7792.0', '1865.0', '6147.0', '15219.0', '341.0', '970.0', '1599.2', '462.0', '1091.0', '15074.0', '6244.0', '1454.0', '317.0', '1696.0', '7744.0', '6607.0', '15171.0', '20590.0', '6849.0', '293.0', '414.2', '1672.0', '7720.0', '27.0', '1914.0', '148.0', '15268.0', '1648.0', '1769.0', '7817.0', '3.0', '6680.0', '1890.0', '15123.0', '124.0', '6172.0', '15244.0', '15873.2', '487.0', '1745.0', '7793.0', '1866.0', '6148.0', '342.0', '971.0', '1600.2', '463.0', '1092.0', '6632.0', '197.2', '6245.0', '1455.0', '1697.0', '7745.0', '52.0', '1310.0', '15172.0', '20591.0', '173.0', '6850.0', '294.1', '415.0', '1673.0', '536.0', '28.0', '6705.0', '1915.0', '15269.0', '1649.0', '512.0', '7818.0', '4.0', '1891.0', '15124.0', '6173.0', '6802.0', '15245.0', '15874.0', '6415.0', '488.0', '1117.0', '1746.0', '7794.0', '6657.0', '1867.0', '2109.0', '343.0', '972.0', '1601.0', '464.0', '6512.0', '7770.0', '6633.0', '198.2', '6246.0', '1698.0', '7746.0', '1311.0', '15173.0', '20592.0', '295.0', '1674.0', '7722.0', '6706.0', '1916.0', '1408.0', '6319.0', '6440.0', '1650.0', '1142.0', '7819.0', '5.0', '6682.0', '1892.0', '126.0', '6174.0', '6803.0', '15246.0', '15875.0', '1118.0', '1868.0', '344.0', '465.0', '6513.0', '7771.0', '6634.0', '199.0', '1457.0', '1312.0', '20593.0', '296.0', '417.0', '1675.0', '7723.0', '1167.0', '30.0', '6707.0', '1917.0', '151.0', '1409.0', '6441.0', '1772.0', '6683.0', '1893.0', '15126.0', '6804.0', '15247.0', '15876.0', '22553.0', '1240.0', '1869.0', '345.0', '1603.0', '466.0', '6514.0', '1724.0', '6635.0', '6248.0', '1458.0', '1579.0', '7748.0', '55.0', '1313.0', '15175.0', '20594.0', '297.0', '1555.0', '418.0', '7724.1', '6708.0', '1918.0', '781.0', '1410.0', '6442.0', '1652.0', '1773.0', '7.0', '6684.0', '1894.0', '15127.0', '128.0', '6176.0', '6805.0', '15248.0', '15877.0', '6418.0', '1749.0', '1241.0', '1870.0', '104.0', '6273.0', '467.0', '1725.0', '6636.0', '1338.0', '1459.0', '1580.0', '443.0', '7749.0', '1314.0', '15176.0', '20595.0', '298.0', '6346.0', '1556.0', '419.1', '1677.0', '7725.0', '32.0', '6709.0', '1919.0', '782.0', '1411.0', '6322.0', '637.0', '6685.0', '129.0', '6177.0', '1387.0', '6806.0', '15878.0', '1750.0', '1242.0', '1871.0', '15104.0', '105.0', '6274.0', '468.0', '1726.2', '6637.0', '81.0', '1339.0', '1460.0', '444.2', '7750.2', '15056.0', '1315.0', '20596.0', '6226.0', '299.0', '6347.0', '420.0', '7726.0', '33.0', '6710.0', '1920.0', '15153.0', '783.0', '6202.0', '1412.0', '6831.0', '9.0', '638.0', '6686.0', '1388.0', '6807.0', '15250.0', '15879.0', '880.0', '1630.2', '1243.0', '1872.0', '15105.0', '106.0', '1993.0', '6275.0', '1606.0', '469.0', '1727.0', '590.0', '82.1', '6130.0', '1340.0', '6759.0', '15202.0', '6251.0', '1461.0', '445.0', '7751.0', '566.0', '15057.0', '6735.0', '6348.0', '421.0', '7727.0', '1921.0', '15154.0', '1413.0', '6832.0', '10.0', '6687.0', '15130.0', '1389.0', '15251.0', '15880.0', '881.0', '1631.2', '1244.0', '107.2', '15227.0', '228.0', '1728.0', '6639.0', '15082.0', '83.0', '6131.0', '1341.0', '6760.0', '15203.0', '1462.0', '325.0', '1583.0', '446.0', '7752.0', '6615.0', '59.2', '301.0', '1559.0', '422.0', '1051.0', '7728.0', '6712.0', '1922.0', '15155.0', '6833.0', '6688.0', '15131.0', '6180.0', '1390.0', '15252.0', '15881.0', '253.2', '882.0', '1632.0', '1245.0', '108.0', '6156.0', '15228.0', '6277.0', '1100.0', '1729.0', '6640.0', '84.0', '1342.0', '6761.0', '15204.0', '1584.0', '447.0', '7753.0', '6616.0', '60.2', '181.0', '6229.0', '6350.0', '1560.0', '423.0', '1052.0', '7729.0', '544.0', '6205.0', '6834.0', '907.0', '520.0', '641.0', '6181.0', '1391.0', '15253.0', '15882.0', '254.2', '496.0', '6665.0', '15108.0', '109.0', '15229.0', '1101.0', '1730.0', '593.0', '85.0', '1343.0', '6762.0', '15205.0', '206.2', '448.0', '7754.0', '569.0', '15060.0', '61.0', '6859.0', '424.0', '1053.0', '20576.0', '6835.0', '908.0', '521.0', '1150.0', '642.0', '6690.0', '1392.0', '15254.0', '15883.0', '255.0', '376.1', '497.0', '1126.0', '6666.0', '15109.0', '110.0', '15230.0', '231.0', '1731.0', '7779.0', '15085.0', '86.0', '6134.0', '6763.0', '15206.0', '207.2', '6255.0', '449.0', '1707.0', '7755.0', '15061.0', '691.0', '6860.0', '7731.0', '20577.0', '159.0', '6836.0', '909.0', '14.2', '6691.0', '15255.0', '15884.0', '377.0', '111.0', '6159.0', '15231.0', '6280.0', '1732.0', '7780.0', '87.0', '6135.0', '6764.0', '15207.0', '208.0', '6256.0', '450.0', '1708.0', '7756.0', '692.0', '184.0', '6861.0', '6353.0', '426.0', '7732.0', '547.0', '1660.0', '15.2', '6692.0', '15885.0', '378.0', '112.0', '15232.0', '6402.0', '1733.0', '7781.2', '15208.0', '6257.0', '451.0', '7757.0', '1830.2', '693.0', '15184.0', '6233.0', '6862.0', '2072.0', '1564.2', '427.0', '1685.0', '7733.2', '1927.0', '6330.0', '1661.0', '7709.0', '524.0', '16.0', '6693.0', '137.0', '15257.0', '15886.0', '379.0', '500.0', '113.0', '6403.0', '1734.0', '7782.0', '89.0', '6766.0', '6887.0', '452.0', '7758.0', '1831.0', '15185.0', '6234.0', '6863.0', '1565.2', '6476.0', '1686.1', '7734.0', '6597.0', '41.0', '20580.0', '162.0', '404.0', '7710.0', '525.0', '1783.0', '6694.0', '15258.0', '6936.0', '380.0', '501.0', '7807.0', '114.0', '15234.0', '6404.0', '1614.0', '1735.0', '7783.0', '15089.0', '90.1', '15210.0', '6888.0', '961.0', '453.0', '1711.0', '7759.0', '1203.0', '1832.0', '6743.0', '6235.0', '6864.0', '1566.0', '6477.0', '1687.0', '7735.0', '6598.0', '15162.0', '20581.0', '284.0', '405.0', '18.0', '6695.0', '6816.0', '15259.0', '6308.0', '6937.0', '381.0', '7808.2', '115.0', '15235.0', '1736.0', '7784.0', '15090.0', '91.0', '6889.0', '333.1', '962.0', '454.0', '1712.0', '7760.0', '1204.0', '1833.0', '817.0', '309.0', '430.0', '6478.0', '1688.0', '7736.0', '6720.0', '15163.0', '285.0', '6333.0', '6575.0', '19.0', '6696.0', '140.0', '15260.0', '6938.0', '7809.0', '116.0', '1737.0', '7785.0', '6648.0', '15091.0', '92.0', '6890.0', '334.0', '963.0', '1592.0', '455.0', '7761.0', '6624.0', '1834.0', '818.0', '6237.0', '1568.0', '431.0', '1689.0', '7737.0', '15043.0', '44.0', '15164.0', '6213.0', '7713.0', '6576.0', '20.1', '1907.0', '6189.0', '15261.0', '1520.0', '6939.0', '7810.0', '117.0', '1617.0', '1109.0', '1738.0', '7786.0', '6649.0', '93.0', '6891.0', '335.0', '7762.0', '577.0', '1835.0', '6117.0', '819.0', '1690.0', '7738.0', '15044.0', '6214.0', '408.0', '7714.0', '1158.0', '6577.0', '21.0', '1908.0', '6190.0', '15262.0', '6311.0', '1521.0', '6940.0', '1134.0', '7811.0', '6674.0', '118.0', '1739.0', '7787.0', '15093.0', '94.0', '6892.0', '336.0', '457.0', '1715.0', '7763.0', '578.0', '1836.0', '15069.0', '6118.0', '1691.0', '7739.0', '20585.0', '409.0', '1159.0', '1788.0', '22.0', '1909.2', '1522.0', '6941.0', '1643.0', '7812.0', '6675.0', '1885.2', '119.0', '6288.0', '361.0', '482.0', '7788.0', '95.0', '6143.0', '337.0', '1595.0', '2224.0', '458.2', '1716.0', '1837.0', '15070.0', '6240.0', '1450.0', '1571.0', '434.0', '7740.0', '555.0', '20586.0', '6845.0', '6458.0', '1789.0', '23.0', '1910.0', '144.2', '15264.0', '1523.0', '1644.0', '7813.0', '6676.0', '1886.0', '120.0', '483.0', '1741.0', '7789.0', '6144.0', '338.0', '459.0', '7765.0', '1838.0', '72.0', '1451.0', '435.0', '1693.1', '7741.0', '15047.0', '48.2', '20587.0', '6217.0', '6846.0', '6459.0', '1669.0', '24.0', '1911.0', '15144.0', '145.2', '6193.0', '15265.0', '1524.0', '1645.1', '7814.0']
