
Welcome to IBM(R) ILOG(R) CPLEX(R) Interactive Optimizer 22.1.1.0
  with Simplex, Mixed Integer & Barrier Optimizers
5725-A06 5725-A29 5724-Y48 5724-Y49 5724-Y54 5724-Y55 5655-Y21
Copyright IBM Corp. 1988, 2022.  All Rights Reserved.

Type 'help' for a list of available commands.
Type 'help' followed by a command name for more
information on commands.

CPLEX> Problem '/tmp/74bf5d9c7ef54a609344a2c77befa94c-pulp.lp' read.
Read time = 0.18 sec. (26.05 ticks)
CPLEX> New value for time limit in seconds: 900
CPLEX> Version identifier: 22.1.1.0 | 2022-11-28 | 9160aff4d
CPXPARAM_TimeLimit                               900
Tried aggregator 2 times.
MIP Presolve eliminated 87039 rows and 118 columns.
MIP Presolve modified 152845 coefficients.
Aggregator did 156 substitutions.
Reduced MIP has 66336 rows, 13486 columns, and 1224826 nonzeros.
Reduced MIP has 12846 binaries, 0 generals, 0 SOSs, and 0 indicators.
Presolve time = 0.66 sec. (905.28 ticks)
Found incumbent of value 1.6913112e+07 after 0.78 sec. (1084.01 ticks)
Probing time = 0.10 sec. (8.93 ticks)
Tried aggregator 1 time.
Detecting symmetries...
MIP Presolve eliminated 1827 rows and 3 columns.
MIP Presolve modified 19032 coefficients.
Reduced MIP has 64509 rows, 13483 columns, and 1219946 nonzeros.
Reduced MIP has 12846 binaries, 0 generals, 0 SOSs, and 0 indicators.
Presolve time = 2.64 sec. (5115.06 ticks)
Probing time = 0.07 sec. (8.36 ticks)
Clique table members: 850.
MIP emphasis: balance optimality and feasibility.
MIP search method: dynamic search.
Parallel mode: deterministic, using up to 32 threads.
Root relaxation solution time = 0.48 sec. (572.63 ticks)

        Nodes                                         Cuts/
   Node  Left     Objective  IInf  Best Integer    Best Bound    ItCnt     Gap

*     0+    0                       1.69131e+07        0.0000           100.00%
*     0+    0                         8555.0000        0.0000           100.00%
      0     0      460.1745    75     8555.0000      460.1745      334   94.62%
      0     0      499.1410    92     8555.0000       Cuts: 2      398   94.17%
      0     2      499.1410    92     8555.0000      499.1410      398   94.17%
Elapsed time = 7.22 sec. (10797.74 ticks, tree = 0.02 MB, solutions = 2)
     18    20     2438.0690   113     8555.0000      630.0000     1621   92.64%
    229    72      987.0118    77     8555.0000      677.1400     3864   92.08%
    347   284     4124.7405   100     8555.0000      677.8325     9640   92.08%
*   460   373      integral     0     8290.0000      677.8325    12860   91.82%
*   507   428      integral     0     8261.0000      677.8325    14908   91.79%
    536   452     2845.9975    72     8261.0000      677.8325    15528   91.79%
    766   689     6219.2691    34     8261.0000      677.8325    25224   91.79%
*   768   690      integral     0     8144.0000      677.8325    25241   91.68%
*   820   718      integral     0     8135.0000      677.8325    26992   91.67%
    994   830     6178.0242    74     8135.0000      677.8325    33872   91.67%
   1246   998     1306.6185    68     8135.0000      677.8325    42984   91.67%
   1445  1105        cutoff           8135.0000      677.8325    48219   91.67%
   1632  1269     1372.9689    78     8135.0000      677.8325    54737   91.67%
   2370  1771     7771.3619   101     8135.0000      677.8325    76462   91.67%
Elapsed time = 11.86 sec. (13913.33 ticks, tree = 128.42 MB, solutions = 7)
*  2843+ 2001                         7946.0000      677.8325            91.47%
   3240  2202     7895.6092    74     7946.0000      710.6279    96666   91.06%
   4254  3090     4865.5901   124     7946.0000      725.1137   126404   90.87%
   5014  3841     5564.0457   210     7946.0000      725.1137   154533   90.87%
*  5347+ 4115                         7577.0000      725.1137            90.43%
   5417  3943     1858.5572    78     7577.0000      725.1137   158108   90.43%

Performing restart 1

Repeating presolve.
Tried aggregator 1 time.
MIP Presolve eliminated 4003 rows and 8 columns.
MIP Presolve modified 12450 coefficients.
Reduced MIP has 60506 rows, 13475 columns, and 1209245 nonzeros.
Reduced MIP has 12846 binaries, 0 generals, 0 SOSs, and 0 indicators.
Presolve time = 0.27 sec. (384.71 ticks)
Tried aggregator 1 time.
MIP Presolve eliminated 4630 rows and 32 columns.
MIP Presolve modified 12200 coefficients.
Reduced MIP has 55876 rows, 13443 columns, and 1196860 nonzeros.
Reduced MIP has 12846 binaries, 0 generals, 0 SOSs, and 0 indicators.
Presolve time = 2.48 sec. (4873.82 ticks)
Represolve time = 2.99 sec. (5421.25 ticks)
*  5421+    0                         7136.0000      725.1137            89.84%
   5421     0      573.5455   104     7136.0000       Cuts: 2   179873   89.84%
   5421     0      672.5291   172     7136.0000       Cuts: 3   180417   89.84%
   5421     0      702.6068    81     7136.0000   ZeroHalf: 2   180796   89.84%
   5421     0      742.1689   114     7136.0000       Cuts: 3   181004   89.60%
   5421     0      771.6699   105     7136.0000       Cuts: 3   181184   89.19%
   5421     0      773.3052   209     7136.0000   ZeroHalf: 1   181300   89.16%
*  5421+    0                         7132.0000      773.3052            89.16%
   5421     2      773.3052   250     7132.0000      773.3052   181300   89.16%
   5422     3      773.3431   106     7132.0000      773.3643   181407   89.16%
   5423     3     2319.0472   123     7132.0000      773.3643   182116   89.16%
   5429     6     1303.7036    79     7132.0000      774.5523   182966   89.14%
   5443    15     2714.0824    58     7132.0000      774.5523   183646   89.14%
   5539    45     2531.3003    61     7132.0000      774.6191   184884   89.14%
Elapsed time = 34.78 sec. (45551.51 ticks, tree = 4.38 MB, solutions = 11)
   5883   287     2037.4756   130     7132.0000      774.6424   192680   89.14%
   6261   632     5116.9095   163     7132.0000      774.6532   200441   89.14%
   6667   993     4556.4893    52     7132.0000      774.6572   213295   89.14%
   7200  1286     5825.3450    57     7132.0000      774.6572   223713   89.14%
   7841  1701     5346.1497   181     7132.0000      774.6572   238144   89.14%
   8469  2473     6805.8785    77     7132.0000      774.6572   265230   89.14%
   9041  2896     2343.3501   102     7132.0000      774.6572   282103   89.14%
   9769  3192     4359.8534   232     7132.0000      774.6572   290926   89.14%
  10797  4095     2471.4365   167     7132.0000      774.6572   320926   89.14%
  11751  4927     3860.1957    94     7132.0000      774.6572   346527   89.14%
Elapsed time = 44.33 sec. (55114.32 ticks, tree = 116.36 MB, solutions = 11)
  12336  5725     3919.2402    86     7132.0000      774.6572   372265   89.14%
  12971  6151     3968.5007   253     7132.0000      774.6572   387335   89.14%
  13894  6988     4816.2857    85     7132.0000      794.9052   411972   88.85%
  14803  8107     4708.5647   156     7132.0000      794.9052   442188   88.85%
  15596  8506     3895.3559   117     7132.0000      794.9052   455153   88.85%
  16346  9376     4864.5793    82     7132.0000      794.9052   487014   88.85%
* 17055+ 9424                         6937.0000      794.9052            88.54%
  17143 10226     5516.3197   200     6937.0000      794.9052   508947   88.54%
  18018 10580     6659.5912   188     6937.0000      794.9052   528011   88.54%
* 18580+11073                         6817.0000      794.9052            88.34%
  18790 11227     2315.7458   221     6817.0000      794.9052   549569   88.34%
* 19243+11055                         6657.0000      794.9052            88.06%
  19656 11626     2125.0175   295     6657.0000      794.9052   575585   88.06%
Elapsed time = 54.64 sec. (64659.71 ticks, tree = 242.89 MB, solutions = 15)
  20498 11591      969.0503   118     6657.0000      794.9052   594908   88.06%
  21603 12354     3839.6223   351     6657.0000      799.5700   614008   87.99%
  22751 13352     3846.8411   351     6657.0000      799.5700   641330   87.99%
  23805 14969     2129.7180   113     6657.0000      799.5700   694785   87.99%
  24751 16082     1354.9100   173     6657.0000      799.5700   733252   87.99%
  25461 16714     2887.7330   356     6657.0000      799.5700   753840   87.99%
  26313 17240     2689.5055   228     6657.0000      799.5700   771932   87.99%
  27141 18446     4843.6965    87     6657.0000      799.5700   808586   87.99%
  27853 18580     1489.6779    87     6657.0000      799.5700   813002   87.99%
  28670 19578     2901.9199   131     6657.0000      799.5700   848827   87.99%
Elapsed time = 65.65 sec. (74203.42 ticks, tree = 353.30 MB, solutions = 15)
  29345 20404     2850.2822   145     6657.0000      799.5700   877566   87.99%
  30058 19067     3547.4704   304     6657.0000      799.5700   829123   87.99%
  30682 21976     1564.7053    80     6657.0000      799.5700   930982   87.99%
  31479 22465     6385.8298   276     6657.0000      799.5700   952343   87.99%
  32461 23403     6392.7095   144     6657.0000      799.5700   984303   87.99%
  33325 24150        cutoff           6657.0000      799.5700  1009323   87.99%
  34260 24617     5121.2756   172     6657.0000      799.5700  1026566   87.99%
* 34523+24579                         6468.0000      799.5700            87.64%
  35164 24762     3629.5039    72     6468.0000      799.5700  1063689   87.64%
  36116 25150     3762.7721   321     6468.0000      799.5700  1074382   87.64%
  36944 26660     4765.8048   154     6468.0000      799.5700  1127233   87.64%
Elapsed time = 77.67 sec. (83750.39 ticks, tree = 668.97 MB, solutions = 16)
  37886 27678     3086.7551   418     6468.0000      799.5700  1160239   87.64%
  38872 28502     3410.8309   175     6468.0000      799.5700  1188360   87.64%
  39799 28708     2901.3521   145     6468.0000      799.5700  1194162   87.64%
  40709 30063     5520.3571   143     6468.0000      887.4834  1238496   86.28%
  41417 31369     1546.0400   377     6468.0000      887.4834  1292462   86.28%
  42200 32045      944.4681   417     6468.0000      887.4834  1318325   86.28%
  43007 32372     2771.8671    71     6468.0000      887.4834  1331714   86.28%
  43828 33396     2723.2237   136     6468.0000      887.4834  1372502   86.28%
  44871 33705     6400.0191   110     6468.0000      887.4834  1388056   86.28%
  45762 34990     3363.3955   200     6468.0000      887.4834  1436548   86.28%
Elapsed time = 88.32 sec. (93293.71 ticks, tree = 769.39 MB, solutions = 16)
  46652 35528     2267.6607    79     6468.0000      887.4834  1459325   86.28%
  47565 37070     5769.3445    78     6468.0000      887.4834  1512122   86.28%
  48516 37884     3144.9224   443     6468.0000      887.4834  1540067   86.28%
  49451 38367     5319.3330   145     6468.0000      887.4834  1554673   86.28%
  50469 39131     3019.2829   141     6468.0000      887.4834  1573003   86.28%
  51536 40162     4935.4308   239     6468.0000      887.4834  1609714   86.28%
  52373 40576     1795.9814   463     6468.0000      887.4834  1621262   86.28%
  53324 42239     2697.8639   171     6468.0000      887.4834  1668691   86.28%
  54288 42674     2992.1804   220     6468.0000      887.4834  1680283   86.28%
  55247 44362     3239.5490   189     6468.0000      887.4834  1727379   86.28%
Elapsed time = 99.33 sec. (102839.16 ticks, tree = 872.97 MB, solutions = 16)
  56245 45614     1204.3611   350     6468.0000      887.4834  1763129   86.28%
  56998 45586     3236.9960   450     6468.0000      948.0171  1762909   85.34%
  57639 46761     3376.8269   114     6468.0000      948.0171  1802717   85.34%
  58333 47661     4046.4059   293     6468.0000      948.0171  1836417   85.34%
* 58489+45855                         6443.0000      948.0171            85.29%
  59130 48177     2817.5179   385     6443.0000      948.0171  1853078   85.29%
  59883 48956     2398.6323   160     6443.0000      948.0501  1885994   85.29%
  60787 48911     6004.3233   205     6443.0000      953.2563  1878680   85.20%
  61676 50665     2831.0607   478     6443.0000      953.3052  1952081   85.20%
  62589 50309     2911.7408   109     6443.0000      953.3052  1936415   85.20%
  63371 51311     1933.6007   450     6443.0000      953.3052  1974190   85.20%
Elapsed time = 109.65 sec. (112386.84 ticks, tree = 952.37 MB, solutions = 17)
  63982 51440     2376.6086   140     6443.0000      956.7721  1978594   85.15%
  64586 53225     3997.4996   181     6443.0000      956.7721  2039855   85.15%
  65138 53087     1579.0940   380     6443.0000      956.7721  2035230   85.15%
  65919 54564     5799.4945   111     6443.0000      956.7721  2088720   85.15%
  66705 54815     2956.1571   163     6443.0000      956.7721  2098802   85.15%
  67478 55074     4544.6281    78     6443.0000      956.7721  2103698   85.15%
  68362 56268     3890.9105   150     6443.0000      956.7721  2151119   85.15%
  69234 56404     3316.9577   121     6443.0000      956.7721  2154610   85.15%
  70060 58570     4500.5002   159     6443.0000      956.7721  2217032   85.15%
  73519 60478        cutoff           6443.0000      956.7721  2278555   85.15%
Elapsed time = 121.86 sec. (124797.15 ticks, tree = 1053.88 MB, solutions = 17)
  76560 64124     3491.0695   302     6443.0000      956.7721  2390052   85.15%
  78488 66380     1700.4706   170     6443.0000      970.0616  2467878   84.94%
  82808 70416     6314.9688   124     6443.0000      970.0616  2583707   84.94%
* 84296+71685                         6317.0000      970.0616            84.64%
  87039 71818     2359.2553   162     6317.0000      983.3128  2673690   84.43%
  90334 76386     3300.8408   257     6317.0000      983.3128  2837753   84.43%
  91814 79453     2761.5058   223     6317.0000     1009.5455  2946965   84.02%
  95457 80530     6220.5905    77     6317.0000     1009.5455  2986768   84.02%
  98974 84739     3168.6028    94     6317.0000     1009.5455  3129358   84.02%
 102657 86807     1387.4248   450     6317.0000     1009.5455  3206050   84.02%
 105869 90708     4066.6632   232     6317.0000     1009.5455  3355213   84.02%
Elapsed time = 164.80 sec. (162956.42 ticks, tree = 1382.38 MB, solutions = 18)
 106837 93800     5068.0779   143     6317.0000     1009.5455  3466542   84.02%
 110009 93956     2478.0232   169     6317.0000     1015.1391  3474185   83.93%
 113807 99208     4991.7813   191     6317.0000     1015.1391  3666915   83.93%
 117438 100491     2572.9825   294     6317.0000     1015.1391  3713179   83.93%
 121082 105359     5787.4947    63     6317.0000     1015.1391  3897883   83.93%
 122360 109093     1635.6213   252     6317.0000     1015.1391  4043743   83.93%
 124835 109363     5285.3441    82     6317.0000     1015.1391  4056570   83.93%
 128012 112044     2292.8915    80     6317.0000     1064.6814  4176244   83.15%
 130929 113422     4110.6979   179     6317.0000     1072.4686  4234000   83.02%
 133944 116861     1313.3710   433     6317.0000     1075.4584  4384953   82.98%
Elapsed time = 207.04 sec. (201124.79 ticks, tree = 2252.14 MB, solutions = 18)
Nodefile size = 201.76 MB (75.98 MB after compression)
 137219 120520     1270.7388   231     6317.0000     1081.5455  4520219   82.88%
 138898 123225     3317.3510   144     6317.0000     1085.3052  4621164   82.82%
 141728 124659     2437.3880   133     6317.0000     1085.3052  4677934   82.82%
 145554 128519     5309.0223    84     6317.0000     1089.3052  4813616   82.76%
 149596 131191     2553.0474   134     6317.0000     1096.2754  4912246   82.65%
 153319 136465     2215.4733   249     6317.0000     1105.3735  5100709   82.50%
 155395 137854     5967.4737   123     6317.0000     1106.6038  5149159   82.48%
 156974 140574     5518.4181   272     6317.0000     1106.6038  5263486   82.48%
 160361 142444     4154.5219   172     6317.0000     1106.6038  5332674   82.48%
 164408 144040     5121.8441   421     6317.0000     1125.9401  5393077   82.18%
Elapsed time = 251.07 sec. (239287.37 ticks, tree = 2546.05 MB, solutions = 18)
Nodefile size = 495.04 MB (179.15 MB after compression)
 167270 149028     5313.5971   161     6317.0000     1138.9607  5556693   81.97%
 170002 151847     4217.2090   307     6317.0000     1144.0179  5663397   81.89%
 172772 154463     3137.2658   332     6317.0000     1144.6606  5754449   81.88%
 176792 156210     4015.8350   140     6317.0000     1151.3052  5817846   81.77%
 180827 162792     4858.8009   153     6317.0000     1156.8129  6049544   81.69%
 183898 162882     4993.8582   215     6317.0000     1156.8129  6054081   81.69%
 187447 166681     1203.2968   185     6317.0000     1156.8129  6178063   81.69%
 190548 169544     6175.4519   247     6317.0000     1159.3052  6285197   81.65%
 193992 174377     3168.7069    87     6317.0000     1160.2859  6459426   81.63%
 197803 178403     4421.4118   370     6317.0000     1166.5819  6608739   81.53%
Elapsed time = 294.13 sec. (277443.43 ticks, tree = 2942.22 MB, solutions = 18)
Nodefile size = 892.82 MB (314.42 MB after compression)
 200946 180738     4699.4918   146     6317.0000     1174.1795  6694498   81.41%
 204413 184243     3437.7204   247     6317.0000     1176.1505  6827040   81.38%
 207910 186438     2409.1868   341     6317.0000     1176.1505  6898380   81.38%
 210267 189475     2501.0746   111     6317.0000     1176.1505  6991638   81.38%

Performing restart 2

Repeating presolve.
Tried aggregator 1 time.
MIP Presolve eliminated 6171 rows and 90 columns.
Reduced MIP has 49705 rows, 13353 columns, and 1181280 nonzeros.
Reduced MIP has 12846 binaries, 0 generals, 0 SOSs, and 0 indicators.
Presolve time = 0.25 sec. (381.68 ticks)
Tried aggregator 1 time.
MIP Presolve eliminated 7979 rows and 129 columns.
MIP Presolve modified 2554 coefficients.
Reduced MIP has 41726 rows, 13224 columns, and 1158989 nonzeros.
Reduced MIP has 12843 binaries, 0 generals, 0 SOSs, and 0 indicators.
Presolve time = 2.16 sec. (4507.64 ticks)
Represolve time = 2.78 sec. (5091.98 ticks)
 210349     2      816.3083   177     6317.0000     1176.1505  7131293   81.38%
 210442    49     4319.9202   107     6317.0000     1176.1505  7139672   81.38%
 210725   210     5127.4338   108     6317.0000     1176.1505  7151461   81.38%
 211902   630     5195.7911    86     6317.0000     1176.1505  7172553   81.38%
 213863  1721     4312.9646   160     6317.0000     1176.1505  7214378   81.38%
 215666  3318     2914.0952   139     6317.0000     1176.1505  7266851   81.38%
Elapsed time = 337.76 sec. (323306.16 ticks, tree = 25.27 MB, solutions = 18)
 218133  5653     3110.3999    65     6317.0000     1176.1505  7337602   81.38%
 220335  7536     4290.2644   236     6317.0000     1176.1505  7400310   81.38%
 222522  9732     4156.5392   123     6317.0000     1176.1505  7468608   81.38%
 224637 11788     3158.5295   121     6317.0000     1176.1505  7531304   81.38%
 226772 13729     2524.3443   247     6317.0000     1176.1505  7590967   81.38%
 229634 16429     2674.2444   220     6317.0000     1176.1505  7676861   81.38%
 233012 19355     5039.7834   156     6317.0000     1176.1505  7784023   81.38%
 236216 21816     2122.1378   155     6317.0000     1176.1505  7871902   81.38%
 238029 23720     3690.5924   118     6317.0000     1176.1505  7949460   81.38%
 241240 26501     3995.5083   109     6317.0000     1176.1505  8053615   81.38%
Elapsed time = 375.09 sec. (361491.51 ticks, tree = 370.89 MB, solutions = 18)
 244223 28796     5749.6756   110     6317.0000     1176.1505  8134255   81.38%
 247638 32489     3209.0119   114     6317.0000     1176.1505  8264648   81.38%
 250911 35116      925.9453   162     6317.0000     1176.1505  8363615   81.38%
 253530 38814     2431.1595   124     6317.0000     1176.1505  8489769   81.38%
 256426 41227     1772.4165   175     6317.0000     1176.1505  8579940   81.38%
 259293 43528     1731.6829   102     6317.0000     1176.1505  8663545   81.38%
 262441 46287     5019.8756   369     6317.0000     1176.1505  8761685   81.38%
 265847 49828     4258.1704   326     6317.0000     1176.1505  8903755   81.38%
 268600 52480     2425.4680   202     6317.0000     1176.1505  8998051   81.38%
 271553 54685     3019.3597    75     6317.0000     1176.1505  9080452   81.38%
Elapsed time = 414.08 sec. (399646.32 ticks, tree = 1093.72 MB, solutions = 18)
 273877 56416     5079.7614    94     6317.0000     1176.1505  9151509   81.38%
 275554 58449     2072.6623   654     6317.0000     1176.1505  9222807   81.38%
 278821 61361     1526.4118   227     6317.0000     1176.1505  9322078   81.38%
 281972 63762     4889.3057   172     6317.0000     1176.1505  9401832   81.38%
 285541 68154     2293.9100   225     6317.0000     1176.1505  9554155   81.38%
 289064 70680     5547.6131    78     6317.0000     1176.1505  9639158   81.38%
 292516 72549     3193.2357    59     6317.0000     1176.1505  9695520   81.38%
 296467 75792     4078.1470   229     6317.0000     1176.1505  9822874   81.38%
 300810 81685     2833.0105   151     6317.0000     1176.1505 10010939   81.38%
 305036 83686     4863.4951   120     6317.0000     1176.1505 10081741   81.38%
Elapsed time = 452.57 sec. (437811.81 ticks, tree = 1397.58 MB, solutions = 18)
 308663 89649     6023.6198   105     6317.0000     1176.1505 10281206   81.38%
 312204 90739     2765.9325   116     6317.0000     1176.1505 10314750   81.38%
 315616 95767     3136.7018   112     6317.0000     1176.1505 10492242   81.38%
 319881 99830     5743.7531    84     6317.0000     1176.1505 10616925   81.38%
 323503 102921     5757.3459   158     6317.0000     1176.1505 10721921   81.38%
 327288 103953     3690.0411   353     6317.0000     1176.1505 10760272   81.38%
 331066 108679     5792.1992    86     6317.0000     1176.1505 10925694   81.38%
 334972 111003     2119.9304   144     6317.0000     1176.1505 10995811   81.38%
 338553 115294     4684.9917   415     6317.0000     1176.1505 11128878   81.38%
 342122 119117     6275.6204    54     6317.0000     1176.1505 11264269   81.38%
Elapsed time = 495.41 sec. (475967.17 ticks, tree = 1736.07 MB, solutions = 18)
 345694 120910     5012.5059   125     6317.0000     1176.1505 11332520   81.38%
 349243 124285     2068.7672   129     6317.0000     1176.1505 11457016   81.38%
 353421 128454     4202.6354   210     6317.0000     1176.1505 11622109   81.38%
 357333 132227     4916.4518    82     6317.0000     1176.1505 11751521   81.38%
 360979 135603     2660.3337    92     6317.0000     1176.1505 11861050   81.38%
 364941 139680     2798.8108    90     6317.0000     1176.1505 12008757   81.38%
 368527 142557     5149.5098   147     6317.0000     1176.1505 12113512   81.38%
 370206 145649     6237.3037   129     6317.0000     1176.1505 12225395   81.38%
 372773 149063     5099.7256   152     6317.0000     1176.1505 12334745   81.38%
 375341 150978     3103.3170   131     6317.0000     1176.1505 12407312   81.38%
Elapsed time = 541.17 sec. (514128.91 ticks, tree = 2142.78 MB, solutions = 18)
Nodefile size = 92.75 MB (30.84 MB after compression)
 377825 152803     5954.7883   101     6317.0000     1181.9552 12468201   81.29%
 378715 153954     3812.7972   218     6317.0000     1181.9552 12501132   81.29%
 380883 154975     4416.7402   202     6317.0000     1182.2044 12528950   81.29%
 384068 158392     5356.2878   187     6317.0000     1186.1138 12619506   81.22%
 387452 160848     2981.8724   171     6317.0000     1187.3824 12695629   81.20%
 389441 163812     5723.3846   167     6317.0000     1187.3824 12770048   81.20%
 389910 164243     5359.7836   140     6317.0000     1187.3824 12782079   81.20%
 390428 164752     5362.3798   157     6317.0000     1187.3824 12794017   81.20%
 391725 165631     4932.6631    95     6317.0000     1187.3824 12816007   81.20%
 392496 166491     2482.0546   462     6317.0000     1187.3824 12837129   81.20%
Elapsed time = 595.81 sec. (552294.56 ticks, tree = 3662.95 MB, solutions = 18)
Nodefile size = 1612.58 MB (819.51 MB after compression)
 393375 167071     4212.0745   122     6317.0000     1187.3824 12850557   81.20%
 395449 168047     4540.7690   105     6317.0000     1188.8906 12876095   81.18%
 398737 172331     3160.2865   215     6317.0000     1193.2002 12989111   81.11%
 402794 173646     3241.6674   140     6317.0000     1196.9351 13028031   81.05%
 406572 179341     2225.5672   251     6317.0000     1196.9351 13209265   81.05%
 410769 183932     6137.3087    57     6317.0000     1196.9351 13345920   81.05%
 414856 185305     4651.9825    50     6317.0000     1196.9351 13393088   81.05%
 418759 190392    infeasible           6317.0000     1196.9351 13566006   81.05%
 422791 195118     4402.4860   131     6317.0000     1196.9351 13710402   81.05%
 425607 197644     2452.1185   249     6317.0000     1196.9351 13783485   81.05%
Elapsed time = 648.50 sec. (590456.76 ticks, tree = 4789.36 MB, solutions = 18)
Nodefile size = 2740.20 MB (1375.67 MB after compression)
 427201 201233     2897.2844   208     6317.0000     1196.9351 13890694   81.05%
 431129 201888     5550.1449   363     6317.0000     1196.9351 13915082   81.05%
 435573 204880     1889.0177   139     6317.0000     1196.9351 14003402   81.05%
 439833 210636     4400.8472   194     6317.0000     1196.9351 14184641   81.05%
 443667 212823     2284.4202   178     6317.0000     1196.9351 14251823   81.05%
 447544 219711     4990.3696    53     6317.0000     1212.0335 14466210   80.81%
 451747 221967     4720.1188    91     6317.0000     1212.0335 14540427   80.81%
 456090 223927     4254.3608   123     6317.0000     1228.0872 14598027   80.56%
 459798 227419     2076.8891   123     6317.0000     1228.0872 14718995   80.56%
 463791 230297     2619.4331   119     6317.0000     1249.1338 14809899   80.23%
Elapsed time = 690.49 sec. (628610.45 ticks, tree = 5114.08 MB, solutions = 18)
Nodefile size = 3062.78 MB (1473.67 MB after compression)
 468264 235820     2607.9731   324     6317.0000     1260.3083 14988711   80.05%
 472676 238932     4460.7008    70     6317.0000     1262.7069 15087630   80.01%
 477292 245378     4763.7295   186     6317.0000     1266.6029 15303712   79.95%
 481697 249439     2232.8954   280     6317.0000     1266.6029 15422120   79.95%
 483852 254966     3210.6102   187     6317.0000     1274.9519 15591037   79.82%
 486630 256029     3636.4638    75     6317.0000     1281.5503 15621036   79.71%
 490916 257483     4034.3518    99     6317.0000     1281.5503 15665391   79.71%
 495804 260755     5820.9313   112     6317.0000     1282.3668 15758212   79.70%
 499896 267657     2352.1516   180     6317.0000     1282.3668 15947262   79.70%
 504228 270472     3172.2490   221     6317.0000     1282.3668 16023695   79.70%
Elapsed time = 733.62 sec. (666761.11 ticks, tree = 5518.23 MB, solutions = 18)
Nodefile size = 3467.96 MB (1595.11 MB after compression)
 508224 273615     5635.9188   182     6317.0000     1282.3668 16120723   79.70%
 511758 279089     5173.1159   198     6317.0000     1282.3668 16300177   79.70%
 514848 280205     4248.7160   242     6317.0000     1282.3668 16341654   79.70%
 518578 283037     5109.0113   162     6317.0000     1282.3668 16450319   79.70%
 522218 285913     5124.0079    90     6317.0000     1291.9402 16541358   79.55%
 526684 292560     2659.4588   345     6317.0000     1291.9402 16749124   79.55%
 530646 294727     5466.2911   135     6317.0000     1291.9402 16800524   79.55%
 534975 298892     5191.1225   214     6317.0000     1300.8907 16925425   79.41%
 539251 301249     5938.6965    53     6317.0000     1300.8907 16993120   79.41%
 543047 308379     3964.7653   127     6317.0000     1300.8907 17207288   79.41%
Elapsed time = 775.68 sec. (704917.58 ticks, tree = 5900.38 MB, solutions = 18)
Nodefile size = 3851.07 MB (1703.04 MB after compression)
 547882 312035     2896.2165    98     6317.0000     1300.8907 17320502   79.41%
 552351 315965     2281.7656   251     6317.0000     1300.8907 17440539   79.41%
 556516 316928     3801.8445   104     6317.0000     1300.8907 17471197   79.41%
 560662 320934     3529.8464   191     6317.0000     1320.2741 17596316   79.10%
 565895 324879     3443.8859   111     6317.0000     1320.2741 17733353   79.10%
 570989 333960     4399.1077    80     6317.0000     1320.2741 18003868   79.10%
 575921 334760     3395.2724    93     6317.0000     1326.0365 18023157   79.01%
Starting limited solution polishing.
 578271 340852     3250.3036    85     6317.0000     1326.0365 18206063   79.01%
 580653 343781     3865.1511   164     6317.0000     1326.0365 18310358   79.01%
 583364 345710     3907.4508   184     6317.0000     1326.0365 18377620   79.01%
Elapsed time = 817.90 sec. (743075.67 ticks, tree = 6270.98 MB, solutions = 18)
Nodefile size = 4221.76 MB (1809.52 MB after compression)
 585158 347513     4153.8471   293     6317.0000     1326.0365 18426680   79.01%
 587704 348051     3630.1415   260     6317.0000     1332.3037 18444700   78.91%
 588954 351352     1575.2228    54     6317.0000     1332.3037 18545681   78.91%
 590336 352508     3521.5498   141     6317.0000     1332.3037 18584390   78.91%
 591531 353995     2178.0255   277     6317.0000     1332.3037 18637671   78.91%
 592821 355097        cutoff           6317.0000     1332.3037 18663965   78.91%
 593809 355649     6236.9479    67     6317.0000     1332.3037 18682586   78.91%
 595021 356178     4737.4448   222     6317.0000     1332.3037 18704313   78.91%
 596411 358326     3724.5173   118     6317.0000     1332.3037 18771097   78.91%
 597539 359438     5567.1994    83     6317.0000     1332.3037 18803174   78.91%
Elapsed time = 853.01 sec. (781256.86 ticks, tree = 6410.03 MB, solutions = 18)
Nodefile size = 4361.05 MB (1849.39 MB after compression)
 598456 359731     3993.8329   102     6317.0000     1332.3037 18812682   78.91%
 599131 360757     2348.8473   157     6317.0000     1332.3037 18841011   78.91%
 600089 361657     3835.8041   312     6317.0000     1332.3037 18874412   78.91%
 601272 362649     4109.6702   148     6317.0000     1333.5649 18913901   78.89%
 602691 363661     2921.4397    82     6317.0000     1333.5649 18942965   78.89%
 604227 364394     2573.8136    95     6317.0000     1333.5649 18965443   78.89%
 606205 365338     4095.5159   176     6317.0000     1333.5649 19003155   78.89%
 608548 367769     4187.9215    71     6317.0000     1333.5649 19091170   78.89%
 611006 370877     6291.5930   160     6317.0000     1333.5649 19175697   78.89%
 613357 372201     4076.0034   124     6317.0000     1345.4294 19217117   78.70%
Elapsed time = 890.18 sec. (819426.15 ticks, tree = 6535.94 MB, solutions = 18)
Nodefile size = 4485.70 MB (1884.10 MB after compression)
 616303 376648     2821.0375    83     6317.0000     1345.4294 19345681   78.70%
 619326 378716     5237.9509   186     6317.0000     1345.4883 19407716   78.70%

Cover cuts applied:  4
Mixed integer rounding cuts applied:  1
Zero-half cuts applied:  6
Gomory fractional cuts applied:  9

Root node processing (before b&c):
  Real time             =    6.74 sec. (10737.00 ticks)
Parallel b&c, 32 threads:
  Real time             =  896.66 sec. (820352.18 ticks)
  Sync time (average)   =  342.26 sec.
  Wait time (average)   =    0.17 sec.
                          ------------
Total (root+branch&cut) =  903.40 sec. (831089.18 ticks)

Solution pool: 18 solutions saved.

MIP - Time limit exceeded, integer feasible:  Objective =  6.3170000000e+03
Current MIP best bound =  1.3467192935e+03 (gap = 4970.28, 78.68%)
Solution time =  903.42 sec.  Iterations = 19613669  Nodes = 621483 (384290)
Deterministic time = 831089.22 ticks  (919.94 ticks/sec)

CPLEX> MILP problem relaxed to LP with fixed integer variables using
incumbent solution.
CPLEX> Version identifier: 22.1.1.0 | 2022-11-28 | 9160aff4d
CPXPARAM_TimeLimit                               900
Parallel mode: deterministic, using up to 32 threads for concurrent optimization:
 * Starting dual Simplex on 1 thread...
 * Starting Barrier on 30 threads...
 * Starting primal Simplex on 1 thread...
Tried aggregator 1 time.
LP Presolve eliminated 153531 rows and 13760 columns.
All rows and columns eliminated.
Presolve time = 0.03 sec. (88.35 ticks)

Dual simplex solved model.


Dual simplex - Optimal:  Objective =  6.3170000000e+03
Solution time =    0.13 sec.  Iterations = 0 (0)
Deterministic time = 173.26 ticks  (1317.24 ticks/sec)

CPLEX> Solution written to file '/tmp/74bf5d9c7ef54a609344a2c77befa94c-pulp.sol'.
CPLEX> Root classes: ['29']
Status: Optimal
Solved x values:
['0.0', '1382.0', '1633.0', '33140.0', '13218.0', '425.0', '1488.0', '38.0', '1547.0', '348.0', '29.0', '5070.0', '153.0', '466.0', '150.57', '6827.0', '14.0', '6567.0', '1210.3', '1461.0', '11.0', '8.0', '5.0', '2.0', '126.0', '8377.0', '5982.0', '55.96', '1183.0', '5840.0', '356.3', '1927.48', '6835.0', '28.5', '5949.0', '7774.0', '149.0', '1469.0', '19.5', '31337.0', '5878.0', '456.0', '140.0', '391.0', '1209.0', '10.0', '7.0', '5110.8', '4.0', '1.0', '6427.0', '57.0', '1377.0', '5848.0', '20215.0', '6471.0', '355.0', '6152.0', '39.0', '5960.0', '95.6', '1474.0', '396.0', '6001.0', '12.0', '9.0', '6.0', '3.0', '127.0', '127.2']
