
Welcome to IBM(R) ILOG(R) CPLEX(R) Interactive Optimizer 22.1.1.0
  with Simplex, Mixed Integer & Barrier Optimizers
5725-A06 5725-A29 5724-Y48 5724-Y49 5724-Y54 5724-Y55 5655-Y21
Copyright IBM Corp. 1988, 2022.  All Rights Reserved.

Type 'help' for a list of available commands.
Type 'help' followed by a command name for more
information on commands.

CPLEX> Problem '/tmp/5194b55fe6b54d5982b36e1fb23b7573-pulp.lp' read.
Read time = 0.09 sec. (12.95 ticks)
CPLEX> New value for time limit in seconds: 900
CPLEX> Version identifier: 22.1.1.0 | 2022-11-28 | 9160aff4d
CPXPARAM_TimeLimit                               900
Tried aggregator 2 times.
MIP Presolve eliminated 51532 rows and 103 columns.
MIP Presolve modified 93151 coefficients.
Aggregator did 270 substitutions.
Reduced MIP has 41343 rows, 9486 columns, and 542384 nonzeros.
Reduced MIP has 8529 binaries, 0 generals, 0 SOSs, and 0 indicators.
Presolve time = 0.28 sec. (424.71 ticks)
Found incumbent of value 1.0031169e+07 after 0.34 sec. (510.37 ticks)
Probing time = 0.07 sec. (6.15 ticks)
Tried aggregator 1 time.
Detecting symmetries...
MIP Presolve eliminated 1156 rows and 11 columns.
MIP Presolve modified 12343 coefficients.
Reduced MIP has 40187 rows, 9475 columns, and 539465 nonzeros.
Reduced MIP has 8529 binaries, 0 generals, 0 SOSs, and 0 indicators.
Presolve time = 1.21 sec. (2135.65 ticks)
Probing time = 0.03 sec. (5.54 ticks)
Clique table members: 692.
MIP emphasis: balance optimality and feasibility.
MIP search method: dynamic search.
Parallel mode: deterministic, using up to 32 threads.
Root relaxation solution time = 0.16 sec. (191.72 ticks)

        Nodes                                         Cuts/
   Node  Left     Objective  IInf  Best Integer    Best Bound    ItCnt     Gap

*     0+    0                       1.00312e+07        0.0000           100.00%
*     0+    0                         7822.0000        0.0000           100.00%
      0     0      460.6973    63     7822.0000      460.6973      291   94.11%
      0     0      519.4228    66     7822.0000       Cuts: 2      311   93.36%
      0     0      638.4097    68     7822.0000      Fract: 1      455   91.84%
*     0+    0                         7316.0000      638.4097            91.27%
      0     0  -1.00000e+75     0     7316.0000      638.4097      455   91.27%
      0     2      638.4097    68     7316.0000      638.4097      455   91.27%
Elapsed time = 3.31 sec. (4668.51 ticks, tree = 0.02 MB, solutions = 3)
     11     8     1254.1381    71     7316.0000      685.3252     1399   90.63%
*    19+    5                         6810.0000      685.3252            89.94%
     38    38      938.3082    66     6810.0000      758.1133     3304   88.87%
    124    78     2743.7257    97     6810.0000      851.5282     6906   87.50%
    350   255     1305.3858    63     6810.0000      879.7652    16652   87.08%
    671   442     4999.3341    80     6810.0000      879.7652    25500   87.08%
    952   800     4799.1294    80     6810.0000      879.7652    46273   87.08%
   1198  1025     5587.5256    67     6810.0000      879.7652    57643   87.08%
   1516  1224     3795.8149    83     6810.0000      879.7652    66185   87.08%
   1869  1325     2594.5381    61     6810.0000      879.7652    69685   87.08%
   3183  2411     3174.6962   103     6810.0000      879.7652   120077   87.08%
Elapsed time = 7.25 sec. (7779.23 ticks, tree = 178.33 MB, solutions = 11)
   4499  2929     4008.1371    81     6810.0000      988.5312   144236   85.48%
   5676  4291     3765.3719   103     6810.0000      988.5312   203156   85.48%
   6748  5133     6105.9920   142     6810.0000      990.7558   237180   85.45%
   7919  6241     3882.3171   146     6810.0000      990.7558   285376   85.45%

Performing restart 1

Repeating presolve.
Tried aggregator 1 time.
MIP Presolve eliminated 2977 rows and 112 columns.
MIP Presolve modified 8004 coefficients.
Reduced MIP has 37210 rows, 9363 columns, and 531602 nonzeros.
Reduced MIP has 8501 binaries, 0 generals, 0 SOSs, and 0 indicators.
Presolve time = 0.12 sec. (177.90 ticks)
Tried aggregator 1 time.
MIP Presolve eliminated 2249 rows and 92 columns.
MIP Presolve modified 6436 coefficients.
Reduced MIP has 34961 rows, 9271 columns, and 525625 nonzeros.
Reduced MIP has 8501 binaries, 0 generals, 0 SOSs, and 0 indicators.
Presolve time = 1.08 sec. (1965.33 ticks)
Represolve time = 1.38 sec. (2227.48 ticks)
   7986     0      766.7785    78     6810.0000       Cuts: 2   305374   85.45%
   7986     0      808.0822    78     6810.0000       Cuts: 2   305480   85.45%
   7986     0      822.6916    84     6810.0000      Fract: 1   305575   85.45%
   7986     0      855.2680    70     6810.0000       Cuts: 3   305710   85.45%
   7986     0      855.7067    72     6810.0000   ZeroHalf: 2   305739   85.45%
   7986     0      863.4033    72     6810.0000   ZeroHalf: 1   305805   85.45%
   7986     0      867.2919    93     6810.0000   ZeroHalf: 1   305853   85.45%
   7986     2      867.2919   129     6810.0000      990.7558   305853   85.45%
   7990     5      867.7502   124     6810.0000      990.7558   306102   85.45%
   8001    10     3032.8315   127     6810.0000      990.7558   306573   85.45%
*  8026+   19                         6615.0000      990.7558            85.02%
   8163    88     5462.5947    78     6615.0000      990.7558   310197   85.02%
   8645   278     5120.2882   117     6615.0000      990.7558   316087   85.02%
   9690   983     3215.4770    88     6615.0000      990.7558   340395   85.02%
Elapsed time = 20.61 sec. (22766.78 ticks, tree = 5.52 MB, solutions = 12)
  10918  1598     6416.5459    94     6615.0000      990.7558   360656   85.02%
  12285  2400     6169.7615   128     6615.0000      990.7558   383380   85.02%
  13778  4039     5164.3662    62     6615.0000      990.7558   425348   85.02%
  15490  5212     3316.9708   136     6615.0000      990.7558   455491   85.02%
  16996  6667     3424.3806   143     6615.0000      990.7558   494704   85.02%
  18375  8008     5788.1326    97     6615.0000      990.7558   526550   85.02%

Performing restart 2

Repeating presolve.
Tried aggregator 1 time.
MIP Presolve eliminated 4261 rows and 196 columns.
Reduced MIP has 30700 rows, 9075 columns, and 515477 nonzeros.
Reduced MIP has 8499 binaries, 0 generals, 0 SOSs, and 0 indicators.
Presolve time = 0.11 sec. (174.68 ticks)
Tried aggregator 1 time.
MIP Presolve eliminated 5984 rows and 238 columns.
MIP Presolve modified 1780 coefficients.
Reduced MIP has 24716 rows, 8837 columns, and 498818 nonzeros.
Reduced MIP has 8499 binaries, 0 generals, 0 SOSs, and 0 indicators.
Presolve time = 0.11 sec. (167.50 ticks)
Tried aggregator 1 time.
MIP Presolve eliminated 5225 rows and 225 columns.
MIP Presolve modified 48 coefficients.
Reduced MIP has 19491 rows, 8612 columns, and 482161 nonzeros.
Reduced MIP has 8487 binaries, 0 generals, 0 SOSs, and 0 indicators.
Presolve time = 0.11 sec. (181.94 ticks)
Tried aggregator 1 time.
MIP Presolve eliminated 3714 rows and 182 columns.
Reduced MIP has 15777 rows, 8430 columns, and 457772 nonzeros.
Reduced MIP has 8430 binaries, 0 generals, 0 SOSs, and 0 indicators.
Presolve time = 0.62 sec. (1303.34 ticks)
Represolve time = 1.23 sec. (2067.65 ticks)
  18389     2      870.5380   137     6615.0000      990.7558   546097   85.02%
  18980   363     5472.2921    99     6615.0000      990.7558   555201   85.02%
  20834  1433     6161.5051   105     6615.0000      990.7558   596050   85.02%
  23427  3498     5558.5201   213     6615.0000      990.7558   684740   85.02%
Elapsed time = 31.71 sec. (34856.79 ticks, tree = 27.74 MB, solutions = 13)
  25543  6000     3627.2587   101     6615.0000      990.7558   780449   85.02%
  27503  7390     2436.8038    90     6615.0000      990.7558   846746   85.02%
  29372  9481     2353.9339   170     6615.0000      990.7558   941881   85.02%
  31077 11126     2937.7806    70     6615.0000      990.7558  1027869   85.02%
  32359 12467     2877.2878    73     6615.0000      990.7558  1107982   85.02%
  34172 13960     3217.7486   135     6615.0000      990.7558  1187560   85.02%
  35674 15324     6202.5627    94     6615.0000      990.7558  1264213   85.02%
  37300 16990     6077.8527    65     6615.0000      990.7558  1356934   85.02%
  39006 18208     6311.3763   199     6615.0000      990.7558  1428940   85.02%
  40654 19849     4117.8698   120     6615.0000      990.7558  1519059   85.02%
Elapsed time = 41.86 sec. (44400.23 ticks, tree = 177.59 MB, solutions = 13)
  42090 21411     4507.6310   178     6615.0000      990.7558  1609761   85.02%
  43311 22514     4721.8036   142     6615.0000      990.7558  1673384   85.02%
  44713 24047     6275.5979   165     6615.0000      990.7558  1773230   85.02%
  46233 25074     1703.5363   239     6615.0000      990.7558  1838217   85.02%
  47712 26784        cutoff           6615.0000      990.7558  1950790   85.02%
* 49050+27809                         6011.0000      990.7558            83.52%
  49099 27806     3027.6282    99     6011.0000      990.7558  2008785   83.52%
  50557 26491     4055.2930   129     6011.0000      990.7558  2116474   83.52%
  51984 27107     4017.0425   154     6011.0000      990.7558  2161389   83.52%
  53156 28370     4248.1793   183     6011.0000      990.7558  2246465   83.52%
  54594 29658     4982.9387   124     6011.0000      990.7558  2340201   83.52%
Elapsed time = 51.49 sec. (53941.59 ticks, tree = 272.95 MB, solutions = 14)
  55880 31348     2507.9657   257     6011.0000      990.7558  2444772   83.52%
  57218 32671     2309.1821   175     6011.0000      990.7558  2530437   83.52%
  58437 33689     4222.6247   107     6011.0000      990.7558  2597236   83.52%
  59674 35024     3115.4962   240     6011.0000      990.7558  2700084   83.52%
  61108 35665     5267.7551   235     6011.0000      990.7558  2743342   83.52%
  62629 37643     2708.0783   196     6011.0000      990.7558  2880991   83.52%
  64215 38439     3284.8105   163     6011.0000      990.7558  2933194   83.52%
  65895 39673     2984.3824   206     6011.0000      990.7558  2990657   83.52%
  67428 42005     4321.0374    93     6011.0000      990.7558  3113401   83.52%
  68791 42716     5111.0793   166     6011.0000      990.7558  3164452   83.52%
Elapsed time = 60.87 sec. (63486.87 ticks, tree = 339.59 MB, solutions = 14)
  69925 44313     3025.7698   117     6011.0000      990.7558  3267755   83.52%
  71179 45198     4751.0140   128     6011.0000      990.7558  3333559   83.52%
  72258 46615     3992.6160   157     6011.0000      990.7558  3430509   83.52%
  73473 47291     5444.8382   222     6011.0000      990.7558  3482410   83.52%
  74626 48883     5447.5213   136     6011.0000      990.7558  3605096   83.52%
  75798 49814     2014.8755    76     6011.0000      990.7558  3677125   83.52%
  76868 51093     3219.1609   167     6011.0000      998.6494  3758594   83.39%
  78013 51563     2977.4788    68     6011.0000      998.6494  3803583   83.39%
  78991 52500     3562.1661    53     6011.0000     1054.8181  3879947   82.45%
  80319 53513     2022.7281   164     6011.0000     1054.8181  3960841   82.45%
Elapsed time = 70.08 sec. (73034.99 ticks, tree = 393.22 MB, solutions = 14)
  81869 54376     3528.5821    87     6011.0000     1061.3150  4036796   82.34%
  83434 57106        cutoff           6011.0000     1069.3247  4209417   82.21%
  84717 57148     3182.9940   276     6011.0000     1070.8170  4212062   82.19%
  85894 59472     3697.0111   253     6011.0000     1070.8170  4359488   82.19%
  87335 60150     3123.0583   115     6011.0000     1070.8170  4408033   82.19%
  88697 62118     3208.5113   250     6011.0000     1070.8170  4529894   82.19%
  89945 63262     4915.9336   134     6011.0000     1070.8170  4608091   82.19%
  91327 63409    infeasible           6011.0000     1070.8170  4618104   82.19%
  92718 64968     3287.3028   243     6011.0000     1070.8170  4730533   82.19%
  94390 66154     3511.5860   230     6011.0000     1133.4079  4818061   81.14%
Elapsed time = 78.40 sec. (82577.28 ticks, tree = 455.36 MB, solutions = 14)
  95660 68409     2226.5434   199     6011.0000     1138.2211  4977338   81.06%
  97080 69157     4547.5845    78     6011.0000     1138.2211  5025370   81.06%
  98317 70650     2704.2490   226     6011.0000     1138.9120  5125766   81.05%
  99629 71208     3634.4713   151     6011.0000     1138.9120  5165833   81.05%
 101102 73838     4388.8571   173     6011.0000     1161.1303  5361004   80.68%
 102517 75059     2956.2882   203     6011.0000     1161.1303  5442971   80.68%
 103706 75757     5966.2668    54     6011.0000     1183.9373  5489760   80.30%
 104744 76692     3845.4968   278     6011.0000     1183.9373  5549220   80.30%
 105884 77917     3546.7555   154     6011.0000     1204.2030  5654459   79.97%
 106943 79537     2469.9864    70     6011.0000     1204.2030  5795727   79.97%
Elapsed time = 86.73 sec. (92121.03 ticks, tree = 524.50 MB, solutions = 14)
 107948 79349     2664.2127   242     6011.0000     1204.2030  5776560   79.97%
 108886 81150     4414.0180   155     6011.0000     1236.3380  5922831   79.43%
 109834 82462     2999.2861   167     6011.0000     1236.3380  6020527   79.43%
 110883 81974     2261.8791    84     6011.0000     1236.3380  5982979   79.43%
 112032 83470     1880.2950   190     6011.0000     1236.3380  6096132   79.43%
 113393 84725     6002.4847    62     6011.0000     1289.2674  6191130   78.55%
 114703 86089     1997.9298    97     6011.0000     1289.2674  6308407   78.55%
 116042 88071     3294.1263    95     6011.0000     1289.2674  6455109   78.55%
 117400 88714     5803.6910   233     6011.0000     1296.5041  6505691   78.43%
 122510 93270     5656.6465    95     6011.0000     1310.2876  6829492   78.20%
Elapsed time = 98.38 sec. (104528.11 ticks, tree = 592.53 MB, solutions = 14)
 128547 98115     1950.1072   124     6011.0000     1310.2876  7175698   78.20%
 134338 104374     2052.9792    78     6011.0000     1310.2876  7579543   78.20%
 139541 109857     4696.5929    95     6011.0000     1390.2612  7999841   76.87%
 144686 114033     5764.2055    58     6011.0000     1398.1990  8310487   76.74%
 150103 118144     4755.9956   203     6011.0000     1418.9184  8613734   76.39%
 155859 124793     1744.4253    98     6011.0000     1418.9184  9079068   76.39%
 161296 129073     3520.0798   251     6011.0000     1452.9240  9361779   75.83%
 167145 134997     3898.6760    96     6011.0000     1473.5911  9816373   75.49%
 172683 139596     5448.3878    60     6011.0000     1482.1203 10120560   75.34%
 178871 146118     3432.4934   263     6011.0000     1489.6189 10532920   75.22%
Elapsed time = 133.66 sec. (142682.34 ticks, tree = 857.39 MB, solutions = 14)
 185005 149659     3012.2624   214     6011.0000     1507.3063 10749462   74.92%
 190840 155823     4456.0072   200     6011.0000     1513.1783 11150905   74.83%
 196636 162527     3384.2106   217     6011.0000     1523.3084 11591227   74.66%
 202620 168270     3717.2205   260     6011.0000     1531.4211 11971559   74.52%
 208414 171847     2145.1735   158     6011.0000     1543.7846 12170348   74.32%
 214484 175932     1823.9172   142     6011.0000     1547.5453 12442213   74.25%
 220477 183126     4851.5908   105     6011.0000     1547.5453 12865692   74.25%
 226533 188259     3756.0866   387     6011.0000     1557.1917 13190519   74.09%
 232446 194030     3041.9057   108     6011.0000     1559.6747 13529269   74.05%
 238859 200970     4408.7499   105     6011.0000     1566.5398 13950669   73.94%
Elapsed time = 167.85 sec. (180839.34 ticks, tree = 1137.87 MB, solutions = 14)
 244997 207040     4020.8267   339     6011.0000     1566.5398 14293517   73.94%
 250642 212389     3754.8752   207     6011.0000     1576.4183 14625296   73.77%
 256039 218611     4556.2162    67     6011.0000     1578.4879 14972243   73.74%
 262247 224559     2729.5937   158     6011.0000     1581.0022 15359130   73.70%
 267988 229943     5481.8418   164     6011.0000     1590.9572 15693340   73.53%
 274368 235665     3622.6750   184     6011.0000     1596.6960 16032326   73.44%
 280135 240004     4218.8722   209     6011.0000     1599.1295 16276926   73.40%
 286380 244735     3365.2538    57     6011.0000     1615.7842 16588187   73.12%
 292995 251577     5978.5460    77     6011.0000     1616.5380 16983045   73.11%
 298584 258184     3927.8722   184     6011.0000     1616.5380 17363705   73.11%
Elapsed time = 203.60 sec. (218992.36 ticks, tree = 1429.40 MB, solutions = 14)
 304759 264585     4785.6384   224     6011.0000     1626.8740 17796268   72.94%
 311016 268495     5160.6956   137     6011.0000     1626.8740 18032426   72.94%
 317156 275855     5301.8196   203     6011.0000     1626.8740 18466479   72.94%
 323861 281037     3426.5142   102     6011.0000     1640.1026 18778315   72.71%
 330273 286121     4570.3086   254     6011.0000     1646.1739 19049639   72.61%
 337002 293942     5741.2685   107     6011.0000     1646.1739 19504749   72.61%
 343387 301138     4984.0423   248     6011.0000     1658.3530 19889215   72.41%
 349551 305292     3413.1436   246     6011.0000     1658.3530 20107519   72.41%
 355993 312214     4144.8957   128     6011.0000     1659.2799 20531570   72.40%
 363090 316188     4982.5341   295     6011.0000     1666.2950 20697689   72.28%
Elapsed time = 239.37 sec. (257146.67 ticks, tree = 1727.26 MB, solutions = 14)
 369271 326032     5799.3669   154     6011.0000     1670.1988 21227039   72.21%
 375972 330875     3988.3876   225     6011.0000     1670.9302 21478332   72.20%
 382444 336954     4913.7015    87     6011.0000     1675.1675 21820572   72.13%
 388516 341986     4958.4292   248     6011.0000     1681.5878 22081848   72.02%
 394341 346472     2247.1516    56     6011.0000     1681.5878 22351019   72.02%
 400605 354170     4482.5416   181     6011.0000     1686.6709 22822827   71.94%
 406198 360684     4404.6669   302     6011.0000     1688.9213 23218277   71.90%
 412613 366389     4443.0080   305     6011.0000     1690.2503 23604238   71.88%
 419133 373632     3567.6096   205     6011.0000     1696.1615 23998466   71.78%
 425580 379528     3733.0990   167     6011.0000     1696.2030 24315456   71.78%
Elapsed time = 273.39 sec. (295299.33 ticks, tree = 2052.19 MB, solutions = 14)
Nodefile size = 3.76 MB (1.57 MB after compression)
 431667 385916     4275.6608    80     6011.0000     1701.1220 24713535   71.70%
 438262 388268     3727.4780   116     6011.0000     1701.1220 24840649   71.70%
 444508 395094     4117.1500   339     6011.0000     1706.6542 25208883   71.61%
 450766 400803     4511.4715   101     6011.0000     1706.6542 25556937   71.61%
 457660 408700     4941.2211    63     6011.0000     1706.6542 26000246   71.61%
 464557 415052     3475.0528   217     6011.0000     1714.6147 26334232   71.48%
 471163 422499     3515.0253   342     6011.0000     1714.6147 26723503   71.48%
 477608 427147     5458.5245    83     6011.0000     1720.9955 26984196   71.37%
 484348 431996     3948.2813   107     6011.0000     1721.8089 27243718   71.36%
 491825 439566     5665.0188   106     6011.0000     1724.4927 27645945   71.31%
Elapsed time = 322.48 sec. (333453.65 ticks, tree = 2356.06 MB, solutions = 14)
Nodefile size = 307.44 MB (135.23 MB after compression)
 498941 446289     4215.0404    97     6011.0000     1724.7652 27979338   71.31%
 505471 455528     2099.0723    76     6011.0000     1729.2455 28468126   71.23%
 512492 458254     5058.2527    96     6011.0000     1730.0692 28608453   71.22%
 520192 465732     3822.8007   241     6011.0000     1730.4893 29021274   71.21%
 527499 472824     4545.9120   141     6011.0000     1730.4893 29340855   71.21%
 535012 483392     4706.1609   277     6011.0000     1732.6828 29850640   71.17%
 542066 486860     4178.5832   173     6011.0000     1735.9542 30007407   71.12%
 548984 492166     2473.9414   165     6011.0000     1735.9542 30267740   71.12%
 556003 500341     3992.6368   126     6011.0000     1737.3027 30690278   71.10%
 563127 507444     4158.3377   192     6011.0000     1737.3027 31065390   71.10%
Elapsed time = 369.47 sec. (371604.61 ticks, tree = 2700.74 MB, solutions = 14)
Nodefile size = 652.24 MB (269.17 MB after compression)
 570265 511588     3774.4480   140     6011.0000     1747.8270 31269270   70.92%
 576551 519658     3962.4538   190     6011.0000     1747.8270 31665152   70.92%
 583844 528183     4197.6282   136     6011.0000     1750.6147 32072770   70.88%
 591285 534742     4247.2729   243     6011.0000     1751.4224 32382724   70.86%
 598871 539428     4646.7077   227     6011.0000     1751.5514 32605889   70.86%
 606330 548817     5637.6621   142     6011.0000     1753.2879 33040091   70.83%
 613885 552571     4342.5139   129     6011.0000     1760.0000 33227978   70.72%
 621716 559062     5253.9962   226     6011.0000     1760.0000 33543218   70.72%
 628764 567842     4890.3040   235     6011.0000     1760.0000 33952429   70.72%
 635980 573365     2310.2619    92     6011.0000     1760.0000 34234650   70.72%
Elapsed time = 416.96 sec. (409756.01 ticks, tree = 3034.17 MB, solutions = 14)
Nodefile size = 984.85 MB (388.21 MB after compression)
 643622 581076     4641.5294   149     6011.0000     1762.2605 34591462   70.68%
 651398 588581     4058.9065    60     6011.0000     1765.8275 34933676   70.62%
 657915 598428     4490.6687   276     6011.0000     1765.8275 35435508   70.62%
 664585 600917     5580.1709   131     6011.0000     1770.1008 35570100   70.55%
 671368 609990     3282.1078   193     6011.0000     1770.1008 36033544   70.55%
 677864 617836    infeasible           6011.0000     1776.0508 36466726   70.45%
 684633 620815     4649.0571   226     6011.0000     1776.0508 36636247   70.45%
 691629 628116     5803.4888    76     6011.0000     1779.6960 36983424   70.39%
 699302 633513     4208.5949   161     6011.0000     1779.6960 37244888   70.39%
 707194 644795     4291.4429   203     6011.0000     1781.3875 37768934   70.36%
Elapsed time = 464.50 sec. (447907.25 ticks, tree = 3396.00 MB, solutions = 14)
Nodefile size = 1347.07 MB (509.43 MB after compression)
 714569 648575     3932.7545    91     6011.0000     1787.6334 37938576   70.26%
 722966 654185     4278.1843   173     6011.0000     1789.2688 38211486   70.23%
 731707 665791     5101.3517   109     6011.0000     1791.2311 38714255   70.20%
 739666 674522     4490.6166   220     6011.0000     1792.1186 39085611   70.19%
 747589 677416     4178.2525   248     6011.0000     1795.4040 39209809   70.13%
 756236 688953     3302.8843   199     6011.0000     1796.0000 39699708   70.12%
 764690 694583     2239.0073    84     6011.0000     1796.5380 39916072   70.11%
 772871 704780     5452.9606   201     6011.0000     1796.5380 40320017   70.11%
 782083 710727     4221.3043   338     6011.0000     1798.7274 40564436   70.08%
 790735 719466     4299.7661   268     6011.0000     1799.4000 40882095   70.06%
Elapsed time = 510.20 sec. (486057.76 ticks, tree = 3774.04 MB, solutions = 14)
Nodefile size = 1724.69 MB (623.08 MB after compression)
 799193 728828     4080.2966   314     6011.0000     1801.8908 41272074   70.02%
 807190 737511     4038.8443   141     6011.0000     1803.0818 41639617   70.00%
 813998 745585     3196.5453    62     6011.0000     1805.6127 42021405   69.96%
 821244 749926     2901.4597   155     6011.0000     1806.5177 42242100   69.95%
 829162 757322     5203.3895   137     6011.0000     1806.7426 42591993   69.94%
 837103 763241     3999.5040   192     6011.0000     1808.2669 42861401   69.92%
 844356 773479     4789.0936   143     6011.0000     1810.0903 43329776   69.89%
 851776 776930     4666.1803    78     6011.0000     1810.0903 43466932   69.89%
 860307 788825     4057.3160   242     6011.0000     1810.0903 43981804   69.89%
 867709 793346     4345.1534   242     6011.0000     1813.1223 44203134   69.84%
Elapsed time = 556.76 sec. (524207.51 ticks, tree = 4147.89 MB, solutions = 14)
Nodefile size = 2099.03 MB (729.74 MB after compression)
 875213 802470     5375.8082   228     6011.0000     1813.1223 44621121   69.84%
 883191 807746     2417.2918    57     6011.0000     1816.6314 44874071   69.78%
 891912 815684     2221.4063    73     6011.0000     1818.7112 45216049   69.74%
 899855 823927     4081.0242   290     6011.0000     1818.7258 45556023   69.74%
 907303 829738     4987.9993   230     6011.0000     1818.7258 45821114   69.74%
 914898 839723     3138.3677   151     6011.0000     1818.7258 46282286   69.74%
 922472 843128     3895.5323   199     6011.0000     1818.7258 46426294   69.74%
 929424 854502     4511.2583   207     6011.0000     1822.2454 46947423   69.68%
 936594 858476     3381.1617   129     6011.0000     1822.5831 47139197   69.68%
 943287 866853     5804.4397   155     6011.0000     1824.5736 47549396   69.65%
Elapsed time = 600.20 sec. (562361.43 ticks, tree = 4520.59 MB, solutions = 14)
Nodefile size = 2472.20 MB (833.63 MB after compression)
 950410 870230     5967.9541    37     6011.0000     1824.9961 47761084   69.64%
 957850 880608     3734.2731   200     6011.0000     1825.8953 48246665   69.62%
 965888 886456     5430.7838   165     6011.0000     1826.2572 48486118   69.62%
 974478 893264     3449.2553   126     6011.0000     1826.5174 48810388   69.61%
 982170 901142     3094.8345    74     6011.0000     1827.1450 49132255   69.60%
 990116 909667     5071.4611   251     6011.0000     1828.0539 49508932   69.59%
 997732 913680     4290.0546   133     6011.0000     1829.7069 49676679   69.56%
 1004964 921274     5140.7070   195     6011.0000     1831.0360 50003001   69.54%
 1012005 932086     5456.8450    60     6011.0000     1831.0360 50501298   69.54%
 1019311 936776     5902.3087    79     6011.0000     1831.0360 50729663   69.54%
Elapsed time = 645.84 sec. (600513.14 ticks, tree = 4875.84 MB, solutions = 14)
Nodefile size = 2826.54 MB (929.49 MB after compression)
 1026548 944242     3744.2568   368     6011.0000     1833.1367 51117268   69.50%
 1033570 949769     5644.7275    81     6011.0000     1833.1990 51390077   69.50%
 1041420 954381     3851.1565   224     6011.0000     1835.5200 51650963   69.46%
 1048919 964719     2581.9766   189     6011.0000     1836.2668 52108646   69.45%
 1056982 973730     3741.6811   260     6011.0000     1836.2670 52511925   69.45%
 1064747 977413     3951.1090   293     6011.0000     1836.2670 52687796   69.45%
 1071799 984467     3901.2774   294     6011.0000     1840.2033 52985646   69.39%
 1078562 991198     5301.0060    77     6011.0000     1840.2033 53305782   69.39%
 1085348 998257     4076.9039   161     6011.0000     1841.0616 53684252   69.37%
 1093034 1003979     3350.6021   322     6011.0000     1843.5868 53968545   69.33%
Elapsed time = 690.29 sec. (638665.96 ticks, tree = 5216.85 MB, solutions = 14)
Nodefile size = 3167.94 MB (1021.08 MB after compression)
 1100782 1013092     4119.0511   128     6011.0000     1844.3102 54383267   69.32%
 1108288 1021782     3043.6299   125     6011.0000     1846.9264 54770277   69.27%
 1116488 1026389     2043.7830   157     6011.0000     1846.9264 54992124   69.27%
 1124527 1035939     5277.1324   177     6011.0000     1848.0221 55393547   69.26%
 1132556 1044680     4716.8165   127     6011.0000     1849.7860 55767808   69.23%
 1141149 1049758     5541.6459   239     6011.0000     1851.4571 55984028   69.20%
 1149075 1057941     3179.0859   115     6011.0000     1851.4571 56346180   69.20%
 1156714 1065480     3086.9215   123     6011.0000     1855.7024 56674333   69.13%
 1164952 1070948     4565.5122    99     6011.0000     1855.7024 56907672   69.13%
 1172752 1080217     3499.7109   360     6011.0000     1855.7024 57318565   69.13%
Elapsed time = 733.69 sec. (676816.77 ticks, tree = 5603.00 MB, solutions = 14)
Nodefile size = 3553.30 MB (1124.23 MB after compression)
 1180305 1088642     4429.1621    62     6011.0000     1857.8093 57687326   69.09%
 1187723 1097196     4755.7033   145     6011.0000     1857.8093 58106159   69.09%
 1195176 1099260     5053.5199   173     6011.0000     1859.7848 58199940   69.06%
 1203642 1106970     2612.2297   128     6011.0000     1860.7286 58553381   69.04%
 1211151 1117909     3669.4055   172     6011.0000     1863.1769 59020017   69.00%
 1218444 1125864     5006.4053   133     6011.0000     1863.1769 59374457   69.00%
 1226027 1129702     3921.6338   232     6011.0000     1865.4826 59551886   68.97%
 1233590 1140515     4309.2839   352     6011.0000     1866.6102 60061806   68.95%
 1241234 1145429     3070.0641   119     6011.0000     1866.6102 60297493   68.95%
 1248884 1154047     5254.0896    64     6011.0000     1866.6102 60657971   68.95%
Elapsed time = 778.38 sec. (714969.10 ticks, tree = 5978.52 MB, solutions = 14)
Nodefile size = 3929.35 MB (1224.10 MB after compression)
 1256839 1159388     2209.3725    95     6011.0000     1867.1903 60912576   68.94%
 1264496 1165719     3896.9430   172     6011.0000     1872.7845 61173694   68.84%
 1272303 1174295     5901.8665    71     6011.0000     1872.7845 61555106   68.84%
 1280177 1178492     5638.9975   225     6011.0000     1872.7845 61745122   68.84%
 1288172 1187165     4042.3225   314     6011.0000     1874.2506 62132477   68.82%
 1295696 1194584     5384.1017   122     6011.0000     1876.3029 62470006   68.79%
 1303207 1205156     2445.8283    60     6011.0000     1880.4693 62948094   68.72%
Starting limited solution polishing.
 1311326 1210052        cutoff           6011.0000     1880.4693 63187095   68.72%
 1315024 1217209     3527.6187   168     6011.0000     1880.4693 63490292   68.72%
 1318530 1219622     3295.4935   180     6011.0000     1881.7256 63611396   68.70%
Elapsed time = 819.68 sec. (753123.38 ticks, tree = 6311.90 MB, solutions = 14)
Nodefile size = 4263.01 MB (1310.75 MB after compression)
 1320706 1222149     5021.8905   226     6011.0000     1881.7256 63709315   68.70%
 1323124 1223885     5443.6147   198     6011.0000     1881.7256 63782546   68.70%
 1325602 1225239     2948.7440   143     6011.0000     1881.7256 63849141   68.70%
 1327936 1228836        cutoff           6011.0000     1883.9047 63987137   68.66%
 1329690 1230409     3955.3153   244     6011.0000     1883.9047 64042769   68.66%
 1331110 1231950     2064.2488   238     6011.0000     1883.9047 64110605   68.66%
 1333515 1233955     4578.1731   250     6011.0000     1883.9047 64190346   68.66%
 1335613 1236246     4896.0167   142     6011.0000     1884.4210 64278534   68.65%
 1337602 1237852     3414.5227    88     6011.0000     1884.4210 64350741   68.65%
 1339316 1239328     5654.9740    66     6011.0000     1884.4210 64412482   68.65%
Elapsed time = 851.44 sec. (791280.14 ticks, tree = 6411.02 MB, solutions = 14)
Nodefile size = 4362.95 MB (1336.27 MB after compression)
 1341188 1241240     4252.5439   159     6011.0000     1884.4210 64495087   68.65%
 1343562 1241769     2214.4506   128     6011.0000     1884.4210 64529939   68.65%
 1346173 1245882     3574.1207   215     6011.0000     1884.4210 64720482   68.65%
 1347938 1247601     2314.3893   126     6011.0000     1884.4210 64798407   68.65%
 1349639 1249041     4856.5206   172     6011.0000     1884.4210 64885005   68.65%
 1351607 1250173     2418.6045   253     6011.0000     1884.4210 64934383   68.65%
 1353665 1253000     2367.1493    75     6011.0000     1884.4210 65061920   68.65%
 1355280 1255007     5102.5672   201     6011.0000     1884.4210 65159664   68.65%
 1356798 1255907     4171.4027   276     6011.0000     1884.4210 65210188   68.65%
 1358310 1256720     2629.5648   174     6011.0000     1884.4233 65260462   68.65%
Elapsed time = 883.73 sec. (829447.51 ticks, tree = 6499.87 MB, solutions = 14)
Nodefile size = 4450.40 MB (1359.71 MB after compression)
 1360000 1258897     3976.3870   191     6011.0000     1884.4233 65352811   68.65%
 1362439 1261091     2454.7921   122     6011.0000     1884.4233 65452675   68.65%
 1364312 1263053     4145.6036   125     6011.0000     1884.4233 65538087   68.65%
 1366639 1262372     3549.4696    97     6011.0000     1884.4233 65513806   68.65%
 1366647 1259692     4059.3575   233     6011.0000     1884.4233 65383314   68.65%

Zero-half cuts applied:  5
Gomory fractional cuts applied:  9

Root node processing (before b&c):
  Real time             =    2.97 sec. (4638.52 ticks)
Parallel b&c, 32 threads:
  Real time             =  900.64 sec. (850014.44 ticks)
  Sync time (average)   =  357.78 sec.
  Wait time (average)   =    0.13 sec.
                          ------------
Total (root+branch&cut) =  903.61 sec. (854652.95 ticks)

Solution pool: 14 solutions saved.

MIP - Time limit exceeded, integer feasible:  Objective =  6.0110000000e+03
Current MIP best bound =  1.8844232773e+03 (gap = 4126.58, 68.65%)
Solution time =  903.62 sec.  Iterations = 65745318  Nodes = 1366648 (1268137)
Deterministic time = 854652.98 ticks  (945.81 ticks/sec)

CPLEX> MILP problem relaxed to LP with fixed integer variables using
incumbent solution.
CPLEX> Version identifier: 22.1.1.0 | 2022-11-28 | 9160aff4d
CPXPARAM_TimeLimit                               900
Parallel mode: deterministic, using up to 32 threads for concurrent optimization:
 * Starting dual Simplex on 1 thread...
 * Starting Barrier on 30 threads...
 * Starting primal Simplex on 1 thread...
Tried aggregator 1 time.
LP Presolve eliminated 93145 rows and 9859 columns.
All rows and columns eliminated.
Presolve time = 0.02 sec. (44.55 ticks)

Dual simplex solved model.


Dual simplex - Optimal:  Objective =  6.0110000000e+03
Solution time =    0.05 sec.  Iterations = 0 (0)
Deterministic time = 90.60 ticks  (1703.70 ticks/sec)

CPLEX> Solution written to file '/tmp/5194b55fe6b54d5982b36e1fb23b7573-pulp.sol'.
CPLEX> Root classes: ['29']
Status: Optimal
Solved x values:
['0.0', '1382.0', '13218.0', '425.0', '1488.0', '38.0', '1547.0', '348.0', '29.0', '5070.0', '466.0', '23.7', '6827.0', '17.3', '141.0', '14.0', '6567.0', '1210.2', '1461.0', '11.0', '8.0', '5.0', '2.0', '126.0', '8377.0', '5982.0', '1183.0', '5840.0', '356.2', '40.15', '6835.0', '28.6', '5949.0', '7774.0', '146.94', '1469.0', '5878.0', '456.0', '140.0', '391.0', '1209.0', '10.0', '7.0', '5110.1', '4.0', '1.0', '6427.0', '1377.0', '5848.0', '45.0', '6471.0', '42.0', '355.0', '6152.0', '39.0', '5960.0', '1474.0', '145.0', '396.0', '142.84', '6001.0', '12.0', '9.0', '6.0', '3.0', '127.0', '127.2', '127.3']
