Welcome to the CBC MILP Solver 
Version: 2.10.3 
Build Date: Dec 15 2019 

command line - /work/zhang-x2/users/yc2632/miniconda3/envs/newpt2/lib/python3.9/site-packages/pulp/solverdir/cbc/linux/64/cbc /tmp/7e03997090a0466f94339f304958ba3c-pulp.mps sec 900 timeMode elapsed branch printingOptions all solution /tmp/7e03997090a0466f94339f304958ba3c-pulp.sol (default strategy 1)
At line 2 NAME          MODEL
At line 3 ROWS
At line 19636 COLUMNS
At line 174251 RHS
At line 193883 BOUNDS
At line 196071 ENDATA
Problem MODEL has 19631 rows, 2187 columns and 147920 elements
Coin0008I MODEL read with 0 errors
seconds was changed from 1e+100 to 900
Option for timeMode changed from cpu to elapsed
Continuous objective value is 537.65 - 0.03 seconds
Cgl0003I 0 fixed, 0 tightened bounds, 2795 strengthened rows, 0 substitutions
Cgl0003I 0 fixed, 0 tightened bounds, 12 strengthened rows, 0 substitutions
Cgl0004I processed model has 5656 rows, 1115 columns (1000 integer (1000 of which binary)) and 35746 elements
Cutoff increment increased from 1e-05 to 0.9999
Cbc0038I Initial state - 95 integers unsatisfied sum - 4.15
Cbc0038I Pass   1: (0.19 seconds) suminf.    3.10345 (90) obj. 841.207 iterations 779
Cbc0038I Pass   2: (0.26 seconds) suminf.    1.53030 (37) obj. 10189.3 iterations 1031
Cbc0038I Pass   3: (0.27 seconds) suminf.    1.47368 (34) obj. 10182.6 iterations 79
Cbc0038I Pass   4: (0.28 seconds) suminf.    0.00000 (0) obj. 14748 iterations 563
Cbc0038I Solution found of 14748
Cbc0038I Relaxing continuous gives 14748
Cbc0038I Rounding solution of 7521 is better than previous of 14748

Cbc0038I Before mini branch and bound, 852 integers at bound fixed and 68 continuous
Cbc0038I Full problem 5656 rows 1115 columns, reduced to 632 rows 195 columns
Cbc0038I Mini branch and bound improved solution from 7521 to 2138 (0.43 seconds)
Cbc0038I Round again with cutoff of 1977.07
Cbc0038I Pass   5: (0.44 seconds) suminf.    3.10345 (90) obj. 841.207 iterations 0
Cbc0038I Pass   6: (0.48 seconds) suminf.    9.15396 (62) obj. 1977.07 iterations 606
Cbc0038I Pass   7: (0.50 seconds) suminf.    7.86418 (56) obj. 1977.07 iterations 209
Cbc0038I Pass   8: (0.52 seconds) suminf.    2.93980 (57) obj. 1719.05 iterations 669
Cbc0038I Pass   9: (0.54 seconds) suminf.    3.75217 (58) obj. 1977.07 iterations 341
Cbc0038I Pass  10: (0.55 seconds) suminf.    7.22189 (43) obj. 1977.07 iterations 272
Cbc0038I Pass  11: (0.60 seconds) suminf.    3.01199 (133) obj. 1977.07 iterations 704
Cbc0038I Pass  12: (0.69 seconds) suminf.    3.17464 (51) obj. 1977.07 iterations 943
Cbc0038I Pass  13: (0.70 seconds) suminf.    2.69591 (112) obj. 1977.07 iterations 172
Cbc0038I Pass  14: (0.72 seconds) suminf.    3.13865 (47) obj. 1977.07 iterations 169
Cbc0038I Pass  15: (0.74 seconds) suminf.    5.84256 (51) obj. 1977.07 iterations 315
Cbc0038I Pass  16: (0.75 seconds) suminf.    2.75784 (116) obj. 1977.07 iterations 235
Cbc0038I Pass  17: (0.80 seconds) suminf.    3.41995 (35) obj. 1977.07 iterations 551
Cbc0038I Pass  18: (0.81 seconds) suminf.    2.65917 (100) obj. 1977.07 iterations 144
Cbc0038I Pass  19: (0.82 seconds) suminf.    3.53780 (44) obj. 1977.07 iterations 159
Cbc0038I Pass  20: (0.83 seconds) suminf.    3.04449 (80) obj. 1977.07 iterations 103
Cbc0038I Pass  21: (0.84 seconds) suminf.    4.38695 (36) obj. 1977.07 iterations 232
Cbc0038I Pass  22: (0.85 seconds) suminf.    2.87651 (97) obj. 1977.07 iterations 137
Cbc0038I Pass  23: (0.86 seconds) suminf.    3.81685 (34) obj. 1977.07 iterations 158
Cbc0038I Pass  24: (0.87 seconds) suminf.    3.36514 (90) obj. 1977.07 iterations 86
Cbc0038I Pass  25: (0.87 seconds) suminf.    3.62824 (34) obj. 1977.07 iterations 106
Cbc0038I Pass  26: (0.88 seconds) suminf.    5.30760 (38) obj. 1977.07 iterations 223
Cbc0038I Pass  27: (0.90 seconds) suminf.    2.87064 (98) obj. 1977.07 iterations 143
Cbc0038I Pass  28: (0.91 seconds) suminf.    3.88349 (35) obj. 1977.07 iterations 223
Cbc0038I Pass  29: (0.94 seconds) suminf.    2.83291 (103) obj. 1977.07 iterations 260
Cbc0038I Pass  30: (0.95 seconds) suminf.    3.83479 (47) obj. 1977.07 iterations 158
Cbc0038I Pass  31: (0.96 seconds) suminf.    6.25000 (33) obj. 1977.07 iterations 228
Cbc0038I Pass  32: (0.98 seconds) suminf.    2.73256 (85) obj. 1977.07 iterations 308
Cbc0038I Pass  33: (0.99 seconds) suminf.    4.72260 (45) obj. 1977.07 iterations 206
Cbc0038I Pass  34: (1.00 seconds) suminf.    3.08409 (65) obj. 1977.07 iterations 118
Cbc0038I No solution found this major pass
Cbc0038I Before mini branch and bound, 665 integers at bound fixed and 17 continuous
Cbc0038I Full problem 5656 rows 1115 columns, reduced to 1346 rows 375 columns
Cbc0038I Mini branch and bound improved solution from 2138 to 1945 (1.22 seconds)
Cbc0038I Round again with cutoff of 1662.73
Cbc0038I Reduced cost fixing fixed 512 variables on major pass 3
Cbc0038I Pass  34: (1.22 seconds) suminf.    3.10345 (90) obj. 841.207 iterations 0
Cbc0038I Pass  35: (1.24 seconds) suminf.    7.64169 (62) obj. 1662.73 iterations 369
Cbc0038I Pass  36: (1.26 seconds) suminf.    7.96284 (55) obj. 1662.73 iterations 234
Cbc0038I Pass  37: (1.28 seconds) suminf.    2.83505 (129) obj. 1629.76 iterations 341
Cbc0038I Pass  38: (1.30 seconds) suminf.    3.15010 (58) obj. 1662.73 iterations 291
Cbc0038I Pass  39: (1.32 seconds) suminf.    4.41667 (43) obj. 1662.73 iterations 287
Cbc0038I Pass  40: (1.34 seconds) suminf.    3.15267 (69) obj. 1662.73 iterations 225
Cbc0038I Pass  41: (1.35 seconds) suminf.    3.96996 (52) obj. 1662.73 iterations 80
Cbc0038I Pass  42: (1.35 seconds) suminf.    3.15267 (69) obj. 1662.73 iterations 112
Cbc0038I Pass  43: (1.36 seconds) suminf.    3.96996 (52) obj. 1662.73 iterations 86
Cbc0038I Pass  44: (1.37 seconds) suminf.    6.29365 (38) obj. 1662.73 iterations 244
Cbc0038I Pass  45: (1.39 seconds) suminf.    2.67690 (109) obj. 1662.73 iterations 212
Cbc0038I Pass  46: (1.40 seconds) suminf.    3.52750 (43) obj. 1662.73 iterations 135
Cbc0038I Pass  47: (1.41 seconds) suminf.    2.67869 (106) obj. 1662.73 iterations 144
Cbc0038I Pass  48: (1.42 seconds) suminf.    3.92596 (34) obj. 1662.73 iterations 156
Cbc0038I Pass  49: (1.43 seconds) suminf.    2.92236 (102) obj. 1662.73 iterations 137
Cbc0038I Pass  50: (1.44 seconds) suminf.    3.99017 (42) obj. 1662.73 iterations 99
Cbc0038I Pass  51: (1.45 seconds) suminf.    6.10149 (51) obj. 1662.73 iterations 175
Cbc0038I Pass  52: (1.47 seconds) suminf.    2.90855 (99) obj. 1662.73 iterations 220
Cbc0038I Pass  53: (1.48 seconds) suminf.    4.12976 (65) obj. 1662.73 iterations 152
Cbc0038I Pass  54: (1.49 seconds) suminf.    2.80276 (105) obj. 1662.73 iterations 118
Cbc0038I Pass  55: (1.50 seconds) suminf.    3.92975 (59) obj. 1662.73 iterations 119
Cbc0038I Pass  56: (1.51 seconds) suminf.    4.94549 (36) obj. 1662.73 iterations 162
Cbc0038I Pass  57: (1.52 seconds) suminf.    3.29402 (78) obj. 1662.73 iterations 89
Cbc0038I Pass  58: (1.53 seconds) suminf.    3.95403 (44) obj. 1662.73 iterations 100
Cbc0038I Pass  59: (1.53 seconds) suminf.    3.14501 (92) obj. 1662.73 iterations 58
Cbc0038I Pass  60: (1.54 seconds) suminf.    4.26835 (36) obj. 1662.73 iterations 91
Cbc0038I Pass  61: (1.55 seconds) suminf.    2.87851 (69) obj. 1662.73 iterations 103
Cbc0038I Pass  62: (1.55 seconds) suminf.    3.52461 (28) obj. 1662.73 iterations 117
Cbc0038I Pass  63: (1.56 seconds) suminf.    3.78716 (45) obj. 1662.73 iterations 129
Cbc0038I No solution found this major pass
Cbc0038I Before mini branch and bound, 699 integers at bound fixed and 27 continuous
Cbc0038I Full problem 5656 rows 1115 columns, reduced to 1097 rows 306 columns
Cbc0038I Mini branch and bound did not improve solution (1.76 seconds)
Cbc0038I After 1.76 seconds - Feasibility pump exiting with objective of 1945 - took 1.62 seconds
Cbc0012I Integer solution of 1945 found by feasibility pump after 0 iterations and 0 nodes (1.76 seconds)
Cbc0038I Full problem 5656 rows 1115 columns, reduced to 415 rows 140 columns
Cbc0031I 36 added rows had average density of 93.416667
Cbc0013I At root node, 36 cuts changed objective from 537.65 to 828.11807 in 11 passes
Cbc0014I Cut generator 0 (Probing) - 26 row cuts average 2.0 elements, 440 column cuts (440 active)  in 0.051 seconds - new frequency is 1
Cbc0014I Cut generator 1 (Gomory) - 0 row cuts average 0.0 elements, 0 column cuts (0 active)  in 0.031 seconds - new frequency is -100
Cbc0014I Cut generator 2 (Knapsack) - 0 row cuts average 0.0 elements, 0 column cuts (0 active)  in 0.017 seconds - new frequency is -100
Cbc0014I Cut generator 3 (Clique) - 0 row cuts average 0.0 elements, 0 column cuts (0 active)  in 0.001 seconds - new frequency is -100
Cbc0014I Cut generator 4 (MixedIntegerRounding2) - 21 row cuts average 63.1 elements, 0 column cuts (0 active)  in 0.025 seconds - new frequency is 1
Cbc0014I Cut generator 5 (FlowCover) - 0 row cuts average 0.0 elements, 0 column cuts (0 active)  in 0.012 seconds - new frequency is -100
Cbc0014I Cut generator 6 (TwoMirCuts) - 66 row cuts average 216.7 elements, 0 column cuts (0 active)  in 0.044 seconds - new frequency is 1
Cbc0014I Cut generator 7 (ZeroHalf) - 220 row cuts average 83.1 elements, 0 column cuts (0 active)  in 0.048 seconds - new frequency is 1
Cbc0010I After 0 nodes, 1 on tree, 1945 best solution, best possible 828.11807 (2.18 seconds)
Cbc0038I Full problem 5656 rows 1115 columns, reduced to 329 rows 131 columns
Cbc0038I Full problem 5692 rows 1115 columns, reduced to 2398 rows 594 columns
Cbc0044I Reduced cost fixing - 2398 rows, 594 columns - restarting search
Cbc0012I Integer solution of 1945 found by Previous solution after 0 iterations and 0 nodes (4.46 seconds)
Cbc0038I Full problem 2398 rows 594 columns, reduced to 366 rows 131 columns
Cbc0031I 38 added rows had average density of 97.315789
Cbc0013I At root node, 38 cuts changed objective from 537.65 to 895.23275 in 12 passes
Cbc0014I Cut generator 0 (Probing) - 40 row cuts average 2.0 elements, 30 column cuts (30 active)  in 0.027 seconds - new frequency is 1
Cbc0014I Cut generator 1 (Gomory) - 93 row cuts average 207.5 elements, 0 column cuts (0 active)  in 0.021 seconds - new frequency is -100
Cbc0014I Cut generator 2 (Knapsack) - 0 row cuts average 0.0 elements, 0 column cuts (0 active)  in 0.007 seconds - new frequency is -100
Cbc0014I Cut generator 3 (Clique) - 0 row cuts average 0.0 elements, 0 column cuts (0 active)  in 0.000 seconds - new frequency is -100
Cbc0014I Cut generator 4 (MixedIntegerRounding2) - 38 row cuts average 99.2 elements, 0 column cuts (0 active)  in 0.015 seconds - new frequency is 1
Cbc0014I Cut generator 5 (FlowCover) - 0 row cuts average 0.0 elements, 0 column cuts (0 active)  in 0.005 seconds - new frequency is -100
Cbc0014I Cut generator 6 (TwoMirCuts) - 42 row cuts average 239.1 elements, 0 column cuts (0 active)  in 0.038 seconds - new frequency is 1
Cbc0014I Cut generator 7 (ZeroHalf) - 103 row cuts average 56.4 elements, 0 column cuts (0 active)  in 0.018 seconds - new frequency is 1
Cbc0014I Cut generator 9 (Stored from first) - 49 row cuts average 92.9 elements, 0 column cuts (0 active)
Cbc0010I After 0 nodes, 1 on tree, 1945 best solution, best possible 895.23275 (4.78 seconds)
Cbc0038I Full problem 2398 rows 594 columns, reduced to 413 rows 153 columns
Cbc0038I Full problem 2398 rows 594 columns, reduced to 135 rows 67 columns
Cbc0010I After 100 nodes, 28 on tree, 1945 best solution, best possible 895.23275 (6.49 seconds)
Cbc0038I Full problem 2398 rows 594 columns, reduced to 489 rows 173 columns
Cbc0010I After 200 nodes, 26 on tree, 1945 best solution, best possible 895.23275 (7.11 seconds)
Cbc0010I After 300 nodes, 34 on tree, 1945 best solution, best possible 895.23275 (7.76 seconds)
Cbc0038I Full problem 2398 rows 594 columns, reduced to 169 rows 72 columns
Cbc0010I After 400 nodes, 51 on tree, 1945 best solution, best possible 895.23275 (8.52 seconds)
Cbc0038I Full problem 2398 rows 594 columns, reduced to 194 rows 92 columns
Cbc0010I After 500 nodes, 48 on tree, 1945 best solution, best possible 895.23275 (9.04 seconds)
Cbc0038I Full problem 2398 rows 594 columns, reduced to 378 rows 143 columns
Cbc0010I After 600 nodes, 48 on tree, 1945 best solution, best possible 895.23275 (9.68 seconds)
Cbc0010I After 700 nodes, 62 on tree, 1945 best solution, best possible 895.23275 (10.26 seconds)
Cbc0010I After 800 nodes, 65 on tree, 1945 best solution, best possible 895.23275 (10.62 seconds)
Cbc0038I Full problem 2398 rows 594 columns, reduced to 187 rows 81 columns
Cbc0010I After 900 nodes, 66 on tree, 1945 best solution, best possible 895.23275 (10.95 seconds)
Cbc0010I After 1000 nodes, 68 on tree, 1945 best solution, best possible 895.23275 (11.33 seconds)
Cbc0010I After 1100 nodes, 168 on tree, 1945 best solution, best possible 895.23275 (11.95 seconds)
Cbc0010I After 1200 nodes, 159 on tree, 1945 best solution, best possible 895.23275 (12.44 seconds)
Cbc0010I After 1300 nodes, 170 on tree, 1945 best solution, best possible 895.23275 (13.22 seconds)
Cbc0010I After 1400 nodes, 140 on tree, 1945 best solution, best possible 895.23275 (14.54 seconds)
Cbc0010I After 1500 nodes, 147 on tree, 1945 best solution, best possible 895.23275 (15.10 seconds)
Cbc0010I After 1600 nodes, 166 on tree, 1945 best solution, best possible 895.23275 (15.78 seconds)
Cbc0010I After 1700 nodes, 150 on tree, 1945 best solution, best possible 895.23275 (16.26 seconds)
Cbc0010I After 1800 nodes, 131 on tree, 1945 best solution, best possible 895.23275 (16.74 seconds)
Cbc0010I After 1900 nodes, 126 on tree, 1945 best solution, best possible 895.23275 (17.30 seconds)
Cbc0010I After 2000 nodes, 128 on tree, 1945 best solution, best possible 895.23275 (18.02 seconds)
Cbc0038I Full problem 2398 rows 594 columns, reduced to 332 rows 134 columns
Cbc0010I After 2100 nodes, 154 on tree, 1945 best solution, best possible 895.23275 (18.71 seconds)
Cbc0010I After 2200 nodes, 137 on tree, 1945 best solution, best possible 895.23275 (19.35 seconds)
Cbc0010I After 2300 nodes, 144 on tree, 1945 best solution, best possible 895.23275 (20.00 seconds)
Cbc0038I Full problem 2398 rows 594 columns, reduced to 371 rows 141 columns
Cbc0010I After 2400 nodes, 140 on tree, 1945 best solution, best possible 895.23275 (20.69 seconds)
Cbc0010I After 2500 nodes, 134 on tree, 1945 best solution, best possible 895.23275 (21.39 seconds)
Cbc0010I After 2600 nodes, 129 on tree, 1945 best solution, best possible 895.23275 (22.00 seconds)
Cbc0010I After 2700 nodes, 117 on tree, 1945 best solution, best possible 895.23275 (22.57 seconds)
Cbc0010I After 2800 nodes, 111 on tree, 1945 best solution, best possible 895.23275 (23.30 seconds)
Cbc0010I After 2900 nodes, 114 on tree, 1945 best solution, best possible 895.23275 (23.99 seconds)
Cbc0010I After 3000 nodes, 155 on tree, 1945 best solution, best possible 895.23275 (24.67 seconds)
Cbc0010I After 3100 nodes, 122 on tree, 1945 best solution, best possible 895.23275 (25.42 seconds)
Cbc0010I After 3200 nodes, 113 on tree, 1945 best solution, best possible 895.23275 (26.12 seconds)
Cbc0010I After 3300 nodes, 132 on tree, 1945 best solution, best possible 895.23275 (26.83 seconds)
Cbc0010I After 3400 nodes, 114 on tree, 1945 best solution, best possible 895.23275 (27.59 seconds)
Cbc0010I After 3500 nodes, 150 on tree, 1945 best solution, best possible 895.23275 (28.28 seconds)
Cbc0038I Full problem 2398 rows 594 columns, reduced to 374 rows 148 columns
Cbc0010I After 3600 nodes, 124 on tree, 1945 best solution, best possible 895.23275 (29.06 seconds)
Cbc0010I After 3700 nodes, 127 on tree, 1945 best solution, best possible 895.23275 (29.71 seconds)
Cbc0010I After 3800 nodes, 164 on tree, 1945 best solution, best possible 895.23275 (30.52 seconds)
Cbc0010I After 3900 nodes, 123 on tree, 1945 best solution, best possible 895.23275 (31.19 seconds)
Cbc0010I After 4000 nodes, 150 on tree, 1945 best solution, best possible 895.23275 (31.89 seconds)
Cbc0010I After 4100 nodes, 108 on tree, 1945 best solution, best possible 895.23275 (32.56 seconds)
Cbc0010I After 4200 nodes, 119 on tree, 1945 best solution, best possible 895.23275 (33.24 seconds)
Cbc0010I After 4300 nodes, 113 on tree, 1945 best solution, best possible 895.23275 (34.11 seconds)
Cbc0010I After 4400 nodes, 108 on tree, 1945 best solution, best possible 895.23275 (34.87 seconds)
Cbc0010I After 4500 nodes, 144 on tree, 1945 best solution, best possible 895.23275 (35.63 seconds)
Cbc0010I After 4600 nodes, 126 on tree, 1945 best solution, best possible 895.23275 (36.34 seconds)
Cbc0010I After 4700 nodes, 134 on tree, 1945 best solution, best possible 895.23275 (37.16 seconds)
Cbc0010I After 4800 nodes, 109 on tree, 1945 best solution, best possible 895.23275 (37.84 seconds)
Cbc0038I Full problem 2398 rows 594 columns, reduced to 315 rows 128 columns
Cbc0010I After 4900 nodes, 124 on tree, 1945 best solution, best possible 895.23275 (38.54 seconds)
Cbc0010I After 5000 nodes, 122 on tree, 1945 best solution, best possible 895.23275 (39.28 seconds)
Cbc0010I After 5100 nodes, 112 on tree, 1945 best solution, best possible 895.23275 (39.98 seconds)
Cbc0010I After 5200 nodes, 130 on tree, 1945 best solution, best possible 895.23275 (40.73 seconds)
Cbc0010I After 5300 nodes, 109 on tree, 1945 best solution, best possible 895.23275 (41.38 seconds)
Cbc0038I Full problem 2398 rows 594 columns, reduced to 471 rows 162 columns
Cbc0010I After 5400 nodes, 150 on tree, 1945 best solution, best possible 895.23275 (42.17 seconds)
Cbc0010I After 5500 nodes, 130 on tree, 1945 best solution, best possible 895.23275 (42.96 seconds)
Cbc0010I After 5600 nodes, 111 on tree, 1945 best solution, best possible 895.23275 (43.74 seconds)
Cbc0010I After 5700 nodes, 110 on tree, 1945 best solution, best possible 895.23275 (44.47 seconds)
Cbc0010I After 5800 nodes, 120 on tree, 1945 best solution, best possible 895.23275 (45.26 seconds)
Cbc0010I After 5900 nodes, 114 on tree, 1945 best solution, best possible 895.23275 (46.00 seconds)
Cbc0038I Full problem 2398 rows 594 columns, reduced to 247 rows 99 columns
Cbc0010I After 6000 nodes, 101 on tree, 1945 best solution, best possible 895.23275 (46.81 seconds)
Cbc0010I After 6100 nodes, 137 on tree, 1945 best solution, best possible 895.23275 (47.59 seconds)
Cbc0010I After 6200 nodes, 137 on tree, 1945 best solution, best possible 895.23275 (48.39 seconds)
Cbc0010I After 6300 nodes, 113 on tree, 1945 best solution, best possible 895.23275 (49.14 seconds)
Cbc0010I After 6400 nodes, 117 on tree, 1945 best solution, best possible 895.23275 (49.87 seconds)
Cbc0010I After 6500 nodes, 111 on tree, 1945 best solution, best possible 895.23275 (50.63 seconds)
Cbc0038I Full problem 2398 rows 594 columns, reduced to 328 rows 136 columns
Cbc0010I After 6600 nodes, 113 on tree, 1945 best solution, best possible 895.23275 (51.45 seconds)
Cbc0010I After 6700 nodes, 109 on tree, 1945 best solution, best possible 895.23275 (52.10 seconds)
Cbc0010I After 6800 nodes, 107 on tree, 1945 best solution, best possible 895.23275 (52.89 seconds)
Cbc0010I After 6900 nodes, 138 on tree, 1945 best solution, best possible 895.23275 (53.58 seconds)
Cbc0010I After 7000 nodes, 109 on tree, 1945 best solution, best possible 895.23275 (54.35 seconds)
Cbc0010I After 7100 nodes, 130 on tree, 1945 best solution, best possible 895.23275 (54.95 seconds)
Cbc0038I Full problem 2398 rows 594 columns, reduced to 438 rows 166 columns
Cbc0010I After 7200 nodes, 95 on tree, 1945 best solution, best possible 895.23275 (55.68 seconds)
Cbc0010I After 7300 nodes, 85 on tree, 1945 best solution, best possible 895.23275 (56.41 seconds)
Cbc0010I After 7400 nodes, 106 on tree, 1945 best solution, best possible 895.23275 (57.11 seconds)
Cbc0010I After 7500 nodes, 77 on tree, 1945 best solution, best possible 895.23275 (57.78 seconds)
Cbc0010I After 7600 nodes, 77 on tree, 1945 best solution, best possible 895.23275 (58.57 seconds)
Cbc0010I After 7700 nodes, 87 on tree, 1945 best solution, best possible 895.23275 (59.26 seconds)
Cbc0038I Full problem 2398 rows 594 columns, reduced to 287 rows 118 columns
Cbc0010I After 7800 nodes, 123 on tree, 1945 best solution, best possible 895.23275 (59.94 seconds)
Cbc0010I After 7900 nodes, 93 on tree, 1945 best solution, best possible 895.23275 (60.51 seconds)
Cbc0010I After 8000 nodes, 79 on tree, 1945 best solution, best possible 895.23275 (61.21 seconds)
Cbc0010I After 8100 nodes, 94 on tree, 1945 best solution, best possible 895.23275 (61.81 seconds)
Cbc0010I After 8200 nodes, 100 on tree, 1945 best solution, best possible 895.23275 (62.47 seconds)
Cbc0010I After 8300 nodes, 81 on tree, 1945 best solution, best possible 895.23275 (63.29 seconds)
Cbc0010I After 8400 nodes, 88 on tree, 1945 best solution, best possible 895.23275 (63.91 seconds)
Cbc0010I After 8500 nodes, 71 on tree, 1945 best solution, best possible 895.23275 (64.56 seconds)
Cbc0010I After 8600 nodes, 122 on tree, 1945 best solution, best possible 895.23275 (65.24 seconds)
Cbc0010I After 8700 nodes, 88 on tree, 1945 best solution, best possible 895.23275 (65.84 seconds)
Cbc0010I After 8800 nodes, 91 on tree, 1945 best solution, best possible 895.23275 (66.55 seconds)
Cbc0010I After 8900 nodes, 82 on tree, 1945 best solution, best possible 895.23275 (67.14 seconds)
Cbc0038I Full problem 2398 rows 594 columns, reduced to 195 rows 87 columns
Cbc0010I After 9000 nodes, 77 on tree, 1945 best solution, best possible 895.23275 (67.79 seconds)
Cbc0010I After 9100 nodes, 94 on tree, 1945 best solution, best possible 895.23275 (68.36 seconds)
Cbc0010I After 9200 nodes, 70 on tree, 1945 best solution, best possible 895.23275 (69.11 seconds)
Cbc0010I After 9300 nodes, 65 on tree, 1945 best solution, best possible 895.23275 (69.85 seconds)
Cbc0010I After 9400 nodes, 68 on tree, 1945 best solution, best possible 895.23275 (70.61 seconds)
Cbc0010I After 9500 nodes, 64 on tree, 1945 best solution, best possible 895.23275 (71.26 seconds)
Cbc0010I After 9600 nodes, 82 on tree, 1945 best solution, best possible 895.23275 (72.00 seconds)
Cbc0010I After 9700 nodes, 76 on tree, 1945 best solution, best possible 895.23275 (72.75 seconds)
Cbc0010I After 9800 nodes, 58 on tree, 1945 best solution, best possible 895.23275 (73.35 seconds)
Cbc0010I After 9900 nodes, 55 on tree, 1945 best solution, best possible 895.23275 (73.87 seconds)
Cbc0010I After 10000 nodes, 66 on tree, 1945 best solution, best possible 895.23275 (74.67 seconds)
Cbc0010I After 10100 nodes, 51 on tree, 1945 best solution, best possible 895.23275 (75.13 seconds)
Cbc0010I After 10200 nodes, 58 on tree, 1945 best solution, best possible 895.23275 (75.96 seconds)
Cbc0010I After 10300 nodes, 53 on tree, 1945 best solution, best possible 895.23275 (76.61 seconds)
Cbc0010I After 10400 nodes, 67 on tree, 1945 best solution, best possible 895.23275 (77.25 seconds)
Cbc0010I After 10500 nodes, 71 on tree, 1945 best solution, best possible 895.23275 (77.89 seconds)
Cbc0010I After 10600 nodes, 83 on tree, 1945 best solution, best possible 895.23275 (78.67 seconds)
Cbc0010I After 10700 nodes, 57 on tree, 1945 best solution, best possible 895.23275 (79.30 seconds)
Cbc0038I Full problem 2398 rows 594 columns, reduced to 352 rows 130 columns
Cbc0010I After 10800 nodes, 64 on tree, 1945 best solution, best possible 895.23275 (79.97 seconds)
Cbc0010I After 10900 nodes, 59 on tree, 1945 best solution, best possible 895.23275 (80.71 seconds)
Cbc0010I After 11000 nodes, 66 on tree, 1945 best solution, best possible 895.23275 (81.51 seconds)
Cbc0010I After 11100 nodes, 106 on tree, 1945 best solution, best possible 1008.2752 (83.59 seconds)
Cbc0010I After 11200 nodes, 146 on tree, 1945 best solution, best possible 1045.3935 (85.22 seconds)
Cbc0010I After 11300 nodes, 190 on tree, 1945 best solution, best possible 1066.3174 (86.61 seconds)
Cbc0010I After 11400 nodes, 233 on tree, 1945 best solution, best possible 1079.232 (87.54 seconds)
Cbc0010I After 11500 nodes, 275 on tree, 1945 best solution, best possible 1091.908 (88.54 seconds)
Cbc0010I After 11600 nodes, 317 on tree, 1945 best solution, best possible 1108.9218 (89.68 seconds)
Cbc0010I After 11700 nodes, 358 on tree, 1945 best solution, best possible 1123.3793 (90.60 seconds)
Cbc0010I After 11800 nodes, 399 on tree, 1945 best solution, best possible 1137.6706 (91.53 seconds)
Cbc0010I After 11900 nodes, 443 on tree, 1945 best solution, best possible 1155.725 (92.53 seconds)
Cbc0010I After 12000 nodes, 484 on tree, 1945 best solution, best possible 1165.8481 (93.52 seconds)
Cbc0010I After 12100 nodes, 521 on tree, 1945 best solution, best possible 1176.0524 (94.47 seconds)
Cbc0010I After 12200 nodes, 564 on tree, 1945 best solution, best possible 1184.5313 (95.36 seconds)
Cbc0010I After 12300 nodes, 605 on tree, 1945 best solution, best possible 1195.646 (96.24 seconds)
Cbc0010I After 12400 nodes, 642 on tree, 1945 best solution, best possible 1202.2481 (97.18 seconds)
Cbc0010I After 12500 nodes, 681 on tree, 1945 best solution, best possible 1209.8257 (98.12 seconds)
Cbc0010I After 12600 nodes, 716 on tree, 1945 best solution, best possible 1216.1833 (98.96 seconds)
Cbc0010I After 12700 nodes, 760 on tree, 1945 best solution, best possible 1222.4527 (99.84 seconds)
Cbc0010I After 12800 nodes, 802 on tree, 1945 best solution, best possible 1229.1248 (100.63 seconds)
Cbc0010I After 12900 nodes, 842 on tree, 1945 best solution, best possible 1235.481 (101.41 seconds)
Cbc0010I After 13000 nodes, 871 on tree, 1945 best solution, best possible 1242.6914 (102.21 seconds)
Cbc0010I After 13100 nodes, 895 on tree, 1945 best solution, best possible 1242.6914 (102.99 seconds)
Cbc0010I After 13200 nodes, 879 on tree, 1945 best solution, best possible 1242.6914 (103.96 seconds)
Cbc0010I After 13300 nodes, 897 on tree, 1945 best solution, best possible 1242.6914 (105.00 seconds)
Cbc0010I After 13400 nodes, 929 on tree, 1945 best solution, best possible 1242.6914 (106.34 seconds)
Cbc0010I After 13500 nodes, 884 on tree, 1945 best solution, best possible 1242.6914 (107.40 seconds)
Cbc0010I After 13600 nodes, 877 on tree, 1945 best solution, best possible 1242.6914 (108.73 seconds)
Cbc0010I After 13700 nodes, 906 on tree, 1945 best solution, best possible 1242.6914 (109.97 seconds)
Cbc0010I After 13800 nodes, 910 on tree, 1945 best solution, best possible 1242.6914 (111.28 seconds)
Cbc0010I After 13900 nodes, 879 on tree, 1945 best solution, best possible 1242.6914 (111.97 seconds)
Cbc0010I After 14000 nodes, 864 on tree, 1945 best solution, best possible 1242.6914 (112.81 seconds)
Cbc0010I After 14100 nodes, 903 on tree, 1945 best solution, best possible 1249.407 (113.71 seconds)
Cbc0010I After 14200 nodes, 942 on tree, 1945 best solution, best possible 1254.6405 (114.60 seconds)
Cbc0010I After 14300 nodes, 975 on tree, 1945 best solution, best possible 1261.3071 (115.38 seconds)
Cbc0038I Full problem 2398 rows 594 columns, reduced to 352 rows 139 columns
Cbc0010I After 14400 nodes, 1014 on tree, 1945 best solution, best possible 1266.3946 (116.21 seconds)
Cbc0010I After 14500 nodes, 1053 on tree, 1945 best solution, best possible 1271.8525 (117.05 seconds)
Cbc0010I After 14600 nodes, 1086 on tree, 1945 best solution, best possible 1276.8152 (117.93 seconds)
Cbc0010I After 14700 nodes, 1118 on tree, 1945 best solution, best possible 1280.6656 (118.83 seconds)
Cbc0010I After 14800 nodes, 1153 on tree, 1945 best solution, best possible 1286.0096 (119.73 seconds)
Cbc0010I After 14900 nodes, 1191 on tree, 1945 best solution, best possible 1292.2863 (120.63 seconds)
Cbc0010I After 15000 nodes, 1230 on tree, 1945 best solution, best possible 1296.9944 (121.55 seconds)
Cbc0010I After 15100 nodes, 1270 on tree, 1945 best solution, best possible 1299.8389 (122.52 seconds)
Cbc0010I After 15200 nodes, 1309 on tree, 1945 best solution, best possible 1303.3128 (123.44 seconds)
Cbc0010I After 15300 nodes, 1342 on tree, 1945 best solution, best possible 1307.6792 (124.31 seconds)
Cbc0010I After 15400 nodes, 1376 on tree, 1945 best solution, best possible 1310.8773 (125.22 seconds)
Cbc0010I After 15500 nodes, 1409 on tree, 1945 best solution, best possible 1313.8019 (126.09 seconds)
Cbc0010I After 15600 nodes, 1447 on tree, 1945 best solution, best possible 1317.0689 (127.03 seconds)
Cbc0010I After 15700 nodes, 1485 on tree, 1945 best solution, best possible 1321.0131 (127.97 seconds)
Cbc0010I After 15800 nodes, 1521 on tree, 1945 best solution, best possible 1325.7383 (128.96 seconds)
Cbc0010I After 15900 nodes, 1555 on tree, 1945 best solution, best possible 1328.7191 (129.89 seconds)
Cbc0010I After 16000 nodes, 1594 on tree, 1945 best solution, best possible 1331.3322 (130.78 seconds)
Cbc0010I After 16100 nodes, 1625 on tree, 1945 best solution, best possible 1334.4375 (131.59 seconds)
Cbc0010I After 16200 nodes, 1658 on tree, 1945 best solution, best possible 1337.7441 (132.40 seconds)
Cbc0010I After 16300 nodes, 1692 on tree, 1945 best solution, best possible 1340.3082 (133.28 seconds)
Cbc0010I After 16400 nodes, 1730 on tree, 1945 best solution, best possible 1343.5588 (134.11 seconds)
Cbc0010I After 16500 nodes, 1761 on tree, 1945 best solution, best possible 1346.5845 (134.94 seconds)
Cbc0010I After 16600 nodes, 1788 on tree, 1945 best solution, best possible 1350.175 (135.79 seconds)
Cbc0010I After 16700 nodes, 1824 on tree, 1945 best solution, best possible 1353.4006 (136.67 seconds)
Cbc0010I After 16800 nodes, 1853 on tree, 1945 best solution, best possible 1356.4964 (137.50 seconds)
Cbc0010I After 16900 nodes, 1886 on tree, 1945 best solution, best possible 1359.6107 (138.42 seconds)
Cbc0010I After 17000 nodes, 1926 on tree, 1945 best solution, best possible 1362.5132 (139.29 seconds)
Cbc0010I After 17100 nodes, 1931 on tree, 1945 best solution, best possible 1362.5132 (140.02 seconds)
Cbc0010I After 17200 nodes, 1935 on tree, 1945 best solution, best possible 1362.5132 (140.98 seconds)
Cbc0010I After 17300 nodes, 1952 on tree, 1945 best solution, best possible 1362.5132 (142.35 seconds)
Cbc0010I After 17400 nodes, 1923 on tree, 1945 best solution, best possible 1362.5132 (143.50 seconds)
Cbc0010I After 17500 nodes, 1927 on tree, 1945 best solution, best possible 1362.5132 (144.54 seconds)
Cbc0010I After 17600 nodes, 1926 on tree, 1945 best solution, best possible 1362.5132 (145.69 seconds)
Cbc0010I After 17700 nodes, 1960 on tree, 1945 best solution, best possible 1362.5132 (146.50 seconds)
Cbc0010I After 17800 nodes, 1923 on tree, 1945 best solution, best possible 1362.5132 (147.24 seconds)
Cbc0010I After 17900 nodes, 1930 on tree, 1945 best solution, best possible 1362.5132 (147.85 seconds)
Cbc0010I After 18000 nodes, 1921 on tree, 1945 best solution, best possible 1362.5132 (148.30 seconds)
Cbc0010I After 18100 nodes, 1962 on tree, 1945 best solution, best possible 1365.2074 (149.09 seconds)
Cbc0010I After 18200 nodes, 1994 on tree, 1945 best solution, best possible 1367.0761 (149.91 seconds)
Cbc0010I After 18300 nodes, 2029 on tree, 1945 best solution, best possible 1370.3814 (150.66 seconds)
Cbc0010I After 18400 nodes, 2061 on tree, 1945 best solution, best possible 1374.0758 (151.47 seconds)
Cbc0010I After 18500 nodes, 2092 on tree, 1945 best solution, best possible 1377.5776 (152.27 seconds)
Cbc0010I After 18600 nodes, 2118 on tree, 1945 best solution, best possible 1381.0171 (153.07 seconds)
Cbc0010I After 18700 nodes, 2150 on tree, 1945 best solution, best possible 1383.7343 (153.75 seconds)
Cbc0010I After 18800 nodes, 2180 on tree, 1945 best solution, best possible 1386.1703 (154.50 seconds)
Cbc0010I After 18900 nodes, 2210 on tree, 1945 best solution, best possible 1388.4121 (155.24 seconds)
Cbc0010I After 19000 nodes, 2236 on tree, 1945 best solution, best possible 1390.847 (155.99 seconds)
Cbc0010I After 19100 nodes, 2268 on tree, 1945 best solution, best possible 1393.1175 (156.72 seconds)
Cbc0010I After 19200 nodes, 2301 on tree, 1945 best solution, best possible 1395.6301 (157.54 seconds)
Cbc0010I After 19300 nodes, 2324 on tree, 1945 best solution, best possible 1397.5541 (158.26 seconds)
Cbc0010I After 19400 nodes, 2353 on tree, 1945 best solution, best possible 1399.7 (158.98 seconds)
Cbc0010I After 19500 nodes, 2379 on tree, 1945 best solution, best possible 1401.631 (159.78 seconds)
Cbc0010I After 19600 nodes, 2410 on tree, 1945 best solution, best possible 1404.7228 (160.69 seconds)
Cbc0010I After 19700 nodes, 2436 on tree, 1945 best solution, best possible 1407.4486 (161.53 seconds)
Cbc0010I After 19800 nodes, 2462 on tree, 1945 best solution, best possible 1409.7897 (162.36 seconds)
Cbc0010I After 19900 nodes, 2494 on tree, 1945 best solution, best possible 1412.0247 (163.14 seconds)
Cbc0010I After 20000 nodes, 2519 on tree, 1945 best solution, best possible 1413.9803 (163.95 seconds)
Cbc0010I After 20100 nodes, 2542 on tree, 1945 best solution, best possible 1416.37 (164.88 seconds)
Cbc0010I After 20200 nodes, 2580 on tree, 1945 best solution, best possible 1417.5024 (165.67 seconds)
Cbc0010I After 20300 nodes, 2603 on tree, 1945 best solution, best possible 1419.2133 (166.56 seconds)
Cbc0010I After 20400 nodes, 2629 on tree, 1945 best solution, best possible 1420.9216 (167.34 seconds)
Cbc0010I After 20500 nodes, 2650 on tree, 1945 best solution, best possible 1423.1364 (168.18 seconds)
Cbc0010I After 20600 nodes, 2685 on tree, 1945 best solution, best possible 1424.7593 (168.98 seconds)
Cbc0010I After 20700 nodes, 2710 on tree, 1945 best solution, best possible 1426.307 (169.83 seconds)
Cbc0010I After 20800 nodes, 2727 on tree, 1945 best solution, best possible 1427.5813 (170.70 seconds)
Cbc0010I After 20900 nodes, 2758 on tree, 1945 best solution, best possible 1428.933 (171.51 seconds)
Cbc0016I Integer solution of 1882 found by strong branching after 1151333 iterations and 20966 nodes (171.99 seconds)
Cbc0010I After 21000 nodes, 2445 on tree, 1882 best solution, best possible 1429.9852 (172.17 seconds)
Cbc0010I After 21100 nodes, 2461 on tree, 1882 best solution, best possible 1429.9852 (172.91 seconds)
Cbc0010I After 21200 nodes, 2431 on tree, 1882 best solution, best possible 1429.9852 (173.73 seconds)
Cbc0010I After 21300 nodes, 2426 on tree, 1882 best solution, best possible 1429.9852 (174.62 seconds)
Cbc0010I After 21400 nodes, 2433 on tree, 1882 best solution, best possible 1429.9852 (175.53 seconds)
Cbc0010I After 21500 nodes, 2429 on tree, 1882 best solution, best possible 1429.9852 (176.47 seconds)
Cbc0010I After 21600 nodes, 2419 on tree, 1882 best solution, best possible 1429.9852 (177.34 seconds)
Cbc0038I Full problem 2398 rows 594 columns, reduced to 283 rows 117 columns
Cbc0010I After 21700 nodes, 2416 on tree, 1882 best solution, best possible 1429.9852 (177.99 seconds)
Cbc0010I After 21800 nodes, 2413 on tree, 1882 best solution, best possible 1429.9852 (178.86 seconds)
Cbc0010I After 21900 nodes, 2409 on tree, 1882 best solution, best possible 1429.9852 (179.91 seconds)
Cbc0010I After 22000 nodes, 2409 on tree, 1882 best solution, best possible 1429.9852 (180.88 seconds)
Cbc0010I After 22100 nodes, 2435 on tree, 1882 best solution, best possible 1431.6507 (181.75 seconds)
Cbc0010I After 22200 nodes, 2464 on tree, 1882 best solution, best possible 1433.1271 (182.69 seconds)
Cbc0010I After 22300 nodes, 2485 on tree, 1882 best solution, best possible 1435.1206 (183.50 seconds)
Cbc0010I After 22400 nodes, 2505 on tree, 1882 best solution, best possible 1437.5392 (184.35 seconds)
Cbc0010I After 22500 nodes, 2523 on tree, 1882 best solution, best possible 1439.8379 (185.11 seconds)
Cbc0010I After 22600 nodes, 2549 on tree, 1882 best solution, best possible 1441.631 (185.96 seconds)
Cbc0010I After 22700 nodes, 2571 on tree, 1882 best solution, best possible 1444.6521 (186.78 seconds)
Cbc0010I After 22800 nodes, 2595 on tree, 1882 best solution, best possible 1447.0664 (187.53 seconds)
Cbc0010I After 22900 nodes, 2620 on tree, 1882 best solution, best possible 1449.9157 (188.33 seconds)
Cbc0010I After 23000 nodes, 2645 on tree, 1882 best solution, best possible 1452.033 (189.24 seconds)
Cbc0010I After 23100 nodes, 2667 on tree, 1882 best solution, best possible 1453.9491 (190.07 seconds)
Cbc0010I After 23200 nodes, 2688 on tree, 1882 best solution, best possible 1455.9617 (190.90 seconds)
Cbc0010I After 23300 nodes, 2709 on tree, 1882 best solution, best possible 1457.9872 (191.77 seconds)
Cbc0010I After 23400 nodes, 2725 on tree, 1882 best solution, best possible 1459.8265 (192.60 seconds)
Cbc0010I After 23500 nodes, 2743 on tree, 1882 best solution, best possible 1461.7647 (193.53 seconds)
Cbc0010I After 23600 nodes, 2760 on tree, 1882 best solution, best possible 1463.5468 (194.36 seconds)
Cbc0010I After 23700 nodes, 2783 on tree, 1882 best solution, best possible 1465.4359 (195.08 seconds)
Cbc0010I After 23800 nodes, 2814 on tree, 1882 best solution, best possible 1467.0833 (195.85 seconds)
Cbc0010I After 23900 nodes, 2834 on tree, 1882 best solution, best possible 1469.1623 (196.64 seconds)
Cbc0010I After 24000 nodes, 2857 on tree, 1882 best solution, best possible 1470.9578 (197.41 seconds)
Cbc0010I After 24100 nodes, 2869 on tree, 1882 best solution, best possible 1472.3939 (198.24 seconds)
Cbc0010I After 24200 nodes, 2893 on tree, 1882 best solution, best possible 1473.6551 (199.15 seconds)
Cbc0010I After 24300 nodes, 2915 on tree, 1882 best solution, best possible 1475.3796 (200.07 seconds)
Cbc0016I Integer solution of 1819 found by strong branching after 1334072 iterations and 24367 nodes (200.58 seconds)
Cbc0010I After 24400 nodes, 2473 on tree, 1819 best solution, best possible 1476.215 (200.77 seconds)
Cbc0010I After 24500 nodes, 2481 on tree, 1819 best solution, best possible 1476.215 (201.25 seconds)
Cbc0010I After 24600 nodes, 2479 on tree, 1819 best solution, best possible 1476.215 (201.65 seconds)
Cbc0010I After 24700 nodes, 2474 on tree, 1819 best solution, best possible 1476.215 (202.09 seconds)
Cbc0010I After 24800 nodes, 2479 on tree, 1819 best solution, best possible 1476.215 (202.62 seconds)
Cbc0010I After 24900 nodes, 2485 on tree, 1819 best solution, best possible 1476.215 (203.11 seconds)
Cbc0010I After 25000 nodes, 2485 on tree, 1819 best solution, best possible 1476.215 (203.52 seconds)
Cbc0010I After 25100 nodes, 2491 on tree, 1819 best solution, best possible 1476.215 (204.30 seconds)
Cbc0038I Full problem 2398 rows 594 columns, reduced to 248 rows 105 columns
Cbc0010I After 25200 nodes, 2481 on tree, 1819 best solution, best possible 1476.215 (205.04 seconds)
Cbc0010I After 25300 nodes, 2479 on tree, 1819 best solution, best possible 1476.215 (205.86 seconds)
Cbc0010I After 25400 nodes, 2473 on tree, 1819 best solution, best possible 1476.215 (206.83 seconds)
Cbc0010I After 25500 nodes, 2490 on tree, 1819 best solution, best possible 1476.215 (207.60 seconds)
Cbc0010I After 25600 nodes, 2467 on tree, 1819 best solution, best possible 1476.215 (208.36 seconds)
Cbc0010I After 25700 nodes, 2465 on tree, 1819 best solution, best possible 1476.215 (208.98 seconds)
Cbc0010I After 25800 nodes, 2459 on tree, 1819 best solution, best possible 1476.215 (209.62 seconds)
Cbc0010I After 25900 nodes, 2463 on tree, 1819 best solution, best possible 1476.215 (210.34 seconds)
Cbc0010I After 26000 nodes, 2449 on tree, 1819 best solution, best possible 1476.215 (211.09 seconds)
Cbc0010I After 26100 nodes, 2467 on tree, 1819 best solution, best possible 1478.3333 (212.10 seconds)
Cbc0010I After 26200 nodes, 2482 on tree, 1819 best solution, best possible 1480.5702 (212.99 seconds)
Cbc0010I After 26300 nodes, 2495 on tree, 1819 best solution, best possible 1482.493 (213.83 seconds)
Cbc0010I After 26400 nodes, 2514 on tree, 1819 best solution, best possible 1484.8666 (214.82 seconds)
Cbc0010I After 26500 nodes, 2537 on tree, 1819 best solution, best possible 1486.631 (215.75 seconds)
Cbc0010I After 26600 nodes, 2556 on tree, 1819 best solution, best possible 1488.3166 (216.61 seconds)
Cbc0010I After 26700 nodes, 2570 on tree, 1819 best solution, best possible 1489.5238 (217.46 seconds)
Cbc0010I After 26800 nodes, 2594 on tree, 1819 best solution, best possible 1491.3303 (218.37 seconds)
Cbc0010I After 26900 nodes, 2618 on tree, 1819 best solution, best possible 1492.95 (219.32 seconds)
Cbc0010I After 27000 nodes, 2638 on tree, 1819 best solution, best possible 1495.1164 (220.22 seconds)
Cbc0010I After 27100 nodes, 2654 on tree, 1819 best solution, best possible 1496.8296 (221.09 seconds)
Cbc0010I After 27200 nodes, 2679 on tree, 1819 best solution, best possible 1498.7288 (221.93 seconds)
Cbc0010I After 27300 nodes, 2700 on tree, 1819 best solution, best possible 1500.5778 (222.84 seconds)
Cbc0010I After 27400 nodes, 2714 on tree, 1819 best solution, best possible 1502.4571 (223.74 seconds)
Cbc0010I After 27500 nodes, 2724 on tree, 1819 best solution, best possible 1503.8167 (224.54 seconds)
Cbc0010I After 27600 nodes, 2744 on tree, 1819 best solution, best possible 1505.6428 (225.28 seconds)
Cbc0010I After 27700 nodes, 2769 on tree, 1819 best solution, best possible 1507.1551 (226.23 seconds)
Cbc0010I After 27800 nodes, 2788 on tree, 1819 best solution, best possible 1508.5427 (227.03 seconds)
Cbc0010I After 27900 nodes, 2807 on tree, 1819 best solution, best possible 1510.3803 (227.89 seconds)
Cbc0010I After 28000 nodes, 2829 on tree, 1819 best solution, best possible 1511.7838 (228.78 seconds)
Cbc0010I After 28100 nodes, 2846 on tree, 1819 best solution, best possible 1513.4134 (229.60 seconds)
Cbc0010I After 28200 nodes, 2860 on tree, 1819 best solution, best possible 1514.8133 (230.31 seconds)
Cbc0010I After 28300 nodes, 2877 on tree, 1819 best solution, best possible 1516.3636 (231.12 seconds)
Cbc0010I After 28400 nodes, 2896 on tree, 1819 best solution, best possible 1517.6538 (231.94 seconds)
Cbc0010I After 28500 nodes, 2914 on tree, 1819 best solution, best possible 1518.9326 (232.79 seconds)
Cbc0010I After 28600 nodes, 2935 on tree, 1819 best solution, best possible 1520.3578 (233.62 seconds)
Cbc0010I After 28700 nodes, 2954 on tree, 1819 best solution, best possible 1522.1932 (234.39 seconds)
Cbc0010I After 28800 nodes, 2975 on tree, 1819 best solution, best possible 1523.7808 (235.23 seconds)
Cbc0010I After 28900 nodes, 2988 on tree, 1819 best solution, best possible 1525.4794 (236.06 seconds)
Cbc0010I After 29000 nodes, 3008 on tree, 1819 best solution, best possible 1526.6906 (236.87 seconds)
Cbc0010I After 29100 nodes, 3011 on tree, 1819 best solution, best possible 1526.6906 (237.50 seconds)
Cbc0010I After 29200 nodes, 3010 on tree, 1819 best solution, best possible 1526.6906 (238.30 seconds)
Cbc0010I After 29300 nodes, 3002 on tree, 1819 best solution, best possible 1526.6906 (239.09 seconds)
Cbc0010I After 29400 nodes, 3016 on tree, 1819 best solution, best possible 1526.6906 (239.82 seconds)
Cbc0010I After 29500 nodes, 2996 on tree, 1819 best solution, best possible 1526.6906 (240.53 seconds)
Cbc0010I After 29600 nodes, 3010 on tree, 1819 best solution, best possible 1526.6906 (241.35 seconds)
Cbc0010I After 29700 nodes, 2996 on tree, 1819 best solution, best possible 1526.6906 (242.11 seconds)
Cbc0010I After 29800 nodes, 2992 on tree, 1819 best solution, best possible 1526.6906 (242.77 seconds)
Cbc0010I After 29900 nodes, 2976 on tree, 1819 best solution, best possible 1526.6906 (243.37 seconds)
Cbc0010I After 30000 nodes, 2971 on tree, 1819 best solution, best possible 1526.6906 (244.04 seconds)
Cbc0010I After 30100 nodes, 2991 on tree, 1819 best solution, best possible 1528.3358 (244.82 seconds)
Cbc0010I After 30200 nodes, 3013 on tree, 1819 best solution, best possible 1529.7026 (245.72 seconds)
Cbc0010I After 30300 nodes, 3037 on tree, 1819 best solution, best possible 1531.3879 (246.57 seconds)
Cbc0010I After 30400 nodes, 3056 on tree, 1819 best solution, best possible 1533.3506 (247.43 seconds)
Cbc0010I After 30500 nodes, 3078 on tree, 1819 best solution, best possible 1534.9958 (248.23 seconds)
Cbc0010I After 30600 nodes, 3096 on tree, 1819 best solution, best possible 1536.9814 (249.01 seconds)
Cbc0010I After 30700 nodes, 3108 on tree, 1819 best solution, best possible 1538.9173 (249.80 seconds)
Cbc0010I After 30800 nodes, 3130 on tree, 1819 best solution, best possible 1540.3739 (250.66 seconds)
Cbc0010I After 30900 nodes, 3147 on tree, 1819 best solution, best possible 1541.4619 (251.44 seconds)
Cbc0010I After 31000 nodes, 3162 on tree, 1819 best solution, best possible 1542.9598 (252.21 seconds)
Cbc0010I After 31100 nodes, 3175 on tree, 1819 best solution, best possible 1544.4143 (252.96 seconds)
Cbc0010I After 31200 nodes, 3190 on tree, 1819 best solution, best possible 1545.9409 (253.84 seconds)
Cbc0010I After 31300 nodes, 3206 on tree, 1819 best solution, best possible 1547.2329 (254.67 seconds)
Cbc0010I After 31400 nodes, 3226 on tree, 1819 best solution, best possible 1548.7266 (255.47 seconds)
Cbc0010I After 31500 nodes, 3243 on tree, 1819 best solution, best possible 1550.0384 (256.38 seconds)
Cbc0010I After 31600 nodes, 3260 on tree, 1819 best solution, best possible 1551.7386 (257.17 seconds)
Cbc0010I After 31700 nodes, 3278 on tree, 1819 best solution, best possible 1552.8847 (257.94 seconds)
Cbc0010I After 31800 nodes, 3298 on tree, 1819 best solution, best possible 1554.2801 (258.78 seconds)
Cbc0010I After 31900 nodes, 3318 on tree, 1819 best solution, best possible 1555.5603 (259.54 seconds)
Cbc0010I After 32000 nodes, 3344 on tree, 1819 best solution, best possible 1556.907 (260.46 seconds)
Cbc0010I After 32100 nodes, 3368 on tree, 1819 best solution, best possible 1558.2763 (261.32 seconds)
Cbc0010I After 32200 nodes, 3387 on tree, 1819 best solution, best possible 1559.5984 (262.20 seconds)
Cbc0010I After 32300 nodes, 3410 on tree, 1819 best solution, best possible 1560.6524 (263.02 seconds)
Cbc0010I After 32400 nodes, 3428 on tree, 1819 best solution, best possible 1562.0845 (263.91 seconds)
Cbc0038I Full problem 2398 rows 594 columns, reduced to 271 rows 104 columns
Cbc0010I After 32500 nodes, 3450 on tree, 1819 best solution, best possible 1563.5093 (264.73 seconds)
Cbc0010I After 32600 nodes, 3472 on tree, 1819 best solution, best possible 1564.8 (265.55 seconds)
Cbc0010I After 32700 nodes, 3483 on tree, 1819 best solution, best possible 1566.2435 (266.29 seconds)
Cbc0010I After 32800 nodes, 3497 on tree, 1819 best solution, best possible 1567.3118 (267.04 seconds)
Cbc0010I After 32900 nodes, 3515 on tree, 1819 best solution, best possible 1568.8421 (267.89 seconds)
Cbc0010I After 33000 nodes, 3531 on tree, 1819 best solution, best possible 1570.1399 (268.71 seconds)
Cbc0010I After 33100 nodes, 3523 on tree, 1819 best solution, best possible 1570.1399 (269.36 seconds)
Cbc0010I After 33200 nodes, 3517 on tree, 1819 best solution, best possible 1570.1399 (270.09 seconds)
Cbc0010I After 33300 nodes, 3506 on tree, 1819 best solution, best possible 1570.1399 (270.68 seconds)
Cbc0010I After 33400 nodes, 3495 on tree, 1819 best solution, best possible 1570.1399 (271.44 seconds)
Cbc0010I After 33500 nodes, 3495 on tree, 1819 best solution, best possible 1570.1399 (272.14 seconds)
Cbc0010I After 33600 nodes, 3480 on tree, 1819 best solution, best possible 1570.1399 (272.79 seconds)
Cbc0010I After 33700 nodes, 3474 on tree, 1819 best solution, best possible 1570.1399 (273.43 seconds)
Cbc0010I After 33800 nodes, 3468 on tree, 1819 best solution, best possible 1570.1399 (274.08 seconds)
Cbc0010I After 33900 nodes, 3458 on tree, 1819 best solution, best possible 1570.1399 (274.68 seconds)
Cbc0010I After 34000 nodes, 3438 on tree, 1819 best solution, best possible 1570.1399 (275.36 seconds)
Cbc0010I After 34100 nodes, 3453 on tree, 1819 best solution, best possible 1571.0364 (276.15 seconds)
Cbc0010I After 34200 nodes, 3469 on tree, 1819 best solution, best possible 1572.3413 (277.05 seconds)
Cbc0010I After 34300 nodes, 3487 on tree, 1819 best solution, best possible 1573.5606 (277.87 seconds)
Cbc0010I After 34400 nodes, 3497 on tree, 1819 best solution, best possible 1574.7359 (278.61 seconds)
Cbc0010I After 34500 nodes, 3511 on tree, 1819 best solution, best possible 1575.9216 (279.36 seconds)
Cbc0010I After 34600 nodes, 3527 on tree, 1819 best solution, best possible 1577.1393 (280.10 seconds)
Cbc0010I After 34700 nodes, 3541 on tree, 1819 best solution, best possible 1578.1478 (280.85 seconds)
Cbc0010I After 34800 nodes, 3559 on tree, 1819 best solution, best possible 1579.5208 (281.69 seconds)
Cbc0010I After 34900 nodes, 3573 on tree, 1819 best solution, best possible 1580.6008 (282.46 seconds)
Cbc0010I After 35000 nodes, 3590 on tree, 1819 best solution, best possible 1581.9195 (283.24 seconds)
Cbc0010I After 35100 nodes, 3602 on tree, 1819 best solution, best possible 1582.8043 (283.94 seconds)
Cbc0010I After 35200 nodes, 3615 on tree, 1819 best solution, best possible 1584.35 (284.73 seconds)
Cbc0010I After 35300 nodes, 3626 on tree, 1819 best solution, best possible 1585.9848 (285.50 seconds)
Cbc0010I After 35400 nodes, 3637 on tree, 1819 best solution, best possible 1587.36 (286.23 seconds)
Cbc0010I After 35500 nodes, 3649 on tree, 1819 best solution, best possible 1588.8125 (287.04 seconds)
Cbc0010I After 35600 nodes, 3666 on tree, 1819 best solution, best possible 1590.1907 (287.87 seconds)
Cbc0010I After 35700 nodes, 3684 on tree, 1819 best solution, best possible 1591.4206 (288.63 seconds)
Cbc0010I After 35800 nodes, 3694 on tree, 1819 best solution, best possible 1592.4203 (289.30 seconds)
Cbc0010I After 35900 nodes, 3703 on tree, 1819 best solution, best possible 1593.7619 (290.04 seconds)
Cbc0010I After 36000 nodes, 3714 on tree, 1819 best solution, best possible 1595.0227 (290.75 seconds)
Cbc0010I After 36100 nodes, 3728 on tree, 1819 best solution, best possible 1596.6009 (291.54 seconds)
Cbc0010I After 36200 nodes, 3740 on tree, 1819 best solution, best possible 1597.6516 (292.41 seconds)
Cbc0010I After 36300 nodes, 3751 on tree, 1819 best solution, best possible 1598.9394 (293.18 seconds)
Cbc0010I After 36400 nodes, 3761 on tree, 1819 best solution, best possible 1600.0798 (294.00 seconds)
Cbc0010I After 36500 nodes, 3775 on tree, 1819 best solution, best possible 1601.4848 (294.78 seconds)
Cbc0010I After 36600 nodes, 3788 on tree, 1819 best solution, best possible 1602.75 (295.52 seconds)
Cbc0010I After 36700 nodes, 3801 on tree, 1819 best solution, best possible 1604.1957 (296.29 seconds)
Cbc0010I After 36800 nodes, 3818 on tree, 1819 best solution, best possible 1605.3841 (296.98 seconds)
Cbc0010I After 36900 nodes, 3829 on tree, 1819 best solution, best possible 1606.8778 (297.70 seconds)
Cbc0010I After 37000 nodes, 3838 on tree, 1819 best solution, best possible 1608.0076 (298.53 seconds)
Cbc0010I After 37100 nodes, 3842 on tree, 1819 best solution, best possible 1608.0076 (299.23 seconds)
Cbc0010I After 37200 nodes, 3833 on tree, 1819 best solution, best possible 1608.0076 (299.83 seconds)
Cbc0010I After 37300 nodes, 3822 on tree, 1819 best solution, best possible 1608.0076 (300.60 seconds)
Cbc0010I After 37400 nodes, 3809 on tree, 1819 best solution, best possible 1608.0076 (301.35 seconds)
Cbc0010I After 37500 nodes, 3793 on tree, 1819 best solution, best possible 1608.0076 (301.97 seconds)
Cbc0010I After 37600 nodes, 3782 on tree, 1819 best solution, best possible 1608.0076 (302.60 seconds)
Cbc0010I After 37700 nodes, 3770 on tree, 1819 best solution, best possible 1608.0076 (303.34 seconds)
Cbc0010I After 37800 nodes, 3767 on tree, 1819 best solution, best possible 1608.0076 (304.00 seconds)
Cbc0010I After 37900 nodes, 3746 on tree, 1819 best solution, best possible 1608.0076 (304.56 seconds)
Cbc0010I After 38000 nodes, 3752 on tree, 1819 best solution, best possible 1608.0076 (305.23 seconds)
Cbc0010I After 38100 nodes, 3765 on tree, 1819 best solution, best possible 1609.2571 (305.97 seconds)
Cbc0010I After 38200 nodes, 3781 on tree, 1819 best solution, best possible 1610.3119 (306.78 seconds)
Cbc0010I After 38300 nodes, 3794 on tree, 1819 best solution, best possible 1611.9653 (307.62 seconds)
Cbc0010I After 38400 nodes, 3803 on tree, 1819 best solution, best possible 1612.9762 (308.34 seconds)
Cbc0010I After 38500 nodes, 3815 on tree, 1819 best solution, best possible 1614.2982 (309.15 seconds)
Cbc0010I After 38600 nodes, 3824 on tree, 1819 best solution, best possible 1615.3063 (309.83 seconds)
Cbc0010I After 38700 nodes, 3831 on tree, 1819 best solution, best possible 1616.3676 (310.55 seconds)
Cbc0010I After 38800 nodes, 3840 on tree, 1819 best solution, best possible 1617.7741 (311.34 seconds)
Cbc0010I After 38900 nodes, 3853 on tree, 1819 best solution, best possible 1619.1703 (312.09 seconds)
Cbc0010I After 39000 nodes, 3866 on tree, 1819 best solution, best possible 1620.5591 (312.86 seconds)
Cbc0010I After 39100 nodes, 3874 on tree, 1819 best solution, best possible 1621.6231 (313.49 seconds)
Cbc0010I After 39200 nodes, 3888 on tree, 1819 best solution, best possible 1622.5738 (314.35 seconds)
Cbc0010I After 39300 nodes, 3894 on tree, 1819 best solution, best possible 1623.7785 (315.03 seconds)
Cbc0010I After 39400 nodes, 3904 on tree, 1819 best solution, best possible 1625.1802 (315.74 seconds)
Cbc0010I After 39500 nodes, 3913 on tree, 1819 best solution, best possible 1626.3365 (316.46 seconds)
Cbc0038I Full problem 2398 rows 594 columns, reduced to 289 rows 117 columns
Cbc0010I After 39600 nodes, 3924 on tree, 1819 best solution, best possible 1627.61 (317.20 seconds)
Cbc0010I After 39700 nodes, 3936 on tree, 1819 best solution, best possible 1628.75 (317.91 seconds)
Cbc0010I After 39800 nodes, 3945 on tree, 1819 best solution, best possible 1629.6047 (318.66 seconds)
Cbc0010I After 39900 nodes, 3956 on tree, 1819 best solution, best possible 1630.5357 (319.35 seconds)
Cbc0010I After 40000 nodes, 3970 on tree, 1819 best solution, best possible 1631.6429 (320.13 seconds)
Cbc0010I After 40100 nodes, 3977 on tree, 1819 best solution, best possible 1632.7451 (320.90 seconds)
Cbc0010I After 40200 nodes, 3989 on tree, 1819 best solution, best possible 1633.9032 (321.68 seconds)
Cbc0010I After 40300 nodes, 4005 on tree, 1819 best solution, best possible 1634.8098 (322.45 seconds)
Cbc0010I After 40400 nodes, 4015 on tree, 1819 best solution, best possible 1635.75 (323.22 seconds)
Cbc0010I After 40500 nodes, 4024 on tree, 1819 best solution, best possible 1636.6951 (323.99 seconds)
Cbc0010I After 40600 nodes, 4030 on tree, 1819 best solution, best possible 1637.5879 (324.73 seconds)
Cbc0010I After 40700 nodes, 4036 on tree, 1819 best solution, best possible 1638.352 (325.41 seconds)
Cbc0010I After 40800 nodes, 4040 on tree, 1819 best solution, best possible 1639.622 (326.17 seconds)
Cbc0010I After 40900 nodes, 4041 on tree, 1819 best solution, best possible 1640.547 (326.89 seconds)
Cbc0010I After 41000 nodes, 4042 on tree, 1819 best solution, best possible 1641.2262 (327.62 seconds)
Cbc0010I After 41100 nodes, 4025 on tree, 1819 best solution, best possible 1641.2262 (328.22 seconds)
Cbc0010I After 41200 nodes, 4017 on tree, 1819 best solution, best possible 1641.2262 (328.78 seconds)
Cbc0010I After 41300 nodes, 4017 on tree, 1819 best solution, best possible 1641.2262 (329.43 seconds)
Cbc0010I After 41400 nodes, 4003 on tree, 1819 best solution, best possible 1641.2262 (330.09 seconds)
Cbc0010I After 41500 nodes, 3993 on tree, 1819 best solution, best possible 1641.2262 (330.78 seconds)
Cbc0010I After 41600 nodes, 3981 on tree, 1819 best solution, best possible 1641.2262 (331.35 seconds)
Cbc0010I After 41700 nodes, 3971 on tree, 1819 best solution, best possible 1641.2262 (331.97 seconds)
Cbc0010I After 41800 nodes, 3951 on tree, 1819 best solution, best possible 1641.2262 (332.56 seconds)
Cbc0010I After 41900 nodes, 3948 on tree, 1819 best solution, best possible 1641.2262 (333.14 seconds)
Cbc0010I After 42000 nodes, 3934 on tree, 1819 best solution, best possible 1641.2262 (333.74 seconds)
Cbc0010I After 42100 nodes, 3943 on tree, 1819 best solution, best possible 1641.8232 (334.52 seconds)
Cbc0010I After 42200 nodes, 3950 on tree, 1819 best solution, best possible 1642.4109 (335.32 seconds)
Cbc0010I After 42300 nodes, 3956 on tree, 1819 best solution, best possible 1643.0278 (336.14 seconds)
Cbc0010I After 42400 nodes, 3962 on tree, 1819 best solution, best possible 1643.8021 (336.93 seconds)
Cbc0010I After 42500 nodes, 3971 on tree, 1819 best solution, best possible 1644.6843 (337.58 seconds)
Cbc0010I After 42600 nodes, 3978 on tree, 1819 best solution, best possible 1645.5588 (338.26 seconds)
Cbc0010I After 42700 nodes, 3978 on tree, 1819 best solution, best possible 1646.1333 (338.90 seconds)
Cbc0010I After 42800 nodes, 3981 on tree, 1819 best solution, best possible 1647.0587 (339.59 seconds)
Cbc0010I After 42900 nodes, 3985 on tree, 1819 best solution, best possible 1647.9412 (340.29 seconds)
Cbc0010I After 43000 nodes, 3993 on tree, 1819 best solution, best possible 1648.7034 (341.05 seconds)
Cbc0010I After 43100 nodes, 4001 on tree, 1819 best solution, best possible 1649.7143 (341.79 seconds)
Cbc0038I Full problem 2398 rows 594 columns, reduced to 302 rows 118 columns
Cbc0010I After 43200 nodes, 4004 on tree, 1819 best solution, best possible 1650.5756 (342.58 seconds)
Cbc0010I After 43300 nodes, 4015 on tree, 1819 best solution, best possible 1651.3412 (343.38 seconds)
Cbc0010I After 43400 nodes, 4023 on tree, 1819 best solution, best possible 1652.2488 (344.06 seconds)
Cbc0010I After 43500 nodes, 4026 on tree, 1819 best solution, best possible 1653.1042 (344.79 seconds)
Cbc0010I After 43600 nodes, 4031 on tree, 1819 best solution, best possible 1653.9741 (345.44 seconds)
Cbc0010I After 43700 nodes, 4039 on tree, 1819 best solution, best possible 1654.9432 (346.21 seconds)
Cbc0010I After 43800 nodes, 4046 on tree, 1819 best solution, best possible 1656.1905 (346.86 seconds)
Cbc0010I After 43900 nodes, 4053 on tree, 1819 best solution, best possible 1657.0214 (347.55 seconds)
Cbc0010I After 44000 nodes, 4053 on tree, 1819 best solution, best possible 1658.0769 (348.22 seconds)
Cbc0010I After 44100 nodes, 4057 on tree, 1819 best solution, best possible 1659.0557 (348.86 seconds)
Cbc0010I After 44200 nodes, 4061 on tree, 1819 best solution, best possible 1659.95 (349.51 seconds)
Cbc0010I After 44300 nodes, 4067 on tree, 1819 best solution, best possible 1660.8966 (350.18 seconds)
Cbc0010I After 44400 nodes, 4075 on tree, 1819 best solution, best possible 1661.8737 (350.84 seconds)
Cbc0010I After 44500 nodes, 4075 on tree, 1819 best solution, best possible 1662.6833 (351.52 seconds)
Cbc0010I After 44600 nodes, 4078 on tree, 1819 best solution, best possible 1663.4412 (352.18 seconds)
Cbc0010I After 44700 nodes, 4077 on tree, 1819 best solution, best possible 1664.1167 (352.85 seconds)
Cbc0010I After 44800 nodes, 4080 on tree, 1819 best solution, best possible 1664.9394 (353.54 seconds)
Cbc0010I After 44900 nodes, 4076 on tree, 1819 best solution, best possible 1665.6051 (354.28 seconds)
Cbc0010I After 45000 nodes, 4071 on tree, 1819 best solution, best possible 1666.7833 (354.91 seconds)
Cbc0010I After 45100 nodes, 4059 on tree, 1819 best solution, best possible 1666.7833 (355.54 seconds)
Cbc0010I After 45200 nodes, 4047 on tree, 1819 best solution, best possible 1666.7833 (356.19 seconds)
Cbc0010I After 45300 nodes, 4034 on tree, 1819 best solution, best possible 1666.7833 (356.83 seconds)
Cbc0010I After 45400 nodes, 4025 on tree, 1819 best solution, best possible 1666.7833 (357.37 seconds)
Cbc0010I After 45500 nodes, 4002 on tree, 1819 best solution, best possible 1666.7833 (357.94 seconds)
Cbc0010I After 45600 nodes, 3993 on tree, 1819 best solution, best possible 1666.7833 (358.52 seconds)
Cbc0010I After 45700 nodes, 3980 on tree, 1819 best solution, best possible 1666.7833 (359.21 seconds)
Cbc0010I After 45800 nodes, 3966 on tree, 1819 best solution, best possible 1666.7833 (359.78 seconds)
Cbc0010I After 45900 nodes, 3951 on tree, 1819 best solution, best possible 1666.7833 (360.36 seconds)
Cbc0010I After 46000 nodes, 3928 on tree, 1819 best solution, best possible 1666.7833 (360.89 seconds)
Cbc0010I After 46100 nodes, 3929 on tree, 1819 best solution, best possible 1667.7442 (361.51 seconds)
Cbc0010I After 46200 nodes, 3928 on tree, 1819 best solution, best possible 1668.8875 (362.13 seconds)
Cbc0010I After 46300 nodes, 3928 on tree, 1819 best solution, best possible 1669.8214 (362.78 seconds)
Cbc0010I After 46400 nodes, 3931 on tree, 1819 best solution, best possible 1670.8299 (363.45 seconds)
Cbc0010I After 46500 nodes, 3931 on tree, 1819 best solution, best possible 1671.8571 (364.15 seconds)
Cbc0010I After 46600 nodes, 3937 on tree, 1819 best solution, best possible 1672.6673 (364.74 seconds)
Cbc0010I After 46700 nodes, 3936 on tree, 1819 best solution, best possible 1673.4639 (365.43 seconds)
Cbc0010I After 46800 nodes, 3939 on tree, 1819 best solution, best possible 1674.2326 (366.12 seconds)
Cbc0010I After 46900 nodes, 3938 on tree, 1819 best solution, best possible 1675.1654 (366.69 seconds)
Cbc0010I After 47000 nodes, 3934 on tree, 1819 best solution, best possible 1676.3256 (367.27 seconds)
Cbc0010I After 47100 nodes, 3938 on tree, 1819 best solution, best possible 1677.4 (367.89 seconds)
Cbc0010I After 47200 nodes, 3939 on tree, 1819 best solution, best possible 1678.2764 (368.54 seconds)
Cbc0010I After 47300 nodes, 3939 on tree, 1819 best solution, best possible 1679.241 (369.11 seconds)
Cbc0010I After 47400 nodes, 3938 on tree, 1819 best solution, best possible 1680 (369.72 seconds)
Cbc0010I After 47500 nodes, 3938 on tree, 1819 best solution, best possible 1681.2278 (370.32 seconds)
Cbc0010I After 47600 nodes, 3938 on tree, 1819 best solution, best possible 1682.1597 (370.97 seconds)
Cbc0010I After 47700 nodes, 3937 on tree, 1819 best solution, best possible 1683.0417 (371.64 seconds)
Cbc0010I After 47800 nodes, 3928 on tree, 1819 best solution, best possible 1683.7485 (372.18 seconds)
Cbc0010I After 47900 nodes, 3928 on tree, 1819 best solution, best possible 1684.6403 (372.78 seconds)
Cbc0010I After 48000 nodes, 3919 on tree, 1819 best solution, best possible 1685.637 (373.36 seconds)
Cbc0010I After 48100 nodes, 3916 on tree, 1819 best solution, best possible 1686.8222 (373.94 seconds)
Cbc0010I After 48200 nodes, 3915 on tree, 1819 best solution, best possible 1687.775 (374.57 seconds)
Cbc0010I After 48300 nodes, 3908 on tree, 1819 best solution, best possible 1688.6133 (375.20 seconds)
Cbc0010I After 48400 nodes, 3899 on tree, 1819 best solution, best possible 1689.5375 (375.84 seconds)
Cbc0010I After 48500 nodes, 3900 on tree, 1819 best solution, best possible 1690.5102 (376.42 seconds)
Cbc0010I After 48600 nodes, 3887 on tree, 1819 best solution, best possible 1691.205 (376.84 seconds)
Cbc0010I After 48700 nodes, 3885 on tree, 1819 best solution, best possible 1691.9741 (377.44 seconds)
Cbc0010I After 48800 nodes, 3882 on tree, 1819 best solution, best possible 1692.6453 (377.98 seconds)
Cbc0010I After 48900 nodes, 3878 on tree, 1819 best solution, best possible 1693.6389 (378.55 seconds)
Cbc0010I After 49000 nodes, 3868 on tree, 1819 best solution, best possible 1694.6333 (379.13 seconds)
Cbc0010I After 49100 nodes, 3861 on tree, 1819 best solution, best possible 1694.6333 (379.72 seconds)
Cbc0010I After 49200 nodes, 3846 on tree, 1819 best solution, best possible 1694.6333 (380.32 seconds)
Cbc0010I After 49300 nodes, 3828 on tree, 1819 best solution, best possible 1694.6333 (380.95 seconds)
Cbc0010I After 49400 nodes, 3809 on tree, 1819 best solution, best possible 1694.6333 (381.50 seconds)
Cbc0010I After 49500 nodes, 3810 on tree, 1819 best solution, best possible 1694.6333 (382.17 seconds)
Cbc0010I After 49600 nodes, 3782 on tree, 1819 best solution, best possible 1694.6333 (382.78 seconds)
Cbc0010I After 49700 nodes, 3766 on tree, 1819 best solution, best possible 1694.6333 (383.33 seconds)
Cbc0010I After 49800 nodes, 3749 on tree, 1819 best solution, best possible 1694.6333 (383.94 seconds)
Cbc0010I After 49900 nodes, 3734 on tree, 1819 best solution, best possible 1694.6333 (384.52 seconds)
Cbc0010I After 50000 nodes, 3708 on tree, 1819 best solution, best possible 1694.6333 (385.14 seconds)
Cbc0010I After 50100 nodes, 3711 on tree, 1819 best solution, best possible 1695.6678 (385.67 seconds)
Cbc0010I After 50200 nodes, 3709 on tree, 1819 best solution, best possible 1696.5263 (386.29 seconds)
Cbc0010I After 50300 nodes, 3698 on tree, 1819 best solution, best possible 1697.449 (386.86 seconds)
Cbc0038I Full problem 2398 rows 594 columns, reduced to 190 rows 86 columns
Cbc0010I After 50400 nodes, 3687 on tree, 1819 best solution, best possible 1698.39 (387.47 seconds)
Cbc0010I After 50500 nodes, 3682 on tree, 1819 best solution, best possible 1699.4966 (388.01 seconds)
Cbc0010I After 50600 nodes, 3672 on tree, 1819 best solution, best possible 1700.4463 (388.54 seconds)
Cbc0010I After 50700 nodes, 3661 on tree, 1819 best solution, best possible 1701.5236 (389.15 seconds)
Cbc0010I After 50800 nodes, 3648 on tree, 1819 best solution, best possible 1702.4849 (389.73 seconds)
Cbc0010I After 50900 nodes, 3639 on tree, 1819 best solution, best possible 1703.0362 (390.26 seconds)
Cbc0010I After 51000 nodes, 3630 on tree, 1819 best solution, best possible 1703.86 (390.73 seconds)
Cbc0010I After 51100 nodes, 3625 on tree, 1819 best solution, best possible 1704.6607 (391.21 seconds)
Cbc0010I After 51200 nodes, 3611 on tree, 1819 best solution, best possible 1705.4752 (391.70 seconds)
Cbc0010I After 51300 nodes, 3601 on tree, 1819 best solution, best possible 1706.1548 (392.26 seconds)
Cbc0010I After 51400 nodes, 3594 on tree, 1819 best solution, best possible 1707.0179 (392.77 seconds)
Cbc0010I After 51500 nodes, 3579 on tree, 1819 best solution, best possible 1708.0385 (393.29 seconds)
Cbc0010I After 51600 nodes, 3576 on tree, 1819 best solution, best possible 1708.8653 (393.82 seconds)
Cbc0010I After 51700 nodes, 3561 on tree, 1819 best solution, best possible 1709.7833 (394.34 seconds)
Cbc0010I After 51800 nodes, 3553 on tree, 1819 best solution, best possible 1710.7085 (394.90 seconds)
Cbc0010I After 51900 nodes, 3547 on tree, 1819 best solution, best possible 1711.44 (395.45 seconds)
Cbc0010I After 52000 nodes, 3535 on tree, 1819 best solution, best possible 1712.4881 (396.01 seconds)
Cbc0010I After 52100 nodes, 3522 on tree, 1819 best solution, best possible 1713.3681 (396.49 seconds)
Cbc0010I After 52200 nodes, 3511 on tree, 1819 best solution, best possible 1714.1593 (397.03 seconds)
Cbc0010I After 52300 nodes, 3504 on tree, 1819 best solution, best possible 1714.7779 (397.57 seconds)
Cbc0010I After 52400 nodes, 3494 on tree, 1819 best solution, best possible 1715.7308 (398.13 seconds)
Cbc0010I After 52500 nodes, 3490 on tree, 1819 best solution, best possible 1716.6473 (398.72 seconds)
Cbc0010I After 52600 nodes, 3476 on tree, 1819 best solution, best possible 1717.4361 (399.20 seconds)
Cbc0010I After 52700 nodes, 3463 on tree, 1819 best solution, best possible 1718.0232 (399.70 seconds)
Cbc0010I After 52800 nodes, 3448 on tree, 1819 best solution, best possible 1718.8182 (400.28 seconds)
Cbc0010I After 52900 nodes, 3441 on tree, 1819 best solution, best possible 1719.6386 (400.80 seconds)
Cbc0010I After 53000 nodes, 3431 on tree, 1819 best solution, best possible 1720.3324 (401.40 seconds)
Cbc0010I After 53100 nodes, 3419 on tree, 1819 best solution, best possible 1720.3324 (402.04 seconds)
Cbc0010I After 53200 nodes, 3408 on tree, 1819 best solution, best possible 1720.3324 (402.72 seconds)
Cbc0010I After 53300 nodes, 3390 on tree, 1819 best solution, best possible 1720.3324 (403.25 seconds)
Cbc0010I After 53400 nodes, 3370 on tree, 1819 best solution, best possible 1720.3324 (403.73 seconds)
Cbc0010I After 53500 nodes, 3343 on tree, 1819 best solution, best possible 1720.3324 (404.27 seconds)
Cbc0010I After 53600 nodes, 3329 on tree, 1819 best solution, best possible 1720.3324 (404.79 seconds)
Cbc0010I After 53700 nodes, 3305 on tree, 1819 best solution, best possible 1720.3324 (405.42 seconds)
Cbc0010I After 53800 nodes, 3280 on tree, 1819 best solution, best possible 1720.3324 (405.96 seconds)
Cbc0010I After 53900 nodes, 3253 on tree, 1819 best solution, best possible 1720.3324 (406.49 seconds)
Cbc0038I Full problem 2398 rows 594 columns, reduced to 244 rows 111 columns
Cbc0010I After 54000 nodes, 3245 on tree, 1819 best solution, best possible 1720.3324 (407.07 seconds)
Cbc0010I After 54100 nodes, 3234 on tree, 1819 best solution, best possible 1721.0928 (407.62 seconds)
Cbc0010I After 54200 nodes, 3220 on tree, 1819 best solution, best possible 1722.0208 (408.18 seconds)
Cbc0010I After 54300 nodes, 3206 on tree, 1819 best solution, best possible 1722.8861 (408.73 seconds)
Cbc0010I After 54400 nodes, 3191 on tree, 1819 best solution, best possible 1723.6667 (409.31 seconds)
Cbc0010I After 54500 nodes, 3181 on tree, 1819 best solution, best possible 1724.4205 (409.84 seconds)
Cbc0010I After 54600 nodes, 3165 on tree, 1819 best solution, best possible 1725.0124 (410.44 seconds)
Cbc0010I After 54700 nodes, 3161 on tree, 1819 best solution, best possible 1726 (411.03 seconds)
Cbc0010I After 54800 nodes, 3146 on tree, 1819 best solution, best possible 1726.9302 (411.50 seconds)
Cbc0010I After 54900 nodes, 3135 on tree, 1819 best solution, best possible 1727.8529 (412.09 seconds)
Cbc0010I After 55000 nodes, 3120 on tree, 1819 best solution, best possible 1728.6667 (412.64 seconds)
Cbc0010I After 55100 nodes, 3107 on tree, 1819 best solution, best possible 1729.5214 (413.19 seconds)
Cbc0010I After 55200 nodes, 3087 on tree, 1819 best solution, best possible 1730.3 (413.66 seconds)
Cbc0010I After 55300 nodes, 3073 on tree, 1819 best solution, best possible 1731.2091 (414.19 seconds)
Cbc0010I After 55400 nodes, 3063 on tree, 1819 best solution, best possible 1732.2982 (414.75 seconds)
Cbc0010I After 55500 nodes, 3041 on tree, 1819 best solution, best possible 1732.977 (415.29 seconds)
Cbc0010I After 55600 nodes, 3020 on tree, 1819 best solution, best possible 1733.7478 (415.76 seconds)
Cbc0010I After 55700 nodes, 3003 on tree, 1819 best solution, best possible 1734.5833 (416.27 seconds)
Cbc0010I After 55800 nodes, 2990 on tree, 1819 best solution, best possible 1735.4611 (416.85 seconds)
Cbc0010I After 55900 nodes, 2976 on tree, 1819 best solution, best possible 1736.3544 (417.33 seconds)
Cbc0010I After 56000 nodes, 2962 on tree, 1819 best solution, best possible 1737.0031 (417.89 seconds)
Cbc0010I After 56100 nodes, 2946 on tree, 1819 best solution, best possible 1737.7762 (418.52 seconds)
Cbc0010I After 56200 nodes, 2926 on tree, 1819 best solution, best possible 1738.5 (419.21 seconds)
Cbc0010I After 56300 nodes, 2914 on tree, 1819 best solution, best possible 1739.1172 (419.74 seconds)
Cbc0010I After 56400 nodes, 2899 on tree, 1819 best solution, best possible 1739.9506 (420.24 seconds)
Cbc0010I After 56500 nodes, 2888 on tree, 1819 best solution, best possible 1740.8182 (420.73 seconds)
Cbc0010I After 56600 nodes, 2877 on tree, 1819 best solution, best possible 1741.6 (421.27 seconds)
Cbc0010I After 56700 nodes, 2859 on tree, 1819 best solution, best possible 1742.5179 (421.77 seconds)
Cbc0010I After 56800 nodes, 2834 on tree, 1819 best solution, best possible 1743.3464 (422.28 seconds)
Cbc0010I After 56900 nodes, 2818 on tree, 1819 best solution, best possible 1744.1023 (422.82 seconds)
Cbc0010I After 57000 nodes, 2803 on tree, 1819 best solution, best possible 1744.7672 (423.39 seconds)
Cbc0010I After 57100 nodes, 2786 on tree, 1819 best solution, best possible 1744.7672 (423.97 seconds)
Cbc0010I After 57200 nodes, 2755 on tree, 1819 best solution, best possible 1744.7672 (424.49 seconds)
Cbc0010I After 57300 nodes, 2747 on tree, 1819 best solution, best possible 1744.7672 (425.11 seconds)
Cbc0010I After 57400 nodes, 2721 on tree, 1819 best solution, best possible 1744.7672 (425.67 seconds)
Cbc0010I After 57500 nodes, 2691 on tree, 1819 best solution, best possible 1744.7672 (426.19 seconds)
Cbc0010I After 57600 nodes, 2661 on tree, 1819 best solution, best possible 1744.7672 (426.73 seconds)
Cbc0010I After 57700 nodes, 2646 on tree, 1819 best solution, best possible 1744.7672 (427.29 seconds)
Cbc0010I After 57800 nodes, 2626 on tree, 1819 best solution, best possible 1744.7672 (427.96 seconds)
Cbc0010I After 57900 nodes, 2586 on tree, 1819 best solution, best possible 1744.7672 (428.40 seconds)
Cbc0010I After 58000 nodes, 2564 on tree, 1819 best solution, best possible 1744.7672 (429.00 seconds)
Cbc0010I After 58100 nodes, 2548 on tree, 1819 best solution, best possible 1745.5926 (429.51 seconds)
Cbc0010I After 58200 nodes, 2536 on tree, 1819 best solution, best possible 1746.3889 (429.98 seconds)
Cbc0010I After 58300 nodes, 2524 on tree, 1819 best solution, best possible 1747.1531 (430.43 seconds)
Cbc0010I After 58400 nodes, 2509 on tree, 1819 best solution, best possible 1748.2647 (430.95 seconds)
Cbc0010I After 58500 nodes, 2490 on tree, 1819 best solution, best possible 1748.8333 (431.47 seconds)
Cbc0010I After 58600 nodes, 2472 on tree, 1819 best solution, best possible 1749.5833 (431.99 seconds)
Cbc0010I After 58700 nodes, 2455 on tree, 1819 best solution, best possible 1750.3462 (432.48 seconds)
Cbc0010I After 58800 nodes, 2439 on tree, 1819 best solution, best possible 1751.2667 (432.98 seconds)
Cbc0010I After 58900 nodes, 2418 on tree, 1819 best solution, best possible 1752.4059 (433.52 seconds)
Cbc0010I After 59000 nodes, 2400 on tree, 1819 best solution, best possible 1753.2173 (433.97 seconds)
Cbc0010I After 59100 nodes, 2380 on tree, 1819 best solution, best possible 1753.9394 (434.42 seconds)
Cbc0010I After 59200 nodes, 2362 on tree, 1819 best solution, best possible 1755.0779 (434.88 seconds)
Cbc0010I After 59300 nodes, 2340 on tree, 1819 best solution, best possible 1755.8755 (435.37 seconds)
Cbc0010I After 59400 nodes, 2325 on tree, 1819 best solution, best possible 1756.8393 (435.83 seconds)
Cbc0010I After 59500 nodes, 2308 on tree, 1819 best solution, best possible 1757.7063 (436.35 seconds)
Cbc0010I After 59600 nodes, 2292 on tree, 1819 best solution, best possible 1758.5849 (436.82 seconds)
Cbc0010I After 59700 nodes, 2276 on tree, 1819 best solution, best possible 1759.2 (437.37 seconds)
Cbc0010I After 59800 nodes, 2264 on tree, 1819 best solution, best possible 1759.8946 (437.87 seconds)
Cbc0010I After 59900 nodes, 2244 on tree, 1819 best solution, best possible 1760.5816 (438.37 seconds)
Cbc0010I After 60000 nodes, 2222 on tree, 1819 best solution, best possible 1761.2188 (438.89 seconds)
Cbc0010I After 60100 nodes, 2194 on tree, 1819 best solution, best possible 1761.9279 (439.36 seconds)
Cbc0010I After 60200 nodes, 2182 on tree, 1819 best solution, best possible 1762.914 (439.87 seconds)
Cbc0010I After 60300 nodes, 2154 on tree, 1819 best solution, best possible 1763.614 (440.38 seconds)
Cbc0010I After 60400 nodes, 2132 on tree, 1819 best solution, best possible 1764.3194 (440.90 seconds)
Cbc0010I After 60500 nodes, 2112 on tree, 1819 best solution, best possible 1765.05 (441.40 seconds)
Cbc0010I After 60600 nodes, 2097 on tree, 1819 best solution, best possible 1765.6471 (441.86 seconds)
Cbc0010I After 60700 nodes, 2075 on tree, 1819 best solution, best possible 1766.2939 (442.34 seconds)
Cbc0010I After 60800 nodes, 2058 on tree, 1819 best solution, best possible 1766.9309 (442.86 seconds)
Cbc0010I After 60900 nodes, 2035 on tree, 1819 best solution, best possible 1767.75 (443.28 seconds)
Cbc0010I After 61000 nodes, 2021 on tree, 1819 best solution, best possible 1768.5781 (443.75 seconds)
Cbc0010I After 61100 nodes, 1994 on tree, 1819 best solution, best possible 1768.5781 (444.39 seconds)
Cbc0010I After 61200 nodes, 1970 on tree, 1819 best solution, best possible 1768.5781 (445.00 seconds)
Cbc0038I Full problem 2398 rows 594 columns, reduced to 314 rows 118 columns
Cbc0010I After 61300 nodes, 1927 on tree, 1819 best solution, best possible 1768.5781 (445.47 seconds)
Cbc0010I After 61400 nodes, 1898 on tree, 1819 best solution, best possible 1768.5781 (446.08 seconds)
Cbc0010I After 61500 nodes, 1860 on tree, 1819 best solution, best possible 1768.5781 (446.52 seconds)
Cbc0010I After 61600 nodes, 1831 on tree, 1819 best solution, best possible 1768.5781 (447.02 seconds)
Cbc0010I After 61700 nodes, 1804 on tree, 1819 best solution, best possible 1768.5781 (447.55 seconds)
Cbc0010I After 61800 nodes, 1786 on tree, 1819 best solution, best possible 1768.5781 (448.04 seconds)
Cbc0010I After 61900 nodes, 1745 on tree, 1819 best solution, best possible 1768.5781 (448.45 seconds)
Cbc0010I After 62000 nodes, 1718 on tree, 1819 best solution, best possible 1768.5781 (449.03 seconds)
Cbc0010I After 62100 nodes, 1701 on tree, 1819 best solution, best possible 1769.3602 (449.52 seconds)
Cbc0010I After 62200 nodes, 1674 on tree, 1819 best solution, best possible 1770.1 (449.95 seconds)
Cbc0010I After 62300 nodes, 1656 on tree, 1819 best solution, best possible 1770.9704 (450.44 seconds)
Cbc0010I After 62400 nodes, 1638 on tree, 1819 best solution, best possible 1771.8095 (450.87 seconds)
Cbc0010I After 62500 nodes, 1610 on tree, 1819 best solution, best possible 1772.8108 (451.30 seconds)
Cbc0010I After 62600 nodes, 1594 on tree, 1819 best solution, best possible 1773.6287 (451.78 seconds)
Cbc0010I After 62700 nodes, 1575 on tree, 1819 best solution, best possible 1774.3462 (452.22 seconds)
Cbc0010I After 62800 nodes, 1545 on tree, 1819 best solution, best possible 1775.2273 (452.72 seconds)
Cbc0010I After 62900 nodes, 1522 on tree, 1819 best solution, best possible 1776.1522 (453.22 seconds)
Cbc0010I After 63000 nodes, 1504 on tree, 1819 best solution, best possible 1777.1043 (453.73 seconds)
Cbc0010I After 63100 nodes, 1476 on tree, 1819 best solution, best possible 1777.8149 (454.16 seconds)
Cbc0010I After 63200 nodes, 1449 on tree, 1819 best solution, best possible 1778.6607 (454.62 seconds)
Cbc0010I After 63300 nodes, 1434 on tree, 1819 best solution, best possible 1779.4921 (455.19 seconds)
Cbc0010I After 63400 nodes, 1419 on tree, 1819 best solution, best possible 1780.1 (455.72 seconds)
Cbc0010I After 63500 nodes, 1397 on tree, 1819 best solution, best possible 1781.0208 (456.23 seconds)
Cbc0010I After 63600 nodes, 1370 on tree, 1819 best solution, best possible 1781.8966 (456.64 seconds)
Cbc0010I After 63700 nodes, 1340 on tree, 1819 best solution, best possible 1782.6316 (457.17 seconds)
Cbc0010I After 63800 nodes, 1314 on tree, 1819 best solution, best possible 1783.375 (457.58 seconds)
Cbc0010I After 63900 nodes, 1286 on tree, 1819 best solution, best possible 1784.1346 (458.05 seconds)
Cbc0010I After 64000 nodes, 1258 on tree, 1819 best solution, best possible 1785.1113 (458.49 seconds)
Cbc0010I After 64100 nodes, 1234 on tree, 1819 best solution, best possible 1785.7187 (459.01 seconds)
Cbc0010I After 64200 nodes, 1203 on tree, 1819 best solution, best possible 1786.3333 (459.49 seconds)
Cbc0010I After 64300 nodes, 1171 on tree, 1819 best solution, best possible 1787.1 (460.01 seconds)
Cbc0010I After 64400 nodes, 1138 on tree, 1819 best solution, best possible 1787.7333 (460.50 seconds)
Cbc0010I After 64500 nodes, 1103 on tree, 1819 best solution, best possible 1788.3463 (460.97 seconds)
Cbc0010I After 64600 nodes, 1077 on tree, 1819 best solution, best possible 1789 (461.45 seconds)
Cbc0010I After 64700 nodes, 1047 on tree, 1819 best solution, best possible 1789.7273 (461.95 seconds)
Cbc0010I After 64800 nodes, 1022 on tree, 1819 best solution, best possible 1790.4684 (462.51 seconds)
Cbc0010I After 64900 nodes, 995 on tree, 1819 best solution, best possible 1791.2576 (462.93 seconds)
Cbc0010I After 65000 nodes, 967 on tree, 1819 best solution, best possible 1791.9176 (463.47 seconds)
Cbc0010I After 65100 nodes, 946 on tree, 1819 best solution, best possible 1791.9176 (464.03 seconds)
Cbc0010I After 65200 nodes, 907 on tree, 1819 best solution, best possible 1791.9176 (464.51 seconds)
Cbc0010I After 65300 nodes, 879 on tree, 1819 best solution, best possible 1791.9176 (464.99 seconds)
Cbc0010I After 65400 nodes, 845 on tree, 1819 best solution, best possible 1791.9176 (465.48 seconds)
Cbc0010I After 65500 nodes, 800 on tree, 1819 best solution, best possible 1791.9176 (465.97 seconds)
Cbc0010I After 65600 nodes, 756 on tree, 1819 best solution, best possible 1791.9176 (466.45 seconds)
Cbc0010I After 65700 nodes, 713 on tree, 1819 best solution, best possible 1791.9176 (466.89 seconds)
Cbc0010I After 65800 nodes, 675 on tree, 1819 best solution, best possible 1791.9176 (467.29 seconds)
Cbc0010I After 65900 nodes, 636 on tree, 1819 best solution, best possible 1791.9286 (467.73 seconds)
Cbc0010I After 66000 nodes, 596 on tree, 1819 best solution, best possible 1791.9286 (468.12 seconds)
Cbc0010I After 66100 nodes, 564 on tree, 1819 best solution, best possible 1792.9796 (468.60 seconds)
Cbc0010I After 66200 nodes, 533 on tree, 1819 best solution, best possible 1794.4969 (469.11 seconds)
Cbc0010I After 66300 nodes, 510 on tree, 1819 best solution, best possible 1795.7396 (469.64 seconds)
Cbc0010I After 66400 nodes, 474 on tree, 1819 best solution, best possible 1797 (470.12 seconds)
Cbc0010I After 66500 nodes, 439 on tree, 1819 best solution, best possible 1798.4118 (470.55 seconds)
Cbc0010I After 66600 nodes, 405 on tree, 1819 best solution, best possible 1800.4004 (470.93 seconds)
Cbc0010I After 66700 nodes, 369 on tree, 1819 best solution, best possible 1801.8214 (471.39 seconds)
Cbc0010I After 66800 nodes, 332 on tree, 1819 best solution, best possible 1803.9057 (471.79 seconds)
Cbc0010I After 66900 nodes, 295 on tree, 1819 best solution, best possible 1805.4 (472.19 seconds)
Cbc0010I After 67000 nodes, 248 on tree, 1819 best solution, best possible 1807.1053 (472.56 seconds)
Cbc0010I After 67100 nodes, 207 on tree, 1819 best solution, best possible 1808.6923 (472.95 seconds)
Cbc0010I After 67200 nodes, 160 on tree, 1819 best solution, best possible 1810.465 (473.26 seconds)
Cbc0010I After 67300 nodes, 114 on tree, 1819 best solution, best possible 1812.3563 (473.65 seconds)
Cbc0010I After 67400 nodes, 66 on tree, 1819 best solution, best possible 1814.6151 (473.91 seconds)
Cbc0010I After 67500 nodes, 16 on tree, 1819 best solution, best possible 1817.4167 (474.11 seconds)
Cbc0001I Search completed - best objective 1819, took 3423629 iterations and 67531 nodes (474.18 seconds)
Cbc0032I Strong branching done 166858 times (3429000 iterations), fathomed 2770 nodes and fixed 19591 variables
Cbc0035I Maximum depth 165, 981958 variables fixed on reduced cost
Cbc0038I Probing was tried 39236 times and created 178409 cuts of which 0 were active after adding rounds of cuts (22.572 seconds)
Cbc0038I Gomory was tried 12 times and created 93 cuts of which 0 were active after adding rounds of cuts (0.021 seconds)
Cbc0038I Knapsack was tried 12 times and created 0 cuts of which 0 were active after adding rounds of cuts (0.007 seconds)
Cbc0038I Clique was tried 12 times and created 0 cuts of which 0 were active after adding rounds of cuts (0.000 seconds)
Cbc0038I MixedIntegerRounding2 was tried 38721 times and created 55910 cuts of which 0 were active after adding rounds of cuts (32.018 seconds)
Cbc0038I FlowCover was tried 12 times and created 0 cuts of which 0 were active after adding rounds of cuts (0.005 seconds)
Cbc0038I TwoMirCuts was tried 38721 times and created 594 cuts of which 0 were active after adding rounds of cuts (30.008 seconds)
Cbc0038I ZeroHalf was tried 38721 times and created 253604 cuts of which 0 were active after adding rounds of cuts (54.837 seconds)
Cbc0038I Stored from first was tried 38721 times and created 12240 cuts of which 0 were active after adding rounds of cuts (0.000 seconds)
Cbc0012I Integer solution of 1819 found by Reduced search after 3429032 iterations and 67581 nodes (474.19 seconds)
Cbc0001I Search completed - best objective 1819, took 3429032 iterations and 67581 nodes (474.19 seconds)
Cbc0032I Strong branching done 854 times (17333 iterations), fathomed 1 nodes and fixed 23 variables
Cbc0035I Maximum depth 18, 1421 variables fixed on reduced cost
Cuts at root node changed objective from 537.65 to 828.118
Probing was tried 85 times and created 1746 cuts of which 0 were active after adding rounds of cuts (0.135 seconds)
Gomory was tried 11 times and created 0 cuts of which 0 were active after adding rounds of cuts (0.031 seconds)
Knapsack was tried 11 times and created 0 cuts of which 0 were active after adding rounds of cuts (0.017 seconds)
Clique was tried 11 times and created 0 cuts of which 0 were active after adding rounds of cuts (0.001 seconds)
MixedIntegerRounding2 was tried 85 times and created 149 cuts of which 0 were active after adding rounds of cuts (0.188 seconds)
FlowCover was tried 11 times and created 0 cuts of which 0 were active after adding rounds of cuts (0.012 seconds)
TwoMirCuts was tried 85 times and created 66 cuts of which 0 were active after adding rounds of cuts (0.170 seconds)
ZeroHalf was tried 85 times and created 561 cuts of which 0 were active after adding rounds of cuts (0.340 seconds)

Result - Optimal solution found

Objective value:                1819.00000000
Enumerated nodes:               67581
Total iterations:               3429032
Time (CPU seconds):             471.52
Time (Wallclock seconds):       474.22

Option for printingOptions changed from normal to all
Total time (CPU seconds):       471.56   (Wallclock seconds):       474.26

Root classes: ['50']
Status: Optimal
Solved x values:
['0.101', '31.0', '7.0', '38.1', '14.1', '21.0', '28.0', '4.101', '35.62', '11.0', '42.0', '18.0', '49.62', '25.0', '1.101', '32.0', '8.0', '39.0', '15.0', '46.0', '22.0', '5.101', '36.1', '12.0', '43.0', '19.1', '50.0', '26.0', '2.101', '33.0', '9.0', '40.0', '16.0', '47.0', '30.0', '6.101', '37.0', '13.0', '44.0', '20.0', '27.1', '3.0', '34.0', '10.0', '17.0', '48.0', '24.0']
