
Welcome to IBM(R) ILOG(R) CPLEX(R) Interactive Optimizer 22.1.1.0
  with Simplex, Mixed Integer & Barrier Optimizers
5725-A06 5725-A29 5724-Y48 5724-Y49 5724-Y54 5724-Y55 5655-Y21
Copyright IBM Corp. 1988, 2022.  All Rights Reserved.

Type 'help' for a list of available commands.
Type 'help' followed by a command name for more
information on commands.

CPLEX> Problem '/tmp/1fd3582afbcd49609fb714990a00f890-pulp.lp' read.
Read time = 0.15 sec. (22.53 ticks)
CPLEX> New value for time limit in seconds: 900
CPLEX> Version identifier: 22.1.1.0 | 2022-11-28 | 9160aff4d
CPXPARAM_TimeLimit                               900
Tried aggregator 2 times.
MIP Presolve eliminated 78922 rows and 106 columns.
MIP Presolve modified 141898 coefficients.
Aggregator did 147 substitutions.
Reduced MIP has 63028 rows, 12820 columns, and 1018871 nonzeros.
Reduced MIP has 12037 binaries, 0 generals, 0 SOSs, and 0 indicators.
Presolve time = 0.53 sec. (801.45 ticks)
Found incumbent of value 1.6559712e+07 after 0.63 sec. (957.68 ticks)
Probing time = 0.10 sec. (9.10 ticks)
Tried aggregator 1 time.
Detecting symmetries...
MIP Presolve eliminated 3414 rows and 7 columns.
MIP Presolve modified 18030 coefficients.
Reduced MIP has 59614 rows, 12813 columns, and 1010047 nonzeros.
Reduced MIP has 12037 binaries, 0 generals, 0 SOSs, and 0 indicators.
Presolve time = 2.21 sec. (4097.28 ticks)
Probing time = 0.06 sec. (8.42 ticks)
Clique table members: 1145.
MIP emphasis: balance optimality and feasibility.
MIP search method: dynamic search.
Parallel mode: deterministic, using up to 32 threads.
Root relaxation solution time = 0.33 sec. (430.07 ticks)

        Nodes                                         Cuts/
   Node  Left     Objective  IInf  Best Integer    Best Bound    ItCnt     Gap

*     0+    0                       1.65597e+07        0.0000           100.00%
*     0+    0                         8534.0000        0.0000           100.00%
      0     0      460.1745    75     8534.0000      460.1745      286   94.61%
      0     0      505.5210    83     8534.0000       Cuts: 2      372   94.08%
      0     2      505.5210    83     8534.0000      505.5210      372   94.08%
Elapsed time = 5.96 sec. (8815.92 ticks, tree = 0.02 MB, solutions = 2)
     13    13      712.2948    67     8534.0000      605.0000      948   92.91%
    121    59     3771.2254   114     8534.0000      662.1429     3285   92.24%
    304   270     3562.7247   123     8534.0000      662.1429     8815   92.24%
    558   499     4895.8613    95     8534.0000      662.1429    16819   92.24%
    787   692     5066.5025   102     8534.0000      662.1429    24187   92.24%
   1060   982     8443.3333     9     8534.0000      662.1429    35257   92.24%
   1312  1072     8518.0000     3     8534.0000      662.1429    38249   92.24%
*  1362  1069      integral     0     8518.0000      662.1429    38253   92.23%
   1529  1210     6039.9567    45     8518.0000      681.1789    44377   92.00%
   1735  1418     8108.9145    73     8518.0000      682.7774    52302   91.98%
*  1879+ 1363                         8198.0000      683.5895            91.66%
   2739  2107     7549.8063    60     8198.0000      689.5654    86169   91.59%
Elapsed time = 10.25 sec. (11925.01 ticks, tree = 96.69 MB, solutions = 6)
   3917  2735     4432.7163    80     8198.0000      689.5654   112095   91.59%
*  4185+ 2822                         7800.0000      702.4702            90.99%
   5138  3754     7247.3345    50     7800.0000      702.4702   154847   90.99%

Performing restart 1

Repeating presolve.
Tried aggregator 1 time.
MIP Presolve eliminated 4047 rows and 10 columns.
MIP Presolve modified 11456 coefficients.
Reduced MIP has 55567 rows, 12803 columns, and 999223 nonzeros.
Reduced MIP has 12037 binaries, 0 generals, 0 SOSs, and 0 indicators.
Presolve time = 0.22 sec. (326.88 ticks)
Tried aggregator 1 time.
MIP Presolve eliminated 6684 rows and 57 columns.
MIP Presolve modified 11746 coefficients.
Reduced MIP has 48883 rows, 12746 columns, and 981278 nonzeros.
Reduced MIP has 12037 binaries, 0 generals, 0 SOSs, and 0 indicators.
Presolve time = 1.97 sec. (3797.70 ticks)
Represolve time = 2.33 sec. (4263.91 ticks)
*  5522+    0                         7309.0000      702.4702            90.39%
   5522     0      598.2165    81     7309.0000       Cuts: 2   180427   90.39%
   5522     0      625.7663    86     7309.0000      Fract: 1   180476   90.39%
   5522     0      651.2387    90     7309.0000       Cuts: 2   180547   90.39%
   5522     0      764.0094   112     7309.0000       Cuts: 3   180809   89.55%
   5522     0      828.8261    94     7309.0000       Cuts: 2   181066   88.66%
   5522     0      891.4173   123     7309.0000      Fract: 1   181349   87.80%
   5522     0      909.0160   120     7309.0000      Fract: 1   181458   87.56%
   5522     0      910.1182   128     7309.0000   ZeroHalf: 1   181503   87.55%
   5522     0      919.0134   140     7309.0000   ZeroHalf: 2   181616   87.43%
   5522     0      942.0230   119     7309.0000       Cuts: 2   181827   87.11%
   5522     0      945.6189   159     7309.0000   ZeroHalf: 1   181936   87.06%
   5522     0      946.9101   114     7309.0000   ZeroHalf: 1   181991   87.04%
*  5522+    0                         6565.0000      946.9101            85.58%
   5522     0  -1.00000e+75     0     6565.0000      946.9101   181991   85.58%
   5522     2      946.9101   141     6565.0000      946.9101   181991   85.58%
   5523     3      946.9137   146     6565.0000      946.9511   181999   85.58%
   5524     3     2999.1290    84     6565.0000      946.9511   182334   85.58%
   5527     4      947.0767   166     6565.0000      947.0814   182057   85.57%
   5594    47     4369.1627    92     6565.0000      947.0934   184715   85.57%
   6048   296     5627.6493    83     6565.0000      947.9646   191429   85.56%
   6567   547      973.4480   176     6565.0000      951.9946   197989   85.50%
   7392  1056     4730.2003   115     6565.0000      951.9946   216502   85.50%
Elapsed time = 30.01 sec. (36798.56 ticks, tree = 36.08 MB, solutions = 11)
   8194  1510     6362.1597   131     6565.0000      951.9946   232554   85.50%
   9176  2237     6098.0329   121     6565.0000      951.9946   260948   85.50%
  10262  3330     4800.3616   124     6565.0000      951.9946   291112   85.50%
  11157  4006     2788.7226    73     6565.0000      974.1927   308356   85.16%
  12440  5067     5132.1554   138     6565.0000      974.1927   335512   85.16%
  13616  6336     3662.8499   144     6565.0000      974.1927   369475   85.16%
  14741  7456     3104.9400   115     6565.0000      974.1927   405605   85.16%
  15775  8346     3522.4320    87     6565.0000      974.1927   437590   85.16%
  16621  9312     2424.7291   103     6565.0000      974.1927   471502   85.16%
  17335  9761     3185.1416   186     6565.0000      974.1927   485223   85.16%
Elapsed time = 40.93 sec. (46341.77 ticks, tree = 231.67 MB, solutions = 11)
  18398 10618     4237.4664   136     6565.0000      974.1927   514166   85.16%
  19512 11931     2635.4147    87     6565.0000      974.1927   556436   85.16%
  20499 12462     4454.5876   109     6565.0000      974.1927   574855   85.16%
  21435 13729     4598.6835   127     6565.0000      974.1927   622389   85.16%
  22333 14321        cutoff           6565.0000      974.1927   644067   85.16%
  23210 15421     3505.3311   233     6565.0000      974.1927   686875   85.16%
  24213 16391     3444.8872   175     6565.0000      974.1927   720589   85.16%
  25261 17357     3114.6529    84     6565.0000     1007.2605   752934   84.66%
  26506 18546     6022.7211   195     6565.0000     1011.7594   791345   84.59%
  27533 19048     2914.4381   185     6565.0000     1011.7594   806996   84.59%
Elapsed time = 51.66 sec. (55885.18 ticks, tree = 465.26 MB, solutions = 11)
  28486 20320     6559.1381   171     6565.0000     1011.7594   850365   84.59%
  29377 21005     1268.1569    62     6565.0000     1011.7594   878181   84.59%
  30211 22178     1991.6788   108     6565.0000     1011.7594   930839   84.59%
  31136 22928     6500.7794    64     6565.0000     1011.7594   964308   84.59%
  32024 23927     3019.5604   212     6565.0000     1011.7594  1007054   84.59%
  32994 24384     3370.5066    89     6565.0000     1011.7594  1026718   84.59%
* 33442+24624                         6439.0000     1011.7594            84.29%
  33865 25246     5217.5618   121     6439.0000     1044.0301  1061254   83.79%
  34721 25669     3412.8445   127     6439.0000     1044.0301  1097421   83.79%
  35614 26343     5739.1653    97     6439.0000     1053.1764  1128943   83.64%
  36509 27404     3129.8003   197     6439.0000     1053.2489  1178407   83.64%
Elapsed time = 62.74 sec. (65430.59 ticks, tree = 547.51 MB, solutions = 12)
  37317 28009     2669.8139    96     6439.0000     1053.2489  1207663   83.64%
  38194 29123     4682.2315   132     6439.0000     1053.2489  1254433   83.64%
  39082 30254     6224.1814    64     6439.0000     1056.2068  1290265   83.60%
  39965 30469     4055.3220   241     6439.0000     1056.2068  1298361   83.60%
  41047 31707     2524.0162   247     6439.0000     1056.2068  1347654   83.60%
  42145 32209     5888.6282   113     6439.0000     1074.4264  1364345   83.31%
  43273 33939     3129.2012    66     6439.0000     1074.4264  1419426   83.31%
  44193 34934     2335.6924   242     6439.0000     1078.5995  1453428   83.25%
  45348 35369     1116.3096   342     6439.0000     1078.5995  1466477   83.25%
  46232 36033     3517.6587   139     6439.0000     1078.5995  1488917   83.25%
Elapsed time = 73.64 sec. (74978.94 ticks, tree = 634.66 MB, solutions = 12)
  46502 37783     2578.4487   133     6439.0000     1086.3507  1546891   83.13%
  46795 37938     4610.8639   190     6439.0000     1086.3507  1554080   83.13%
  47577 38148     4755.6598   371     6439.0000     1086.3507  1564254   83.13%
  48562 38988     2341.4214   104     6439.0000     1086.3507  1602893   83.13%
  49434 39652     2559.9512   134     6439.0000     1086.3507  1627516   83.13%
  50438 40525     3900.8135   187     6439.0000     1086.3507  1662668   83.13%
  51284 41526     3147.7266   125     6439.0000     1086.3507  1703243   83.13%
  52326 42127     4762.9383   122     6439.0000     1086.3507  1726360   83.13%
  53237 42705     3791.7982    93     6439.0000     1086.3507  1746891   83.13%
  54227 44157     5530.3114   220     6439.0000     1086.3507  1810355   83.13%
Elapsed time = 84.29 sec. (84534.68 ticks, tree = 722.25 MB, solutions = 12)
  55117 45090     3811.0270   336     6439.0000     1086.3507  1846193   83.13%
  55493 45502     3178.3194   318     6439.0000     1086.3507  1862506   83.13%
  55562 46824     3294.1680   137     6439.0000     1086.3507  1924531   83.13%
  56031 46867     2988.1991   300     6439.0000     1086.3507  1927677   83.13%
  56947 46916     2994.2710   117     6439.0000     1126.7591  1930358   82.50%
  57617 47184     2242.4991   243     6439.0000     1126.7591  1939368   82.50%
  58283 48584     4147.0318   263     6439.0000     1126.7591  1991877   82.50%
  58987 49080     2857.8474   115     6439.0000     1130.8650  2015475   82.44%
  59741 49567     4339.8940   209     6439.0000     1150.4997  2031500   82.13%
  60492 50494     2425.3938   299     6439.0000     1171.2956  2076335   81.81%
Elapsed time = 94.91 sec. (94088.10 ticks, tree = 785.29 MB, solutions = 12)
  61217 51591     4216.5334   234     6439.0000     1175.3096  2125352   81.75%
  61964 51964     3213.5883   230     6439.0000     1175.8220  2146687   81.74%
  62821 52947     4373.6292   265     6439.0000     1177.1596  2183724   81.72%
  63571 52990     4374.2986   292     6439.0000     1177.1596  2184868   81.72%
  63942 53618     6428.4744   216     6439.0000     1177.1596  2217220   81.72%
  64093 54848     4599.4981   122     6439.0000     1177.1596  2273493   81.72%
  64391 55034     3590.4210   121     6439.0000     1177.1596  2282565   81.72%
  64968 55060     3955.1067   147     6439.0000     1177.1596  2288040   81.72%
  65747 55481     4081.2389   322     6439.0000     1177.1596  2304413   81.72%
  66523 56217     3603.1421   181     6439.0000     1177.1596  2341702   81.72%
Elapsed time = 106.58 sec. (103660.01 ticks, tree = 1208.73 MB, solutions = 12)
  67234 56329     4392.8205   224     6439.0000     1180.0728  2343714   81.67%
  67898 57871     4919.4665   160     6439.0000     1180.0728  2401832   81.67%
  68703 57683     5879.0991   125     6439.0000     1180.0728  2394277   81.67%
  69541 58650     2598.2442   403     6439.0000     1180.7603  2436532   81.66%
  70382 59968     2618.7663   230     6439.0000     1180.7603  2489932   81.66%
  71307 60507     2904.4066   173     6439.0000     1180.7603  2511937   81.66%
  72144 61146     1216.9977   157     6439.0000     1180.7603  2536892   81.66%
  72817 62503     2464.2257   122     6439.0000     1180.7603  2594909   81.66%
  73259 62417     6300.4019   174     6439.0000     1180.7603  2589367   81.66%
  74812 64066     2757.9912   251     6439.0000     1180.7603  2663478   81.66%
Elapsed time = 120.00 sec. (116071.13 ticks, tree = 1288.97 MB, solutions = 12)
  78265 66658     4129.0230   257     6439.0000     1180.7603  2771258   81.66%
  81347 70466     1991.9332   135     6439.0000     1180.7603  2922808   81.66%
  83952 72349     3751.9746   182     6439.0000     1180.7603  2997826   81.66%
  87342 74697     4263.6476   333     6439.0000     1180.7603  3085252   81.66%
  91077 79135     3954.9608   139     6439.0000     1180.7603  3251950   81.66%
  94651 81976     3223.8230   126     6439.0000     1180.7603  3368358   81.66%
  97252 86518     3615.9548   225     6439.0000     1196.3125  3562538   81.42%
  99680 87582     2586.8961    78     6439.0000     1218.0214  3609729   81.08%
 103311 90067     3390.7940   117     6439.0000     1222.9669  3713117   81.01%
 107692 95433     2572.6662   216     6439.0000     1222.9986  3923210   81.01%
Elapsed time = 166.93 sec. (154228.84 ticks, tree = 1619.48 MB, solutions = 12)
 109516 97122     2421.6361   421     6439.0000     1222.9986  3983251   81.01%

Performing restart 2

Repeating presolve.
Tried aggregator 2 times.
MIP Presolve eliminated 6303 rows and 155 columns.
MIP Presolve modified 4 coefficients.
Aggregator did 6 substitutions.
Reduced MIP has 42574 rows, 12585 columns, and 963480 nonzeros.
Reduced MIP has 12001 binaries, 0 generals, 0 SOSs, and 0 indicators.
Presolve time = 0.31 sec. (507.28 ticks)
Tried aggregator 1 time.
MIP Presolve eliminated 8613 rows and 338 columns.
MIP Presolve modified 852 coefficients.
Reduced MIP has 33961 rows, 12247 columns, and 936392 nonzeros.
Reduced MIP has 11984 binaries, 0 generals, 0 SOSs, and 0 indicators.
Presolve time = 0.23 sec. (340.34 ticks)
Tried aggregator 1 time.
MIP Presolve eliminated 3816 rows and 145 columns.
MIP Presolve modified 56 coefficients.
Reduced MIP has 30145 rows, 12102 columns, and 919737 nonzeros.
Reduced MIP has 11963 binaries, 0 generals, 0 SOSs, and 0 indicators.
Presolve time = 1.52 sec. (3203.32 ticks)
Represolve time = 2.51 sec. (4379.16 ticks)
 109518     0      986.7902   122     6439.0000   ZeroHalf: 2  4073361   81.01%
 109518     0      992.2183   162     6439.0000   ZeroHalf: 1  4073410   81.01%
 109518     0      996.3547   117     6439.0000       Cuts: 2  4073470   81.01%
 109518     0      997.0715   146     6439.0000   ZeroHalf: 1  4073503   81.01%
 109518     0     1001.5536   137     6439.0000   ZeroHalf: 2  4073601   81.01%
 109518     0     1001.7366   143     6439.0000   ZeroHalf: 1  4073619   81.01%
 109518     0     1002.6921   139     6439.0000   ZeroHalf: 1  4073623   81.01%
 109518     0     1008.2340   124     6439.0000   ZeroHalf: 1  4073677   81.01%
 109518     0     1010.0404   153     6439.0000    MIRcuts: 1  4073700   81.01%
 109518     0     1014.6214   144     6439.0000   ZeroHalf: 2  4073803   81.01%
 109518     2     1014.6214   155     6439.0000     1222.9986  4073803   81.01%
 109529    11     3687.1612   134     6439.0000     1222.9986  4074935   81.01%
 109805   203     2616.8917   138     6439.0000     1222.9986  4087197   81.01%
 111632  1140     5957.2287   105     6439.0000     1222.9986  4133021   81.01%
 114568  2966     2697.7794   119     6439.0000     1222.9986  4193543   81.01%
 117309  5567     4862.9123    60     6439.0000     1222.9986  4255810   81.01%
 119571  7730     6173.4130    91     6439.0000     1222.9986  4314235   81.01%
 122764 10433     2125.3452   141     6439.0000     1222.9986  4398896   81.01%
 125528 13693     3444.5802   163     6439.0000     1222.9986  4502563   81.01%
Elapsed time = 206.61 sec. (200302.71 ticks, tree = 105.26 MB, solutions = 12)
 128415 16187     2886.7483   166     6439.0000     1222.9986  4587607   81.01%
 131680 19554     3869.3940   159     6439.0000     1222.9986  4705819   81.01%
 134852 22420     2677.0766   160     6439.0000     1222.9986  4816908   81.01%
 137201 24617     5450.0016    74     6439.0000     1222.9986  4911330   81.01%
 140529 26852     2842.2006    96     6439.0000     1222.9986  4997422   81.01%
 144085 30305     4237.3560   253     6439.0000     1222.9986  5110948   81.01%
 147578 33540     3147.0574   194     6439.0000     1222.9986  5235250   81.01%
 151290 36854     4748.3053   220     6439.0000     1222.9986  5359290   81.01%
 154960 40714     2778.3637   186     6439.0000     1222.9986  5505031   81.01%
 158667 44289     2532.4660   137     6439.0000     1222.9986  5641432   81.01%
Elapsed time = 244.25 sec. (238465.68 ticks, tree = 391.84 MB, solutions = 12)
 162510 47549     3238.7664   226     6439.0000     1222.9986  5772217   81.01%
 166134 51814     2908.2174   401     6439.0000     1222.9986  5926075   81.01%
 169828 54767     3364.6555    99     6439.0000     1222.9986  6042136   81.01%
 173237 58182     2679.6236   147     6439.0000     1222.9986  6162532   81.01%
 176755 61333     3035.4337   174     6439.0000     1222.9986  6259335   81.01%
 178889 64049     4646.3781   116     6439.0000     1222.9986  6358157   81.01%
 182945 66956     3178.7798   213     6439.0000     1222.9986  6467316   81.01%
 186210 70262     3919.0019   109     6439.0000     1222.9986  6586134   81.01%
 189829 74290     4106.3880   105     6439.0000     1222.9986  6733973   81.01%
 193545 76860     2793.9840   185     6439.0000     1222.9986  6842208   81.01%
Elapsed time = 279.63 sec. (276628.34 ticks, tree = 650.91 MB, solutions = 12)
 197173 80759     2519.2257   288     6439.0000     1222.9986  6998584   81.01%
 201065 84959     4153.3068   113     6439.0000     1222.9986  7167674   81.01%
 204849 88501     1973.4009   234     6439.0000     1222.9986  7308670   81.01%
 208658 89795     2018.5211   143     6439.0000     1222.9986  7356035   81.01%
*208721+90545                         6364.0000     1222.9986            80.78%
 212361 93832     4192.5382   118     6364.0000     1222.9986  7525365   80.78%
 216607 98887     4592.0373   209     6364.0000     1222.9986  7723491   80.78%
 220065 100382     3680.1571   203     6364.0000     1222.9986  7778386   80.78%
 223109 105480     3982.5418   269     6364.0000     1222.9986  7963522   80.78%
 226206 107569     4080.2800    61     6364.0000     1222.9986  8041261   80.78%
 229317 110054     1935.0174   114     6364.0000     1222.9986  8139496   80.78%
Elapsed time = 317.73 sec. (314780.75 ticks, tree = 915.65 MB, solutions = 13)
 232652 114082     4632.4882    57     6364.0000     1222.9986  8302740   80.78%
 236209 117011     2516.3322   145     6364.0000     1222.9986  8400890   80.78%
 240003 120870     4375.7879   198     6364.0000     1222.9986  8534376   80.78%
 243501 123267     2179.3973   323     6364.0000     1232.4906  8624882   80.63%
 247512 127162     5792.3805   144     6364.0000     1255.0472  8787577   80.28%
 251315 131428     4137.5363   228     6364.0000     1255.0472  8959562   80.28%
 255315 133672     2242.0812    84     6364.0000     1266.6214  9057681   80.10%
*259776+135550                         5936.0000     1266.6214            78.66%
 260006 137727     3844.2158   255     5936.0000     1266.6214  9241084   78.66%
 264899 138728     2981.9634   158     5936.0000     1266.6214  9428310   78.66%
 270144 144925     3893.3929   116     5936.0000     1274.3486  9630680   78.53%
Elapsed time = 358.57 sec. (352937.34 ticks, tree = 1199.26 MB, solutions = 14)
 275554 145949     5059.6302   273     5936.0000     1282.2656  9662451   78.40%
 281076 154402     3005.1892   168     5936.0000     1282.4882  9942815   78.39%
 285269 158292     4888.1217   271     5936.0000     1288.7300 10084684   78.29%
 287524 164323     5428.2097    78     5936.0000     1292.0916 10325277   78.23%
 289710 164952     2578.9874   180     5936.0000     1292.0916 10356042   78.23%
 294445 167446     4658.8584    90     5936.0000     1293.1007 10461554   78.22%
 299054 169687     3924.1419   217     5936.0000     1293.3280 10542380   78.21%
 303558 174819     2021.2841   104     5936.0000     1298.3796 10722322   78.13%
 307835 178893     3424.9528   121     5936.0000     1298.3796 10861272   78.13%
 309171 179984     5436.7547    75     5936.0000     1298.3796 10895376   78.13%
Elapsed time = 398.05 sec. (391106.13 ticks, tree = 2136.37 MB, solutions = 14)
Nodefile size = 86.31 MB (42.56 MB after compression)
 310244 181226     2738.1776    84     5936.0000     1298.3796 10931172   78.13%
 312223 183679     5264.6326   118     5936.0000     1298.3796 11001843   78.13%
 313909 184438     4736.3672   427     5936.0000     1298.3796 11027434   78.13%
 314420 185325     3565.5708    87     5936.0000     1299.4133 11053649   78.11%
 314873 185641     4904.1205   307     5936.0000     1299.4133 11065730   78.11%
 315333 185931     4499.3820   140     5936.0000     1299.4133 11074775   78.11%
 315895 186649     5387.3806   133     5936.0000     1299.4133 11096220   78.11%
 316749 186979     5575.6989    92     5936.0000     1299.4133 11101747   78.11%
 317659 188103     1904.5683   129     5936.0000     1299.4133 11134995   78.11%
 318279 188771     3122.5100   124     5936.0000     1299.4133 11147436   78.11%
Elapsed time = 445.35 sec. (429389.77 ticks, tree = 3455.08 MB, solutions = 14)
Nodefile size = 1404.25 MB (740.75 MB after compression)
 319380 190060     3611.1250   214     5936.0000     1299.4133 11179416   78.11%
 321056 191482     3147.4387   151     5936.0000     1299.4133 11218729   78.11%
 322409 192875     1309.2838    60     5936.0000     1299.4133 11249984   78.11%
 324014 194828     3441.4180   162     5936.0000     1299.4133 11303625   78.11%
 326553 198689     2705.8289   232     5936.0000     1301.1049 11421997   78.08%
 330661 201254     2074.7070   251     5936.0000     1301.1049 11499283   78.08%
 332278 202224     5486.1855   153     5936.0000     1301.1049 11528467   78.08%
 333724 204366     1988.8502    75     5936.0000     1301.1049 11582682   78.08%
 334947 205662     1815.7453   101     5936.0000     1301.1049 11616185   78.08%
 336842 206510     4880.3868   203     5936.0000     1301.1049 11638450   78.08%
Elapsed time = 523.07 sec. (467564.81 ticks, tree = 6074.26 MB, solutions = 14)
Nodefile size = 4000.71 MB (2245.82 MB after compression)
 339099 208384     5134.7519   140     5936.0000     1301.1049 11693830   78.08%
 341357 210130     3113.4626   185     5936.0000     1301.1049 11737036   78.08%
 344300 212638     3794.1992   120     5936.0000     1310.2583 11820669   77.93%
 348298 218840     4839.7319   309     5936.0000     1316.3674 12026811   77.82%
 352865 220526     2853.6390   116     5936.0000     1316.3674 12089213   77.82%
 356176 224000     5006.4868    95     5936.0000     1318.9548 12199266   77.78%
 358525 226680     5180.6502    66     5936.0000     1318.9548 12273666   77.78%
 360586 232020     2839.6041   252     5936.0000     1325.3789 12460587   77.67%
 362903 233333     3235.7107   161     5936.0000     1326.1937 12515590   77.66%
 367065 236355     5340.8099    50     5936.0000     1326.6214 12639372   77.65%
Elapsed time = 612.48 sec. (505727.81 ticks, tree = 9675.13 MB, solutions = 14)
Nodefile size = 7622.15 MB (4414.78 MB after compression)
 372130 237514     2918.3900   256     5936.0000     1329.6214 12680889   77.60%
 376577 244279     5627.6965   244     5936.0000     1329.8873 12943100   77.60%
 380679 247368     4501.8267   223     5936.0000     1331.9453 13063818   77.56%
 385422 251340     4985.7297   154     5936.0000     1336.2661 13217914   77.49%
 390358 255931     4481.2522   302     5936.0000     1336.2661 13380119   77.49%
 395221 259679     5603.4377    93     5936.0000     1337.9277 13518108   77.46%
 400030 265291     2402.1226   238     5936.0000     1341.9211 13723470   77.39%
 405309 269238     3624.8111    67     5936.0000     1343.2180 13873876   77.37%
 410195 274107     2266.7647   280     5936.0000     1348.3141 14046406   77.29%
 412310 280556     4357.6582   180     5936.0000     1350.9980 14298580   77.24%
Elapsed time = 657.29 sec. (543884.10 ticks, tree = 10053.46 MB, solutions = 14)
Nodefile size = 8002.23 MB (4529.61 MB after compression)
 415968 282175     2964.2655   126     5936.0000     1351.0813 14360361   77.24%
 421188 283191     3078.8661   190     5936.0000     1351.0813 14406000   77.24%
 426158 288741     2459.4278   233     5936.0000     1356.1662 14591343   77.15%
 431120 295242     2516.2127   175     5936.0000     1356.6214 14850733   77.15%
 436103 299842     4679.2326    94     5936.0000     1358.7902 15010598   77.11%
 440888 305381     2999.9168   172     5936.0000     1358.7902 15197182   77.11%
 446183 308862     2583.3832   212     5936.0000     1359.8166 15334016   77.09%
 451118 312532     2970.7907   156     5936.0000     1359.8166 15460934   77.09%
 455925 318362     4110.8825   303     5936.0000     1359.8166 15673168   77.09%
 461032 324768     3549.7495   185     5936.0000     1359.8166 15894566   77.09%
Elapsed time = 701.90 sec. (582038.88 ticks, tree = 10404.70 MB, solutions = 14)
Nodefile size = 8353.34 MB (4633.23 MB after compression)
 465774 325321     4886.5790   133     5936.0000     1359.8166 15912020   77.09%
 468406 330792     2452.2173   122     5936.0000     1370.1457 16115424   76.92%
 472054 334490     4308.3633   180     5936.0000     1370.1457 16255431   76.92%
 477635 339288     4913.8982   274     5936.0000     1374.2270 16429757   76.85%
 483715 342647     4656.5821   264     5936.0000     1378.6495 16533760   76.77%
 488364 350227     4436.4073   276     5936.0000     1380.9142 16778324   76.74%
 492679 353030     2754.9407   211     5936.0000     1386.6093 16889949   76.64%
 497498 357704     5746.5069   132     5936.0000     1387.8918 17056200   76.62%
 503109 362754     2599.4440   138     5936.0000     1388.7521 17225240   76.60%
 507987 365174     5301.1851   165     5936.0000     1390.6214 17315304   76.57%
Elapsed time = 747.91 sec. (620200.44 ticks, tree = 10737.93 MB, solutions = 14)
Nodefile size = 8686.18 MB (4730.82 MB after compression)
 512721 372929     5011.4136   117     5936.0000     1390.6214 17618405   76.57%
 517965 374244     4350.5393   199     5936.0000     1392.4080 17670008   76.54%
 523548 379574     3810.4055   231     5936.0000     1393.1946 17856807   76.53%
 526671 386400     4129.5704   103     5936.0000     1394.6214 18105649   76.51%
 529224 389703     3781.3142   193     5936.0000     1395.9548 18221185   76.48%
 533691 392911     4013.8910   100     5936.0000     1396.0080 18343622   76.48%
 538657 397239     5070.3805   248     5936.0000     1396.0080 18515863   76.48%
 543571 399611     3726.3702   108     5936.0000     1398.6214 18597401   76.44%
 547688 406843     3687.7977   150     5936.0000     1398.6214 18850850   76.44%
 552191 410255     3513.1096   170     5936.0000     1398.6214 18989801   76.44%
Elapsed time = 791.27 sec. (658364.33 ticks, tree = 11107.92 MB, solutions = 14)
Nodefile size = 9057.02 MB (4838.77 MB after compression)
 557096 413723     4377.8840   125     5936.0000     1400.0263 19135611   76.41%
 562365 415566     2427.1482   199     5936.0000     1402.0162 19205152   76.38%
 567551 423130     3606.4027   183     5936.0000     1402.0162 19483728   76.38%
 572668 425891     3750.3400    65     5936.0000     1402.6159 19578148   76.37%
Starting limited solution polishing.
 577644 431875     3568.0156   132     5936.0000     1404.1038 19785375   76.35%
 579630 436596     1872.1007   147     5936.0000     1404.1531 19972924   76.35%
 582207 436905     3498.0994   185     5936.0000     1406.7573 19980556   76.30%
 584235 441336     3138.9755   166     5936.0000     1407.3268 20150713   76.29%
 585908 443238     4062.2592   174     5936.0000     1408.8038 20229386   76.27%
 587453 444057     3292.9379   154     5936.0000     1409.1890 20259900   76.26%
Elapsed time = 832.29 sec. (696543.16 ticks, tree = 11384.73 MB, solutions = 14)
Nodefile size = 9333.64 MB (4912.08 MB after compression)
 588308 444592        cutoff           5936.0000     1409.1890 20282284   76.26%
 588879 445053     4513.1165   103     5936.0000     1409.1890 20295153   76.26%
 589256 445649     4311.0441   267     5936.0000     1409.1890 20317771   76.26%
 590460 446242     5623.4500    57     5936.0000     1409.1890 20338119   76.26%
 591453 447502     2889.9894   208     5936.0000     1409.1890 20384199   76.26%
 592787 448777     4854.2940   120     5936.0000     1409.2183 20421476   76.26%
 593813 449489     5906.4930   168     5936.0000     1409.2183 20444255   76.26%
 595088 450654     3166.2749   208     5936.0000     1409.2183 20492152   76.26%
 596485 451556     4307.0150   197     5936.0000     1409.2183 20521108   76.26%
 597410 453411     5818.0815    48     5936.0000     1409.2726 20596059   76.26%
Elapsed time = 867.59 sec. (734722.46 ticks, tree = 11459.80 MB, solutions = 14)
Nodefile size = 9408.02 MB (4930.99 MB after compression)
 598930 454562     2274.7902   309     5936.0000     1409.2726 20636572   76.26%
 601323 455792     2663.2111   280     5936.0000     1409.2726 20685221   76.26%
 603841 458311     3371.2482   149     5936.0000     1409.2726 20775027   76.26%
 607072 460960     3468.8742   162     5936.0000     1409.2726 20860908   76.26%
 609960 462343     4054.7416   228     5936.0000     1409.2726 20900982   76.26%
 613751 467599     3927.7557   161     5936.0000     1409.2726 21098241   76.26%
 617384 468008     4256.5232   165     5936.0000     1409.2726 21111953   76.26%
 621735 472351     4456.4421   256     5936.0000     1416.4059 21262411   76.14%

Cover cuts applied:  3
Flow cuts applied:  1
Mixed integer rounding cuts applied:  4
Zero-half cuts applied:  8
Gomory fractional cuts applied:  12

Root node processing (before b&c):
  Real time             =    5.55 sec. (8765.41 ticks)
Parallel b&c, 32 threads:
  Real time             =  899.25 sec. (760322.20 ticks)
  Sync time (average)   =  418.11 sec.
  Wait time (average)   =    0.19 sec.
                          ------------
Total (root+branch&cut) =  904.80 sec. (769087.60 ticks)

Solution pool: 14 solutions saved.

MIP - Time limit exceeded, integer feasible:  Objective =  5.9360000000e+03
Current MIP best bound =  1.4171098866e+03 (gap = 4518.89, 76.13%)
Solution time =  904.80 sec.  Iterations = 21574463  Nodes = 624324 (481048)
Deterministic time = 769087.64 ticks  (850.00 ticks/sec)

CPLEX> MILP problem relaxed to LP with fixed integer variables using
incumbent solution.
CPLEX> Version identifier: 22.1.1.0 | 2022-11-28 | 9160aff4d
CPXPARAM_TimeLimit                               900
Parallel mode: deterministic, using up to 32 threads for concurrent optimization:
 * Starting dual Simplex on 1 thread...
 * Starting Barrier on 30 threads...
 * Starting primal Simplex on 1 thread...
Tried aggregator 1 time.
LP Presolve eliminated 142097 rows and 13073 columns.
All rows and columns eliminated.
Presolve time = 0.05 sec. (76.39 ticks)

Dual simplex solved model.


Dual simplex - Optimal:  Objective =  5.9360000000e+03
Solution time =    0.15 sec.  Iterations = 0 (0)
Deterministic time = 151.68 ticks  (997.02 ticks/sec)

CPLEX> Solution written to file '/tmp/1fd3582afbcd49609fb714990a00f890-pulp.sol'.
CPLEX> Root classes: ['29']
Status: Optimal
Solved x values:
['0.0', '7749.0', '1382.0', '5977.0', '431.0', '5844.0', '13215.0', '38.0', '8416.0', '1547.0', '6021.0', '348.0', '1479.0', '29.0', '5070.0', '466.0', '150.57', '23.6', '5941.0', '14.0', '1210.2', '1210.3', '11.0', '1458.0', '8.0', '5994.0', '5.0', '2.0', '126.0', '58.36', '1183.0', '356.2', '20204.0', '6466.0', '28.53', '6203.0', '149.0', '146.112', '1469.0', '6510.0', '19.5', '456.0', '140.0', '391.0', '1209.0', '10.0', '7.0', '5110.4', '4.0', '1.0', '6613.0', '57.0', '1377.0', '5969.0', '42.0', '355.0', '39.0', '5836.0', '6013.0', '1474.0', '145.0', '396.0', '5874.0', '12.0', '9.0', '6.0', '3.0', '127.0']
