
Welcome to IBM(R) ILOG(R) CPLEX(R) Interactive Optimizer 22.1.1.0
  with Simplex, Mixed Integer & Barrier Optimizers
5725-A06 5725-A29 5724-Y48 5724-Y49 5724-Y54 5724-Y55 5655-Y21
Copyright IBM Corp. 1988, 2022.  All Rights Reserved.

Type 'help' for a list of available commands.
Type 'help' followed by a command name for more
information on commands.

CPLEX> Problem '/tmp/fc7b4d6ed7454936823bb07a2e16902f-pulp.lp' read.
Read time = 0.15 sec. (23.41 ticks)
CPLEX> New value for time limit in seconds: 900
CPLEX> Version identifier: 22.1.1.0 | 2022-11-28 | 9160aff4d
CPXPARAM_TimeLimit                               900
Tried aggregator 3 times.
MIP Presolve eliminated 74699 rows and 2012 columns.
MIP Presolve modified 128218 coefficients.
Aggregator did 1820 substitutions.
Reduced MIP has 55456 rows, 11557 columns, and 691253 nonzeros.
Reduced MIP has 9521 binaries, 0 generals, 0 SOSs, and 0 indicators.
Presolve time = 0.65 sec. (1016.49 ticks)
Probing time = 0.16 sec. (17.44 ticks)
Tried aggregator 3 times.
Detecting symmetries...
MIP Presolve eliminated 3436 rows and 2 columns.
MIP Presolve modified 10474 coefficients.
Aggregator did 19 substitutions.
Reduced MIP has 52001 rows, 11536 columns, and 683199 nonzeros.
Reduced MIP has 9519 binaries, 0 generals, 0 SOSs, and 0 indicators.
Presolve time = 1.64 sec. (3309.96 ticks)
Probing fixed 22 vars, tightened 0 bounds.
Probing time = 0.13 sec. (18.86 ticks)
Clique table members: 13731.
MIP emphasis: balance optimality and feasibility.
MIP search method: dynamic search.
Parallel mode: deterministic, using up to 32 threads.
Root relaxation solution time = 0.55 sec. (540.70 ticks)

        Nodes                                         Cuts/
   Node  Left     Objective  IInf  Best Integer    Best Bound    ItCnt     Gap

      0     0      443.1515   257                    443.1515      819         
      0     0      449.7789   275                    Fract: 1      946         
      0     0      457.1585   258                    Fract: 1     1045         
*     0+    0                         1953.0000      457.1585            76.59%
*     0+    0                         1942.0000      457.1585            76.46%
*     0+    0                         1831.0000      457.1585            75.03%
*     0+    0                         1820.0000      457.1585            74.88%
*     0+    0                         1809.0000      457.1585            74.73%
      0     0  -1.00000e+75     0     1809.0000      457.1585     1045   74.73%
      0     2      457.1585   258     1809.0000      457.1585     1045   74.73%
Elapsed time = 6.35 sec. (8451.77 ticks, tree = 0.02 MB, solutions = 5)
      5     5      459.2169   253     1809.0000      458.6060     1506   74.65%
     79    58     1189.1572   183     1809.0000      459.2305     4898   74.61%
*   180+   39                         1801.0000      461.4023            74.38%
    235   221     1436.3024   112     1801.0000      461.6681    14866   74.37%
    407   302     1606.1643   151     1801.0000      461.6681    22328   74.37%
    547   403     1233.8141   150     1801.0000      461.6681    31227   74.37%
    701   496     1710.8283    90     1801.0000      461.6681    41745   74.37%
    889   589     1795.7407    55     1801.0000      461.6681    50544   74.37%
   1071   608      717.5283   230     1801.0000      461.6681    53753   74.37%
   1261   815      539.6817   203     1801.0000      461.6681    76208   74.37%
   1987  1304     1782.4076    99     1801.0000      461.6681   129290   74.37%
Elapsed time = 9.97 sec. (11589.22 ticks, tree = 12.04 MB, solutions = 7)
   2809  1861     1081.4954   256     1801.0000      461.6681   181582   74.37%
   3504  2369     1762.5974   234     1801.0000      461.6681   218104   74.37%
   4357  2992      817.1199   191     1801.0000      461.6681   256594   74.37%
   5348  4036     1160.0645   338     1801.0000      463.3615   301771   74.27%
   5517  3898     1229.2491   322     1801.0000      463.6258   295660   74.26%
   5520  4116      648.7204   419     1801.0000      463.6258   304602   74.26%

Performing restart 1

Repeating presolve.
Tried aggregator 2 times.
MIP Presolve eliminated 16969 rows and 3440 columns.
MIP Presolve modified 7387 coefficients.
Aggregator did 163 substitutions.
Reduced MIP has 34869 rows, 7933 columns, and 356640 nonzeros.
Reduced MIP has 6525 binaries, 0 generals, 0 SOSs, and 0 indicators.
Presolve time = 0.34 sec. (440.11 ticks)
Tried aggregator 1 time.
MIP Presolve eliminated 1466 rows and 1 columns.
MIP Presolve modified 2708 coefficients.
Reduced MIP has 33403 rows, 7932 columns, and 353109 nonzeros.
Reduced MIP has 6525 binaries, 0 generals, 0 SOSs, and 0 indicators.
Presolve time = 0.44 sec. (812.04 ticks)
Represolve time = 0.99 sec. (1346.18 ticks)
   5521     0      463.6485   270     1801.0000      Fract: 1   326451   74.26%
   5521     0      470.8669   258     1801.0000      Fract: 1   326537   73.86%
   5521     0      476.7616   278     1801.0000      Fract: 1   326640   73.53%
*  5521+    0                         1760.0000      476.7616            72.91%
   5521     0  -1.00000e+75     0     1760.0000      476.7616   326640   72.91%
   5521     0      483.3086   281     1760.0000      Fract: 1   326728   72.54%
   5521     0      496.6781   331     1760.0000      Fract: 2   326914   71.78%
   5521     2      496.6781   317     1760.0000      496.6781   326914   71.78%
   5522     3      497.0395   312     1760.0000      496.7143   326958   71.78%
   5523     4      497.9636   323     1760.0000      496.7143   327089   71.78%
   5526     6     1092.0966   230     1760.0000      496.7143   327788   71.78%
Elapsed time = 27.68 sec. (36862.32 ticks, tree = 0.02 MB, solutions = 8)
   5536     5      928.0554   237     1760.0000      497.9961   327599   71.70%
   5582    32     1433.3188   163     1760.0000      498.3939   330651   71.68%
*  5599+   31                         1752.0000      498.3939            71.55%
   5728    56     1582.2380   118     1752.0000      503.9530   332254   71.24%
   6002   190     1641.8853   147     1752.0000      504.0997   349948   71.23%
   6435   225      877.9207   257     1752.0000      504.4551   353046   71.21%
   7115   747     1697.1972   181     1752.0000      504.7507   385523   71.19%
   7923  1130     1710.3580   170     1752.0000      504.7945   404033   71.19%
   8918  2023     1586.7485   227     1752.0000      504.7945   444821   71.19%
   9978  2682     1418.9852   365     1752.0000      504.7945   474449   71.19%
  10880  3778      983.2333   252     1752.0000      504.7945   515589   71.19%
Elapsed time = 36.26 sec. (46472.04 ticks, tree = 21.53 MB, solutions = 10)
  11764  4484     1620.0785   303     1752.0000      504.7945   547086   71.19%
  12847  5327     1367.2793   333     1752.0000      504.7945   581564   71.19%
  14140  6120     1321.1422   246     1752.0000      504.7945   614124   71.19%
  15125  7512     1240.7917   317     1752.0000      504.7945   655878   71.19%
  16050  8355      875.5270   321     1752.0000      504.7945   686864   71.19%
  17218  9200     1557.6058   251     1752.0000      504.7945   713766   71.19%
  18429 10140     1576.9243   271     1752.0000      504.7945   744863   71.19%
  19432 11715     1623.2219   230     1752.0000      504.7945   795265   71.19%
  20486 12411      609.3359   362     1752.0000      504.7945   819562   71.19%
  21463 13674     1038.0263   294     1752.0000      504.7945   859363   71.19%
Elapsed time = 44.75 sec. (56023.36 ticks, tree = 88.90 MB, solutions = 10)
  22820 14267     1086.5566   331     1752.0000      504.7945   881760   71.19%
  24176 16345     1071.6374   464     1752.0000      504.7945   959433   71.19%
  25308 17123      970.3322   257     1752.0000      514.4840   988944   70.63%
  26612 18592      890.2989   318     1752.0000      516.2328  1058098   70.53%
  27876 19357     1258.0593   198     1752.0000      516.2328  1096605   70.53%
  28872 21003     1012.4538   386     1752.0000      516.2328  1170663   70.53%
  29981 21957     1581.3927   205     1752.0000      516.2328  1217555   70.53%
  31072 23080     1058.9798   435     1752.0000      516.2328  1276477   70.53%
  31980 23548     1711.0358   109     1752.0000      516.2328  1299569   70.53%
  32904 24511     1028.0732   433     1752.0000      516.2328  1356392   70.53%
Elapsed time = 53.41 sec. (65568.65 ticks, tree = 164.48 MB, solutions = 10)
  33725 25562     1443.1051   219     1752.0000      516.2328  1414099   70.53%
  34713 26224     1385.3339   210     1752.0000      516.2328  1456690   70.53%
  35713 27568     1629.7795   250     1752.0000      516.2328  1533876   70.53%
* 36311+27583                         1741.0000      516.2328            70.35%
  36772 28268     1160.4402   375     1741.0000      516.2328  1581764   70.35%
  37902 29311     1192.9979   485     1741.0000      516.2328  1634341   70.35%
* 38724+29179                         1678.0000      516.2328            69.24%
  39065 29723     1057.9755   355     1678.0000      516.2328  1652865   69.24%
  40207 29922     1107.3881   257     1678.0000      516.2328  1737265   69.24%
  41428 29944     1053.7235   409     1678.0000      516.2328  1736718   69.24%
  42693 31223     1100.1498   375     1678.0000      516.2328  1790509   69.24%
  43853 33438     1096.0351   349     1678.0000      516.2328  1877313   69.24%
Elapsed time = 61.80 sec. (75113.73 ticks, tree = 234.66 MB, solutions = 15)
  45059 33807     1061.4574   423     1678.0000      516.2328  1896444   69.24%
  46240 35895     1416.5855   282     1678.0000      516.2328  1980688   69.24%
  47642 36403      928.4118   365     1678.0000      531.5749  2003659   68.32%
  48898 37866      851.1483   402     1678.0000      544.0659  2062525   67.58%
  50144 38972     1176.3155   251     1678.0000      544.0659  2098812   67.58%
  51479 40498     1305.2053   297     1678.0000      551.9178  2158079   67.11%
  52677 40847     1142.0039   420     1678.0000      551.9178  2170753   67.11%
  53942 43015     1422.3548   389     1678.0000      567.2373  2257449   66.20%
  55333 44023     1097.8563   287     1678.0000      568.3329  2303893   66.13%
  56529 45015     1484.0375   443     1678.0000      568.3329  2334945   66.13%
Elapsed time = 69.85 sec. (84655.54 ticks, tree = 313.23 MB, solutions = 15)
  57205 45794     1123.0561   411     1678.0000      568.3329  2368789   66.13%
* 57515+46498                         1646.0000      568.3329            65.47%
  57997 46780     1061.2084   254     1646.0000      568.3329  2412795   65.47%
  58901 47053     1584.5914   246     1646.0000      568.3329  2458202   65.47%
  59934 48004      987.6583   370     1646.0000      568.3329  2515150   65.47%
  61029 48451     1559.0897   168     1646.0000      568.3329  2542443   65.47%
  61327 48739     1127.8105   413     1646.0000      568.3329  2548750   65.47%

Performing restart 2

Repeating presolve.
Tried aggregator 3 times.
MIP Presolve eliminated 2823 rows and 564 columns.
MIP Presolve modified 563 coefficients.
Aggregator did 133 substitutions.
Reduced MIP has 30447 rows, 7235 columns, and 333204 nonzeros.
Reduced MIP has 6048 binaries, 0 generals, 0 SOSs, and 0 indicators.
Presolve time = 0.54 sec. (764.45 ticks)
Tried aggregator 1 time.
MIP Presolve eliminated 1029 rows and 27 columns.
MIP Presolve modified 1400 coefficients.
Reduced MIP has 29418 rows, 7208 columns, and 330084 nonzeros.
Reduced MIP has 6048 binaries, 0 generals, 0 SOSs, and 0 indicators.
Presolve time = 0.35 sec. (697.57 ticks)
Represolve time = 1.11 sec. (1575.22 ticks)
  61328     2      502.8073   266     1646.0000      569.5348  2639322   65.40%
  61331     5      503.3883   274     1646.0000      569.5348  2639445   65.40%
  61336     5      824.5411   255     1646.0000      569.5348  2639814   65.40%
  61355    16     1127.9847   222     1646.0000      569.5348  2641549   65.40%
Elapsed time = 80.59 sec. (98794.50 ticks, tree = 0.02 MB, solutions = 16)
  61448    55     1007.6953   217     1646.0000      569.5348  2645883   65.40%
  61547   150     1119.1808   189     1646.0000      569.5348  2655815   65.40%
  61648   225     1508.1522   137     1646.0000      569.5348  2665985   65.40%
  61775   256     1188.1783   197     1646.0000      569.5348  2670303   65.40%
  62033   304     1534.7048   192     1646.0000      569.5348  2678012   65.40%
  62448   424     1558.7231   213     1646.0000      569.5348  2693069   65.40%
  62966   633        cutoff           1646.0000      569.5348  2715110   65.40%
  63581   848        cutoff           1646.0000      569.5348  2736496   65.40%
  64213  1452      846.3433   314     1646.0000      569.5348  2794990   65.40%
  64667  2009     1472.0175   245     1646.0000      569.5348  2837159   65.40%
Elapsed time = 87.89 sec. (108361.39 ticks, tree = 8.19 MB, solutions = 16)
  65253  2190     1182.7611   226     1646.0000      569.5348  2849638   65.40%
  66004  2520      831.7590   295     1646.0000      569.5348  2871567   65.40%
  66704  3406     1322.6490   327     1646.0000      569.5348  2923774   65.40%
  67317  3774      926.7471   366     1646.0000      569.5348  2946686   65.40%
  67614  4307     1290.3386   426     1646.0000      569.5348  2978502   65.40%
  67975  4951     1015.4858   380     1646.0000      569.5348  3015087   65.40%
  68515  5304      934.4804   409     1646.0000      569.5348  3034516   65.40%
  69082  5693     1246.7588   249     1646.0000      569.5348  3052103   65.40%
  69689  6307     1327.0458   322     1646.0000      569.5348  3073199   65.40%
  72599  8699     1464.3919   297     1646.0000      569.5348  3160424   65.40%
Elapsed time = 98.42 sec. (120769.60 ticks, tree = 47.61 MB, solutions = 16)
  76377 12084     1336.1024   376     1646.0000      569.5348  3278414   65.40%
  80381 16405     1004.3915   440     1646.0000      569.5348  3471033   65.40%
  82973 18428      951.0871   380     1646.0000      569.5348  3571211   65.40%
  86211 22361     1509.4147   272     1646.0000      569.5348  3779069   65.40%
  89598 24460     1100.3176   344     1646.0000      569.5348  3907961   65.40%
  93391 28348     1470.6246   306     1646.0000      569.5348  4059914   65.40%
  97572 32072     1017.9708   334     1646.0000      572.6291  4232080   65.21%
 102079 36906     1279.3762   448     1646.0000      574.6889  4417355   65.09%
 106900 41157     1058.4106   466     1646.0000      576.8938  4579386   64.95%
 109747 45231     1465.2652   255     1646.0000      589.0967  4723548   64.21%
Elapsed time = 131.96 sec. (158926.70 ticks, tree = 459.92 MB, solutions = 16)
 114005 47664     1038.2678   369     1646.0000      589.1677  4816751   64.21%
 117829 51341     1472.7207   255     1646.0000      598.5230  4997786   63.64%
 122451 56356     1600.4650   163     1646.0000      598.5230  5232951   63.64%
 127371 59106        cutoff           1646.0000      605.5620  5341372   63.21%
 132250 65467     1202.0252   389     1646.0000      605.9425  5630762   63.19%
 136923 70300      839.6581   586     1646.0000      605.9425  5849368   63.19%
 142114 75035     1479.1008   406     1646.0000      611.2840  6055644   62.86%
 146995 79442     1141.7042   339     1646.0000      612.7340  6267491   62.77%
 151552 83723     1029.6333   465     1646.0000      613.8080  6472993   62.71%
*154245+84683                         1635.0000      616.9051            62.27%
 154555 85310     1000.5960   478     1635.0000      616.9051  6559725   62.27%
Elapsed time = 165.77 sec. (197086.58 ticks, tree = 715.98 MB, solutions = 17)
 158273 87883     1468.3918   306     1635.0000      616.9051  6687733   62.27%
 163329 93768     1448.2167   230     1635.0000      617.7372  6878157   62.22%
 168400 96970      941.2923   579     1635.0000      621.7391  6970449   61.97%
 171530 99944     1010.6513   261     1635.0000      622.2074  7045121   61.94%
 172520 100716     1212.7829   457     1635.0000      622.2074  7063786   61.94%
 173167 101470     1125.7931   411     1635.0000      622.2074  7079093   61.94%
 175111 102717     1101.4365   420     1635.0000      625.0653  7112708   61.77%
 177643 105674     1151.7902   447     1635.0000      625.0653  7188703   61.77%
 181620 109363     1122.8901   412     1635.0000      627.3861  7266414   61.63%
 182991 110748     1453.8092   380     1635.0000      627.3861  7302759   61.63%
Elapsed time = 226.59 sec. (235252.79 ticks, tree = 3759.20 MB, solutions = 17)
Nodefile size = 1697.55 MB (1016.64 MB after compression)
 185913 113157     1137.5420   344     1635.0000      627.3861  7361961   61.63%
 190094 118076     1214.3005   427     1635.0000      627.3861  7490837   61.63%
 193305 121990     1086.4555   479     1635.0000      635.0395  7596175   61.16%
 197443 125011     1101.8175   458     1635.0000      635.0395  7665320   61.16%
 201313 127496     1604.8107   332     1635.0000      640.4433  7733126   60.83%
 205700 132527     1311.2975   345     1635.0000      642.9047  7850212   60.68%
 210353 137676     1155.0286   323     1635.0000      644.1764  7975554   60.60%
 215463 142064     1612.5428   454     1635.0000      645.4371  8099727   60.52%
 220379 146236     1097.3465   451     1635.0000      645.4371  8197886   60.52%
 224361 150790     1169.5109   472     1635.0000      646.8702  8302684   60.44%
Elapsed time = 361.92 sec. (273410.28 ticks, tree = 9945.15 MB, solutions = 17)
Nodefile size = 7891.67 MB (5043.31 MB after compression)
 229718 155443     1103.2653   439     1635.0000      647.7159  8413780   60.38%
 233936 157513     1096.7188   304     1635.0000      647.9246  8474717   60.37%
 237652 163796     1190.6742   498     1635.0000      649.0996  8621094   60.30%
 242469 168088      833.7907   499     1635.0000      649.1208  8712766   60.30%
 247393 172105     1166.3948   339     1635.0000      651.2155  8807275   60.17%
 252641 177724     1195.6659   481     1635.0000      651.7980  8945367   60.13%
 257561 179931     1123.9197   506     1635.0000      652.5680  8996705   60.09%
 262384 186085      936.8432   522     1635.0000      652.8760  9133240   60.07%
 267280 191478        cutoff           1635.0000      653.3939  9256951   60.04%
 272769 195049     1118.4510   497     1635.0000      654.4315  9340525   59.97%
Elapsed time = 502.33 sec. (311562.68 ticks, tree = 16473.91 MB, solutions = 17)
Nodefile size = 14420.13 MB (9282.12 MB after compression)
 278164 200706     1148.9620   340     1635.0000      654.8844  9466656   59.95%
 281420 203729     1359.0241   249     1635.0000      655.5151  9540367   59.91%
 285537 208799     1264.0065   499     1635.0000      656.7214  9662778   59.83%
 291224 214728     1544.7225   323     1635.0000      657.3193  9802926   59.80%
 296553 217370     1556.1408   299     1635.0000      658.0794  9863046   59.75%
 301471 220774     1251.6533   370     1635.0000      658.1187  9964565   59.75%
 307039 226284     1393.3860   583     1635.0000      659.5159 10083153   59.66%
 312340 233261     1096.8437   420     1635.0000      659.7519 10239769   59.65%
 317918 240139     1156.2404   524     1635.0000      660.5034 10402715   59.60%
 323332 244018     1355.9235   296     1635.0000      661.4923 10498904   59.54%
Elapsed time = 643.18 sec. (349716.16 ticks, tree = 22837.92 MB, solutions = 17)
Nodefile size = 20755.21 MB (13400.46 MB after compression)
 327648 249809     1186.8386   371     1635.0000      661.4923 10645416   59.54%
 331054 253047     1264.6708   443     1635.0000      662.1818 10723712   59.50%
 336078 256502     1196.0181   348     1635.0000      662.4402 10797398   59.48%
 341350 258845     1293.8688   340     1635.0000      663.0475 10871337   59.45%
 346358 265272     1033.8257   555     1635.0000      663.6295 11052062   59.41%
 351613 269052     1470.7467   299     1635.0000      664.3389 11135281   59.37%
 356659 274215     1337.0633   432     1635.0000      664.4623 11261742   59.36%
 361812 281250     1457.3172   358     1635.0000      665.4699 11441902   59.30%
 366961 285581     1465.9883   352     1635.0000      665.9904 11558486   59.27%
 372278 289932     1021.6128   460     1635.0000      666.5825 11661662   59.23%
Elapsed time = 808.53 sec. (387868.73 ticks, tree = 30156.35 MB, solutions = 17)
Nodefile size = 28083.36 MB (18191.81 MB after compression)
Starting limited solution polishing.
 375950 295601     1290.2794   432     1635.0000      666.8228 11796674   59.22%
 378577 298380     1228.3521   182     1635.0000      666.9343 11873893   59.21%
 381634 301578     1102.1742   488     1635.0000      667.1601 11947132   59.20%
 384755 303965     1232.6695   441     1635.0000      667.4560 12010725   59.18%
 387439 306560     1232.6585   466     1635.0000      667.4560 12077942   59.18%
 389962 308614     1165.9609   518     1635.0000      667.5000 12129662   59.17%
 392581 311804     1417.3843   174     1635.0000      667.7037 12203036   59.16%
 394564 312530     1468.9367   513     1635.0000      667.7037 12221286   59.16%
 396635 315071     1532.4490   306     1635.0000      667.7037 12284635   59.16%
 398986 317230     1214.8588   562     1635.0000      667.7037 12353267   59.16%
Elapsed time = 897.77 sec. (426028.85 ticks, tree = 33961.57 MB, solutions = 17)
Nodefile size = 31900.04 MB (20687.17 MB after compression)
 400034 317415     1342.5357   407     1635.0000      667.7037 12355689   59.16%
 400044 313420     1021.4261   576     1635.0000      667.7037 12242270   59.16%

Gomory fractional cuts applied:  10

Root node processing (before b&c):
  Real time             =    5.92 sec. (8394.27 ticks)
Parallel b&c, 32 threads:
  Real time             =  913.04 sec. (428768.35 ticks)
  Sync time (average)   =  638.75 sec.
  Wait time (average)   =    0.20 sec.
                          ------------
Total (root+branch&cut) =  918.96 sec. (437162.62 ticks)

Solution pool: 17 solutions saved.

MIP - Time limit exceeded, integer feasible:  Objective =  1.6350000000e+03
Current MIP best bound =  6.6770365497e+02 (gap = 967.296, 59.16%)
Solution time =  918.97 sec.  Iterations = 12447421  Nodes = 400046 (321043)
Deterministic time = 437162.66 ticks  (475.71 ticks/sec)

CPLEX> MILP problem relaxed to LP with fixed integer variables using
incumbent solution.
CPLEX> Version identifier: 22.1.1.0 | 2022-11-28 | 9160aff4d
CPXPARAM_TimeLimit                               900
Parallel mode: deterministic, using up to 32 threads for concurrent optimization:
 * Starting dual Simplex on 1 thread...
 * Starting Barrier on 30 threads...
 * Starting primal Simplex on 1 thread...
Tried aggregator 1 time.
LP Presolve eliminated 131973 rows and 15387 columns.
Aggregator did 2 substitutions.
All rows and columns eliminated.
Presolve time = 0.04 sec. (81.01 ticks)

Dual simplex solved model.


Dual simplex - Optimal:  Objective =  1.6350000000e+03
Solution time =    0.16 sec.  Iterations = 0 (0)
Deterministic time = 156.53 ticks  (982.50 ticks/sec)

CPLEX> Solution written to file '/tmp/fc7b4d6ed7454936823bb07a2e16902f-pulp.sol'.
CPLEX> Root classes: ['50']
Status: Optimal
Solved x values:
['0.162', '1760.0', '1946.0', '50.0', '174.12', '47.8', '2377.0', '44.0', '168.0', '735.0', '292.0', '38.12', '35.345', '32.0', '283.0', '156.0', '156.9', '1919.0', '26.0', '150.0', '150.9', '20.0', '11.0', '8.0', '448.32', '5.162', '2.162', '1195.70', '436.0', '49.259', '46.12', '170.0', '170.38', '43.27', '1933.0', '167.0', '167.1', '40.0', '1741.0', '164.11', '37.0', '2494.0', '161.1', '161.9', '10178.0', '158.0', '158.11', '158.21', '31.15', '28.69', '19.13', '16.0', '13.0', '10.0', '7.0', '4.162', '1.162', '429.0', '364.0', '48.0', '42.63', '39.8', '36.23', '30.0', '1855.1', '24.0', '15.0', '12.0', '9.0', '6.162', '3.0']
