presolving:
(round 1, fast)       644 del vars, 8172 del conss, 0 add conss, 609 chg bounds, 8737 chg sides, 8129 chg coeffs, 0 upgd conss, 0 impls, 1740 clqs
(round 2, fast)       705 del vars, 10658 del conss, 0 add conss, 609 chg bounds, 9222 chg sides, 8614 chg coeffs, 0 upgd conss, 0 impls, 1740 clqs
(round 3, fast)       1036 del vars, 11612 del conss, 0 add conss, 609 chg bounds, 9408 chg sides, 8800 chg coeffs, 0 upgd conss, 0 impls, 1420 clqs
(round 4, fast)       1052 del vars, 11644 del conss, 0 add conss, 609 chg bounds, 9408 chg sides, 8800 chg coeffs, 0 upgd conss, 0 impls, 1412 clqs
(round 5, fast)       1068 del vars, 11676 del conss, 0 add conss, 609 chg bounds, 9408 chg sides, 8800 chg coeffs, 0 upgd conss, 0 impls, 1408 clqs
(round 6, fast)       1072 del vars, 11682 del conss, 0 add conss, 609 chg bounds, 9408 chg sides, 8800 chg coeffs, 0 upgd conss, 0 impls, 1408 clqs
(round 7, fast)       1072 del vars, 11682 del conss, 0 add conss, 672 chg bounds, 9408 chg sides, 8800 chg coeffs, 0 upgd conss, 0 impls, 1408 clqs
(round 8, fast)       1072 del vars, 13250 del conss, 0 add conss, 672 chg bounds, 10504 chg sides, 9896 chg coeffs, 0 upgd conss, 0 impls, 1408 clqs
(round 9, fast)       1072 del vars, 13250 del conss, 0 add conss, 716 chg bounds, 10504 chg sides, 9896 chg coeffs, 0 upgd conss, 0 impls, 1408 clqs
(round 10, fast)       1072 del vars, 15090 del conss, 0 add conss, 716 chg bounds, 10904 chg sides, 10296 chg coeffs, 0 upgd conss, 0 impls, 1408 clqs
(round 11, fast)       1072 del vars, 15090 del conss, 0 add conss, 732 chg bounds, 10904 chg sides, 10296 chg coeffs, 0 upgd conss, 0 impls, 1408 clqs
(round 12, fast)       1080 del vars, 16106 del conss, 0 add conss, 732 chg bounds, 10952 chg sides, 10296 chg coeffs, 0 upgd conss, 0 impls, 1408 clqs
(round 13, fast)       1164 del vars, 16941 del conss, 0 add conss, 732 chg bounds, 10988 chg sides, 10296 chg coeffs, 0 upgd conss, 0 impls, 1408 clqs
(round 14, fast)       1187 del vars, 17233 del conss, 0 add conss, 732 chg bounds, 10988 chg sides, 10296 chg coeffs, 0 upgd conss, 0 impls, 1408 clqs
(round 15, exhaustive) 1187 del vars, 17233 del conss, 0 add conss, 732 chg bounds, 10988 chg sides, 10296 chg coeffs, 2398 upgd conss, 0 impls, 1408 clqs
(round 16, exhaustive) 1202 del vars, 17233 del conss, 0 add conss, 732 chg bounds, 10988 chg sides, 10296 chg coeffs, 2398 upgd conss, 0 impls, 1408 clqs
(round 17, fast)       1202 del vars, 17233 del conss, 0 add conss, 732 chg bounds, 10988 chg sides, 10344 chg coeffs, 2398 upgd conss, 0 impls, 1456 clqs
   (0.1s) probing: 51/985 (5.2%) - 0 fixings, 0 aggregations, 0 implications, 0 bound changes
   (0.1s) probing aborted: 50/50 successive totally useless probings
   Deactivated symmetry handling methods, since SCIP was built without symmetry detector (SYM=none).
presolving (18 rounds: 18 fast, 3 medium, 3 exhaustive):
 1202 deleted vars, 17233 deleted constraints, 0 added constraints, 732 tightened bounds, 0 added holes, 10988 changed sides, 10344 changed coefficients
 0 implications, 1456 cliques
presolved problem has 985 variables (985 bin, 0 int, 0 impl, 0 cont) and 2398 constraints
   1408 constraints of type <setppc>
    990 constraints of type <logicor>
transformed objective value is always integral (scale: 1)
Presolving Time: 0.10

 time | node  | left  |LP iter|LP it/n|mem/heur|mdpt |vars |cons |rows |cuts |sepa|confs|strbr|  dualbound   | primalbound  |  gap   | compl. 
t 0.1s|     1 |     0 |     0 |     - | trivial|   0 | 985 |2398 |   0 |   0 |  0 |   0 |   0 | 0.000000e+00 | 9.275550e+05 |    Inf | unknown
p 0.1s|     1 |     0 |     0 |     - |   locks|   0 | 985 |2399 |2398 |   0 |  0 |   0 |   0 | 0.000000e+00 | 5.166260e+05 |    Inf | unknown
p 0.1s|     1 |     0 |     0 |     - | vbounds|   0 | 985 |2411 |2398 |   0 |  0 |  14 |   0 | 0.000000e+00 | 2.768240e+05 |    Inf | unknown
i 0.1s|     1 |     0 |     0 |     - |  oneopt|   0 | 985 |2422 |2398 |   0 |  0 |  26 |   0 | 0.000000e+00 | 5.492000e+03 |    Inf | unknown
  0.1s|     1 |     0 |   113 |     - |    51M |   0 | 985 |2422 |2398 |   0 |  0 |  26 |   0 | 5.376500e+02 | 5.492000e+03 | 921.48%| unknown
r 0.1s|     1 |     0 |   113 |     - |rounding|   0 | 985 |2422 |2398 |   0 |  0 |  26 |   0 | 5.376500e+02 | 4.359000e+03 | 710.75%| unknown
i 0.1s|     1 |     0 |   113 |     - |  oneopt|   0 | 985 |2422 |2398 |   0 |  0 |  26 |   0 | 5.376500e+02 | 2.071000e+03 | 285.19%| unknown
  0.3s|     1 |     0 |   209 |     - |    52M |   0 | 985 |2422 |2400 |   2 |  1 |  26 |   0 | 5.789886e+02 | 2.071000e+03 | 257.69%| unknown
  0.5s|     1 |     0 |   305 |     - |    53M |   0 | 985 |2422 |2402 |   4 |  2 |  26 |   0 | 6.115000e+02 | 2.071000e+03 | 238.68%| unknown
  0.7s|     1 |     0 |   401 |     - |    55M |   0 | 985 |2422 |2403 |   5 |  3 |  26 |   0 | 6.279329e+02 | 2.071000e+03 | 229.81%| unknown
  1.1s|     1 |     0 |   453 |     - |    56M |   0 | 985 |2422 |2405 |   7 |  4 |  26 |   0 | 6.394616e+02 | 2.071000e+03 | 223.87%| unknown
  1.5s|     1 |     0 |   527 |     - |    58M |   0 | 985 |2422 |2406 |   8 |  5 |  26 |   0 | 6.592292e+02 | 2.071000e+03 | 214.15%| unknown
  1.5s|     1 |     0 |   527 |     - |    58M |   0 | 985 |2422 |1854 |   8 |  5 |  26 |   0 | 6.592292e+02 | 2.071000e+03 | 214.15%| unknown
  1.6s|     1 |     0 |   610 |     - |    59M |   0 | 985 |2038 |1856 |  10 |  6 |  26 |   0 | 6.757801e+02 | 2.071000e+03 | 206.46%| unknown
  1.6s|     1 |     0 |   610 |     - |    59M |   0 | 985 |2038 |1672 |  10 |  6 |  26 |   0 | 6.757801e+02 | 2.071000e+03 | 206.46%| unknown
 time | node  | left  |LP iter|LP it/n|mem/heur|mdpt |vars |cons |rows |cuts |sepa|confs|strbr|  dualbound   | primalbound  |  gap   | compl. 
  1.8s|     1 |     0 |   669 |     - |    61M |   0 | 985 |1902 |1674 |  12 |  7 |  26 |   0 | 6.999691e+02 | 2.071000e+03 | 195.87%| unknown
  1.8s|     1 |     0 |   669 |     - |    61M |   0 | 985 |1902 |1298 |  12 |  7 |  26 |   0 | 6.999691e+02 | 2.071000e+03 | 195.87%| unknown
  1.9s|     1 |     0 |   704 |     - |    62M |   0 | 985 |1630 |1300 |  14 |  8 |  26 |   0 | 7.147220e+02 | 2.071000e+03 | 189.76%| unknown
  1.9s|     1 |     0 |   704 |     - |    62M |   0 | 985 |1630 |1132 |  14 |  8 |  26 |   0 | 7.147220e+02 | 2.071000e+03 | 189.76%| unknown
  2.1s|     1 |     0 |   796 |     - |    64M |   0 | 985 |1518 |1136 |  18 |  9 |  26 |   0 | 7.258353e+02 | 2.071000e+03 | 185.33%| unknown
  2.2s|     1 |     0 |   855 |     - |    65M |   0 | 985 |1502 |1138 |  20 | 10 |  26 |   0 | 7.336730e+02 | 2.071000e+03 | 182.28%| unknown
  2.2s|     1 |     0 |   887 |     - |    65M |   0 | 985 |1502 |1140 |  22 | 11 |  26 |   0 | 7.364475e+02 | 2.071000e+03 | 181.21%| unknown
  2.2s|     1 |     0 |   963 |     - |    66M |   0 | 985 |1502 |1142 |  24 | 12 |  26 |   0 | 7.504536e+02 | 2.071000e+03 | 175.97%| unknown
  2.2s|     1 |     0 |   997 |     - |    66M |   0 | 985 |1502 |1144 |  26 | 13 |  26 |   0 | 7.560825e+02 | 2.071000e+03 | 173.91%| unknown
  2.2s|     1 |     0 |  1050 |     - |    66M |   0 | 985 |1502 |1146 |  28 | 14 |  26 |   0 | 7.601268e+02 | 2.071000e+03 | 172.45%| unknown
  2.2s|     1 |     0 |  1080 |     - |    66M |   0 | 985 |1502 |1148 |  30 | 15 |  26 |   0 | 7.622541e+02 | 2.071000e+03 | 171.69%| unknown
  2.2s|     1 |     0 |  1136 |     - |    66M |   0 | 985 |1502 |1150 |  32 | 16 |  26 |   0 | 7.656636e+02 | 2.071000e+03 | 170.48%| unknown
  2.3s|     1 |     0 |  1201 |     - |    66M |   0 | 985 |1502 |1148 |  34 | 17 |  26 |   0 | 7.682661e+02 | 2.071000e+03 | 169.57%| unknown
  2.3s|     1 |     0 |  1239 |     - |    66M |   0 | 985 |1502 |1150 |  36 | 18 |  26 |   0 | 7.694441e+02 | 2.071000e+03 | 169.16%| unknown
  2.3s|     1 |     0 |  1262 |     - |    66M |   0 | 985 |1502 |1152 |  38 | 19 |  26 |   0 | 7.701170e+02 | 2.071000e+03 | 168.92%| unknown
 time | node  | left  |LP iter|LP it/n|mem/heur|mdpt |vars |cons |rows |cuts |sepa|confs|strbr|  dualbound   | primalbound  |  gap   | compl. 
  2.3s|     1 |     0 |  1285 |     - |    66M |   0 | 985 |1502 |1153 |  39 | 20 |  26 |   0 | 7.704438e+02 | 2.071000e+03 | 168.81%| unknown
  2.3s|     1 |     0 |  1408 |     - |    66M |   0 | 985 |1496 |1155 |  41 | 21 |  26 |   0 | 7.733096e+02 | 2.071000e+03 | 167.81%| unknown
L 2.6s|     1 |     0 |  3253 |     - |    rens|   0 | 985 |1497 |1155 |  41 | 23 |  29 |   0 | 7.733096e+02 | 1.945000e+03 | 151.52%| unknown
(run 1, node 1) restarting after 448 global fixings of integer variables

(restart) converted 36 cuts from the global cut pool into linear constraints

presolving:
(round 1, fast)       448 del vars, 366 del conss, 0 add conss, 0 chg bounds, 0 chg sides, 8606 chg coeffs, 0 upgd conss, 0 impls, 560 clqs
(round 2, exhaustive) 448 del vars, 366 del conss, 0 add conss, 0 chg bounds, 0 chg sides, 8606 chg coeffs, 36 upgd conss, 0 impls, 560 clqs
(round 3, exhaustive) 448 del vars, 367 del conss, 0 add conss, 0 chg bounds, 0 chg sides, 9295 chg coeffs, 36 upgd conss, 0 impls, 560 clqs
presolving (4 rounds: 4 fast, 3 medium, 3 exhaustive):
 448 deleted vars, 367 deleted constraints, 0 added constraints, 0 tightened bounds, 0 added holes, 0 changed sides, 9295 changed coefficients
 0 implications, 560 cliques
presolved problem has 537 variables (537 bin, 0 int, 0 impl, 0 cont) and 1166 constraints
      7 constraints of type <knapsack>
    512 constraints of type <setppc>
    647 constraints of type <logicor>
transformed objective value is always integral (scale: 1)
Presolving Time: 0.12
transformed 4/8 original solutions to the transformed problem space

 time | node  | left  |LP iter|LP it/n|mem/heur|mdpt |vars |cons |rows |cuts |sepa|confs|strbr|  dualbound   | primalbound  |  gap   | compl. 
  2.6s|     1 |     0 |  3449 |     - |    68M |   0 | 537 |1166 |1154 |   0 |  0 |  29 |   0 | 8.768000e+02 | 1.945000e+03 | 121.83%| unknown
  2.6s|     1 |     0 |  3449 |     - |    68M |   0 | 537 |1166 | 967 |   0 |  0 |  29 |   0 | 8.768000e+02 | 1.945000e+03 | 121.83%| unknown
  2.7s|     1 |     0 |  3610 |     - |    69M |   0 | 537 |1043 | 971 |   4 |  1 |  29 |   0 | 9.109145e+02 | 1.945000e+03 | 113.52%| unknown
  2.8s|     1 |     0 |  3632 |     - |    70M |   0 | 537 |1043 | 973 |   6 |  2 |  29 |   0 | 9.134450e+02 | 1.945000e+03 | 112.93%| unknown
  2.9s|     1 |     0 |  3668 |     - |    72M |   0 | 537 |1043 | 975 |   8 |  3 |  29 |   0 | 9.221669e+02 | 1.945000e+03 | 110.92%| unknown
  3.0s|     1 |     0 |  3771 |     - |    73M |   0 | 537 |1043 | 977 |  10 |  4 |  29 |   0 | 9.360831e+02 | 1.945000e+03 | 107.78%| unknown
  3.1s|     1 |     0 |  3817 |     - |    75M |   0 | 537 |1047 | 980 |  13 |  5 |  33 |   0 | 9.385514e+02 | 1.945000e+03 | 107.23%| unknown
  3.2s|     1 |     0 |  3854 |     - |    78M |   0 | 537 |1051 | 982 |  15 |  6 |  37 |   0 | 9.391666e+02 | 1.945000e+03 | 107.10%| unknown
  3.3s|     1 |     0 |  3946 |     - |    80M |   0 | 537 |1054 | 984 |  17 |  7 |  40 |   0 | 9.493721e+02 | 1.945000e+03 | 104.87%| unknown
  3.4s|     1 |     0 |  4001 |     - |    80M |   0 | 537 |1059 | 986 |  19 |  8 |  45 |   0 | 9.508751e+02 | 1.945000e+03 | 104.55%| unknown
  3.4s|     1 |     0 |  4061 |     - |    81M |   0 | 537 |1059 | 988 |  21 |  9 |  45 |   0 | 9.541742e+02 | 1.945000e+03 | 103.84%| unknown
  3.5s|     1 |     0 |  4121 |     - |    83M |   0 | 537 |1058 | 990 |  23 | 10 |  48 |   0 | 9.563884e+02 | 1.945000e+03 | 103.37%| unknown
  3.5s|     1 |     0 |  4174 |     - |    83M |   0 | 537 |1062 | 992 |  25 | 11 |  52 |   0 | 9.578126e+02 | 1.945000e+03 | 103.07%| unknown
  3.6s|     1 |     0 |  4304 |     - |    83M |   0 | 537 |1067 | 995 |  28 | 12 |  57 |   0 | 9.584007e+02 | 1.945000e+03 | 102.94%| unknown
  3.6s|     1 |     0 |  4425 |     - |    83M |   0 | 537 |1071 | 997 |  30 | 13 |  61 |   0 | 9.604713e+02 | 1.945000e+03 | 102.50%| unknown
 time | node  | left  |LP iter|LP it/n|mem/heur|mdpt |vars |cons |rows |cuts |sepa|confs|strbr|  dualbound   | primalbound  |  gap   | compl. 
  3.6s|     1 |     0 |  4523 |     - |    84M |   0 | 537 |1074 |1000 |  33 | 14 |  64 |   0 | 9.614684e+02 | 1.945000e+03 | 102.29%| unknown
  3.6s|     1 |     0 |  4627 |     - |    84M |   0 | 537 |1077 | 986 |  35 | 15 |  67 |   0 | 9.620119e+02 | 1.945000e+03 | 102.18%| unknown
  3.7s|     1 |     0 |  4688 |     - |    84M |   0 | 537 |1081 | 988 |  37 | 16 |  71 |   0 | 9.636811e+02 | 1.945000e+03 | 101.83%| unknown
  3.7s|     1 |     0 |  4717 |     - |    84M |   0 | 537 |1083 | 991 |  40 | 17 |  73 |   0 | 9.638724e+02 | 1.945000e+03 | 101.79%| unknown
  3.7s|     1 |     0 |  5013 |     - |    84M |   0 | 537 |1087 | 993 |  42 | 18 |  77 |   0 | 9.644699e+02 | 1.945000e+03 | 101.67%| unknown
  3.7s|     1 |     0 |  5238 |     - |    84M |   0 | 537 |1092 | 996 |  45 | 19 |  82 |   0 | 9.654079e+02 | 1.945000e+03 | 101.47%| unknown
  3.7s|     1 |     0 |  5339 |     - |    84M |   0 | 537 |1097 | 998 |  47 | 20 |  87 |   0 | 9.657619e+02 | 1.945000e+03 | 101.40%| unknown
  3.7s|     1 |     0 |  5371 |     - |    84M |   0 | 537 |1101 | 995 |  48 | 21 |  91 |   0 | 9.664159e+02 | 1.945000e+03 | 101.26%| unknown
  3.7s|     1 |     0 |  5424 |     - |    84M |   0 | 537 |1103 | 997 |  50 | 22 |  93 |   0 | 9.665738e+02 | 1.945000e+03 | 101.23%| unknown
  3.7s|     1 |     0 |  5453 |     - |    84M |   0 | 537 |1105 | 999 |  52 | 23 |  95 |   0 | 9.670649e+02 | 1.945000e+03 | 101.12%| unknown
  3.8s|     1 |     0 |  5453 |     - |    84M |   0 | 537 |1103 | 999 |  52 | 25 |  98 |   0 | 9.670649e+02 | 1.945000e+03 | 101.12%| unknown
(run 2, node 1) restarting after 116 global fixings of integer variables

(restart) converted 37 cuts from the global cut pool into linear constraints

presolving:
(round 1, fast)       116 del vars, 100 del conss, 0 add conss, 0 chg bounds, 0 chg sides, 1151 chg coeffs, 0 upgd conss, 0 impls, 400 clqs
(round 2, exhaustive) 116 del vars, 100 del conss, 0 add conss, 0 chg bounds, 0 chg sides, 1151 chg coeffs, 32 upgd conss, 0 impls, 400 clqs
(round 3, exhaustive) 116 del vars, 100 del conss, 0 add conss, 0 chg bounds, 0 chg sides, 1158 chg coeffs, 32 upgd conss, 0 impls, 400 clqs
(round 4, exhaustive) 116 del vars, 100 del conss, 0 add conss, 0 chg bounds, 0 chg sides, 1164 chg coeffs, 32 upgd conss, 0 impls, 400 clqs
(round 5, exhaustive) 116 del vars, 100 del conss, 0 add conss, 0 chg bounds, 0 chg sides, 1169 chg coeffs, 32 upgd conss, 0 impls, 400 clqs
(round 6, exhaustive) 116 del vars, 100 del conss, 0 add conss, 0 chg bounds, 0 chg sides, 1174 chg coeffs, 32 upgd conss, 0 impls, 400 clqs
(round 7, exhaustive) 116 del vars, 105 del conss, 0 add conss, 0 chg bounds, 0 chg sides, 1326 chg coeffs, 32 upgd conss, 0 impls, 400 clqs
(round 8, exhaustive) 116 del vars, 105 del conss, 0 add conss, 0 chg bounds, 0 chg sides, 1355 chg coeffs, 32 upgd conss, 0 impls, 400 clqs
presolving (9 rounds: 9 fast, 8 medium, 8 exhaustive):
 116 deleted vars, 105 deleted constraints, 0 added constraints, 0 tightened bounds, 0 added holes, 0 changed sides, 1358 changed coefficients
 0 implications, 400 cliques
presolved problem has 421 variables (421 bin, 0 int, 0 impl, 0 cont) and 1057 constraints
     33 constraints of type <knapsack>
    384 constraints of type <setppc>
      5 constraints of type <linear>
    635 constraints of type <logicor>
transformed objective value is always integral (scale: 1)
Presolving Time: 0.15
transformed 5/9 original solutions to the transformed problem space

 time | node  | left  |LP iter|LP it/n|mem/heur|mdpt |vars |cons |rows |cuts |sepa|confs|strbr|  dualbound   | primalbound  |  gap   | compl. 
  4.1s|     1 |     0 |  7039 |     - |    77M |   0 | 421 |1057 | 967 |   0 |  0 | 125 |   0 | 9.670649e+02 | 1.945000e+03 | 101.12%| unknown
  4.2s|     1 |     0 |  7075 |     - |    77M |   0 | 421 |1059 | 970 |   3 |  1 | 127 |   0 | 9.670649e+02 | 1.945000e+03 | 101.12%| unknown
  4.3s|     1 |     0 |  7140 |     - |    77M |   0 | 421 |1063 | 974 |   7 |  2 | 131 |   0 | 9.725034e+02 | 1.945000e+03 | 100.00%| unknown
  4.4s|     1 |     0 |  7291 |     - |    77M |   0 | 421 |1065 | 977 |  10 |  3 | 133 |   0 | 9.778089e+02 | 1.945000e+03 |  98.91%| unknown
  4.5s|     1 |     0 |  7399 |     - |    77M |   0 | 421 |1067 | 980 |  13 |  4 | 135 |   0 | 9.801424e+02 | 1.945000e+03 |  98.44%| unknown
  4.6s|     1 |     0 |  7487 |     - |    80M |   0 | 421 |1070 | 982 |  15 |  5 | 138 |   0 | 9.842404e+02 | 1.945000e+03 |  97.61%| unknown
  4.7s|     1 |     0 |  7750 |     - |    80M |   0 | 421 |1072 | 984 |  17 |  6 | 140 |   0 | 9.966754e+02 | 1.945000e+03 |  95.15%| unknown
  4.8s|     1 |     0 |  7847 |     - |    82M |   0 | 421 |1075 | 985 |  18 |  7 | 143 |   0 | 9.998759e+02 | 1.945000e+03 |  94.52%| unknown
  4.9s|     1 |     0 |  7984 |     - |    83M |   0 | 421 |1075 | 987 |  20 |  8 | 143 |   0 | 1.004253e+03 | 1.945000e+03 |  93.68%| unknown
  5.0s|     1 |     0 |  8179 |     - |    87M |   0 | 421 |1077 | 990 |  23 |  9 | 145 |   0 | 1.007128e+03 | 1.945000e+03 |  93.12%| unknown
  5.2s|     1 |     0 |  8329 |     - |    89M |   0 | 421 |1080 | 991 |  24 | 10 | 148 |   0 | 1.021493e+03 | 1.945000e+03 |  90.41%| unknown
  5.2s|     1 |     0 |  8407 |     - |    89M |   0 | 421 |1080 | 975 |  26 | 11 | 148 |   0 | 1.023603e+03 | 1.945000e+03 |  90.02%| unknown
  5.2s|     1 |     0 |  8438 |     - |    89M |   0 | 421 |1080 | 977 |  28 | 12 | 148 |   0 | 1.026727e+03 | 1.945000e+03 |  89.44%| unknown
  5.3s|     1 |     0 |  8521 |     - |    89M |   0 | 421 |1076 | 980 |  31 | 13 | 148 |   0 | 1.027899e+03 | 1.945000e+03 |  89.22%| unknown
  5.3s|     1 |     0 |  8683 |     - |    89M |   0 | 421 |1076 | 982 |  33 | 14 | 148 |   0 | 1.028943e+03 | 1.945000e+03 |  89.03%| unknown
 time | node  | left  |LP iter|LP it/n|mem/heur|mdpt |vars |cons |rows |cuts |sepa|confs|strbr|  dualbound   | primalbound  |  gap   | compl. 
  5.3s|     1 |     0 |  8711 |     - |    89M |   0 | 421 |1078 | 984 |  35 | 15 | 150 |   0 | 1.029502e+03 | 1.945000e+03 |  88.93%| unknown
  5.4s|     1 |     0 |  8807 |     - |    89M |   0 | 421 |1080 | 987 |  38 | 16 | 152 |   0 | 1.031767e+03 | 1.945000e+03 |  88.51%| unknown
  5.4s|     1 |     0 |  8852 |     - |    89M |   0 | 421 |1083 | 972 |  39 | 17 | 155 |   0 | 1.032628e+03 | 1.945000e+03 |  88.35%| unknown
  5.4s|     1 |     0 |  8875 |     - |    89M |   0 | 421 |1083 | 973 |  40 | 18 | 155 |   0 | 1.033606e+03 | 1.945000e+03 |  88.18%| unknown
  5.5s|     1 |     0 |  9013 |     - |    89M |   0 | 421 |1083 | 976 |  43 | 19 | 157 |   0 | 1.035308e+03 | 1.945000e+03 |  87.87%| unknown
  5.5s|     1 |     0 |  9056 |     - |    89M |   0 | 421 |1083 | 977 |  44 | 20 | 157 |   0 | 1.037351e+03 | 1.945000e+03 |  87.50%| unknown
  6.0s|     1 |     2 | 10393 |     - |    89M |   0 | 421 |1106 | 977 |  44 | 22 | 181 |  24 | 1.070368e+03 | 1.945000e+03 |  81.71%| unknown
 13.2s|   100 |    53 | 17441 | 113.7 |    97M |  23 | 421 |1720 | 949 |  97 |  1 | 879 |1011 | 1.101108e+03 | 1.945000e+03 |  76.64%| unknown
 16.0s|   200 |   102 | 24878 |  94.1 |   101M |  23 | 421 |1868 | 961 | 183 |  0 |1066 |1202 | 1.101108e+03 | 1.945000e+03 |  76.64%|   6.11%
 17.9s|   300 |   132 | 30648 |  82.0 |    99M |  33 | 421 |1960 | 958 | 246 |  0 |1218 |1348 | 1.102866e+03 | 1.945000e+03 |  76.36%|   6.23%
 19.2s|   400 |   178 | 36272 |  75.6 |   100M |  40 | 421 |2006 | 957 | 287 |  0 |1292 |1429 | 1.119944e+03 | 1.945000e+03 |  73.67%|   7.13%
 20.8s|   500 |   204 | 42179 |  72.3 |   105M |  40 | 421 |2166 | 942 | 335 |  0 |1486 |1528 | 1.125782e+03 | 1.945000e+03 |  72.77%|   7.72%
 22.2s|   600 |   230 | 48093 |  70.1 |   109M |  47 | 421 |2192 | 958 | 416 |  1 |1529 |1567 | 1.164050e+03 | 1.945000e+03 |  67.09%|   9.49%
 23.3s|   700 |   260 | 53472 |  67.8 |   110M |  47 | 421 |2194 | 961 | 467 |  1 |1577 |1613 | 1.176303e+03 | 1.945000e+03 |  65.35%|  10.02%
 24.7s|   800 |   294 | 60221 |  67.7 |   110M |  54 | 421 |2191 | 944 | 530 |  0 |1660 |1677 | 1.188968e+03 | 1.945000e+03 |  63.59%|  11.05%
 time | node  | left  |LP iter|LP it/n|mem/heur|mdpt |vars |cons |rows |cuts |sepa|confs|strbr|  dualbound   | primalbound  |  gap   | compl. 
 26.2s|   900 |   347 | 66893 |  67.6 |   110M |  54 | 421 |2075 | 961 | 627 |  1 |1711 |1704 | 1.192279e+03 | 1.945000e+03 |  63.13%|  11.71%
 26.9s|  1000 |   379 | 71225 |  65.2 |   112M |  54 | 421 |2024 | 977 | 646 |  0 |1777 |1751 | 1.200582e+03 | 1.945000e+03 |  62.00%|  12.48%
 28.3s|  1100 |   422 | 77990 |  65.4 |   112M |  54 | 421 |2037 | 960 | 701 |  1 |1855 |1813 | 1.200582e+03 | 1.945000e+03 |  62.00%|  12.54%
 28.9s|  1200 |   472 | 82988 |  64.1 |   112M |  54 | 421 |1969 | 960 | 734 |  1 |1868 |1827 | 1.208692e+03 | 1.945000e+03 |  60.92%|  12.87%
 29.6s|  1300 |   508 | 87235 |  62.5 |   112M |  54 | 421 |1957 | 945 | 765 |  1 |1957 |1871 | 1.225038e+03 | 1.945000e+03 |  58.77%|  14.85%
 30.9s|  1400 |   544 | 93292 |  62.3 |   113M |  54 | 421 |1910 | 953 | 828 |  1 |1998 |1907 | 1.258407e+03 | 1.945000e+03 |  54.56%|  16.26%
 32.4s|  1500 |   584 |100021 |  62.7 |   114M |  54 | 421 |1935 | 965 | 891 |  1 |2120 |1979 | 1.258407e+03 | 1.945000e+03 |  54.56%|  16.30%
 33.4s|  1600 |   622 |107688 |  63.5 |   116M |  54 | 421 |1930 | 983 | 953 |  4 |2187 |2017 | 1.258407e+03 | 1.945000e+03 |  54.56%|  16.71%
Restart triggered after 50 consecutive estimations that the remaining tree will be large
(run 3, node 1691) performing user restart

(restart) converted 24 cuts from the global cut pool into linear constraints

presolving:
(round 1, fast)       0 del vars, 6 del conss, 0 add conss, 0 chg bounds, 0 chg sides, 0 chg coeffs, 0 upgd conss, 0 impls, 400 clqs
(round 2, exhaustive) 0 del vars, 6 del conss, 0 add conss, 0 chg bounds, 0 chg sides, 3 chg coeffs, 19 upgd conss, 0 impls, 400 clqs
(round 3, exhaustive) 0 del vars, 41 del conss, 0 add conss, 0 chg bounds, 0 chg sides, 1686 chg coeffs, 19 upgd conss, 0 impls, 400 clqs
(round 4, fast)       0 del vars, 49 del conss, 0 add conss, 0 chg bounds, 0 chg sides, 1686 chg coeffs, 19 upgd conss, 0 impls, 400 clqs
(round 5, exhaustive) 0 del vars, 66 del conss, 0 add conss, 0 chg bounds, 0 chg sides, 1690 chg coeffs, 19 upgd conss, 0 impls, 400 clqs
presolving (6 rounds: 6 fast, 4 medium, 4 exhaustive):
 0 deleted vars, 66 deleted constraints, 0 added constraints, 0 tightened bounds, 0 added holes, 0 changed sides, 1691 changed coefficients
 0 implications, 400 cliques
presolved problem has 421 variables (421 bin, 0 int, 0 impl, 0 cont) and 1880 constraints
     44 constraints of type <knapsack>
    384 constraints of type <setppc>
     10 constraints of type <linear>
   1442 constraints of type <logicor>
transformed objective value is always integral (scale: 1)
Presolving Time: 0.18
transformed 19/23 original solutions to the transformed problem space

 time | node  | left  |LP iter|LP it/n|mem/heur|mdpt |vars |cons |rows |cuts |sepa|confs|strbr|  dualbound   | primalbound  |  gap   | compl. 
 34.2s|     1 |     0 |112126 |     - |   118M |   0 | 421 |1880 | 990 |   0 |  0 |2245 |2044 | 1.261998e+03 | 1.945000e+03 |  54.12%| unknown
 34.3s|     1 |     0 |112230 |     - |   118M |   0 | 421 |1883 | 992 |   2 |  1 |2248 |2044 | 1.261998e+03 | 1.945000e+03 |  54.12%| unknown
 34.4s|     1 |     0 |112295 |     - |   118M |   0 | 421 |1887 | 993 |   3 |  2 |2252 |2044 | 1.261998e+03 | 1.945000e+03 |  54.12%| unknown
 34.6s|     1 |     0 |112384 |     - |   118M |   0 | 421 |1889 | 995 |   5 |  3 |2254 |2044 | 1.261998e+03 | 1.945000e+03 |  54.12%| unknown
 34.7s|     1 |     0 |112450 |     - |   118M |   0 | 421 |1891 | 996 |   6 |  4 |2256 |2044 | 1.261998e+03 | 1.945000e+03 |  54.12%| unknown
 34.8s|     1 |     0 |112518 |     - |   118M |   0 | 421 |1894 | 997 |   7 |  5 |2259 |2044 | 1.261998e+03 | 1.945000e+03 |  54.12%| unknown
 34.9s|     1 |     0 |112668 |     - |   118M |   0 | 421 |1895 |1000 |  10 |  6 |2260 |2044 | 1.261998e+03 | 1.945000e+03 |  54.12%| unknown
 35.0s|     1 |     0 |112716 |     - |   119M |   0 | 421 |1898 |1001 |  11 |  7 |2263 |2044 | 1.261998e+03 | 1.945000e+03 |  54.12%| unknown
 35.1s|     1 |     0 |112800 |     - |   121M |   0 | 421 |1901 |1004 |  14 |  8 |2266 |2044 | 1.261998e+03 | 1.945000e+03 |  54.12%| unknown
 35.3s|     1 |     0 |112960 |     - |   122M |   0 | 421 |1902 |1006 |  16 |  9 |2267 |2044 | 1.261998e+03 | 1.945000e+03 |  54.12%| unknown
 35.4s|     1 |     0 |113079 |     - |   124M |   0 | 421 |1905 |1009 |  19 | 10 |2270 |2044 | 1.261998e+03 | 1.945000e+03 |  54.12%| unknown
 35.4s|     1 |     0 |113161 |     - |   124M |   0 | 421 |1905 |1012 |  22 | 11 |2270 |2044 | 1.261998e+03 | 1.945000e+03 |  54.12%| unknown
 35.5s|     1 |     0 |113227 |     - |   124M |   0 | 421 |1907 |1014 |  24 | 12 |2272 |2044 | 1.261998e+03 | 1.945000e+03 |  54.12%| unknown
 35.5s|     1 |     0 |113309 |     - |   124M |   0 | 421 |1909 |1016 |  26 | 13 |2274 |2044 | 1.261998e+03 | 1.945000e+03 |  54.12%| unknown
 35.6s|     1 |     0 |113476 |     - |   124M |   0 | 421 |1910 |1019 |  29 | 14 |2276 |2044 | 1.261998e+03 | 1.945000e+03 |  54.12%| unknown
 time | node  | left  |LP iter|LP it/n|mem/heur|mdpt |vars |cons |rows |cuts |sepa|confs|strbr|  dualbound   | primalbound  |  gap   | compl. 
 35.7s|     1 |     0 |113568 |     - |   124M |   0 | 421 |1912 | 975 |  32 | 15 |2278 |2044 | 1.261998e+03 | 1.945000e+03 |  54.12%| unknown
 35.7s|     1 |     0 |113642 |     - |   124M |   0 | 421 |1912 | 977 |  34 | 16 |2278 |2044 | 1.261998e+03 | 1.945000e+03 |  54.12%| unknown
 35.7s|     1 |     0 |113712 |     - |   124M |   0 | 421 |1913 | 979 |  36 | 17 |2280 |2044 | 1.261998e+03 | 1.945000e+03 |  54.12%| unknown
 35.8s|     1 |     0 |113837 |     - |   124M |   0 | 421 |1905 | 982 |  39 | 18 |2280 |2044 | 1.261998e+03 | 1.945000e+03 |  54.12%| unknown
 35.8s|     1 |     0 |113933 |     - |   124M |   0 | 421 |1903 | 984 |  41 | 19 |2282 |2044 | 1.261998e+03 | 1.945000e+03 |  54.12%| unknown
 35.8s|     1 |     0 |113967 |     - |   124M |   0 | 421 |1903 | 986 |  43 | 20 |2284 |2044 | 1.261998e+03 | 1.945000e+03 |  54.12%| unknown
 35.9s|     1 |     0 |114006 |     - |   124M |   0 | 421 |1902 | 977 |  46 | 21 |2285 |2044 | 1.261998e+03 | 1.945000e+03 |  54.12%| unknown
 35.9s|     1 |     0 |114032 |     - |   124M |   0 | 421 |1893 | 979 |  48 | 22 |2285 |2044 | 1.261998e+03 | 1.945000e+03 |  54.12%| unknown
 35.9s|     1 |     0 |114039 |     - |   124M |   0 | 421 |1889 | 980 |  49 | 23 |2288 |2044 | 1.261998e+03 | 1.945000e+03 |  54.12%| unknown
 36.3s|     1 |     2 |115486 |     - |   124M |   0 | 421 |1873 | 980 |  49 | 25 |2298 |2048 | 1.261998e+03 | 1.945000e+03 |  54.12%| unknown
 41.2s|   100 |    49 |124650 |  65.0 |   130M |  34 | 421 |2432 | 949 |  79 |  3 |2966 |2575 | 1.261998e+03 | 1.945000e+03 |  54.12%| unknown
 42.1s|   200 |    75 |130535 |  64.7 |   130M |  44 | 421 |2450 | 945 | 107 |  1 |3004 |2609 | 1.261998e+03 | 1.945000e+03 |  54.12%| unknown
 42.9s|   300 |   115 |135217 |  63.8 |   131M |  44 | 421 |2429 | 949 | 121 |  1 |3081 |2660 | 1.261998e+03 | 1.945000e+03 |  54.12%|   2.59%
 44.1s|   400 |   171 |141658 |  63.8 |   131M |  45 | 421 |2291 | 954 | 174 |  6 |3174 |2693 | 1.261998e+03 | 1.945000e+03 |  54.12%|   2.59%
 45.2s|   500 |   209 |147483 |  63.6 |   128M |  51 | 421 |2119 | 946 | 214 |  0 |3225 |2741 | 1.261998e+03 | 1.945000e+03 |  54.12%|   2.77%
 time | node  | left  |LP iter|LP it/n|mem/heur|mdpt |vars |cons |rows |cuts |sepa|confs|strbr|  dualbound   | primalbound  |  gap   | compl. 
 46.2s|   600 |   237 |151395 |  62.5 |   128M |  55 | 421 |1942 | 955 | 248 |  0 |3318 |2786 | 1.261998e+03 | 1.945000e+03 |  54.12%|   4.29%
 47.1s|   700 |   277 |156351 |  62.0 |   128M |  64 | 421 |1876 | 945 | 291 |  1 |3393 |2832 | 1.261998e+03 | 1.945000e+03 |  54.12%|   4.33%
 47.9s|   800 |   315 |159973 |  60.9 |   130M |  68 | 421 |1784 | 949 | 313 |  2 |3464 |2880 | 1.261998e+03 | 1.945000e+03 |  54.12%|   4.56%
 48.6s|   900 |   377 |163906 |  60.1 |   131M |  68 | 421 |1703 | 950 | 365 |  2 |3499 |2912 | 1.261998e+03 | 1.945000e+03 |  54.12%|   4.63%
 49.8s|  1000 |   411 |169192 |  59.8 |   131M |  68 | 421 |1658 | 944 | 414 |  1 |3528 |2959 | 1.261998e+03 | 1.945000e+03 |  54.12%|   5.05%
 50.4s|  1100 |   445 |172701 |  59.0 |   131M |  68 | 421 |1633 |   0 | 451 |  0 |3564 |2980 | 1.263871e+03 | 1.945000e+03 |  53.89%|   5.53%
 51.3s|  1200 |   488 |176322 |  58.2 |   131M |  68 | 421 |1595 | 958 | 478 |  2 |3612 |3021 | 1.265252e+03 | 1.945000e+03 |  53.72%|   6.23%
 51.9s|  1300 |   512 |179231 |  57.2 |   131M |  72 | 421 |1584 | 951 | 480 |  2 |3632 |3069 | 1.265252e+03 | 1.945000e+03 |  53.72%|   6.23%
 53.0s|  1400 |   530 |184473 |  57.0 |   131M |  72 | 421 |1586 | 951 | 518 |  1 |3661 |3120 | 1.267728e+03 | 1.945000e+03 |  53.42%|   6.37%
 53.6s|  1500 |   544 |188995 |  56.7 |   131M |  72 | 421 |1590 | 956 | 531 |  1 |3700 |3159 | 1.272668e+03 | 1.945000e+03 |  52.83%|   6.61%
 54.4s|  1600 |   562 |193566 |  56.3 |   132M |  72 | 421 |1590 |   0 | 560 |  0 |3740 |3206 | 1.272668e+03 | 1.945000e+03 |  52.83%|   6.62%
 54.9s|  1700 |   586 |197367 |  55.8 |   132M |  72 | 421 |1591 | 964 | 576 |  1 |3762 |3232 | 1.280283e+03 | 1.945000e+03 |  51.92%|   7.57%
 56.0s|  1800 |   616 |201902 |  55.5 |   132M |  72 | 421 |1618 | 970 | 623 |  5 |3813 |3288 | 1.285986e+03 | 1.945000e+03 |  51.25%|   8.61%
 56.9s|  1900 |   638 |205769 |  55.0 |   132M |  72 | 421 |1733 | 963 | 637 |  0 |3951 |3370 | 1.288011e+03 | 1.945000e+03 |  51.01%|   8.75%
 57.8s|  2000 |   666 |210016 |  54.7 |   132M |  72 | 421 |1773 | 962 | 667 |  0 |4045 |3415 | 1.302534e+03 | 1.945000e+03 |  49.32%|   9.59%
 time | node  | left  |LP iter|LP it/n|mem/heur|mdpt |vars |cons |rows |cuts |sepa|confs|strbr|  dualbound   | primalbound  |  gap   | compl. 
 58.4s|  2100 |   681 |213820 |  54.2 |   133M |  72 | 421 |1708 | 970 | 695 |  2 |4079 |3445 | 1.302534e+03 | 1.945000e+03 |  49.32%|   9.65%
 58.9s|  2200 |   703 |217477 |  53.8 |   133M |  72 | 421 |1600 | 973 | 709 |  0 |4103 |3456 | 1.319130e+03 | 1.945000e+03 |  47.45%|  14.98%
 60.4s|  2300 |   715 |223498 |  54.0 |   135M |  78 | 421 |1680 | 965 | 763 |  0 |4235 |3554 | 1.319130e+03 | 1.945000e+03 |  47.45%|  15.00%
 61.5s|  2400 |   729 |229114 |  54.0 |   135M |  78 | 421 |1660 | 965 | 818 |  0 |4286 |3599 | 1.331429e+03 | 1.945000e+03 |  46.08%|  16.43%
 62.2s|  2500 |   751 |233366 |  53.7 |   135M |  78 | 421 |1630 | 942 | 867 |  1 |4318 |3622 | 1.339274e+03 | 1.945000e+03 |  45.23%|  17.33%
 63.5s|  2600 |   769 |239518 |  53.9 |   135M |  78 | 421 |1668 | 946 | 908 | 10 |4446 |3714 | 1.353279e+03 | 1.945000e+03 |  43.72%|  19.35%
 64.3s|  2700 |   790 |243550 |  53.6 |   135M |  78 | 421 |1624 | 975 | 947 |  1 |4510 |3743 | 1.357585e+03 | 1.945000e+03 |  43.27%|  21.55%
 65.3s|  2800 |   802 |249072 |  53.6 |   137M |  78 | 421 |1648 | 976 | 994 |  0 |4563 |3781 | 1.361085e+03 | 1.945000e+03 |  42.90%|  22.14%
 66.3s|  2900 |   814 |254598 |  53.7 |   137M |  78 | 421 |1650 | 958 |1022 |  1 |4600 |3851 | 1.361085e+03 | 1.945000e+03 |  42.90%|  22.14%
 67.1s|  3000 |   840 |259484 |  53.6 |   137M |  78 | 421 |1621 | 940 |1066 |  1 |4625 |3875 | 1.368524e+03 | 1.945000e+03 |  42.12%|  22.57%
 67.8s|  3100 |   858 |262805 |  53.2 |   137M |  78 | 421 |1623 | 953 |1077 |  1 |4666 |3908 | 1.368524e+03 | 1.945000e+03 |  42.12%|  22.90%
 68.4s|  3200 |   888 |266258 |  52.8 |   137M |  78 | 421 |1637 | 969 |1099 |  2 |4731 |3946 | 1.368674e+03 | 1.945000e+03 |  42.11%|  22.91%
 69.4s|  3300 |   894 |270708 |  52.6 |   138M |  78 | 421 |1696 | 972 |1124 |  1 |4833 |4014 | 1.368674e+03 | 1.945000e+03 |  42.11%|  22.98%
 70.4s|  3400 |   898 |275366 |  52.5 |   138M |  78 | 421 |1755 | 991 |1140 |  2 |4899 |4096 | 1.368674e+03 | 1.945000e+03 |  42.11%|  22.98%
 71.0s|  3500 |   926 |279736 |  52.3 |   138M |  78 | 421 |1736 | 959 |1194 |  3 |4918 |4108 | 1.368674e+03 | 1.945000e+03 |  42.11%|  22.98%
 time | node  | left  |LP iter|LP it/n|mem/heur|mdpt |vars |cons |rows |cuts |sepa|confs|strbr|  dualbound   | primalbound  |  gap   | compl. 
 72.3s|  3600 |   938 |285177 |  52.4 |   138M |  78 | 421 |1850 | 973 |1249 |  0 |5082 |4182 | 1.368674e+03 | 1.945000e+03 |  42.11%|  22.99%
 72.9s|  3700 |   948 |289410 |  52.2 |   138M |  78 | 421 |1832 | 972 |1262 |  2 |5114 |4224 | 1.368743e+03 | 1.945000e+03 |  42.10%|  23.39%
 73.3s|  3800 |   962 |293143 |  51.9 |   139M |  78 | 421 |1729 | 962 |1283 |  1 |5133 |4243 | 1.377376e+03 | 1.945000e+03 |  41.21%|  24.26%
 73.9s|  3900 |   976 |296295 |  51.5 |   139M |  78 | 421 |1727 | 964 |1292 |  0 |5177 |4283 | 1.377376e+03 | 1.945000e+03 |  41.21%|  24.26%
 74.5s|  4000 |  1006 |301112 |  51.5 |   140M |  78 | 421 |1760 | 965 |1326 |  1 |5254 |4304 | 1.387066e+03 | 1.945000e+03 |  40.22%|  24.86%
 75.3s|  4100 |  1024 |305928 |  51.4 |   140M |  78 | 421 |1725 | 961 |1376 |  1 |5272 |4334 | 1.387066e+03 | 1.945000e+03 |  40.22%|  25.15%
 76.5s|  4200 |  1036 |311667 |  51.5 |   140M |  78 | 421 |1727 | 979 |1443 |  1 |5333 |4362 | 1.387066e+03 | 1.945000e+03 |  40.22%|  25.18%
 77.3s|  4300 |  1046 |314834 |  51.2 |   140M |  78 | 421 |1813 |   0 |1462 |  0 |5472 |4423 | 1.387066e+03 | 1.945000e+03 |  40.22%|  25.18%
 78.2s|  4400 |  1060 |320070 |  51.2 |   140M |  78 | 421 |1797 | 965 |1505 |  2 |5499 |4459 | 1.387066e+03 | 1.945000e+03 |  40.22%|  25.65%
 78.6s|  4500 |  1070 |323948 |  51.0 |   140M |  78 | 421 |1761 | 956 |1511 |  1 |5516 |4471 | 1.398874e+03 | 1.945000e+03 |  39.04%|  26.21%
 79.4s|  4600 |  1076 |328267 |  50.9 |   140M |  78 | 421 |1872 | 950 |1537 |  0 |5681 |4546 | 1.398874e+03 | 1.945000e+03 |  39.04%|  26.23%
 80.2s|  4700 |  1083 |332774 |  50.8 |   140M |  78 | 421 |1909 | 989 |1579 |  1 |5778 |4573 | 1.402847e+03 | 1.945000e+03 |  38.65%|  26.57%
 81.2s|  4800 |  1097 |337940 |  50.8 |   140M |  78 | 421 |1959 | 959 |1598 |  2 |5860 |4633 | 1.402847e+03 | 1.945000e+03 |  38.65%|  26.57%
 82.2s|  4900 |  1099 |341681 |  50.6 |   141M |  78 | 421 |2005 | 950 |1620 |  0 |5989 |4715 | 1.403092e+03 | 1.945000e+03 |  38.62%|  26.58%
 82.5s|  5000 |  1116 |344798 |  50.3 |   141M |  78 | 421 |1918 | 962 |1626 |  1 |6015 |4727 | 1.403142e+03 | 1.945000e+03 |  38.62%|  26.66%
 time | node  | left  |LP iter|LP it/n|mem/heur|mdpt |vars |cons |rows |cuts |sepa|confs|strbr|  dualbound   | primalbound  |  gap   | compl. 
 83.1s|  5100 |  1122 |348203 |  50.1 |   141M |  78 | 421 |1873 | 957 |1644 |  1 |6055 |4762 | 1.405406e+03 | 1.945000e+03 |  38.39%|  27.96%
 83.5s|  5200 |  1130 |351970 |  49.9 |   142M |  78 | 421 |1841 | 955 |1653 |  2 |6072 |4778 | 1.405618e+03 | 1.945000e+03 |  38.37%|  27.99%
 84.2s|  5300 |  1142 |355711 |  49.7 |   142M |  78 | 421 |1833 | 945 |1680 |  2 |6124 |4813 | 1.405618e+03 | 1.945000e+03 |  38.37%|  28.01%
 85.0s|  5400 |  1149 |360369 |  49.7 |   142M |  78 | 421 |1915 | 952 |1693 |  1 |6249 |4885 | 1.406002e+03 | 1.945000e+03 |  38.34%|  28.96%
 86.1s|  5500 |  1157 |366043 |  49.8 |   142M |  78 | 421 |1910 | 994 |1738 |  0 |6302 |4943 | 1.431068e+03 | 1.945000e+03 |  35.91%|  30.48%
 87.3s|  5600 |  1167 |371300 |  49.8 |   142M |  78 | 421 |1901 | 970 |1775 |  1 |6352 |5019 | 1.432249e+03 | 1.945000e+03 |  35.80%|  30.68%
 88.1s|  5700 |  1172 |376072 |  49.8 |   142M |  78 | 421 |1875 | 944 |1822 |  0 |6417 |5042 | 1.439897e+03 | 1.945000e+03 |  35.08%|  32.02%
 88.9s|  5800 |  1186 |381249 |  49.8 |   142M |  78 | 421 |1868 | 977 |1836 |  1 |6453 |5100 | 1.439897e+03 | 1.945000e+03 |  35.08%|  32.02%
 89.9s|  5900 |  1202 |386233 |  49.8 |   142M |  78 | 421 |1829 | 969 |1880 |  4 |6494 |5138 | 1.439897e+03 | 1.945000e+03 |  35.08%|  32.02%
 90.6s|  6000 |  1210 |389776 |  49.6 |   142M |  78 | 421 |1836 | 978 |1916 |  0 |6549 |5181 | 1.439897e+03 | 1.945000e+03 |  35.08%|  32.08%
 91.5s|  6100 |  1226 |394095 |  49.5 |   142M |  78 | 421 |1852 | 972 |1963 |  1 |6609 |5209 | 1.439897e+03 | 1.945000e+03 |  35.08%|  32.08%
 92.6s|  6200 |  1235 |399285 |  49.6 |   143M |  78 | 421 |1860 | 969 |2015 |  1 |6661 |5265 | 1.439922e+03 | 1.945000e+03 |  35.08%|  32.22%
 93.5s|  6300 |  1251 |404337 |  49.6 |   143M |  78 | 421 |1854 | 954 |2056 |  1 |6693 |5306 | 1.444017e+03 | 1.945000e+03 |  34.69%|  32.41%
 94.1s|  6400 |  1265 |407632 |  49.4 |   143M |  86 | 421 |1843 | 987 |2081 |  0 |6736 |5337 | 1.444017e+03 | 1.945000e+03 |  34.69%|  32.41%
 94.5s|  6500 |  1277 |410786 |  49.2 |   143M |  86 | 421 |1850 |   0 |2097 |  0 |6798 |5367 | 1.450124e+03 | 1.945000e+03 |  34.13%|  32.70%
 time | node  | left  |LP iter|LP it/n|mem/heur|mdpt |vars |cons |rows |cuts |sepa|confs|strbr|  dualbound   | primalbound  |  gap   | compl. 
 95.8s|  6600 |  1285 |416514 |  49.3 |   143M |  86 | 421 |1871 | 952 |2170 |  0 |6873 |5422 | 1.450254e+03 | 1.945000e+03 |  34.11%|  33.00%
 96.1s|  6700 |  1292 |418228 |  48.9 |   143M |  86 | 421 |1934 | 942 |2171 |  0 |6963 |5444 | 1.450254e+03 | 1.945000e+03 |  34.11%|  33.00%
 96.5s|  6800 |  1314 |420495 |  48.6 |   145M |  86 | 421 |1928 | 963 |2183 |  1 |7012 |5456 | 1.450254e+03 | 1.945000e+03 |  34.11%|  33.00%
 97.1s|  6900 |  1328 |424773 |  48.5 |   145M |  86 | 421 |1937 | 966 |2215 |  1 |7037 |5475 | 1.450254e+03 | 1.945000e+03 |  34.11%|  33.00%
 98.0s|  7000 |  1339 |429251 |  48.5 |   145M |  86 | 421 |1978 | 958 |2255 |  0 |7131 |5540 | 1.452342e+03 | 1.945000e+03 |  33.92%|  33.10%
 98.7s|  7100 |  1343 |433958 |  48.4 |   145M |  86 | 421 |1979 | 962 |2286 |  0 |7157 |5570 | 1.452342e+03 | 1.945000e+03 |  33.92%|  33.12%
 99.4s|  7200 |  1362 |437815 |  48.3 |   145M |  86 | 421 |2001 | 983 |2311 |  1 |7232 |5616 | 1.455853e+03 | 1.945000e+03 |  33.60%|  33.75%
  100s|  7300 |  1374 |441428 |  48.2 |   145M |  86 | 421 |2052 | 983 |2321 |  3 |7299 |5698 | 1.455853e+03 | 1.945000e+03 |  33.60%|  33.75%
  101s|  7400 |  1384 |446373 |  48.2 |   145M |  86 | 421 |2052 | 999 |2356 |  0 |7331 |5757 | 1.458203e+03 | 1.945000e+03 |  33.38%|  34.44%
  102s|  7500 |  1388 |449620 |  48.0 |   146M |  86 | 421 |2023 | 969 |2370 |  3 |7391 |5780 | 1.467134e+03 | 1.945000e+03 |  32.57%|  35.24%
  103s|  7600 |  1401 |456417 |  48.2 |   146M |  86 | 421 |1994 | 959 |2417 |  0 |7429 |5822 | 1.468110e+03 | 1.945000e+03 |  32.48%|  35.70%
  103s|  7700 |  1405 |459460 |  48.1 |   146M |  86 | 421 |1964 | 963 |2429 |  1 |7461 |5844 | 1.468853e+03 | 1.945000e+03 |  32.42%|  35.73%
  104s|  7800 |  1411 |465436 |  48.2 |   146M |  86 | 421 |1903 |1002 |2461 |  1 |7486 |5866 | 1.468853e+03 | 1.945000e+03 |  32.42%|  35.74%
  105s|  7900 |  1425 |470283 |  48.2 |   146M |  86 | 421 |1879 | 958 |2490 |  0 |7511 |5904 | 1.468853e+03 | 1.945000e+03 |  32.42%|  35.77%
  105s|  8000 |  1429 |474420 |  48.1 |   146M |  86 | 421 |1861 | 983 |2522 |  1 |7517 |5918 | 1.468853e+03 | 1.945000e+03 |  32.42%|  35.78%
 time | node  | left  |LP iter|LP it/n|mem/heur|mdpt |vars |cons |rows |cuts |sepa|confs|strbr|  dualbound   | primalbound  |  gap   | compl. 
  106s|  8100 |  1436 |476908 |  47.9 |   146M |  86 | 421 |1873 | 987 |2550 |  0 |7557 |5933 | 1.468853e+03 | 1.945000e+03 |  32.42%|  35.78%
  106s|  8200 |  1445 |480402 |  47.7 |   146M |  86 | 421 |1901 |1006 |2573 |  2 |7616 |5970 | 1.469940e+03 | 1.945000e+03 |  32.32%|  35.83%
  107s|  8300 |  1453 |485584 |  47.8 |   146M |  86 | 421 |1924 | 963 |2622 |  0 |7683 |6011 | 1.469940e+03 | 1.945000e+03 |  32.32%|  35.97%
  108s|  8400 |  1461 |490771 |  47.8 |   146M |  86 | 421 |1918 | 979 |2650 |  1 |7710 |6038 | 1.470436e+03 | 1.945000e+03 |  32.27%|  36.00%
  109s|  8500 |  1467 |495259 |  47.8 |   146M |  86 | 421 |1938 | 963 |2678 |  1 |7766 |6080 | 1.472482e+03 | 1.945000e+03 |  32.09%|  36.09%
  109s|  8600 |  1474 |499158 |  47.7 |   146M |  86 | 421 |1911 | 949 |2698 |  1 |7841 |6098 | 1.472482e+03 | 1.945000e+03 |  32.09%|  36.11%
  110s|  8700 |  1486 |503723 |  47.7 |   146M |  86 | 421 |1898 | 965 |2728 |  1 |7874 |6123 | 1.472482e+03 | 1.945000e+03 |  32.09%|  36.11%
  110s|  8800 |  1490 |507839 |  47.6 |   147M |  86 | 421 |1853 | 955 |2759 |  0 |7903 |6145 | 1.472482e+03 | 1.945000e+03 |  32.09%|  36.11%
  111s|  8900 |  1502 |511122 |  47.5 |   147M |  86 | 421 |1889 | 959 |2771 |  1 |7985 |6187 | 1.476114e+03 | 1.945000e+03 |  31.76%|  36.28%
  112s|  9000 |  1510 |515543 |  47.5 |   147M |  86 | 421 |1893 | 954 |2802 |  9 |8009 |6214 | 1.476114e+03 | 1.945000e+03 |  31.76%|  36.28%
  112s|  9100 |  1514 |519879 |  47.4 |   147M |  86 | 421 |1875 | 961 |2821 |  0 |8015 |6222 | 1.476884e+03 | 1.945000e+03 |  31.70%|  36.43%
  112s|  9200 |  1519 |522749 |  47.2 |   147M |  86 | 421 |1885 | 956 |2825 |  0 |8062 |6232 | 1.476884e+03 | 1.945000e+03 |  31.70%|  36.43%
* 113s|  9265 |  1236 |524453 |  47.1 |strongbr|  86 | 421 |1937 | 946 |2832 |  2 |8137 |6261 | 1.476884e+03 | 1.882000e+03 |  27.43%|  36.52%
  113s|  9300 |  1235 |525718 |  47.1 |   147M |  86 | 421 |1927 | 982 |2840 |  0 |8146 |6267 | 1.479223e+03 | 1.882000e+03 |  27.23%|  36.79%
  113s|  9400 |  1247 |528754 |  46.9 |   147M |  88 | 421 |1920 | 962 |2864 |  0 |8183 |6280 | 1.479716e+03 | 1.882000e+03 |  27.19%|  36.84%
 time | node  | left  |LP iter|LP it/n|mem/heur|mdpt |vars |cons |rows |cuts |sepa|confs|strbr|  dualbound   | primalbound  |  gap   | compl. 
  114s|  9500 |  1253 |531320 |  46.7 |   147M |  88 | 421 |1891 | 968 |2876 |  0 |8200 |6289 | 1.480181e+03 | 1.882000e+03 |  27.15%|  36.95%
  114s|  9600 |  1259 |534759 |  46.6 |   147M |  88 | 421 |1890 | 965 |2892 |  0 |8214 |6300 | 1.480181e+03 | 1.882000e+03 |  27.15%|  36.95%
  115s|  9700 |  1267 |538070 |  46.5 |   147M |  88 | 421 |1857 | 963 |2913 |  0 |8229 |6311 | 1.480181e+03 | 1.882000e+03 |  27.15%|  36.96%
  115s|  9800 |  1273 |539773 |  46.3 |   149M |  88 | 421 |1857 | 963 |2913 |  0 |8257 |6314 | 1.484526e+03 | 1.882000e+03 |  26.77%|  37.13%
  115s|  9900 |  1277 |541670 |  46.0 |   149M |  88 | 421 |1850 | 951 |2929 |  0 |8288 |6325 | 1.484526e+03 | 1.882000e+03 |  26.77%|  37.26%
  116s| 10000 |  1279 |543795 |  45.8 |   149M |  88 | 421 |1828 | 964 |2951 |  0 |8324 |6347 | 1.484754e+03 | 1.882000e+03 |  26.76%|  37.38%
  117s| 10100 |  1287 |547251 |  45.7 |   150M |  88 | 421 |1810 | 969 |2985 |  0 |8366 |6364 | 1.485118e+03 | 1.882000e+03 |  26.72%|  37.54%
  117s| 10200 |  1291 |551676 |  45.7 |   150M |  88 | 421 |1785 | 958 |3023 |  1 |8394 |6381 | 1.485118e+03 | 1.882000e+03 |  26.72%|  37.63%
  118s| 10300 |  1295 |554609 |  45.6 |   150M |  88 | 421 |1775 | 963 |3044 |  1 |8440 |6392 | 1.485118e+03 | 1.882000e+03 |  26.72%|  37.77%
  118s| 10400 |  1299 |558445 |  45.5 |   150M |  88 | 421 |1773 | 976 |3099 |  1 |8457 |6398 | 1.488685e+03 | 1.882000e+03 |  26.42%|  38.12%
  119s| 10500 |  1300 |562493 |  45.5 |   150M |  88 | 421 |1741 | 966 |3117 |  0 |8479 |6416 | 1.488726e+03 | 1.882000e+03 |  26.42%|  38.29%
  119s| 10600 |  1300 |566894 |  45.5 |   150M |  88 | 421 |1713 |   0 |3154 |  0 |8490 |6433 | 1.488726e+03 | 1.882000e+03 |  26.42%|  38.61%
  120s| 10700 |  1304 |571602 |  45.5 |   150M |  88 | 421 |1687 | 973 |3189 | 10 |8554 |6476 | 1.488726e+03 | 1.882000e+03 |  26.42%|  38.88%
  121s| 10800 |  1312 |574634 |  45.4 |   151M |  88 | 421 |1673 | 970 |3212 |  0 |8564 |6480 | 1.488726e+03 | 1.882000e+03 |  26.42%|  38.92%
  121s| 10900 |  1312 |578281 |  45.3 |   151M |  88 | 421 |1640 | 986 |3245 |  0 |8571 |6480 | 1.493720e+03 | 1.882000e+03 |  25.99%|  39.37%
 time | node  | left  |LP iter|LP it/n|mem/heur|mdpt |vars |cons |rows |cuts |sepa|confs|strbr|  dualbound   | primalbound  |  gap   | compl. 
  122s| 11000 |  1320 |581669 |  45.2 |   151M |  88 | 421 |1589 | 961 |3265 |  0 |8585 |6488 | 1.495203e+03 | 1.882000e+03 |  25.87%|  39.60%
  122s| 11100 |  1324 |583649 |  45.0 |   151M |  88 | 421 |1586 | 967 |3277 |  1 |8596 |6493 | 1.495203e+03 | 1.882000e+03 |  25.87%|  39.60%
  122s| 11200 |  1332 |586498 |  44.9 |   151M |  88 | 421 |1591 | 960 |3303 |  0 |8619 |6498 | 1.495203e+03 | 1.882000e+03 |  25.87%|  39.61%
  123s| 11300 |  1338 |591080 |  44.9 |   151M |  88 | 421 |1651 | 976 |3323 |  0 |8688 |6544 | 1.497757e+03 | 1.882000e+03 |  25.65%|  39.64%
  124s| 11400 |  1338 |594565 |  44.8 |   151M |  88 | 421 |1710 | 969 |3359 |  9 |8787 |6578 | 1.498585e+03 | 1.882000e+03 |  25.59%|  42.17%
  124s| 11500 |  1340 |596764 |  44.6 |   151M |  88 | 421 |1723 | 964 |3371 |  0 |8833 |6594 | 1.499447e+03 | 1.882000e+03 |  25.51%|  43.05%
  125s| 11600 |  1343 |600575 |  44.6 |   151M |  88 | 421 |1724 | 988 |3383 |  1 |8886 |6624 | 1.502805e+03 | 1.882000e+03 |  25.23%|  43.21%
  125s| 11700 |  1341 |603405 |  44.5 |   151M |  88 | 421 |1735 | 961 |3391 |  0 |8912 |6645 | 1.505709e+03 | 1.882000e+03 |  24.99%|  43.46%
  126s| 11800 |  1341 |606921 |  44.4 |   151M |  88 | 421 |1762 | 953 |3428 |  0 |8968 |6658 | 1.505717e+03 | 1.882000e+03 |  24.99%|  43.70%
  127s| 11900 |  1343 |611771 |  44.4 |   151M |  88 | 421 |1741 | 980 |3461 |  0 |9000 |6683 | 1.510444e+03 | 1.882000e+03 |  24.60%|  43.99%
  127s| 12000 |  1345 |614773 |  44.3 |   151M |  88 | 421 |1710 | 949 |3468 |  1 |9007 |6693 | 1.511484e+03 | 1.882000e+03 |  24.51%|  44.16%
  127s| 12100 |  1341 |618133 |  44.2 |   151M |  89 | 421 |1689 | 999 |3476 |  0 |9026 |6701 | 1.511912e+03 | 1.882000e+03 |  24.48%|  44.36%
  128s| 12200 |  1347 |623187 |  44.3 |   152M |  89 | 421 |1673 | 991 |3515 |  2 |9069 |6719 | 1.511912e+03 | 1.882000e+03 |  24.48%|  44.53%
  129s| 12300 |  1343 |628886 |  44.4 |   154M |  89 | 421 |1678 | 991 |3555 |  0 |9128 |6748 | 1.511912e+03 | 1.882000e+03 |  24.48%|  44.75%
  130s| 12400 |  1345 |632915 |  44.3 |   154M |  89 | 421 |1702 | 958 |3566 |  0 |9160 |6789 | 1.511912e+03 | 1.882000e+03 |  24.48%|  44.89%
 time | node  | left  |LP iter|LP it/n|mem/heur|mdpt |vars |cons |rows |cuts |sepa|confs|strbr|  dualbound   | primalbound  |  gap   | compl. 
  130s| 12500 |  1346 |636135 |  44.3 |   154M |  89 | 421 |1699 | 966 |3583 |  0 |9178 |6799 | 1.511912e+03 | 1.882000e+03 |  24.48%|  44.95%
  131s| 12600 |  1348 |640869 |  44.3 |   154M |  89 | 421 |1714 | 968 |3613 |  1 |9206 |6817 | 1.511912e+03 | 1.882000e+03 |  24.48%|  45.05%
  131s| 12700 |  1342 |644912 |  44.2 |   154M |  89 | 421 |1726 | 944 |3639 |  0 |9246 |6843 | 1.513815e+03 | 1.882000e+03 |  24.32%|  45.32%
  132s| 12800 |  1346 |647689 |  44.1 |   154M |  89 | 421 |1729 | 964 |3651 |  1 |9269 |6847 | 1.513815e+03 | 1.882000e+03 |  24.32%|  45.60%
  132s| 12900 |  1338 |652037 |  44.1 |   154M |  89 | 421 |1720 | 962 |3686 |  0 |9304 |6857 | 1.515642e+03 | 1.882000e+03 |  24.17%|  47.12%
  133s| 13000 |  1338 |655023 |  44.0 |   154M |  89 | 421 |1738 |1002 |3704 |  3 |9371 |6884 | 1.520772e+03 | 1.882000e+03 |  23.75%|  47.35%
  133s| 13100 |  1340 |658813 |  44.0 |   154M |  89 | 421 |1736 | 978 |3716 |  0 |9384 |6898 | 1.521130e+03 | 1.882000e+03 |  23.72%|  47.48%
  134s| 13200 |  1342 |662988 |  44.0 |   154M |  89 | 421 |1740 | 988 |3738 |  0 |9415 |6927 | 1.528445e+03 | 1.882000e+03 |  23.13%|  47.71%
  134s| 13300 |  1342 |666556 |  43.9 |   154M |  89 | 421 |1723 |   0 |3746 |  0 |9433 |6942 | 1.528445e+03 | 1.882000e+03 |  23.13%|  47.80%
  135s| 13400 |  1342 |671010 |  43.9 |   154M |  89 | 421 |1752 | 987 |3793 |  0 |9484 |6970 | 1.530484e+03 | 1.882000e+03 |  22.97%|  47.96%
  136s| 13500 |  1338 |675353 |  43.9 |   154M |  89 | 421 |1752 | 966 |3824 |  0 |9516 |6989 | 1.530625e+03 | 1.882000e+03 |  22.96%|  48.24%
  136s| 13600 |  1335 |679709 |  43.9 |   155M |  89 | 421 |1748 | 976 |3839 |  4 |9545 |7017 | 1.530648e+03 | 1.882000e+03 |  22.95%|  48.77%
  137s| 13700 |  1335 |682886 |  43.8 |   155M |  89 | 421 |1753 | 957 |3853 |  0 |9572 |7024 | 1.534590e+03 | 1.882000e+03 |  22.64%|  48.92%
  137s| 13800 |  1327 |685379 |  43.7 |   155M |  89 | 421 |1730 | 962 |3859 |  0 |9601 |7029 | 1.534596e+03 | 1.882000e+03 |  22.64%|  49.58%
  138s| 13900 |  1327 |689958 |  43.7 |   155M |  89 | 421 |1725 | 985 |3906 |  1 |9626 |7037 | 1.534596e+03 | 1.882000e+03 |  22.64%|  49.76%
 time | node  | left  |LP iter|LP it/n|mem/heur|mdpt |vars |cons |rows |cuts |sepa|confs|strbr|  dualbound   | primalbound  |  gap   | compl. 
  138s| 14000 |  1317 |693488 |  43.7 |   155M |  89 | 421 |1751 | 974 |3936 |  0 |9697 |7066 | 1.534596e+03 | 1.882000e+03 |  22.64%|  49.96%
  139s| 14100 |  1315 |698446 |  43.7 |   155M |  89 | 421 |1767 | 960 |3978 |  1 |9749 |7108 | 1.534596e+03 | 1.882000e+03 |  22.64%|  50.16%
  140s| 14200 |  1315 |702624 |  43.7 |   155M |  89 | 421 |1795 | 994 |3999 |  0 |9786 |7133 | 1.534596e+03 | 1.882000e+03 |  22.64%|  50.24%
  140s| 14300 |  1315 |705857 |  43.6 |   155M |  89 | 421 |1757 | 961 |4008 |  0 |9802 |7154 | 1.535892e+03 | 1.882000e+03 |  22.53%|  50.40%
  141s| 14400 |  1311 |710388 |  43.6 |   155M |  89 | 421 |1711 |1009 |4028 |  1 |9821 |7175 | 1.537256e+03 | 1.882000e+03 |  22.43%|  51.32%
  141s| 14500 |  1311 |713108 |  43.5 |   155M |  89 | 421 |1708 | 957 |4045 |  1 |9858 |7183 | 1.537256e+03 | 1.882000e+03 |  22.43%|  51.39%
  142s| 14600 |  1304 |715428 |  43.4 |   155M |  89 | 421 |1736 | 959 |4056 |  2 |9917 |7195 | 1.537338e+03 | 1.882000e+03 |  22.42%|  51.63%
  142s| 14700 |  1298 |719589 |  43.4 |   155M |  89 | 421 |1733 | 967 |4074 |  4 |9973 |7223 | 1.537338e+03 | 1.882000e+03 |  22.42%|  51.86%
  143s| 14800 |  1297 |723003 |  43.3 |   155M |  89 | 421 |1710 |1003 |4096 |  1 |  10k|7240 | 1.537338e+03 | 1.882000e+03 |  22.42%|  51.96%
  143s| 14900 |  1297 |726398 |  43.3 |   155M |  89 | 421 |1704 | 958 |4110 |  1 |  10k|7250 | 1.537977e+03 | 1.882000e+03 |  22.37%|  52.17%
  144s| 15000 |  1289 |730420 |  43.3 |   155M |  89 | 421 |1741 |   0 |4124 |  0 |  10k|7288 | 1.537977e+03 | 1.882000e+03 |  22.37%|  52.46%
  144s| 15100 |  1289 |733936 |  43.2 |   155M |  89 | 421 |1798 | 949 |4151 |  1 |  10k|7304 | 1.539445e+03 | 1.882000e+03 |  22.25%|  52.64%
  145s| 15200 |  1293 |735666 |  43.1 |   155M |  89 | 421 |1795 |1000 |4170 |  1 |  10k|7304 | 1.540200e+03 | 1.882000e+03 |  22.19%|  52.85%
  145s| 15300 |  1289 |738870 |  43.0 |   155M |  89 | 421 |1791 | 974 |4189 |  2 |  10k|7311 | 1.541861e+03 | 1.882000e+03 |  22.06%|  53.27%
  146s| 15400 |  1295 |742739 |  43.0 |   156M |  89 | 421 |1769 | 964 |4201 |  1 |  10k|7346 | 1.541861e+03 | 1.882000e+03 |  22.06%|  53.31%
 time | node  | left  |LP iter|LP it/n|mem/heur|mdpt |vars |cons |rows |cuts |sepa|confs|strbr|  dualbound   | primalbound  |  gap   | compl. 
  146s| 15500 |  1293 |746663 |  43.0 |   156M |  89 | 421 |1735 | 971 |4216 |  5 |  10k|7376 | 1.548170e+03 | 1.882000e+03 |  21.56%|  53.46%
  147s| 15600 |  1291 |751075 |  43.0 |   156M |  89 | 421 |1679 | 968 |4233 |  1 |  10k|7406 | 1.550891e+03 | 1.882000e+03 |  21.35%|  54.20%
  147s| 15700 |  1290 |754987 |  42.9 |   156M |  89 | 421 |1692 | 977 |4258 |  0 |  10k|7448 | 1.550891e+03 | 1.882000e+03 |  21.35%|  54.25%
  148s| 15800 |  1289 |757982 |  42.9 |   156M |  89 | 421 |1704 | 953 |4286 |  1 |  10k|7463 | 1.550891e+03 | 1.882000e+03 |  21.35%|  54.39%
  149s| 15900 |  1297 |761865 |  42.8 |   156M |  89 | 421 |1691 | 972 |4315 |  0 |  10k|7479 | 1.550945e+03 | 1.882000e+03 |  21.35%|  54.43%
  149s| 16000 |  1295 |765352 |  42.8 |   156M |  89 | 421 |1671 | 958 |4349 |  1 |  10k|7491 | 1.552062e+03 | 1.882000e+03 |  21.26%|  54.89%
  150s| 16100 |  1287 |769894 |  42.8 |   156M |  94 | 421 |1654 |1012 |4371 |  0 |  10k|7519 | 1.554232e+03 | 1.882000e+03 |  21.09%|  55.21%
  150s| 16200 |  1287 |773730 |  42.8 |   156M |  94 | 421 |1650 | 988 |4383 |  1 |  10k|7534 | 1.555758e+03 | 1.882000e+03 |  20.97%|  55.42%
  150s| 16300 |  1279 |776331 |  42.7 |   156M |  94 | 421 |1648 | 970 |4394 |  0 |  10k|7539 | 1.555758e+03 | 1.882000e+03 |  20.97%|  55.63%
  151s| 16400 |  1285 |779971 |  42.7 |   156M |  94 | 421 |1646 | 995 |4403 |  1 |  10k|7605 | 1.555758e+03 | 1.882000e+03 |  20.97%|  55.66%
  152s| 16500 |  1283 |782556 |  42.6 |   156M |  94 | 421 |1633 | 954 |4408 |  0 |  10k|7611 | 1.558083e+03 | 1.882000e+03 |  20.79%|  55.79%
  152s| 16600 |  1283 |786093 |  42.5 |   156M |  94 | 421 |1621 | 963 |4422 |  0 |  10k|7623 | 1.560015e+03 | 1.882000e+03 |  20.64%|  55.94%
  152s| 16700 |  1281 |789278 |  42.5 |   156M |  94 | 421 |1606 | 965 |4439 |  0 |  10k|7628 | 1.562809e+03 | 1.882000e+03 |  20.42%|  56.08%
  153s| 16800 |  1279 |792549 |  42.4 |   156M |  94 | 421 |1587 | 987 |4456 |  0 |  10k|7652 | 1.563949e+03 | 1.882000e+03 |  20.34%|  56.23%
  154s| 16900 |  1281 |795992 |  42.4 |   156M |  94 | 421 |1576 | 961 |4472 |  0 |  10k|7698 | 1.564058e+03 | 1.882000e+03 |  20.33%|  56.33%
 time | node  | left  |LP iter|LP it/n|mem/heur|mdpt |vars |cons |rows |cuts |sepa|confs|strbr|  dualbound   | primalbound  |  gap   | compl. 
  154s| 17000 |  1275 |798153 |  42.3 |   156M |  94 | 421 |1560 | 957 |4474 |  0 |  10k|7706 | 1.565325e+03 | 1.882000e+03 |  20.23%|  57.16%
  155s| 17100 |  1281 |803728 |  42.3 |   156M |  94 | 421 |1571 | 984 |4493 |  1 |  10k|7763 | 1.565483e+03 | 1.882000e+03 |  20.22%|  57.26%
  156s| 17200 |  1285 |807868 |  42.3 |   156M |  94 | 421 |1596 | 969 |4518 |  1 |  10k|7800 | 1.565483e+03 | 1.882000e+03 |  20.22%|  57.29%
  156s| 17300 |  1279 |810446 |  42.2 |   156M |  94 | 421 |1614 | 988 |4525 |  0 |  10k|7800 | 1.566545e+03 | 1.882000e+03 |  20.14%|  57.49%
  156s| 17400 |  1281 |814325 |  42.2 |   156M |  94 | 421 |1616 | 976 |4536 |  1 |  10k|7827 | 1.566545e+03 | 1.882000e+03 |  20.14%|  57.54%
  157s| 17500 |  1277 |817718 |  42.2 |   156M |  94 | 421 |1599 | 955 |4557 |  0 |  10k|7835 | 1.566545e+03 | 1.882000e+03 |  20.14%|  57.75%
  158s| 17600 |  1273 |822571 |  42.2 |   156M |  94 | 421 |1596 | 962 |4589 |  0 |  10k|7882 | 1.566732e+03 | 1.882000e+03 |  20.12%|  58.04%
  159s| 17700 |  1263 |827169 |  42.2 |   156M |  94 | 421 |1592 | 981 |4626 |  1 |  10k|7893 | 1.569852e+03 | 1.882000e+03 |  19.88%|  58.35%
  159s| 17800 |  1263 |832385 |  42.3 |   156M |  94 | 421 |1604 | 987 |4650 |  1 |  10k|7920 | 1.571412e+03 | 1.882000e+03 |  19.76%|  58.54%
  160s| 17900 |  1259 |836075 |  42.3 |   156M |  94 | 421 |1613 | 962 |4675 |  0 |  10k|7932 | 1.571623e+03 | 1.882000e+03 |  19.75%|  58.75%
  160s| 18000 |  1257 |840362 |  42.3 |   156M |  94 | 421 |1623 | 963 |4696 |  6 |  10k|7962 | 1.571991e+03 | 1.882000e+03 |  19.72%|  59.18%
  161s| 18100 |  1251 |843847 |  42.2 |   156M |  94 | 421 |1644 | 966 |4727 |  0 |  10k|7965 | 1.574224e+03 | 1.882000e+03 |  19.55%|  59.36%
  161s| 18200 |  1245 |847222 |  42.2 |   156M |  94 | 421 |1634 | 983 |4739 |  2 |  10k|7972 | 1.574610e+03 | 1.882000e+03 |  19.52%|  60.18%
  162s| 18300 |  1239 |851304 |  42.2 |   156M |  94 | 421 |1626 |1001 |4744 |  1 |  10k|7987 | 1.577219e+03 | 1.882000e+03 |  19.32%|  60.72%
  163s| 18400 |  1226 |856827 |  42.2 |   156M |  94 | 421 |1624 | 959 |4781 |  0 |  10k|8031 | 1.578462e+03 | 1.882000e+03 |  19.23%|  61.27%
 time | node  | left  |LP iter|LP it/n|mem/heur|mdpt |vars |cons |rows |cuts |sepa|confs|strbr|  dualbound   | primalbound  |  gap   | compl. 
  163s| 18500 |  1216 |860395 |  42.2 |   156M |  94 | 421 |1612 |   0 |4800 |  0 |  10k|8035 | 1.580392e+03 | 1.882000e+03 |  19.08%|  61.75%
  164s| 18600 |  1206 |865549 |  42.3 |   156M |  94 | 421 |1618 | 972 |4803 |  2 |  11k|8077 | 1.581824e+03 | 1.882000e+03 |  18.98%|  62.17%
  164s| 18700 |  1195 |869434 |  42.2 |   156M |  94 | 421 |1580 | 977 |4807 |  1 |  11k|8089 | 1.583961e+03 | 1.882000e+03 |  18.82%|  63.90%
  165s| 18800 |  1199 |872869 |  42.2 |   156M |  94 | 421 |1575 | 970 |4819 |  0 |  11k|8113 | 1.583961e+03 | 1.882000e+03 |  18.82%|  63.94%
  166s| 18900 |  1194 |877876 |  42.2 |   157M |  94 | 421 |1569 | 966 |4857 |  1 |  11k|8140 | 1.587975e+03 | 1.882000e+03 |  18.52%|  64.19%
  166s| 19000 |  1182 |882415 |  42.3 |   157M |  94 | 421 |1548 | 972 |4882 |  0 |  11k|8143 | 1.591770e+03 | 1.882000e+03 |  18.23%|  64.58%
  167s| 19100 |  1174 |884641 |  42.2 |   157M |  94 | 421 |1553 | 973 |4899 |  0 |  11k|8146 | 1.592673e+03 | 1.882000e+03 |  18.17%|  64.87%
  167s| 19200 |  1174 |888993 |  42.2 |   157M |  94 | 421 |1586 | 986 |4924 |  1 |  11k|8175 | 1.593249e+03 | 1.882000e+03 |  18.12%|  64.97%
  168s| 19300 |  1162 |892581 |  42.1 |   157M |  94 | 421 |1584 | 999 |4943 |  1 |  11k|8193 | 1.595246e+03 | 1.882000e+03 |  17.98%|  65.27%
  169s| 19400 |  1152 |897012 |  42.1 |   157M |  94 | 421 |1577 | 973 |4968 |  0 |  11k|8198 | 1.596298e+03 | 1.882000e+03 |  17.90%|  65.47%
  169s| 19500 |  1142 |900590 |  42.1 |   157M |  94 | 421 |1590 | 959 |4987 |  1 |  11k|8217 | 1.596526e+03 | 1.882000e+03 |  17.88%|  65.62%
  169s| 19600 |  1126 |903951 |  42.1 |   157M |  94 | 421 |1608 | 976 |5007 |  8 |  11k|8223 | 1.596779e+03 | 1.882000e+03 |  17.86%|  65.89%
  170s| 19700 |  1116 |907838 |  42.1 |   157M |  94 | 421 |1609 | 962 |5033 |  1 |  11k|8231 | 1.596779e+03 | 1.882000e+03 |  17.86%|  66.61%
* 170s| 19726 |   680 |908443 |  42.0 |    LP  |  94 | 421 |1476 | 993 |5033 |  1 |  11k|8233 | 1.597256e+03 | 1.819000e+03 |  13.88%|  69.32%
  170s| 19800 |   670 |911323 |  42.0 |   157M |  94 | 421 |1464 | 987 |5048 |  2 |  11k|8239 | 1.598042e+03 | 1.819000e+03 |  13.83%|  69.78%
 time | node  | left  |LP iter|LP it/n|mem/heur|mdpt |vars |cons |rows |cuts |sepa|confs|strbr|  dualbound   | primalbound  |  gap   | compl. 
  171s| 19900 |   656 |915951 |  42.0 |   157M |  94 | 421 |1435 | 971 |5076 |  0 |  11k|8247 | 1.599930e+03 | 1.819000e+03 |  13.69%|  70.66%
  171s| 20000 |   650 |921064 |  42.1 |   157M |  94 | 421 |1416 | 973 |5091 |  1 |  11k|8275 | 1.599930e+03 | 1.819000e+03 |  13.69%|  70.87%
  172s| 20100 |   632 |925728 |  42.1 |   157M |  94 | 421 |1399 | 966 |5106 |  1 |  11k|8286 | 1.602112e+03 | 1.819000e+03 |  13.54%|  72.12%
  172s| 20200 |   613 |928669 |  42.1 |   157M |  94 | 421 |1376 | 966 |5123 |  1 |  11k|8288 | 1.604323e+03 | 1.819000e+03 |  13.38%|  72.71%
  173s| 20300 |   595 |933370 |  42.1 |   157M |  94 | 421 |1360 | 960 |5132 |  0 |  11k|8303 | 1.605522e+03 | 1.819000e+03 |  13.30%|  73.54%
  173s| 20400 |   554 |938545 |  42.1 |   157M |  94 | 421 |1295 |1082 |5133 |  0 |  11k|8303 | 1.608408e+03 | 1.819000e+03 |  13.09%|  75.96%
  174s| 20500 |   532 |943646 |  42.2 |   157M |  94 | 421 |1273 | 956 |5137 |  1 |  11k|8323 | 1.609858e+03 | 1.819000e+03 |  12.99%|  77.11%
  174s| 20600 |   499 |947343 |  42.1 |   157M |  94 | 421 |1278 | 975 |5143 |  0 |  11k|8333 | 1.609992e+03 | 1.819000e+03 |  12.98%|  79.79%
  175s| 20700 |   429 |955673 |  42.3 |   157M |  94 | 421 |1265 |1060 |5145 |  0 |  11k|8338 | 1.613325e+03 | 1.819000e+03 |  12.75%|  83.20%
  175s| 20800 |   362 |963567 |  42.5 |   157M |  94 | 421 |1278 | 972 |5145 |  2 |  11k|8363 | 1.629337e+03 | 1.819000e+03 |  11.64%|  86.75%
  176s| 20900 |   268 |974476 |  42.8 |   157M |  94 | 421 |1238 |1258 |5149 |  0 |  11k|8370 | 1.645406e+03 | 1.819000e+03 |  10.55%|  92.90%
  177s| 21000 |   172 |986312 |  43.1 |   157M |  94 | 421 |1225 |1284 |5149 |  0 |  11k|8370 | 1.670040e+03 | 1.819000e+03 |   8.92%|  95.89%
  179s| 21100 |    70 |999685 |  43.5 |   157M |  94 | 421 |1201 |1470 |5149 |  0 |  11k|8370 | 1.706272e+03 | 1.819000e+03 |   6.61%|  98.72%

SCIP Status        : problem is solved [optimal solution found]
Solving Time (sec) : 180.42
Solving Nodes      : 21169 (total of 22862 nodes in 4 runs)
Primal Bound       : +1.81900000000000e+03 (51 solutions)
Dual Bound         : +1.81900000000000e+03
Gap                : 0.00 %
Root classes: ['50']
Status: OPTIMAL
