
Welcome to IBM(R) ILOG(R) CPLEX(R) Interactive Optimizer 22.1.1.0
  with Simplex, Mixed Integer & Barrier Optimizers
5725-A06 5725-A29 5724-Y48 5724-Y49 5724-Y54 5724-Y55 5655-Y21
Copyright IBM Corp. 1988, 2022.  All Rights Reserved.

Type 'help' for a list of available commands.
Type 'help' followed by a command name for more
information on commands.

CPLEX> Problem '/tmp/3bdcfab813f545178e2a8505ae918b5f-pulp.lp' read.
Read time = 0.04 sec. (6.20 ticks)
CPLEX> New value for time limit in seconds: 900
CPLEX> Version identifier: 22.1.1.0 | 2022-11-28 | 9160aff4d
CPXPARAM_TimeLimit                               900
Tried aggregator 4 times.
MIP Presolve eliminated 31763 rows and 101 columns.
MIP Presolve modified 55369 coefficients.
Aggregator did 1102 substitutions.
Reduced MIP has 22536 rows, 5690 columns, and 211670 nonzeros.
Reduced MIP has 4152 binaries, 0 generals, 0 SOSs, and 0 indicators.
Presolve time = 0.16 sec. (232.83 ticks)
Found incumbent of value 5324253.000000 after 0.19 sec. (274.05 ticks)
Probing time = 0.10 sec. (3.99 ticks)
Tried aggregator 1 time.
Detecting symmetries...
MIP Presolve eliminated 719 rows and 22 columns.
MIP Presolve modified 6390 coefficients.
Reduced MIP has 21817 rows, 5668 columns, and 209815 nonzeros.
Reduced MIP has 4152 binaries, 0 generals, 0 SOSs, and 0 indicators.
Presolve time = 0.31 sec. (550.41 ticks)
Probing time = 0.04 sec. (3.75 ticks)
Clique table members: 605.
MIP emphasis: balance optimality and feasibility.
MIP search method: dynamic search.
Parallel mode: deterministic, using up to 32 threads.
Root relaxation solution time = 0.12 sec. (106.12 ticks)

        Nodes                                         Cuts/
   Node  Left     Objective  IInf  Best Integer    Best Bound    ItCnt     Gap

*     0+    0                      5324253.0000        0.0000           100.00%
*     0+    0                         8306.0000        0.0000           100.00%
      0     0      482.0356    56     8306.0000      482.0356      248   94.20%
*     0+    0                         7712.0000      482.0356            93.75%
      0     0      800.4441    77     7712.0000      Fract: 2      496   89.62%
      0     0      996.7799    75     7712.0000      Fract: 1      539   87.07%
      0     2      996.7799    75     7712.0000      996.7799      539   87.07%
Elapsed time = 1.59 sec. (1892.52 ticks, tree = 0.02 MB, solutions = 3)
*    16+    4                         7640.0000     1102.0000            85.58%
*    24+    7                         7523.0000     1102.0000            85.35%
     64    49     2467.2289    48     7523.0000     1102.0000     3018   85.35%
*    74+   22                         7451.0000     1102.0000            85.21%
    575   365     7019.2988    79     7451.0000     1187.0000    18404   84.07%
   1239   905     2868.2027    75     7451.0000     1187.0000    47577   84.07%
   1774  1136     5886.2952    54     7451.0000     1292.4926    61615   82.65%
   2226  1536        cutoff           7451.0000     1292.4926    82102   82.65%
   2783  1866     2974.3301   100     7451.0000     1292.4926    99102   82.65%
   3248  2268     5109.2706   196     7451.0000     1307.9859   124452   82.45%
   3781  2745     2720.4875    55     7451.0000     1307.9859   147803   82.45%
   4302  3218     3894.8564   130     7451.0000     1307.9859   175499   82.45%

Performing restart 1

Repeating presolve.
Tried aggregator 1 time.
MIP Presolve eliminated 1104 rows and 73 columns.
MIP Presolve modified 4624 coefficients.
Reduced MIP has 20713 rows, 5595 columns, and 206975 nonzeros.
Reduced MIP has 4152 binaries, 0 generals, 0 SOSs, and 0 indicators.
Presolve time = 0.05 sec. (71.41 ticks)
Tried aggregator 1 time.
MIP Presolve eliminated 1742 rows and 107 columns.
MIP Presolve modified 3014 coefficients.
Reduced MIP has 18971 rows, 5488 columns, and 202530 nonzeros.
Reduced MIP has 4152 binaries, 0 generals, 0 SOSs, and 0 indicators.
Presolve time = 0.05 sec. (69.85 ticks)
Tried aggregator 1 time.
MIP Presolve eliminated 1423 rows and 192 columns.
MIP Presolve modified 2040 coefficients.
Reduced MIP has 17548 rows, 5296 columns, and 198797 nonzeros.
Reduced MIP has 4151 binaries, 0 generals, 0 SOSs, and 0 indicators.
Presolve time = 0.05 sec. (70.36 ticks)
Tried aggregator 1 time.
MIP Presolve eliminated 2409 rows and 300 columns.
MIP Presolve modified 1304 coefficients.
Reduced MIP has 15139 rows, 4996 columns, and 192305 nonzeros.
Reduced MIP has 4151 binaries, 0 generals, 0 SOSs, and 0 indicators.
Presolve time = 0.05 sec. (66.74 ticks)
Tried aggregator 1 time.
MIP Presolve eliminated 3156 rows and 429 columns.
MIP Presolve modified 228 coefficients.
Reduced MIP has 11983 rows, 4567 columns, and 183557 nonzeros.
Reduced MIP has 4149 binaries, 0 generals, 0 SOSs, and 0 indicators.
Presolve time = 0.04 sec. (66.32 ticks)
Tried aggregator 1 time.
MIP Presolve eliminated 4138 rows and 472 columns.
Reduced MIP has 7845 rows, 4095 columns, and 164333 nonzeros.
Reduced MIP has 4095 binaries, 0 generals, 0 SOSs, and 0 indicators.
Presolve time = 0.05 sec. (89.55 ticks)
Tried aggregator 1 time.
Reduced MIP has 7845 rows, 4095 columns, and 164333 nonzeros.
Reduced MIP has 4095 binaries, 0 generals, 0 SOSs, and 0 indicators.
Presolve time = 0.16 sec. (357.32 ticks)
Represolve time = 0.71 sec. (975.44 ticks)
*  5330+    0                         6945.0000     1307.9859            81.17%
   5330     0     1100.6286    47     6945.0000      Fract: 2   251486   81.17%
   5330     0     1193.9235    85     6945.0000       Cuts: 4   251705   81.17%
   5330     0     1234.3657    78     6945.0000       Cuts: 3   251780   81.17%
   5330     0     1261.6297    90     6945.0000       Cuts: 3   251880   81.17%
*  5330+    0                         6684.0000     1307.9859            80.43%
   5330     0  -1.00000e+75     0     6684.0000     1307.9859   251880   80.43%
   5330     0     1303.1081    78     6684.0000      Fract: 2   251986   80.43%
   5330     2     1303.1081    94     6684.0000     1307.9859   251986   80.43%
Elapsed time = 6.80 sec. (7810.54 ticks, tree = 0.02 MB, solutions = 14)
   5421    46     3909.1273   101     6684.0000     1307.9859   254011   80.43%
   6958  1086     3779.1425    88     6684.0000     1307.9859   290506   80.43%
  10255  3467     2589.4309   195     6684.0000     1310.6718   383894   80.39%
  13755  6614     3041.2152   163     6684.0000     1310.6718   493778   80.39%
* 15730+ 8671                         6430.0000     1310.6718            79.62%
  16892  9249     5218.0486    80     6430.0000     1310.6718   593285   79.62%
  20655 12388     3798.4699   131     6430.0000     1310.6718   708381   79.62%
  24653 16732     3754.1801   222     6430.0000     1310.6718   862278   79.62%
  28006 20042     4971.5378    78     6430.0000     1310.6718   995303   79.62%
  31182 22443     3172.8773   176     6430.0000     1310.6718  1093339   79.62%
  34454 25682     3877.0309   180     6430.0000     1434.6703  1234955   77.69%
Elapsed time = 16.59 sec. (17352.36 ticks, tree = 139.00 MB, solutions = 15)
  38099 28893     5956.5662   183     6430.0000     1451.0648  1362546   77.43%
  40275 31822     5466.9768   184     6430.0000     1451.0648  1464388   77.43%
  43888 34214     6072.6613    45     6430.0000     1492.1290  1552411   76.79%
  47861 37444     6033.3163    78     6430.0000     1558.5200  1669661   75.76%
* 49987+39083                         6367.0000     1558.5200            75.52%
  50509 41271     5985.7877    70     6367.0000     1558.5200  1826802   75.52%
  54109 43508     4314.5220   132     6367.0000     1569.3725  1907979   75.35%
* 56346+45909                         5936.0000     1595.2675            73.13%
  57892 42578     3866.9679   179     5936.0000     1595.2675  2016876   73.13%
  61308 45496     5687.5172    42     5936.0000     1752.3964  2135165   70.48%
  64456 48197     5277.0313   105     5936.0000     1752.3964  2230213   70.48%
  68402 52172     5301.7569   132     5936.0000     1756.1081  2362227   70.42%
Elapsed time = 25.49 sec. (26893.33 ticks, tree = 206.58 MB, solutions = 17)
  72003 55739     4510.2510   153     5936.0000     1807.1081  2484181   69.56%
  74177 57995     4008.0824   128     5936.0000     1811.9010  2561390   69.48%
  78746 61264     3105.6919   166     5936.0000     1828.1960  2661256   69.20%
  83492 66054     4807.0292    65     5936.0000     1828.1960  2805002   69.20%
  87754 69346     4313.6489   173     5936.0000     1860.8322  2901927   68.65%
  91769 72270     4189.3279   228     5936.0000     1860.8322  2989810   68.65%
  96299 75521     3688.6774   123     5936.0000     1860.8322  3095723   68.65%
 100332 81375     5245.7075    62     5936.0000     1860.8322  3288846   68.65%
 103946 83619     3306.6776   112     5936.0000     1938.5852  3354857   67.34%
 107947 87057     5304.9140   155     5936.0000     1939.1342  3449364   67.33%
Elapsed time = 34.30 sec. (36432.28 ticks, tree = 300.22 MB, solutions = 17)

Performing restart 2

Repeating presolve.
Tried aggregator 1 time.
MIP Presolve eliminated 42 rows and 14 columns.
Reduced MIP has 7803 rows, 4081 columns, and 161738 nonzeros.
Reduced MIP has 4081 binaries, 0 generals, 0 SOSs, and 0 indicators.
Presolve time = 0.06 sec. (57.06 ticks)
Tried aggregator 1 time.
Reduced MIP has 7803 rows, 4081 columns, and 161738 nonzeros.
Reduced MIP has 4081 binaries, 0 generals, 0 SOSs, and 0 indicators.
Presolve time = 0.16 sec. (349.63 ticks)
Represolve time = 0.32 sec. (471.77 ticks)
 108493     2     1303.1078   102     5936.0000     1939.1342  3550744   67.33%
 108539    30     2539.0347   142     5936.0000     1939.1342  3552452   67.33%
 108704   153     3651.1374   113     5936.0000     1939.1342  3558217   67.33%
 109053   284     4941.0964   138     5936.0000     1939.1342  3566231   67.33%
 110501   807        cutoff           5936.0000     1939.1342  3598816   67.33%
 112297  1722     5529.8819   230     5936.0000     1939.1342  3640367   67.33%
 114541  3719     5074.2862   231     5936.0000     1939.1342  3713560   67.33%
 116770  5547     2599.5049   123     5936.0000     1939.1342  3777280   67.33%
 118948  6710     3452.3239   207     5936.0000     1939.1342  3813973   67.33%
 121377  8684     2556.0736   120     5936.0000     1939.1342  3876816   67.33%
Elapsed time = 43.11 sec. (46559.82 ticks, tree = 23.39 MB, solutions = 18)
 123835 11511     5369.4367    26     5936.0000     1939.1342  3961135   67.33%
 126259 13207     3179.4800   122     5936.0000     1939.1342  4011707   67.33%
 128238 15031     2576.8418   137     5936.0000     1939.1342  4073132   67.33%
 131138 17885     2687.5746   179     5936.0000     1939.1342  4161398   67.33%
 134333 20398     2420.7480   179     5936.0000     1939.1342  4249308   67.33%
 137822 23458     3178.1559   173     5936.0000     1939.1342  4350501   67.33%
 141068 26555     4111.3952   177     5936.0000     1939.1342  4444045   67.33%
 142393 28685     3300.2254   184     5936.0000     1939.1342  4526915   67.33%
 145386 29785     3443.3416   212     5936.0000     1939.1342  4565479   67.33%
 148460 32998     3214.5572    85     5936.0000     1939.1342  4665107   67.33%
Elapsed time = 51.82 sec. (56101.09 ticks, tree = 87.78 MB, solutions = 18)
 151744 36431     5463.2601   108     5936.0000     1939.1342  4783124   67.33%
 155028 38726     2703.9592   162     5936.0000     1939.1342  4872154   67.33%
 159167 41419     5917.8109    73     5936.0000     1939.1342  4964905   67.33%
 163014 45824     4643.1360   138     5936.0000     1939.1342  5110400   67.33%
 167497 49294     3911.9637   115     5936.0000     1939.1342  5221889   67.33%
 171599 54001     5128.3180   113     5936.0000     1939.1342  5372083   67.33%
 174971 56106     5229.5899   123     5936.0000     1939.1342  5454421   67.33%
 179400 59703     3824.6258   121     5936.0000     1939.1342  5570893   67.33%
 182038 63895     2606.6993    96     5936.0000     1939.1342  5687695   67.33%
 186178 65744     5241.9798    64     5936.0000     1939.1342  5753667   67.33%
Elapsed time = 60.65 sec. (65639.92 ticks, tree = 183.12 MB, solutions = 18)
 190710 70344     5214.9566    96     5936.0000     1939.1342  5908376   67.33%
 195132 74810     5051.3261    63     5936.0000     1939.1342  6071671   67.33%
 200382 77947     4965.9909   148     5936.0000     1939.1342  6165493   67.33%
 205667 81176     3415.6867   200     5936.0000     1939.1342  6257521   67.33%
 210529 88347     3263.4875    83     5936.0000     1939.1342  6466109   67.33%
 215912 92063     4220.4073   164     5936.0000     1986.0609  6577415   66.54%
 221018 97849     3961.9060    95     5936.0000     1986.0609  6743559   66.54%
 226696 101570     5734.3529    67     5936.0000     2043.0844  6842657   65.58%
 231848 108133     2598.9915   121     5936.0000     2060.2833  7002376   65.29%
 237228 111255        cutoff           5936.0000     2060.2833  7085587   65.29%
Elapsed time = 69.82 sec. (75178.90 ticks, tree = 304.50 MB, solutions = 18)
 242024 114097     3867.3329   196     5936.0000     2113.0321  7158113   64.40%
 246762 117978     5863.8429    48     5936.0000     2113.0321  7273622   64.40%
 250680 121370     3552.0153   129     5936.0000     2161.2063  7380296   63.59%
 253348 127025     5167.6698    57     5936.0000     2181.3092  7528344   63.25%
 257728 128125     5201.9062    29     5936.0000     2181.3092  7557767   63.25%
 262625 132664     4970.3649    71     5936.0000     2181.3092  7684891   63.25%
 267402 136730     5191.2556   256     5936.0000     2181.3092  7798705   63.25%
 272018 141203     3783.8367   221     5936.0000     2181.3092  7935416   63.25%
 276695 143913     5377.1966    50     5936.0000     2226.0609  8001083   62.50%
 281316 149882     5154.9809   148     5936.0000     2251.3816  8166637   62.07%
Elapsed time = 78.88 sec. (84718.45 ticks, tree = 408.35 MB, solutions = 18)
 284082 152171     5656.2421    55     5936.0000     2256.0430  8230614   61.99%
 287604 157065     5521.1578    74     5936.0000     2270.9971  8370655   61.74%
 292462 159668     5404.7200    24     5936.0000     2281.7297  8436376   61.56%
 297346 162540     4123.6865    67     5936.0000     2300.3638  8515360   61.25%
 301841 169064     4146.9483   253     5936.0000     2327.1223  8680213   60.80%
 306339 172119     3678.1563   123     5936.0000     2345.2917  8772543   60.49%
 311054 177179     5139.7789    77     5936.0000     2350.5339  8933268   60.40%
 314868 180822     5304.6934   162     5936.0000     2365.5464  9038030   60.15%
 317557 183343     4893.4353    99     5936.0000     2368.6986  9101986   60.10%
 335526 199644     5752.8500    30     5936.0000     2401.8759  9577860   59.54%
Elapsed time = 90.72 sec. (97118.07 ticks, tree = 543.88 MB, solutions = 18)
 353999 218278     5671.6052    92     5936.0000     2422.7400 10067349   59.19%
 371312 230670     4211.3207   100     5936.0000     2437.6456 10417672   58.93%
 389452 247939     4042.7193   185     5936.0000     2460.8060 10903130   58.54%
 404439 258935     4593.5308   206     5936.0000     2479.6551 11219759   58.23%
 422013 278107     4583.6689    44     5936.0000     2490.1930 11792074   58.05%
 436889 290484        cutoff           5936.0000     2500.0978 12167381   57.88%
 455088 304952     5413.1380    79     5936.0000     2515.7054 12603448   57.62%
 471681 319144     3858.2487   263     5936.0000     2530.8264 13004618   57.36%
 486071 331648     5894.4884   149     5936.0000     2533.7886 13415342   57.31%
 502568 345575        cutoff           5936.0000     2546.3658 13861916   57.10%
Elapsed time = 126.79 sec. (135268.16 ticks, tree = 941.18 MB, solutions = 18)
 517220 360162     5184.3725    53     5936.0000     2554.8864 14341919   56.96%
 534075 373703     5287.7883   177     5936.0000     2560.2771 14790138   56.87%
 550960 388243     4854.6017   218     5936.0000     2566.5541 15260079   56.76%
 565691 401519     3842.5449   146     5936.0000     2577.7298 15692329   56.57%
 583096 415106        cutoff           5936.0000     2582.9439 16141750   56.49%
 599405 430050     4011.3265   182     5936.0000     2588.5523 16628976   56.39%
 616514 446153     5548.7696   235     5936.0000     2595.6801 17118104   56.27%
 634005 459323     3769.1681   142     5936.0000     2604.9938 17531003   56.12%
 648701 474776     5516.6201   160     5936.0000     2606.5967 18038917   56.09%
 665445 486908     4538.3415    87     5936.0000     2615.8041 18461052   55.93%
Elapsed time = 163.02 sec. (173417.63 ticks, tree = 1372.78 MB, solutions = 18)
 681882 501377     4805.5432    55     5936.0000     2622.3573 18928749   55.82%
 697239 517940     3793.6102    66     5936.0000     2631.2439 19452887   55.67%
 713703 527829     4784.8034    93     5936.0000     2635.6140 19776204   55.60%
 729989 545224     5329.0203   196     5936.0000     2643.6364 20361636   55.46%
 744990 557396     4982.5438   109     5936.0000     2648.6716 20780055   55.38%
 761103 571998     5390.3697    62     5936.0000     2654.1817 21271218   55.29%
 777180 583542     4048.1687    84     5936.0000     2663.9673 21675951   55.12%
 791974 598276     5208.6798    67     5936.0000     2672.2886 22170873   54.98%
 806682 608850     4003.2051   105     5936.0000     2675.0479 22527038   54.94%
 821399 621678     4922.5507   226     5936.0000     2678.8314 22992415   54.87%
Elapsed time = 198.69 sec. (211568.97 ticks, tree = 1813.58 MB, solutions = 18)
 836812 636740     5412.7617   170     5936.0000     2686.1974 23532133   54.75%
 849814 647438     4962.8441   149     5936.0000     2691.1078 23955117   54.66%
 865695 659445     4888.8410    63     5936.0000     2694.6921 24382337   54.60%
 882650 675494     4463.1082   119     5936.0000     2703.1862 24946588   54.46%
 897443 688580     4101.7196   270     5936.0000     2705.6375 25420928   54.42%
 913621 700115     5490.3570   132     5936.0000     2712.8418 25808345   54.30%
 929713 713806     5252.6031   129     5936.0000     2723.3502 26309621   54.12%
 947005 732044     5412.5837   159     5936.0000     2728.9836 26889223   54.03%
 961617 744515     5704.3348   100     5936.0000     2733.5151 27294285   53.95%
 978588 760018     4447.3224   142     5936.0000     2738.2448 27797097   53.87%
Elapsed time = 241.23 sec. (249718.46 ticks, tree = 2189.70 MB, solutions = 18)
Nodefile size = 141.49 MB (81.01 MB after compression)
 995068 772730     4406.0222    91     5936.0000     2742.7706 28211887   53.79%
 1011192 784008     5271.1483   248     5936.0000     2747.2772 28601296   53.72%
 1025101 798337     4483.0037   202     5936.0000     2754.8340 29121743   53.59%
 1039578 809877     4599.1105   164     5936.0000     2757.1078 29511574   53.55%
 1055771 823195     4927.0404   243     5936.0000     2765.1588 29958118   53.42%
 1072355 840029     4660.6905   104     5936.0000     2768.0331 30490948   53.37%
 1087262 852528     4658.4471    86     5936.0000     2771.3049 30881403   53.31%
 1103907 870014     4482.1582   144     5936.0000     2777.4427 31423590   53.21%
 1120470 881816     4478.9832   122     5936.0000     2785.9927 31793268   53.07%
 1135687 898726     5384.1368   140     5936.0000     2789.0844 32369346   53.01%
Elapsed time = 293.99 sec. (287868.53 ticks, tree = 2559.98 MB, solutions = 18)
Nodefile size = 512.01 MB (287.96 MB after compression)
 1148437 909713     3972.0784   104     5936.0000     2790.0801 32761372   53.00%
 1163791 923109     4570.2394    75     5936.0000     2798.2146 33217356   52.86%
 1179352 934807     5153.5967    70     5936.0000     2803.6661 33632289   52.77%
 1194659 948702        cutoff           5936.0000     2809.6278 34149456   52.67%
 1209351 960276     5628.3000    14     5936.0000     2813.9453 34580170   52.60%
 1223662 972454     3081.6952   144     5936.0000     2820.7062 35014147   52.48%
 1240049 984187     5595.8339   157     5936.0000     2827.2525 35436107   52.37%
 1256094 998014     5443.8735    41     5936.0000     2833.5336 35898348   52.27%
 1272678 1017125     4787.5787    74     5936.0000     2839.5556 36515513   52.16%
 1287086 1027374     4729.6536   258     5936.0000     2843.2703 36862484   52.10%
Elapsed time = 345.04 sec. (326017.58 ticks, tree = 2903.47 MB, solutions = 18)
Nodefile size = 854.67 MB (466.02 MB after compression)
 1302262 1041797     5297.7906   212     5936.0000     2847.7309 37342366   52.03%
 1317307 1053109     4761.8762   132     5936.0000     2852.5084 37751659   51.95%
 1333026 1065852        cutoff           5936.0000     2856.5416 38234172   51.88%
 1347322 1080846     5041.0459   106     5936.0000     2861.6547 38751057   51.79%
 1361583 1092492     3588.2260    79     5936.0000     2868.0844 39138289   51.68%
 1377748 1107051     5012.5840    54     5936.0000     2874.0978 39645031   51.58%
 1394160 1121295     4408.9714    80     5936.0000     2880.0691 40118663   51.48%
 1409981 1135365     5208.3638   142     5936.0000     2884.4671 40635761   51.41%
 1427458 1146037     5149.9518   174     5936.0000     2892.4961 41005760   51.27%
 1441821 1164127     5179.5429    37     5936.0000     2895.8136 41599380   51.22%
Elapsed time = 396.40 sec. (364166.95 ticks, tree = 3269.81 MB, solutions = 18)
Nodefile size = 1222.09 MB (647.19 MB after compression)
 1457755 1174881     5705.6080   172     5936.0000     2903.1827 41983299   51.09%
 1473188 1186235        cutoff           5936.0000     2907.6294 42415849   51.02%
 1489723 1203214     4102.5251   136     5936.0000     2916.6325 43043005   50.87%
 1505499 1217615     4604.0256   227     5936.0000     2922.3667 43523664   50.77%
 1519396 1225171     4405.4522    82     5936.0000     2929.0690 43787872   50.66%
 1535147 1240004     4667.8254   150     5936.0000     2936.9935 44299718   50.52%
 1546512 1249973     5600.5909   164     5936.0000     2938.2142 44693151   50.50%
 1546513 1250095     4078.6970    83     5936.0000     2938.2142 44693398   50.50%
 1552217 1254756     4991.6114    46     5936.0000     2938.2142 44858941   50.50%
 1552286 1255051     4916.0864   188     5936.0000     2938.2142 44865904   50.50%
Elapsed time = 436.97 sec. (419391.61 ticks, tree = 3577.39 MB, solutions = 18)
Nodefile size = 1529.01 MB (800.98 MB after compression)
 1553292 1255664     4607.2162   113     5936.0000     2938.2142 44882883   50.50%
 1559717 1261699     4431.0257   188     5936.0000     2941.6729 45079686   50.44%
 1574759 1275967     4436.2698   213     5936.0000     2951.7144 45607130   50.27%
 1588441 1289693     4837.5316   143     5936.0000     2958.1507 46102152   50.17%
 1602870 1300198     5452.0810    36     5936.0000     2959.3244 46488039   50.15%
 1618223 1312893     3891.9168   328     5936.0000     2963.7656 46944854   50.07%
 1633532 1325701     4014.4325   108     5936.0000     2974.7647 47419817   49.89%
 1648780 1339390     4388.2764   124     5936.0000     2978.1114 47897261   49.83%
 1664288 1354270     4564.2187   265     5936.0000     2983.4615 48393182   49.74%
 1677344 1364723     5800.0496    97     5936.0000     2987.7763 48759199   49.67%
Elapsed time = 482.62 sec. (477846.67 ticks, tree = 3916.20 MB, solutions = 18)
Nodefile size = 1867.63 MB (957.63 MB after compression)
 1691563 1372650     5064.6508    53     5936.0000     2991.5126 49055830   49.60%
 1697560 1381468        cutoff           5936.0000     2991.5126 49372781   49.60%
 1703130 1386152     4201.5654   156     5936.0000     2993.8134 49556645   49.57%
 1714099 1393726     3062.7423   223     5936.0000     2999.3961 49841801   49.47%
 1728433 1408043     4935.3812    95     5936.0000     3003.3003 50402202   49.41%
 1742092 1421682     4224.7749   126     5936.0000     3006.1078 50913033   49.36%
 1755784 1432847     5135.3221   166     5936.0000     3009.1241 51339000   49.31%
 1770112 1439915     5439.6746   197     5936.0000     3014.4936 51597286   49.22%
 1784702 1456043        cutoff           5936.0000     3016.5184 52193677   49.18%
 1799501 1466227     5527.7264   172     5936.0000     3019.6501 52595253   49.13%
Elapsed time = 526.17 sec. (515997.60 ticks, tree = 4238.16 MB, solutions = 18)
Nodefile size = 2189.86 MB (1103.77 MB after compression)
 1813215 1478242     4443.9152   147     5936.0000     3022.7658 53026310   49.08%
 1826556 1490218     5167.6420    63     5936.0000     3024.3211 53452208   49.05%
 1842228 1505121        cutoff           5936.0000     3029.4440 53967813   48.96%
 1857443 1519419     4850.4589   166     5936.0000     3031.6707 54495400   48.93%
 1871434 1529340     4768.9889    62     5936.0000     3035.7537 54915987   48.86%
 1886768 1542194     5073.4328    72     5936.0000     3040.5792 55403437   48.78%
 1899783 1556121     3791.2565   127     5936.0000     3044.9050 55892252   48.70%
 1914386 1565003     5147.5732   187     5936.0000     3047.2574 56204230   48.66%
 1929450 1578852     4560.4998   159     5936.0000     3050.2122 56736336   48.62%
 1944945 1589332     4470.5288    89     5936.0000     3056.5000 57104167   48.51%
Elapsed time = 573.87 sec. (554148.40 ticks, tree = 4567.18 MB, solutions = 18)
Nodefile size = 2519.02 MB (1231.74 MB after compression)
 1960216 1603898     4918.4199   135     5936.0000     3061.8808 57645419   48.42%
 1975031 1616504     5398.2674    74     5936.0000     3065.8357 58126053   48.35%
 1987062 1629410     5769.4543   147     5936.0000     3066.3523 58602152   48.34%
 1989978 1630056     4596.2077   248     5936.0000     3068.4691 58622196   48.31%
 1990546 1630627     4717.1215    77     5936.0000     3068.4691 58645740   48.31%
 1990807 1630911     4772.4998    69     5936.0000     3068.4691 58651235   48.31%
 1991476 1631732     5006.1475   194     5936.0000     3068.4691 58676016   48.31%
 2004658 1639578     4998.8965   114     5936.0000     3073.9434 58985480   48.22%
 2017913 1651225     5729.5946   189     5936.0000     3075.2135 59409252   48.19%
 2024512 1656627     5767.8367   229     5936.0000     3075.2135 59625080   48.19%
Elapsed time = 606.57 sec. (611719.23 ticks, tree = 4880.92 MB, solutions = 18)
Nodefile size = 2832.37 MB (1387.40 MB after compression)
 2038753 1664234     4959.5025   105     5936.0000     3081.3856 59868526   48.09%
 2054520 1679120     4782.8884    85     5936.0000     3087.6091 60390813   47.99%
 2069425 1697040     5824.7212   141     5936.0000     3091.7222 61056489   47.92%
 2081354 1706646     4586.3772   103     5936.0000     3093.4870 61434985   47.89%
 2095706 1716073     4821.2950   216     5936.0000     3093.4870 61764616   47.89%
 2110032 1728849     5449.0188    60     5936.0000     3099.6284 62225327   47.78%
 2124421 1740907     4181.1595   114     5936.0000     3102.7758 62707158   47.73%
 2139639 1754943     4401.6758    73     5936.0000     3105.1100 63217093   47.69%
 2154608 1769022     5748.8378    80     5936.0000     3107.1148 63712930   47.66%
 2166830 1779704     4911.1640   213     5936.0000     3111.2980 64096685   47.59%
Elapsed time = 654.16 sec. (649869.67 ticks, tree = 5222.43 MB, solutions = 18)
Nodefile size = 3173.78 MB (1519.71 MB after compression)
 2180972 1791908     5022.3436    66     5936.0000     3115.4367 64542783   47.52%
 2195442 1799954     5640.5188   189     5936.0000     3117.5388 64869268   47.48%
 2208835 1817686     5048.1247    73     5936.0000     3119.6065 65513044   47.45%
 2223072 1827035     5701.3833   106     5936.0000     3120.9701 65870507   47.42%
 2237194 1841434     5079.6030    82     5936.0000     3124.9647 66427600   47.36%
 2248804 1850178     5164.9752   190     5936.0000     3128.2453 66747755   47.30%
 2262665 1859456     4504.8598    68     5936.0000     3132.5636 67147851   47.23%
 2276755 1869188     5023.6644   152     5936.0000     3134.4217 67563414   47.20%
 2291523 1884986    infeasible           5936.0000     3137.2368 68154095   47.15%
 2306003 1894616     4871.3418   113     5936.0000     3141.1133 68513107   47.08%
Elapsed time = 700.40 sec. (688018.86 ticks, tree = 5530.89 MB, solutions = 18)
Nodefile size = 3482.62 MB (1632.49 MB after compression)
 2319707 1907860     4992.7648   175     5936.0000     3144.9829 69012280   47.02%
 2324504 1914447        cutoff           5936.0000     3144.9882 69265243   47.02%
 2327239 1914665     4426.3799    93     5936.0000     3144.9882 69269278   47.02%
 2332402 1920662        cutoff           5936.0000     3144.9882 69480784   47.02%
 2339254 1925511     4924.3156   272     5936.0000     3146.9551 69656713   46.99%
 2351019 1931892     4814.3889   157     5936.0000     3152.4097 69908509   46.89%
 2364515 1946579     4797.2565   157     5936.0000     3155.2109 70490059   46.85%
 2376998 1959985     4525.3570   272     5936.0000     3157.0521 71026350   46.82%
 2390528 1966015     5234.9325    47     5936.0000     3160.3386 71284210   46.76%
 2403918 1979288     5077.4988   201     5936.0000     3164.2872 71804048   46.69%
Elapsed time = 741.92 sec. (739485.53 ticks, tree = 5880.90 MB, solutions = 18)
Nodefile size = 3832.19 MB (1796.55 MB after compression)
 2417806 1989060     5477.5724   154     5936.0000     3167.1302 72217451   46.65%
 2430306 2003411     5608.8597   147     5936.0000     3173.5317 72796702   46.54%
 2444288 2011026     5684.2460    79     5936.0000     3175.9995 73082137   46.50%
 2456290 2021693     4842.8190   150     5936.0000     3177.5323 73515462   46.47%
 2462394 2025494     4886.9990   209     5936.0000     3177.8317 73680601   46.47%
 2475622 2040385     5876.0889    18     5936.0000     3183.0978 74282903   46.38%
 2488777 2050233     5467.7276   170     5936.0000     3183.3956 74706145   46.37%
 2502883 2058868     4869.9285    91     5936.0000     3185.0609 75080925   46.34%
 2514226 2070992     4502.1397   199     5936.0000     3187.3958 75567584   46.30%
 2528074 2080943     5127.4504   115     5936.0000     3192.5086 76002279   46.22%
Elapsed time = 786.49 sec. (777636.99 ticks, tree = 6239.70 MB, solutions = 18)
Nodefile size = 4190.82 MB (1949.46 MB after compression)
 2541286 2088647     5549.8410    85     5936.0000     3194.3152 76319279   46.19%
 2556015 2106914        cutoff           5936.0000     3199.1618 77026088   46.11%
 2569841 2113795     5614.2640   167     5936.0000     3202.5973 77285770   46.05%
 2583779 2129920     5803.9263    68     5936.0000     3204.7271 77952683   46.01%
 2596162 2141582     4857.3209   183     5936.0000     3208.1700 78412285   45.95%
Starting limited solution polishing.
 2605925 2149076     5491.8498    67     5936.0000     3208.6510 78742675   45.95%
 2612677 2153396     4677.7370   237     5936.0000     3212.5101 78929669   45.88%
 2618036 2160240     4668.5200   235     5936.0000     3214.3045 79222199   45.85%
 2622808 2163074     4374.4198   226     5936.0000     3215.1672 79349345   45.84%
 2626629 2166488     4849.4690   111     5936.0000     3215.1672 79463978   45.84%
Elapsed time = 828.50 sec. (815788.79 ticks, tree = 6469.64 MB, solutions = 18)
Nodefile size = 4421.41 MB (2031.25 MB after compression)
 2630657 2170273     4597.3525   149     5936.0000     3215.1672 79615923   45.84%
 2633865 2173127     4540.8565    83     5936.0000     3218.2807 79719712   45.78%
 2637883 2176586     5074.2255    80     5936.0000     3218.5573 79854881   45.78%
 2642866 2179880     4752.4253   124     5936.0000     3218.5573 79961810   45.78%
 2646294 2177108     5701.7304   130     5936.0000     3218.9819 79874061   45.77%
 2650741 2188208     5131.6250    46     5936.0000     3218.9819 80272885   45.77%
 2653884 2186649     4872.3861   208     5936.0000     3220.9578 80211891   45.74%
 2656840 2192792     5503.4601   139     5936.0000     3224.0609 80469331   45.69%
 2660397 2196617     5001.9062   119     5936.0000     3224.0667 80615460   45.69%
 2663347 2198645     3662.8334   239     5936.0000     3224.4073 80694674   45.68%
Elapsed time = 863.79 sec. (853947.40 ticks, tree = 6568.27 MB, solutions = 18)
Nodefile size = 4520.30 MB (2069.97 MB after compression)
 2667241 2199629     5395.1997   147     5936.0000     3225.4057 80740903   45.66%
 2670913 2204689     4963.7286   197     5936.0000     3225.4057 80930948   45.66%
 2674370 2207920        cutoff           5936.0000     3226.9624 81067550   45.64%
 2677311 2210114     4990.8463   180     5936.0000     3228.3151 81144274   45.61%
 2681770 2212653     5314.4763   137     5936.0000     3228.3384 81253219   45.61%
 2684653 2215575     5556.3212    74     5936.0000     3229.6127 81380230   45.59%
 2688551 2218958     5449.6427    72     5936.0000     3230.6956 81524089   45.57%
 2694342 2222570     4320.5796   120     5936.0000     3230.6956 81673503   45.57%
 2703015 2230572     4964.4274   217     5936.0000     3232.4069 81975469   45.55%
 2712143 2237791     5258.1385    79     5936.0000     3233.3754 82309343   45.53%
Elapsed time = 899.79 sec. (892098.09 ticks, tree = 6673.42 MB, solutions = 18)
Nodefile size = 4625.33 MB (2106.96 MB after compression)

Cover cuts applied:  75
Zero-half cuts applied:  3
Gomory fractional cuts applied:  8

Root node processing (before b&c):
  Real time             =    1.42 sec. (1884.52 ticks)
Parallel b&c, 32 threads:
  Real time             =  901.87 sec. (902883.35 ticks)
  Sync time (average)   =  421.78 sec.
  Wait time (average)   =    0.08 sec.
                          ------------
Total (root+branch&cut) =  903.29 sec. (904767.88 ticks)

Solution pool: 18 solutions saved.

MIP - Time limit exceeded, integer feasible:  Objective =  5.9360000000e+03
Current MIP best bound =  3.2370858963e+03 (gap = 2698.91, 45.47%)
Solution time =  903.30 sec.  Iterations = 82515070  Nodes = 2713318 (2242599)
Deterministic time = 904767.90 ticks  (1001.63 ticks/sec)

CPLEX> MILP problem relaxed to LP with fixed integer variables using
incumbent solution.
CPLEX> Version identifier: 22.1.1.0 | 2022-11-28 | 9160aff4d
CPXPARAM_TimeLimit                               900
Parallel mode: deterministic, using up to 32 threads for concurrent optimization:
 * Starting dual Simplex on 1 thread...
 * Starting Barrier on 30 threads...
 * Starting primal Simplex on 1 thread...
Tried aggregator 1 time.
LP Presolve eliminated 55401 rows and 6893 columns.
All rows and columns eliminated.
Presolve time = 0.01 sec. (21.96 ticks)

Dual simplex solved model.


Dual simplex - Optimal:  Objective =  5.9360000000e+03
Solution time =    0.04 sec.  Iterations = 0 (0)
Deterministic time = 46.54 ticks  (1047.42 ticks/sec)

CPLEX> Solution written to file '/tmp/3bdcfab813f545178e2a8505ae918b5f-pulp.sol'.
CPLEX> Root classes: ['29']
Status: Optimal
Solved x values:
['0.0', '1382.0', '425.0', '1488.0', '38.0', '1547.0', '348.0', '29.0', '5070.0', '153.0', '466.0', '150.49', '6827.0', '14.0', '6567.0', '1461.0', '11.0', '8.0', '5.0', '2.0', '126.0', '8377.0', '5982.0', '55.33', '1183.0', '5840.0', '356.2', '6835.0', '28.5', '5949.0', '25.7', '7774.0', '149.0', '1469.0', '19.5', '5878.0', '456.0', '140.0', '391.0', '1209.0', '10.0', '7.0', '4.0', '1.0', '6427.0', '57.0', '54.0', '1377.0', '5848.0', '6471.0', '355.0', '6152.0', '39.0', '5960.0', '154.94', '1474.0', '396.0', '6001.0', '12.0', '9.0', '6.0', '3.0', '127.0', '127.2', '127.3']
