Welcome to the CBC MILP Solver 
Version: 2.10.3 
Build Date: Dec 15 2019 

command line - /work/zhang-x2/users/yc2632/miniconda3/envs/smoothe-test/lib/python3.9/site-packages/pulp/solverdir/cbc/linux/64/cbc /tmp/9884eaee30a74a4184cb62ceac7003a9-pulp.mps -sec 900 -timeMode elapsed -branch -printingOptions all -solution /tmp/9884eaee30a74a4184cb62ceac7003a9-pulp.sol (default strategy 1)
At line 2 NAME          MODEL
At line 3 ROWS
At line 373948 COLUMNS
At line 1893616 RHS
At line 2267560 BOUNDS
At line 2470782 ENDATA
Problem MODEL has 373943 rows, 203221 columns and 1121589 elements
Coin0008I MODEL read with 0 errors
seconds was changed from 1e+100 to 900
Option for timeMode changed from cpu to elapsed
Continuous objective value is 22 - 2.08 seconds
Cgl0004I processed model has 186971 rows, 194976 columns (194976 integer (194976 of which binary)) and 560556 elements
Cutoff increment increased from 1e-05 to 0.9999
Cbc0038I Initial state - 199 integers unsatisfied sum - 46.2174
Cbc0038I Pass   1: (5.90 seconds) suminf.    0.00000 (0) obj. 22 iterations 16484
Cbc0038I Solution found of 22
Cbc0038I Before mini branch and bound, 194769 integers at bound fixed and 0 continuous
Cbc0038I Mini branch and bound did not improve solution (6.03 seconds)
Cbc0038I After 6.04 seconds - Feasibility pump exiting with objective of 22 - took 2.26 seconds
Cbc0012I Integer solution of 22 found by feasibility pump after 0 iterations and 0 nodes (6.09 seconds)
Cbc0001I Search completed - best objective 22, took 0 iterations and 0 nodes (6.21 seconds)
Cbc0035I Maximum depth 0, 0 variables fixed on reduced cost
Cuts at root node changed objective from 22 to 22
Probing was tried 0 times and created 0 cuts of which 0 were active after adding rounds of cuts (0.000 seconds)
Gomory was tried 0 times and created 0 cuts of which 0 were active after adding rounds of cuts (0.000 seconds)
Knapsack was tried 0 times and created 0 cuts of which 0 were active after adding rounds of cuts (0.000 seconds)
Clique was tried 0 times and created 0 cuts of which 0 were active after adding rounds of cuts (0.000 seconds)
MixedIntegerRounding2 was tried 0 times and created 0 cuts of which 0 were active after adding rounds of cuts (0.000 seconds)
FlowCover was tried 0 times and created 0 cuts of which 0 were active after adding rounds of cuts (0.000 seconds)
TwoMirCuts was tried 0 times and created 0 cuts of which 0 were active after adding rounds of cuts (0.000 seconds)
ZeroHalf was tried 0 times and created 0 cuts of which 0 were active after adding rounds of cuts (0.000 seconds)

Result - Optimal solution found

Objective value:                22.00000000
Enumerated nodes:               0
Total iterations:               0
Time (CPU seconds):             6.53
Time (Wallclock seconds):       6.92

Option for printingOptions changed from normal to all
Total time (CPU seconds):       7.23   (Wallclock seconds):       7.66

Root classes: ['8243']
Status: Optimal
Solved x values:
['0.0', '2.0', '15.0', '358.0', '602.0', '840.0', '1816.0', '2398.0', '3004.0', '3606.0', '4023.0', '4533.0', '5126.0', '5489.0', '5548.0', '5624.0', '5847.0', '6434.0', '6668.0', '7244.0', '7401.0', '7729.0', '8124.0', '8125.1', '8126.0', '8127.0', '8128.0', '8129.111', '8130.152', '8131.0', '8132.0', '8133.2410', '8134.1', '8135.1', '8136.0', '8137.1067', '8138.0', '8139.945', '8140.122', '8141.105', '8142.110', '8143.2', '8144.25', '8145.14', '8146.0', '8147.108', '8148.0', '8149.129', '8150.0', '8151.112', '8152.0', '8153.15', '8154.0', '8155.19', '8156.1', '8157.0', '8158.110', '8159.6138', '8160.103', '8161.0', '8162.1', '8163.114', '8164.0', '8165.164', '8166.46', '8167.1042', '8168.146', '8169.110', '8170.66', '8171.0', '8172.9', '8173.16', '8174.32', '8175.0', '8176.107', '8177.0', '8178.1', '8179.1180', '8180.49', '8181.385', '8182.0', '8183.22', '8184.0', '8185.8', '8186.0', '8187.399', '8188.225', '8189.0', '8190.0', '8191.165', '8192.1008', '8193.0', '8194.46', '8195.58', '8196.97', '8197.1', '8198.3', '8199.0', '8200.1010', '8201.169', '8202.0', '8203.49', '8204.62', '8205.19', '8206.39', '8207.1', '8208.0', '8209.0', '8210.50', '8211.18', '8212.3', '8213.0', '8214.168', '8215.1', '8216.0', '8217.1003', '8218.0', '8219.41', '8220.1', '8221.0', '8222.1', '8223.32', '8224.0', '8225.1', '8226.32', '8227.1', '8228.12', '8229.22', '8230.0', '8231.1', '8232.26', '8233.2109', '8234.0', '8235.134', '8236.0', '8237.1064', '8238.0', '8239.1167', '8240.189', '8241.127', '8242.21', '8243.0']
