
Welcome to IBM(R) ILOG(R) CPLEX(R) Interactive Optimizer 22.1.1.0
  with Simplex, Mixed Integer & Barrier Optimizers
5725-A06 5725-A29 5724-Y48 5724-Y49 5724-Y54 5724-Y55 5655-Y21
Copyright IBM Corp. 1988, 2022.  All Rights Reserved.

Type 'help' for a list of available commands.
Type 'help' followed by a command name for more
information on commands.

CPLEX> Problem '/tmp/482412e6495e4294be9a4703b13bcf56-pulp.lp' read.
Read time = 0.26 sec. (35.38 ticks)
CPLEX> New value for time limit in seconds: 900
CPLEX> Version identifier: 22.1.1.0 | 2022-11-28 | 9160aff4d
CPXPARAM_TimeLimit                               900
Tried aggregator 4 times.
MIP Presolve eliminated 187055 rows and 16268 columns.
Aggregator did 186858 substitutions.
Reduced MIP has 30 rows, 95 columns, and 298 nonzeros.
Reduced MIP has 95 binaries, 0 generals, 0 SOSs, and 0 indicators.
Presolve time = 0.46 sec. (742.56 ticks)
Found incumbent of value 27.000000 after 0.48 sec. (772.16 ticks)
Probing time = 0.00 sec. (0.02 ticks)
Tried aggregator 1 time.
Detecting symmetries...
Reduced MIP has 30 rows, 95 columns, and 298 nonzeros.
Reduced MIP has 95 binaries, 0 generals, 0 SOSs, and 0 indicators.
Presolve time = 0.00 sec. (0.17 ticks)
Probing time = 0.00 sec. (0.02 ticks)
MIP emphasis: balance optimality and feasibility.
MIP search method: dynamic search.
Parallel mode: deterministic, using up to 32 threads.
Root relaxation solution time = 0.00 sec. (0.08 ticks)

        Nodes                                         Cuts/
   Node  Left     Objective  IInf  Best Integer    Best Bound    ItCnt     Gap

*     0+    0                           27.0000        7.0000            74.07%
*     0     0      integral     0       22.0000       22.0000       22    0.00%
Elapsed time = 0.51 sec. (802.74 ticks, tree = 0.00 MB, solutions = 2)

Root node processing (before b&c):
  Real time             =    0.51 sec. (809.52 ticks)
Parallel b&c, 32 threads:
  Real time             =    0.00 sec. (0.00 ticks)
  Sync time (average)   =    0.00 sec.
  Wait time (average)   =    0.00 sec.
                          ------------
Total (root+branch&cut) =    0.51 sec. (809.52 ticks)

Solution pool: 2 solutions saved.

MIP - Integer optimal solution:  Objective =  2.2000000000e+01
Solution time =    0.52 sec.  Iterations = 22  Nodes = 0
Deterministic time = 810.10 ticks  (1568.06 ticks/sec)

CPLEX> MILP problem relaxed to LP with fixed integer variables using
incumbent solution.
CPLEX> Version identifier: 22.1.1.0 | 2022-11-28 | 9160aff4d
CPXPARAM_TimeLimit                               900
Parallel mode: deterministic, using up to 32 threads for concurrent optimization:
 * Starting dual Simplex on 1 thread...
 * Starting Barrier on 30 threads...
 * Starting primal Simplex on 1 thread...
Tried aggregator 1 time.
LP Presolve eliminated 373943 rows and 203221 columns.
All rows and columns eliminated.
Presolve time = 0.08 sec. (141.10 ticks)

Dual simplex solved model.


Dual simplex - Optimal:  Objective =  2.2000000000e+01
Solution time =    0.37 sec.  Iterations = 0 (0)
Deterministic time = 306.89 ticks  (818.39 ticks/sec)

CPLEX> Solution written to file '/tmp/482412e6495e4294be9a4703b13bcf56-pulp.sol'.
CPLEX> Root classes: ['8243']
Status: Optimal
Solved x values:
['473.0', '534.0', '693.0', '704.0', '810.0', '829.0', '3953.0', '4253.0', '4797.0', '4922.0', '5005.0', '5126.0', '5430.0', '5734.0', '5751.0', '7401.0', '7833.0', '7913.0', '8056.0', '8082.0', '8092.0', '8114.0', '8124.51', '8124.652', '8124.1387', '8124.1492', '8124.1667', '8124.2131', '8124.3518', '8124.3897', '8124.3903', '8124.3911', '8125.427', '8125.626', '8125.633', '8125.727', '8125.743', '8125.3366', '8125.3443', '8125.3531', '8125.3615', '8125.4059', '8125.4094', '8125.4171', '8126.2149', '8127.199', '8127.287', '8127.416', '8127.423', '8127.444', '8128.16', '8129.99', '8129.139', '8129.142', '8129.162', '8129.1675', '8129.1965', '8129.2030', '8129.2073', '8129.2254', '8129.3150', '8130.73', '8130.801', '8130.809', '8131.0', '8131.2', '8132.189', '8132.246', '8132.287', '8132.296', '8132.897', '8132.1224', '8132.1233', '8132.2384', '8132.2434', '8132.2513', '8132.2530', '8133.313', '8133.1567', '8133.1856', '8133.1919', '8133.1961', '8133.2172', '8133.3020', '8133.3235', '8133.3240', '8134.86', '8135.1', '8136.119', '8136.2131', '8136.2169', '8136.2244', '8137.240', '8137.279', '8137.285', '8137.1067', '8138.779', '8139.35', '8139.60', '8139.1227', '8139.1467', '8139.1506', '8140.1490', '8140.1494', '8141.55', '8142.126', '8142.131', '8143.8', '8144.43', '8145.5', '8146.441', '8146.574', '8146.664', '8146.682', '8146.2769', '8146.2900', '8146.3207', '8146.3220', '8147.78', '8147.127', '8147.1260', '8147.1976', '8147.2069', '8147.2134', '8147.2373', '8147.4043', '8147.4464', '8147.4543', '8147.4680', '8147.4706', '8147.4716', '8147.4738', '8148.51', '8149.294', '8150.242', '8150.287', '8151.82', '8151.133', '8151.2567', '8151.2658', '8151.2677', '8151.2786', '8151.2895', '8151.2902', '8151.3198', '8151.3379', '8151.3414', '8151.3491', '8152.926', '8152.1020', '8153.161', '8154.569', '8155.572', '8156.35', '8157.473', '8157.534', '8157.693', '8157.704', '8157.810', '8157.829', '8157.3953', '8157.4253', '8157.4797', '8157.4922', '8157.5005', '8157.5126', '8157.5430', '8157.5734', '8157.5751', '8157.7339', '8157.7889', '8157.7897', '8158.128', '8158.143', '8158.182', '8158.204', '8159.396', '8159.446', '8159.581', '8159.672', '8159.3295', '8159.3833', '8159.3957', '8159.4039', '8159.4441', '8159.4727', '8159.4743', '8159.6580', '8159.6641', '8159.6754', '8159.6777', '8159.6785', '8159.6802', '8160.120', '8160.141', '8160.947', '8160.971', '8160.1149', '8161.125', '8161.148', '8161.232', '8161.609', '8161.684', '8161.701', '8161.787', '8161.2130', '8161.2495', '8161.2501', '8162.499', '8162.506', '8162.585', '8162.3618', '8162.4134', '8162.4245', '8162.4857', '8162.4871', '8162.5458', '8162.5494', '8162.5573', '8162.5606', '8163.89', '8163.102', '8163.128', '8164.961', '8164.1024', '8164.1027', '8165.116', '8165.491', '8166.99', '8166.120', '8166.1193', '8167.783', '8168.654', '8169.469', '8169.482', '8170.77', '8171.1711', '8171.1717', '8172.16', '8173.23', '8173.81', '8174.54', '8175.392', '8175.442', '8175.575', '8175.666', '8175.1452', '8175.2173', '8175.2275', '8175.2349', '8175.2444', '8175.2618', '8175.2793', '8175.2801', '8175.3170', '8175.3362', '8175.3398', '8175.3477', '8175.3510', '8176.126', '8176.147', '8176.2580', '8176.4591', '8176.4597', '8177.124', '8177.144', '8177.194', '8178.373', '8178.535', '8178.555', '8179.76', '8179.2129', '8179.2422', '8179.2936', '8179.3039', '8179.3208', '8179.3580', '8180.113', '8181.75', '8181.214', '8181.341', '8181.2206', '8181.2283', '8181.2414', '8181.2440', '8181.2450', '8182.457', '8182.515', '8182.678', '8182.778', '8182.797', '8182.3334', '8182.3424', '8182.3536', '8182.3563', '8182.3714', '8182.3873', '8182.3886', '8182.4989', '8182.5035', '8182.5133', '8182.5156', '8183.24', '8184.906', '8184.991', '8184.2355', '8184.2369', '8185.8', '8186.386', '8186.435', '8186.557', '8186.647', '8186.663', '8186.3142', '8186.3235', '8186.3360', '8186.3669', '8186.3678', '8186.4749', '8186.4803', '8186.4890', '8186.4913', '8187.425', '8187.485', '8188.113', '8188.252', '8188.283', '8189.903', '8189.987', '8189.2292', '8190.469', '8190.530', '8190.688', '8190.699', '8190.805', '8190.824', '8190.2632', '8190.2790', '8190.2829', '8190.3022', '8190.3216', '8191.565', '8192.1862', '8192.1864', '8193.297', '8194.331', '8195.72', '8196.114', '8196.128', '8196.165', '8197.35', '8198.3', '8199.471', '8199.532', '8199.690', '8199.701', '8199.807', '8199.826', '8199.2624', '8199.2779', '8199.2815', '8199.2973', '8199.3146', '8200.1864', '8200.1868', '8201.567', '8202.331', '8203.302', '8204.75', '8205.19', '8206.114', '8206.128', '8206.165', '8207.35', '8208.473', '8208.534', '8208.693', '8208.704', '8208.810', '8208.829', '8208.3953', '8208.4253', '8208.4797', '8208.4922', '8208.5005', '8208.5126', '8208.5430', '8208.5734', '8208.5751', '8208.7401', '8208.7833', '8208.7913', '8208.8056', '8208.8082', '8208.8092', '8208.8114', '8209.473', '8209.534', '8209.693', '8209.704', '8209.810', '8209.829', '8209.3953', '8209.4253', '8209.4797', '8209.4922', '8209.5005', '8209.5126', '8209.5430', '8209.5734', '8209.5751', '8209.7898', '8209.7906', '8209.7919', '8210.58', '8211.66', '8211.81', '8212.3', '8213.473', '8213.534', '8213.693', '8213.704', '8213.810', '8213.829', '8213.3953', '8213.4251', '8213.4780', '8213.4890', '8213.4961', '8213.5073', '8213.5309', '8213.6968', '8213.7273', '8213.7331', '8213.7432', '8213.7455', '8213.7463', '8214.196', '8214.202', '8215.35', '8216.435', '8216.492', '8216.641', '8216.739', '8216.758', '8216.2950', '8216.3044', '8216.3144', '8216.3353', '8216.3819', '8216.3854', '8216.3931', '8217.60', '8217.1115', '8217.2394', '8217.2759', '8217.2765', '8218.898', '8218.977', '8219.11', '8219.20', '8220.35', '8221.204', '8221.229', '8221.365', '8222.351', '8222.358', '8222.1857', '8222.1898', '8223.31', '8224.932', '8224.1025', '8224.1089', '8224.1342', '8225.91', '8225.355', '8225.1803', '8225.2362', '8225.2370', '8225.2383', '8226.47', '8227.28', '8228.43', '8229.27', '8230.216', '8230.294', '8230.948', '8231.181', '8232.31', '8233.153', '8233.2233', '8233.3855', '8233.3908', '8233.3995', '8233.4013', '8233.4021', '8234.61', '8234.1197', '8234.1457', '8234.1501', '8234.1530', '8234.1607', '8235.46', '8235.159', '8235.253', '8235.336', '8236.69', '8237.225', '8237.299', '8238.192', '8238.283', '8239.76', '8239.1975', '8239.2127', '8239.2391', '8239.2483', '8239.3145', '8240.58', '8240.382', '8240.415', '8240.1139', '8240.1142', '8241.151', '8242.21', '8242.573', '8242.712', '8242.740', '8242.795', '8243.0']
