
Welcome to IBM(R) ILOG(R) CPLEX(R) Interactive Optimizer 22.1.1.0
  with Simplex, Mixed Integer & Barrier Optimizers
5725-A06 5725-A29 5724-Y48 5724-Y49 5724-Y54 5724-Y55 5655-Y21
Copyright IBM Corp. 1988, 2022.  All Rights Reserved.

Type 'help' for a list of available commands.
Type 'help' followed by a command name for more
information on commands.

CPLEX> Problem '/tmp/50d8a53b12b54e28bdd109d1f86dd021-pulp.lp' read.
Read time = 0.01 sec. (1.11 ticks)
CPLEX> New value for time limit in seconds: 900
CPLEX> Version identifier: 22.1.1.0 | 2022-11-28 | 9160aff4d
CPXPARAM_TimeLimit                               900
Tried aggregator 7 times.
MIP Presolve eliminated 4862 rows and 82 columns.
MIP Presolve modified 15705 coefficients.
Aggregator did 709 substitutions.
Reduced MIP has 7588 rows, 3343 columns, and 28000 nonzeros.
Reduced MIP has 2161 binaries, 0 generals, 0 SOSs, and 0 indicators.
Presolve time = 0.06 sec. (63.39 ticks)
Probing fixed 37 vars, tightened 16 bounds.
Probing time = 0.03 sec. (16.29 ticks)
Cover probing fixed 0 vars, tightened 8 bounds.
Tried aggregator 3 times.
Detecting symmetries...
MIP Presolve eliminated 100 rows and 37 columns.
MIP Presolve modified 114 coefficients.
Aggregator did 41 substitutions.
Reduced MIP has 7447 rows, 3265 columns, and 27007 nonzeros.
Reduced MIP has 2089 binaries, 0 generals, 0 SOSs, and 0 indicators.
Presolve time = 0.02 sec. (27.05 ticks)
Probing time = 0.01 sec. (2.97 ticks)
Clique table members: 5763.
MIP emphasis: balance optimality and feasibility.
MIP search method: dynamic search.
Parallel mode: deterministic, using up to 32 threads.
Root relaxation solution time = 0.05 sec. (16.12 ticks)

        Nodes                                         Cuts/
   Node  Left     Objective  IInf  Best Integer    Best Bound    ItCnt     Gap

      0     0        1.4224    14                      1.4224      180         
      0     0        1.4224    19                     Cuts: 8      200         
      0     0        1.4224    19                     Cuts: 3      205         
      0     0        1.4225    24                     Cuts: 3      212         
      0     0        1.4226    23                     Cuts: 6      215         
Detecting symmetries...
      0     2        1.4226    23                      1.4226      215         
Elapsed time = 1.16 sec. (670.00 ticks, tree = 0.02 MB, solutions = 0)
   1452  1002        1.4296     9                      1.4228    44692         
   3745  2710        1.9216    17                      1.4228   110231         

Performing restart 1

Repeating presolve.
Tried aggregator 1 time.
MIP Presolve modified 4 coefficients.
Reduced MIP has 7447 rows, 3265 columns, and 27007 nonzeros.
Reduced MIP has 2089 binaries, 0 generals, 0 SOSs, and 0 indicators.
Presolve time = 0.01 sec. (11.92 ticks)
Tried aggregator 1 time.
Reduced MIP has 7447 rows, 3265 columns, and 27007 nonzeros.
Reduced MIP has 2089 binaries, 0 generals, 0 SOSs, and 0 indicators.
Presolve time = 0.02 sec. (16.82 ticks)
Represolve time = 0.05 sec. (38.54 ticks)
   5541     0        1.4227    20                    Cuts: 12   174142         
   5541     0        1.4228    36                    Cuts: 10   174174         
   5541     0        1.4234    36                    Cuts: 11   174193         
   5541     0        1.4240    15                    Cuts: 20   174217         
   5541     0        1.4240    28                     Cuts: 7   174251         
   5541     0        1.4240    31                    Cuts: 16   174269         
   5541     0        1.4245    29                    Cuts: 10   174294         
   5541     0        1.4245    25                     Cuts: 3   174306         
   5541     0        1.4250    27                    Cuts: 10   174319         
   5541     0        1.4250    35                 ZeroHalf: 9   174373         
   5541     0        1.4250    33                     Cuts: 8   174395         
   5541     0        1.4253    25                    Cuts: 12   174415         
   5541     0        1.4255    19                    Cuts: 20   174445         
   5541     0        1.4259    29                     Cuts: 5   174459         
   5541     0        1.4259    25                 ZeroHalf: 8   174465         
   5541     0        1.4267    14                 ZeroHalf: 5   174472         
   5541     0        1.4267    22                    Cuts: 20   174517         
   5541     2        1.4267    10                      1.4267   174517         
   6032   333        1.9884    17                      1.4267   185216         
   7593  1491        1.9892    13                      1.4267   209954         
   9633  2974        2.6725    17                      1.4267   232128         
  12187  5695        1.9885    33                      1.4267   271631         
  14675  7712        2.6583    23                      1.4267   297237         
  17397  9538        3.5149    23                      1.4267   318898         
  28655 18956        1.4273    32                      1.4267   442181         
Elapsed time = 5.22 sec. (4898.32 ticks, tree = 48.90 MB, solutions = 0)

Performing restart 2

Repeating presolve.
Tried aggregator 1 time.
Reduced MIP has 7447 rows, 3265 columns, and 27494 nonzeros.
Reduced MIP has 2089 binaries, 0 generals, 0 SOSs, and 0 indicators.
Presolve time = 0.01 sec. (12.08 ticks)
Tried aggregator 1 time.
Reduced MIP has 7447 rows, 3265 columns, and 27494 nonzeros.
Reduced MIP has 2089 binaries, 0 generals, 0 SOSs, and 0 indicators.
Presolve time = 0.02 sec. (16.99 ticks)
Represolve time = 0.06 sec. (40.44 ticks)
  37858     0        1.4267    11                    Cuts: 12   592967         
  37858     0        1.4267    12                     Cuts: 9   593041         
  37858     2        1.4267    10                      1.4267   593041         
  40692  2218        1.4267    23                      1.4267   654756         
  46922  7255        2.3527    24                      1.4267   751966         
  53872 13157        4.1536    41                      1.4267   855484         
  61776 20584        2.2658    39                      1.4267   977586         
  69867 27855        1.9815    23                      1.4267  1101186         
  78636 36043        1.4268    24                      1.4267  1232501         
  87661 43108        2.7151    24                      1.4267  1347262         
  96120 50846        2.8412    25                      1.4267  1495745         
 104739 58513        3.2387    11                      1.4267  1639873         
Elapsed time = 14.31 sec. (14845.99 ticks, tree = 126.54 MB, solutions = 0)
 113082 66465        2.3212    37                      1.4267  1805591         
 121519 72287        1.9940    25                      1.4267  1914948         
 130042 79096        1.4269    28                      1.4267  2036497         
 138995 88626        2.6797    40                      1.4268  2206721         
 147506 96476        2.1920    26                      1.4268  2357166         
 156030 103005        1.4270    30                      1.4268  2484918         
*159406 105599      integral     0       10.2035        1.4268  2538230   86.02%
 167416 113267        2.5438    19       10.2035        1.4268  2688592   86.02%
*170464 116430      integral     0       10.2022        1.4268  2745463   86.02%
 176207 119099        1.8006   102       10.2022        1.4268  2796435   86.02%
*179313 124775      integral     0        6.5970        1.4268  2898977   78.37%
*179348+124775                            6.5967        1.4268            78.37%
*179458+123342                            5.9577        1.4268            76.05%
 184467 124583        4.9434    15        5.9577        1.4268  2953211   76.05%
Elapsed time = 22.52 sec. (23838.84 ticks, tree = 261.60 MB, solutions = 5)
*191881+129314                            5.3713        1.4268            73.44%
*191931+129314                            5.1957        1.4268            72.54%
 193007 132619        1.9886    20        5.1957        1.4268  3107612   72.54%
*193063+131152                            5.1948        1.4268            72.53%
*194292+131857                            5.1947        1.4268            72.53%
*194494+131671                            5.1945        1.4268            72.53%
*195530+133772                            5.1945        1.4268            72.53%
*196016+134113                            5.1829        1.4268            72.47%
*198340+135359                            5.1827        1.4268            72.47%
 201340 137484        2.5287    35        5.1827        1.4268  3243689   72.47%
 210650 145020        2.0108    37        5.1827        1.4268  3383416   72.47%
 218082 153031        1.9912    64        5.1827        1.4268  3545528   72.47%
*223948 156108      integral     0        5.1662        1.4268  3616665   72.38%
*224265+159334                            5.1661        1.4268            72.38%
*225055 159054      integral     0        5.1272        1.4268  3686441   72.17%
 226499 160654        3.5582    40        5.1272        1.4268  3727077   72.17%
*232486+165182                            5.1271        1.4268            72.17%
 235075 164823        2.2938    34        5.1271        1.4268  3819956   72.17%
 243310 173649        2.0448    78        5.1271        1.4268  4029985   72.17%
 251917 182793        1.9891    54        5.1271        1.4268  4222341   72.17%
 260399 188049        2.1738    63        5.1271        1.4268  4341451   72.17%
 268741 195658        1.9907    52        5.1271        1.4268  4526860   72.17%
Elapsed time = 31.57 sec. (33376.49 ticks, tree = 417.34 MB, solutions = 20)
 276927 204937        3.0569    35        5.1271        1.4268  4749018   72.17%
 285288 210445        1.9216    57        5.1271        1.4268  4887446   72.17%
 293527 217517        3.0873    28        5.1271        1.4268  5054390   72.17%
 302627 224748        2.5266    55        5.1271        1.4268  5220169   72.17%
 310613 235059        2.1673    43        5.1271        1.4268  5477606   72.17%
 319527 243777        1.9886    17        5.1271        1.4268  5683830   72.17%
 327353 248826        3.3982    88        5.1271        1.4268  5812473   72.17%
 335938 254843        1.9920    88        5.1271        1.4268  5957493   72.17%
 343984 263051        1.9838    14        5.1271        1.4268  6168705   72.17%
 351962 270498        3.0562    51        5.1271        1.4268  6361731   72.17%
Elapsed time = 40.55 sec. (42914.18 ticks, tree = 576.95 MB, solutions = 20)
 359713 276803        1.8118   171        5.1271        1.4268  6528437   72.17%
 367624 283709        4.0832    59        5.1271        1.4268  6718267   72.17%
*376404 294004      integral     0        5.0903        1.4268  6963516   71.97%
*378086+294740                            5.0901        1.4268            71.97%
 384235 298334        2.1672   157        5.0901        1.4268  7078826   71.97%
 392625 307248        3.8157    40        5.0901        1.4268  7292831   71.97%
*394703 307075      integral     0        5.0606        1.4268  7289304   71.81%
*394845+310404                            5.0472        1.4268            71.73%
*400191 314175      integral     0        5.0400        1.4268  7468920   71.69%
*400797+315167                            5.0266        1.4268            71.61%
 402966 316141        2.5211   155        5.0266        1.4268  7525334   71.61%
 411499 324180        2.7614   119        5.0266        1.4268  7711916   71.61%
 418830 328972        4.6149     9        5.0266        1.4269  7818111   71.61%
 427241 335013        2.1810    46        5.0266        1.4269  7962839   71.61%
Elapsed time = 48.91 sec. (51708.04 ticks, tree = 720.09 MB, solutions = 29)
 436221 346441        3.7095    45        5.0266        1.4269  8234986   71.61%
 444392 352895        cutoff              5.0266        1.4269  8385428   71.61%
 453493 361230        1.5138    92        5.0266        1.4269  8588043   71.61%
 461693 365590        2.1827    48        5.0266        1.4269  8686443   71.61%
 469883 373257        2.5597   145        5.0266        1.4269  8852668   71.61%
 478552 381238        2.1810    44        5.0266        1.4269  9035276   71.61%
 487038 391558        1.5222    74        5.0266        1.4269  9271650   71.61%
 496313 397256        2.7060    43        5.0266        1.4269  9405349   71.61%
 504460 404215        3.1642    59        5.0266        1.4269  9564562   71.61%
 512168 413210        1.5385   102        5.0266        1.4269  9796430   71.61%
Elapsed time = 57.94 sec. (61246.30 ticks, tree = 891.41 MB, solutions = 29)
 520838 419818        3.1463    50        5.0266        1.4269  9961651   71.61%
 529070 428008        2.4579    13        5.0266        1.4269 10153211   71.61%
 537456 435494        2.1873    41        5.0266        1.4269 10351994   71.61%
 545314 444128    infeasible              5.0266        1.4269 10565719   71.61%
 554223 449360        2.5044    59        5.0266        1.4269 10682824   71.61%
 562670 457911        4.2902    54        5.0266        1.4269 10896128   71.61%
 569708 466399        3.5287    38        5.0266        1.4269 11118075   71.61%
*571911 468533      integral     0        4.9840        1.4269 11172332   71.37%
*572187+467467                            4.9838        1.4269            71.37%
*572211+467467                            4.9837        1.4269            71.37%
 578434 470001        4.7592    24        4.9837        1.4269 11239445   71.37%
 586765 480518        2.5193   119        4.9837        1.4269 11496242   71.37%
 595185 487357        2.3505    56        4.9837        1.4269 11650840   71.37%
Elapsed time = 67.16 sec. (70784.68 ticks, tree = 1056.12 MB, solutions = 32)
 603787 493486    infeasible              4.9837        1.4269 11803454   71.37%
*609074 499924      integral     0        4.9409        1.4269 11965852   71.12%
*610033+500246                            4.9407        1.4269            71.12%
 611193 501748    infeasible              4.9407        1.4269 12016957   71.12%
 620363 505330        2.6455    42        4.9407        1.4269 12149784   71.12%
 629245 517064        3.5683    51        4.9407        1.4269 12413181   71.12%
 637817 521959        3.7090   103        4.9407        1.4269 12516651   71.12%
 646215 531038        3.4221    46        4.9407        1.4269 12746497   71.12%
 654159 539805        2.1739    21        4.9407        1.4269 12970553   71.12%
 663006 543984        1.4479   160        4.9407        1.4269 13070750   71.12%
 671451 552309        2.1631   152        4.9407        1.4269 13268860   71.12%
 678967 559094        3.7838    27        4.9407        1.4269 13452468   71.12%
Elapsed time = 76.75 sec. (80322.61 ticks, tree = 1210.95 MB, solutions = 34)
 687550 568221        1.4571   208        4.9407        1.4269 13698113   71.12%
 696280 573608        3.4921   135        4.9407        1.4269 13811902   71.12%
 705457 584338        1.9387   119        4.9407        1.4270 14045831   71.12%
 714164 594464        1.8354    93        4.9407        1.4270 14265310   71.12%
 721783 598470        4.8173    13        4.9407        1.4270 14363312   71.12%
 730667 607883        4.4974    25        4.9407        1.4270 14587613   71.12%
 739592 613756        1.9424   108        4.9407        1.4270 14723164   71.12%
 747900 624822        1.9211    44        4.9407        1.4270 14982350   71.12%
 756014 632444        2.0301   102        4.9407        1.4270 15162581   71.12%
*778726+652200                            4.9326        1.4270            71.07%
*778766+652200                            4.9325        1.4270            71.07%
 791606 659892        3.0233    60        4.9325        1.4270 15777406   71.07%
Elapsed time = 89.49 sec. (92721.24 ticks, tree = 1436.29 MB, solutions = 36)
*812043+680067                            4.9105        1.4270            70.94%
 825218 692499        1.9846    21        4.9105        1.4271 16594800   70.94%
 859674 724407        2.4780    51        4.9105        1.4274 17348494   70.93%
 892562 751329        1.9959   150        4.9105        1.4317 17976389   70.84%
 929126 781669        2.2661    91        4.9105        1.4338 18608991   70.80%
 963652 815882        1.9374   175        4.9105        1.4346 19354045   70.78%
*977170+829083                            4.9022        1.4359            70.71%
*987959+835093                            4.8939        1.4377            70.62%
 998395 848612        1.9647   147        4.8939        1.4380 20013210   70.62%
 1033150 876901    infeasible              4.8939        1.4410 20598965   70.55%
 1068664 906482        2.6277    57        4.8939        1.4432 21190349   70.51%
 1105500 942041        4.1611    15        4.8939        1.4453 21820098   70.47%
*1116812+954067                            4.8508        1.4454            70.20%
 1141976 973195        3.7352    57        4.8508        1.4469 22447494   70.17%
Elapsed time = 132.18 sec. (130869.32 ticks, tree = 2153.11 MB, solutions = 40)
Nodefile size = 104.88 MB (45.75 MB after compression)
 1176772 1005745        4.7699    39        4.8508        1.4486 23059395   70.14%
 1212247 1036765        3.5858    50        4.8508        1.4509 23679144   70.09%
 1246164 1065030        2.5191    51        4.8508        1.4528 24221504   70.05%
 1282087 1102406        1.9707    30        4.8508        1.4543 24930296   70.02%
 1317004 1133207        2.1767    26        4.8508        1.4559 25521144   69.99%
 1352225 1166846        1.5639    68        4.8508        1.4576 26171167   69.95%
 1388770 1198139        2.3341    37        4.8508        1.4592 26756956   69.92%
 1422911 1226134        1.9936    57        4.8508        1.4607 27308191   69.89%
 1457933 1260757        1.4872    94        4.8508        1.4630 27976746   69.84%
 1491910 1288294        3.7775   130        4.8508        1.4643 28510193   69.81%
Elapsed time = 195.84 sec. (169017.11 ticks, tree = 2866.17 MB, solutions = 40)
Nodefile size = 818.05 MB (328.21 MB after compression)
 1528265 1321692        2.8535    64        4.8508        1.4658 29106854   69.78%
 1562956 1356883        4.1968    72        4.8508        1.4668 29733401   69.76%
 1600431 1390421        1.9366   145        4.8508        1.4680 30328184   69.74%
 1636546 1424959        3.2135    51        4.8508        1.4692 30947640   69.71%
 1673654 1457266        3.7855    44        4.8508        1.4706 31530486   69.68%
 1709543 1492450        2.9206    31        4.8508        1.4717 32174643   69.66%
 1746723 1527978    infeasible              4.8508        1.4726 32802803   69.64%
 1782521 1561236        4.0784    39        4.8508        1.4734 33406738   69.62%
 1820571 1589029        1.9992    93        4.8508        1.4745 33903508   69.60%
 1856408 1623803        3.3962    12        4.8508        1.4752 34524214   69.59%
Elapsed time = 264.85 sec. (207165.19 ticks, tree = 3632.19 MB, solutions = 40)
Nodefile size = 1583.20 MB (598.98 MB after compression)
 1893975 1662979        2.6937    56        4.8508        1.4762 35225640   69.57%
 1930527 1693003        2.4766    94        4.8508        1.4773 35773750   69.54%
 1968208 1731094        2.1739    45        4.8508        1.4780 36438089   69.53%
 2003673 1762879        2.6255   109        4.8508        1.4787 37024659   69.52%
 2040036 1795630        3.5765    62        4.8508        1.4800 37650895   69.49%
 2077002 1831544        3.9966    64        4.8508        1.4813 38310695   69.46%
 2112867 1863266        2.9573   105        4.8508        1.4824 38913836   69.44%
 2150064 1897763        3.0334    53        4.8508        1.4838 39551669   69.41%
 2186132 1927918        4.2801    24        4.8508        1.4845 40094719   69.40%
 2222940 1964242        2.5124    36        4.8508        1.4855 40750455   69.38%
Elapsed time = 334.62 sec. (245312.99 ticks, tree = 4410.86 MB, solutions = 40)
Nodefile size = 2362.34 MB (867.78 MB after compression)
 2258081 1989823        4.1468    38        4.8508        1.4864 41237560   69.36%
 2295136 2023082        4.3049    19        4.8508        1.4873 41862383   69.34%
 2329562 2057197        2.9395    22        4.8508        1.4880 42515531   69.32%
 2364735 2093071        2.0155    71        4.8508        1.4889 43236886   69.31%
 2399164 2122557        4.6738    29        4.8508        1.4901 43816233   69.28%
 2435254 2156776        2.1846    52        4.8508        1.4912 44481523   69.26%
 2470943 2190174        1.9871    69        4.8508        1.4919 45093093   69.24%
 2509298 2223217        2.3147    19        4.8508        1.4923 45689757   69.24%
 2546318 2254329        2.7913    79        4.8508        1.4928 46241884   69.23%
 2583045 2287038        2.4041   142        4.8508        1.4933 46849058   69.22%
Elapsed time = 402.77 sec. (283461.16 ticks, tree = 5142.94 MB, solutions = 40)
Nodefile size = 3094.47 MB (1119.82 MB after compression)
 2619424 2323447        3.6239    67        4.8508        1.4939 47542767   69.20%
 2654453 2353354        2.1740    53        4.8508        1.4946 48135546   69.19%
 2690356 2392736        2.6882    49        4.8508        1.4956 48939596   69.17%
 2725669 2425775        3.1984    56        4.8508        1.4967 49622669   69.14%
 2761741 2457337        2.8129    51        4.8508        1.4978 50255210   69.12%
 2795753 2490757        3.2292    57        4.8508        1.4989 50956427   69.10%
 2830577 2520362        2.4735    61        4.8508        1.4998 51601367   69.08%
 2864655 2546823        3.5630    23        4.8508        1.5007 52159539   69.06%
 2901651 2585657        2.8302    69        4.8508        1.5017 52949160   69.04%
 2936588 2617536        4.1288    21        4.8508        1.5029 53615817   69.02%
Elapsed time = 471.69 sec. (321609.59 ticks, tree = 5893.96 MB, solutions = 40)
Nodefile size = 3845.59 MB (1379.22 MB after compression)
 2970604 2645960        2.8288    84        4.8508        1.5035 54216266   69.00%
 3005352 2675972        2.1739    57        4.8508        1.5043 54875062   68.99%
 3040059 2712430        2.8074   106        4.8508        1.5051 55674658   68.97%
 3075613 2746647        3.0237    43        4.8508        1.5060 56426235   68.95%
 3108574 2778240        3.3820    76        4.8508        1.5067 57120314   68.94%
 3143445 2806291    infeasible              4.8508        1.5077 57733394   68.92%
 3178864 2843768        2.8259    91        4.8508        1.5087 58518681   68.90%
 3213473 2867558        2.2866    64        4.8508        1.5093 59029673   68.88%
 3247281 2905989        1.6689   105        4.8508        1.5102 59848558   68.87%
 3283036 2933306        2.3387   104        4.8508        1.5110 60415901   68.85%
Elapsed time = 539.48 sec. (359758.57 ticks, tree = 6608.74 MB, solutions = 40)
Nodefile size = 4559.69 MB (1620.47 MB after compression)
 3319481 2971418        2.1806    27        4.8508        1.5118 61180847   68.83%
 3353071 2999458        1.9917   168        4.8508        1.5127 61769642   68.82%
 3388180 3035452        1.9679   103        4.8508        1.5135 62520057   68.80%
 3423515 3059868        1.8264   122        4.8508        1.5144 63065321   68.78%
 3458437 3092619        2.0349   108        4.8508        1.5156 63789923   68.76%
 3490782 3125698        3.1643    54        4.8508        1.5164 64573585   68.74%
 3524624 3153983        3.9891    18        4.8508        1.5172 65274572   68.72%
 3557556 3189157        1.9993    30        4.8508        1.5180 66136886   68.71%
 3591100 3218927        1.9009    97        4.8508        1.5186 66861334   68.69%
 3625209 3247324        2.4357    54        4.8508        1.5197 67545252   68.67%
Elapsed time = 606.83 sec. (397907.38 ticks, tree = 7322.76 MB, solutions = 40)
Nodefile size = 5273.91 MB (1872.42 MB after compression)
 3658116 3275406        2.1590   141        4.8508        1.5206 68213121   68.65%
 3691971 3308734    infeasible              4.8508        1.5212 69000442   68.64%
 3726258 3344516    infeasible              4.8508        1.5218 69818729   68.63%
 3761385 3365967        2.1137   172        4.8508        1.5223 70311158   68.62%
 3796037 3397940        4.8345    23        4.8508        1.5232 71044740   68.60%
 3829039 3435286        2.5262    51        4.8508        1.5238 71926900   68.59%
 3864131 3464369        4.5284    55        4.8508        1.5243 72601227   68.58%
 3896465 3499980        1.7396    85        4.8508        1.5245 73437373   68.57%
 3932601 3533021        2.1810    70        4.8508        1.5248 74150573   68.57%
 3964977 3554601        2.2325   119        4.8508        1.5255 74690403   68.55%
Elapsed time = 673.05 sec. (436055.65 ticks, tree = 8025.17 MB, solutions = 40)
Nodefile size = 5976.15 MB (2108.70 MB after compression)
 3999308 3587158        2.1808    38        4.8508        1.5259 75447701   68.54%
 4033274 3616101        2.6494    51        4.8508        1.5264 76109335   68.53%
 4065000 3650597        3.5274   189        4.8508        1.5270 76931410   68.52%
 4098832 3680582        3.1055   115        4.8508        1.5275 77652269   68.51%
 4132000 3710899        3.3349   145        4.8508        1.5280 78424166   68.50%
 4164784 3741596        2.1800    62        4.8508        1.5285 79173528   68.49%
 4198976 3776844        2.1738    58        4.8508        1.5294 80017926   68.47%
 4228372 3801751        1.5370   111        4.8508        1.5299 80729527   68.46%
 4259701 3836375        2.9391    83        4.8508        1.5305 81756520   68.45%
 4289675 3864999        1.9732   103        4.8508        1.5312 82564033   68.43%
Elapsed time = 738.10 sec. (474203.27 ticks, tree = 8738.45 MB, solutions = 40)
Nodefile size = 6690.29 MB (2356.92 MB after compression)
 4320014 3881837        3.0790    35        4.8508        1.5318 83046221   68.42%
 4352088 3914664        3.6584    74        4.8508        1.5324 83982625   68.41%
 4382204 3941970        2.7575    51        4.8508        1.5331 84747311   68.39%
 4414510 3974746        3.2122   222        4.8508        1.5334 85659784   68.39%
 4444055 4001098        3.9228    49        4.8508        1.5340 86407399   68.38%
 4475242 4034483        4.2001    29        4.8508        1.5345 87412836   68.37%
 4507364 4051622        2.4628    63        4.8508        1.5353 87894606   68.35%
 4536674 4087842        3.1087    40        4.8508        1.5360 88948640   68.33%
 4569986 4116025        2.2495    78        4.8508        1.5368 89755335   68.32%
 4600553 4144185        2.7203    30        4.8508        1.5376 90533825   68.30%
Elapsed time = 802.75 sec. (512351.38 ticks, tree = 9396.34 MB, solutions = 40)
Nodefile size = 7347.55 MB (2586.39 MB after compression)
 4632829 4166778        2.8521   176        4.8508        1.5385 91190663   68.28%
Starting limited solution polishing.
 4660682 4205646        3.6612    47        4.8508        1.5393 92273849   68.27%
 4681641 4218167        1.6021   111        4.8508        1.5399 92602066   68.25%
 4702333 4237782        2.2726    94        4.8508        1.5402 93152835   68.25%
 4724410 4257312        3.3721    54        4.8508        1.5408 93716848   68.23%
 4744127 4279681        4.5430    36        4.8508        1.5413 94357884   68.23%
 4765436 4293861        3.0994    48        4.8508        1.5419 94760306   68.21%
 4786891 4314142        4.1749   129        4.8508        1.5426 95350203   68.20%
 4807683 4338550        4.0756    16        4.8508        1.5431 96049256   68.19%
 4828533 4359046        2.8300    64        4.8508        1.5437 96640813   68.18%
Elapsed time = 862.41 sec. (550499.59 ticks, tree = 9901.50 MB, solutions = 40)
Nodefile size = 7852.98 MB (2763.57 MB after compression)
 4849686 4377491        2.2488    55        4.8508        1.5442 97162276   68.16%
 4870782 4395886        2.9617    62        4.8508        1.5448 97699298   68.15%
 4890622 4410514        3.5098    67        4.8508        1.5454 98125849   68.14%
 4911876 4428708        2.3399    61        4.8508        1.5460 98624650   68.13%
 4933213 4452746        4.0360    57        4.8508        1.5465 99303399   68.12%
 4954123 4475017        1.9569   123        4.8508        1.5470 99909463   68.11%

Cover cuts applied:  895
Zero-half cuts applied:  23
Gomory fractional cuts applied:  6

Root node processing (before b&c):
  Real time             =    1.09 sec. (668.75 ticks)
Parallel b&c, 32 threads:
  Real time             =  903.34 sec. (590368.32 ticks)
  Sync time (average)   =  587.45 sec.
  Wait time (average)   =    0.11 sec.
                          ------------
Total (root+branch&cut) =  904.44 sec. (591037.06 ticks)

Solution pool: 40 solutions saved.

MIP - Time limit exceeded, integer feasible:  Objective =  4.8507570168e+00
Current MIP best bound =  1.5474991449e+00 (gap = 3.30326, 68.10%)
Solution time =  904.44 sec.  Iterations = 100342530  Nodes = 4965297 (4489905)
Deterministic time = 591037.08 ticks  (653.48 ticks/sec)

CPLEX> MILP problem relaxed to LP with fixed integer variables using
incumbent solution.
CPLEX> Version identifier: 22.1.1.0 | 2022-11-28 | 9160aff4d
CPXPARAM_TimeLimit                               900
Parallel mode: deterministic, using up to 32 threads for concurrent optimization:
 * Starting dual Simplex on 1 thread...
 * Starting Barrier on 30 threads...
 * Starting primal Simplex on 1 thread...
Tried aggregator 1 time.
LP Presolve eliminated 13143 rows and 4118 columns.
Aggregator did 16 substitutions.
All rows and columns eliminated.
Presolve time = 0.00 sec. (4.44 ticks)

Dual simplex solved model.


Dual simplex - Optimal:  Objective =  4.8507570168e+00
Solution time =    0.01 sec.  Iterations = 0 (0)
Deterministic time = 9.80 ticks  (821.73 ticks/sec)

CPLEX> Solution written to file '/tmp/50d8a53b12b54e28bdd109d1f86dd021-pulp.sol'.
CPLEX> Root classes: ['95']
Status: Optimal
Solved x values:
['72__0', '2__0', '70__0', '78__0', '27__0', '43__0', '19__0', '79__0', '62__0', '80__0', '93__0', '23__0', '82__0', '60__0', '3__0', '36__0', '44__0', '12__0', '85__0', '47__0', '81__0', '35__0', '64__0', '7__0', '51__0', '8__0', '55__0', '14__0', '11__0', '96__0', '22__0', '91__0', '61__0', '76__0', '0__0', '41__0', '407__0', '89__1', '24__0', '18__0', '92__0', '5__0', '53__0', '39__0', '49__0', '30__0', '90__0', '66__0', '17__0', '40__0', '38__0', '28__0', '21__0', '48__0', '69__0', '26__0', '58__0', '34__0', '77__0', '95__0', '45__0', '9__0', '87__0', '65__0', '94__0', '408__0', '1__0', '74__0', '88__0', '13__0', '73__0', '56__0', '409__0', '83__0', '4__0', '106__0', '68__0', '86__0', '75__0', '57__0', '31__0', '84__0', '52__0', '15__0', '32__0']
