
Welcome to IBM(R) ILOG(R) CPLEX(R) Interactive Optimizer 22.1.1.0
  with Simplex, Mixed Integer & Barrier Optimizers
5725-A06 5725-A29 5724-Y48 5724-Y49 5724-Y54 5724-Y55 5655-Y21
Copyright IBM Corp. 1988, 2022.  All Rights Reserved.

Type 'help' for a list of available commands.
Type 'help' followed by a command name for more
information on commands.

CPLEX> Problem '/tmp/bfabcb24e454440ca8538fb7256208c1-pulp.lp' read.
Read time = 0.08 sec. (10.90 ticks)
CPLEX> New value for time limit in seconds: 900
CPLEX> Version identifier: 22.1.1.0 | 2022-11-28 | 9160aff4d
CPXPARAM_TimeLimit                               900
Tried aggregator 5 times.
MIP Presolve eliminated 21905 rows and 170 columns.
MIP Presolve modified 98579 coefficients.
Aggregator did 615 substitutions.
Reduced MIP has 86809 rows, 26774 columns, and 377757 nonzeros.
Reduced MIP has 19660 binaries, 0 generals, 0 SOSs, and 0 indicators.
Presolve time = 0.62 sec. (723.71 ticks)
Probing fixed 4 vars, tightened 0 bounds.
Probing time = 0.16 sec. (19.40 ticks)
Tried aggregator 5 times.
Detecting symmetries...
MIP Presolve eliminated 4766 rows and 10 columns.
MIP Presolve modified 8564 coefficients.
Aggregator did 95 substitutions.
Reduced MIP has 81948 rows, 26669 columns, and 367113 nonzeros.
Reduced MIP has 19643 binaries, 0 generals, 0 SOSs, and 0 indicators.
Presolve time = 0.42 sec. (462.38 ticks)
Probing time = 0.08 sec. (12.38 ticks)
Clique table members: 77634.
MIP emphasis: balance optimality and feasibility.
MIP search method: dynamic search.
Parallel mode: deterministic, using up to 32 threads.
Root relaxation solution time = 5.51 sec. (2466.02 ticks)

        Nodes                                         Cuts/
   Node  Left     Objective  IInf  Best Integer    Best Bound    ItCnt     Gap

      0     0        0.5857  1065                      0.5857     8574         
      0     0        0.5903  1321                    Cuts: 24    12073         
      0     0        0.5911  1239                     Cuts: 3    12735         
      0     0        0.5924  1119                     Cuts: 5    14236         
      0     0        0.5930  1012                     Cuts: 3    14943         
      0     0        0.5931   982                ZeroHalf: 11    15033         
Detecting symmetries...
      0     0        0.5932   963                 ZeroHalf: 9    15302         
      0     0        0.5934   908                 ZeroHalf: 4    15673         
      0     0        0.5937  1005                 ZeroHalf: 4    15977         
*     0+    0                            5.4157        0.5937            89.04%
      0     0        0.5938   903        5.4157   ZeroHalf: 5    16298   89.04%
*     0+    0                            4.6372        0.5938            87.19%
      0     0        0.5938   913        4.6372   ZeroHalf: 7    16335   87.19%
      0     0        0.5939   913        4.6372   ZeroHalf: 4    16347   87.19%
Detecting symmetries...
      0     2        0.5939   913        4.6372        0.5939    16347   87.19%
Elapsed time = 32.09 sec. (34521.34 ticks, tree = 0.02 MB, solutions = 2)
      4     4        0.6125   873        4.6372        0.5939    16755   87.19%
     10    10        0.6127   879        4.6372        0.5939    18094   87.19%
     17    18        0.6131   847        4.6372        0.5939    19315   87.19%
     26    20        0.6132   808        4.6372        0.5943    19614   87.18%
*    34+    4                            4.1551        0.5943            85.70%
     34    17        0.5962   835        4.1551        0.5943    20118   85.70%
     50    47        0.6403   867        4.1551        0.5943    42586   85.70%
*    64+   13                            4.1358        0.5943            85.63%
     74    51        0.5959   799        4.1358        0.5944    45274   85.63%
     94    28        0.6078   856        4.1358        0.5945    24856   85.63%
    109    67        0.5975   765        4.1358        0.5945    66275   85.62%
    189   117        0.6596   550        4.1358        0.5953    97423   85.61%
Elapsed time = 38.14 sec. (37886.00 ticks, tree = 6.84 MB, solutions = 6)
    381   257        0.6436   236        4.1358        0.5953   196681   85.61%
    687   591        0.6622    49        4.1358        0.5953   289203   85.61%
   1215   828        2.0311    41        4.1358        0.5953   315535   85.61%
*  1624  1095      integral     0        3.7584        0.5953   333020   84.16%
*  1650+ 1095                            3.7583        0.5953            84.16%
   1842  1257        3.3593    21        3.7583        0.5953   339124   84.16%
   2461  1952    infeasible              3.7583        0.5953   385219   84.16%
   2946  2052        1.4762    52        3.7583        0.5953   391896   84.16%
   3271  2541        0.6101   820        3.7583        0.5953   439657   84.16%
*  3392+ 2481                            3.5834        0.5953            83.39%
   3488  2591        0.6093   751        3.5834        0.5955   508279   83.38%
   3814  2761        0.6616    32        3.5834        0.5955   558753   83.38%
   4168  2926        0.6093   740        3.5834        0.5955   594595   83.38%
Elapsed time = 50.83 sec. (47441.47 ticks, tree = 48.89 MB, solutions = 9)
   4569  3237        1.4233    33        3.5834        0.5955   640437   83.38%
   5019  3541        2.9800    24        3.5834        0.5955   693039   83.38%
   5427  4094        2.2016    27        3.5834        0.5955   755042   83.38%
   5588  3978        0.6243   722        3.5834        0.5956   741523   83.38%

Performing restart 1

Repeating presolve.
Tried aggregator 3 times.
MIP Presolve eliminated 3356 rows and 9 columns.
MIP Presolve modified 9198 coefficients.
Aggregator did 58 substitutions.
Reduced MIP has 78534 rows, 26602 columns, and 359402 nonzeros.
Reduced MIP has 19611 binaries, 0 generals, 0 SOSs, and 0 indicators.
Presolve time = 0.33 sec. (378.31 ticks)
Tried aggregator 1 time.
MIP Presolve eliminated 1645 rows and 0 columns.
MIP Presolve modified 7482 coefficients.
Reduced MIP has 76889 rows, 26602 columns, and 355596 nonzeros.
Reduced MIP has 19611 binaries, 0 generals, 0 SOSs, and 0 indicators.
Presolve time = 0.27 sec. (295.21 ticks)
Represolve time = 0.82 sec. (776.07 ticks)
*  5589+    0                            3.5686        0.5956            83.31%
   5589     0        0.5947   938        3.5686      Cuts: 10   822686   83.31%
   5589     0        0.5947   984        3.5686       Cuts: 8   822777   83.31%
   5589     0        0.5947   992        3.5686   ZeroHalf: 8   822864   83.31%
*  5589+    0                            3.5513        0.5956            83.23%
   5589     0  -1.00000e+75     0        3.5513        0.5956   822864   83.23%
   5589     0        0.5948  1071        3.5513   ZeroHalf: 6   823168   83.23%
   5589     0        0.5949   987        3.5513   ZeroHalf: 8   823320   83.23%
   5589     0        0.5951  1215        3.5513   ZeroHalf: 8   824327   83.23%
   5589     0        0.5952  1229        3.5513      Cuts: 15   824606   83.23%
   5589     0        0.5952  1234        3.5513      Cuts: 10   824932   83.23%
   5589     0        0.5961  1203        3.5513      Cuts: 10   826184   83.21%
   5589     0        0.5961  1188        3.5513   ZeroHalf: 8   826409   83.21%
   5589     0        0.5962  1184        3.5513       Cuts: 7   826439   83.21%
   5589     0        0.5962  1184        3.5513   ZeroHalf: 3   826440   83.21%
   5589     2        0.5962  1184        3.5513        0.5962   826440   83.21%
   5590     3        0.6232  1060        3.5513        0.5962   830514   83.21%
   5591     3        0.5963  1175        3.5513        0.5962   827065   83.21%
   5592     4        0.6242   883        3.5513        0.5962   831911   83.21%
   5593     5        0.5963  1100        3.5513        0.5963   831534   83.21%
   5594     6        0.6243   810        3.5513        0.5963   832695   83.21%
Elapsed time = 115.22 sec. (118966.38 ticks, tree = 0.03 MB, solutions = 11)
   5596     7        0.5964  1116        3.5513        0.5964   833106   83.21%
   5600    10        0.5964  1116        3.5513        0.5964   834523   83.21%
*  5602+   11                            2.7878        0.5964            78.61%
   5604     7        0.6254   743        2.7878        0.5964   836082   78.61%
   5608    12        0.6258   799        2.7878        0.5964   841003   78.61%
*  5615+   15                            2.0247        0.5964            70.54%
   5616    17        0.6745   542        2.0247        0.5964   847258   70.54%
   5623    28        0.6433   664        2.0247        0.5964   858495   70.54%
   5639    45        0.6457   643        2.0247        0.5965   887627   70.54%
   5667    27        0.6457   678        2.0247        0.5965   859036   70.54%
   5690    70        0.6922   308        2.0247        0.5965   956267   70.54%
   5721    43        0.6263   885        2.0247        0.5965   887598   70.54%
Elapsed time = 133.64 sec. (129995.05 ticks, tree = 0.03 MB, solutions = 16)
   5764   106        0.6623   421        2.0247        0.5965   991330   70.54%
   5852   115        0.6785    83        2.0247        0.5965   992828   70.54%
   5961   186        0.6583   297        2.0247        0.5965  1043361   70.54%
   6184   297        0.6417   591        2.0247        0.5966  1075600   70.53%
   6464   364        0.6982    58        2.0247        0.5966  1098635   70.53%
   6794   633        2.0116    43        2.0247        0.5966  1144157   70.53%
   7107  1133    infeasible              2.0247        0.5966  1189809   70.53%
   7485  1226        1.8366    42        2.0247        0.5966  1196700   70.53%
   7845  1482        1.4740    65        2.0247        0.5966  1221663   70.53%
   8222  1497        0.6615    54        2.0247        0.5966  1228154   70.53%
Elapsed time = 145.71 sec. (139569.07 ticks, tree = 19.90 MB, solutions = 16)
   8668  2307        0.6462   580        2.0247        0.5966  1306753   70.53%
   9107  2454        0.7299    52        2.0247        0.5966  1327378   70.53%
   9624  2519        1.8349    45        2.0247        0.5967  1333358   70.53%
  10053  2964        0.6977    70        2.0247        0.5967  1386883   70.53%
  10316  2932        1.2656    41        2.0247        0.5968  1377053   70.53%
  10428  3011        0.6238   965        2.0247        0.5968  1403435   70.53%
  10538  4031        0.7447   128        2.0247        0.5968  1485414   70.52%
  10783  4106        1.8390    49        2.0247        0.5968  1495495   70.52%
  11105  4124        1.8917    60        2.0247        0.5968  1491655   70.52%
  11532  4177        0.6568   444        2.0247        0.5968  1507436   70.52%
Elapsed time = 157.37 sec. (149159.70 ticks, tree = 67.32 MB, solutions = 16)
  11921  4322        1.4730   329        2.0247        0.5968  1518743   70.52%
  12407  5213        0.6246   677        2.0247        0.5968  1563758   70.52%
  13071  4968        2.0066   644        2.0247        0.5968  1549840   70.52%
  13555  5564        0.6255   697        2.0247        0.5968  1577999   70.52%
  13860  5731        0.6264   838        2.0247        0.5968  1588738   70.52%
  14005  6970        1.2295    54        2.0247        0.5968  1673302   70.52%
  14091  7074        1.9784    74        2.0247        0.5968  1680403   70.52%
  14275  7146        1.1494   903        2.0247        0.5968  1686686   70.52%
  14711  7158        1.7834   460        2.0247        0.5968  1687215   70.52%
  15360  7511        1.9406   770        2.0247        0.5968  1705954   70.52%
Elapsed time = 168.50 sec. (158719.52 ticks, tree = 130.56 MB, solutions = 16)
  16033  7310        0.6235   627        2.0247        0.5968  1697895   70.52%
  16630  8713        1.9816   543        2.0247        0.5968  1758167   70.52%
  17275  8283        1.2010   575        2.0247        0.5968  1738902   70.52%
  17867  9515        0.6753   259        2.0247        0.5968  1807199   70.52%
  18031 10052        1.4051   649        2.0247        0.5968  1840832   70.52%
  18116 10848        1.4026   752        2.0247        0.5968  1886484   70.52%
  18296 10970        1.9280   859        2.0247        0.5970  1895019   70.52%
  18674 11002        0.6248   773        2.0247        0.5970  1898736   70.52%
  19349 11022        1.4067   671        2.0247        0.5970  1900930   70.52%
  20074 11891        1.3757   965        2.0247        0.5970  1944761   70.52%
Elapsed time = 180.02 sec. (168278.61 ticks, tree = 212.09 MB, solutions = 16)
  20596 12234        1.1529   847        2.0247        0.5970  1963823   70.52%
  21099 12843        0.5985   703        2.0247        0.5970  1986461   70.52%
  21460 12899        1.1495   983        2.0247        0.5970  1988381   70.52%
  21677 13394        1.9303   711        2.0247        0.5970  2019553   70.52%
  21795 14437        1.9281   877        2.0247        0.5970  2066061   70.52%
  22108 14399        1.1503   764        2.0247        0.5970  2065036   70.52%
  22658 14574        1.9321   737        2.0247        0.5970  2076750   70.52%
  23291 14800        0.5982   747        2.0247        0.5970  2086547   70.52%
  23989 15940        1.7054   832        2.0247        0.5970  2147079   70.52%
  24648 15194        1.7058   788        2.0247        0.5970  2105605   70.52%
Elapsed time = 191.91 sec. (177841.19 ticks, tree = 270.51 MB, solutions = 16)
  25064 16289        1.9305   761        2.0247        0.5970  2164706   70.52%
  25270 17147        1.9300   738        2.0247        0.5970  2208269   70.51%
  25374 17957        1.1937   774        2.0247        0.5970  2250791   70.51%
  25570 18056        1.9289   730        2.0247        0.5970  2256436   70.51%
  25932 18018        1.9321   935        2.0247        0.5970  2253340   70.51%
  26510 18118        1.3757   867        2.0247        0.5970  2257428   70.51%
  27151 18780        1.9285   847        2.0247        0.5970  2290437   70.51%
  27575 19190        1.9294   746        2.0247        0.5970  2306286   70.51%
  27910 18913        0.6262   728        2.0247        0.5970  2295171   70.51%
  29300 20808        1.9305   875        2.0247        0.5970  2393020   70.51%
Elapsed time = 207.27 sec. (190272.03 ticks, tree = 374.16 MB, solutions = 16)
  30764 22399        1.9318   802        2.0247        0.5970  2476375   70.51%
  32079 23762        1.4397   688        2.0247        0.5970  2559493   70.51%
  33660 24804        0.5971   952        2.0247        0.5971  2662832   70.51%
  34515 26144        1.3755   897        2.0247        0.5971  2842167   70.51%
  35369 26438        1.1507   742        2.0247        0.5971  2895076   70.51%
  37699 28124        1.3756   934        2.0247        0.5971  3005719   70.51%
  39507 29241        1.9319   902        2.0247        0.5971  3072001   70.51%
  40424 30862        1.9337   826        2.0247        0.5971  3173808   70.51%
  42200 31691        1.7053   700        2.0247        0.5971  3214411   70.51%
  43900 34030        1.3761   854        2.0247        0.5971  3341313   70.51%
Elapsed time = 255.61 sec. (228437.34 ticks, tree = 618.91 MB, solutions = 16)
  45963 36313        1.3758   885        2.0247        0.5971  3463370   70.51%
  47925 36943        1.3761   845        2.0247        0.5971  3498224   70.51%
  49807 38968        1.3762   724        2.0247        0.5971  3603517   70.51%
  52088 41085        1.9328   918        2.0247        0.5971  3713566   70.51%
  54715 43727        0.5972   900        2.0247        0.5971  3870028   70.51%
  57136 45345        1.3774   744        2.0247        0.5971  3939405   70.51%
* 58020+47677                            2.0247        0.5971            70.51%
* 58250+47740                            1.8687        0.5971            68.05%
  58515 47446        2.0074   147        1.8687        0.5971  4059870   68.05%
  58620 33005        1.3755   913        1.8687        0.5971  4185004   68.05%
* 58981+48395                            1.4937        0.5971            60.03%
* 59114+48395                            1.3458        0.5971            55.63%
  59718 33159        0.6407   712        1.3458        0.5971  4193338   55.63%
* 61379+48395                            1.2677        0.5971            52.90%
  61771 33747        1.3798   738        1.2677        0.5971  4223435   52.90%
Elapsed time = 303.02 sec. (266639.85 ticks, tree = 607.56 MB, solutions = 27)
* 62317+48395                            1.1835        0.5971            49.55%
* 62835+48395                            0.9707        0.5971            38.49%
* 62871+48395                            0.9559        0.5971            37.53%
* 62927+48395                            0.9538        0.5971            37.40%
  63423 27141        1.3757   890        0.9538        0.5971  4348744   37.40%

Performing restart 2

Repeating presolve.
Tried aggregator 3 times.
MIP Presolve eliminated 54433 rows and 15736 columns.
MIP Presolve modified 370 coefficients.
Aggregator did 1349 substitutions.
Reduced MIP has 21107 rows, 9517 columns, and 110270 nonzeros.
Reduced MIP has 5891 binaries, 0 generals, 0 SOSs, and 0 indicators.
Presolve time = 0.15 sec. (170.65 ticks)
Tried aggregator 2 times.
MIP Presolve eliminated 7 rows and 0 columns.
MIP Presolve modified 506 coefficients.
Aggregator did 176 substitutions.
Reduced MIP has 20924 rows, 9341 columns, and 109904 nonzeros.
Reduced MIP has 5715 binaries, 0 generals, 0 SOSs, and 0 indicators.
Presolve time = 0.06 sec. (67.90 ticks)
Tried aggregator 1 time.
MIP Presolve modified 14 coefficients.
Reduced MIP has 20924 rows, 9341 columns, and 109904 nonzeros.
Reduced MIP has 5715 binaries, 0 generals, 0 SOSs, and 0 indicators.
Presolve time = 0.06 sec. (61.56 ticks)
Represolve time = 0.50 sec. (424.49 ticks)
  63584     0        0.5978   860        0.9538       Cuts: 9  4488720   37.32%
  63584     0        0.5982   778        0.9538      Cuts: 12  4489245   37.28%
  63584     0        0.5989   720        0.9538      Cuts: 13  4489893   37.21%
  63584     0        0.5989   741        0.9538  ZeroHalf: 11  4490015   37.20%
  63584     0        0.5994   834        0.9538  ZeroHalf: 12  4490592   37.16%
  63584     0        0.5995   810        0.9538      Cuts: 12  4490864   37.15%
  63584     0        0.5995   802        0.9538      Cuts: 16  4490987   37.15%
  63584     0        0.5995   825        0.9538       Cuts: 9  4491072   37.15%
  63584     0        0.5995   754        0.9538   ZeroHalf: 2  4491178   37.14%
  63584     0        0.5995   752        0.9538   ZeroHalf: 3  4491208   37.14%
  63584     0        0.5995   845        0.9538  ZeroHalf: 10  4491467   37.14%
  63584     0        0.5995   855        0.9538   ZeroHalf: 6  4491655   37.14%
  63584     0        0.5995   859        0.9538       Cuts: 3  4491724   37.14%
  63584     0        0.5995   854        0.9538       Cuts: 4  4491750   37.14%
  63584     0        0.5995   866        0.9538   ZeroHalf: 3  4499612   37.14%
  63584     0        0.5995   883        0.9538      Cuts: 10  4499902   37.14%
  63584     2        0.5995   880        0.9538        0.5995  4499902   37.14%
  63654    56        0.5996   802        0.9538        0.5996  4512554   37.14%
* 63674+   19                            0.9518        0.5996            37.00%
  63925   226        0.6625   364        0.9518        0.5996  4584630   37.00%
  64360   480        0.6467   492        0.9518        0.5996  4659960   37.00%
  64945   697        0.6485   438        0.9518        0.5996  4700960   37.00%
  66021  1230        0.6967   180        0.9518        0.5996  4746550   37.00%
  67774  2192        0.7334   136        0.9518        0.5996  4825595   37.00%
  70142  2957        0.6096   650        0.9518        0.5996  4883185   37.00%
  73391  4488        0.5998   718        0.9518        0.5996  5027496   37.00%
Elapsed time = 359.16 sec. (345056.08 ticks, tree = 19.68 MB, solutions = 46)
  76655  7211        0.6563   197        0.9518        0.5996  5298442   37.00%
  79840  9827        0.6096   651        0.9518        0.5997  5496924   36.99%
  83660 12519        0.6271   548        0.9518        0.5998  5675331   36.99%
  88103 16373        0.6698   166        0.9518        0.5998  5875432   36.99%
  93789 19553        0.6109   553        0.9518        0.5998  6036114   36.99%
  99634 26029        0.6907   194        0.9518        0.5998  6358036   36.98%
 103873 29685        0.6345   475        0.9518        0.5998  6583038   36.98%
 109671 34272        0.6236   218        0.9518        0.5998  6816065   36.98%
 113553 37831        0.6892   226        0.9518        0.5998  6987774   36.98%
 119840 42170        0.8939    75        0.9518        0.5998  7181055   36.98%
Elapsed time = 389.01 sec. (383214.54 ticks, tree = 226.75 MB, solutions = 46)
 123703 47956        0.6205   340        0.9518        0.5999  7460310   36.97%
 129468 50354        0.6012   610        0.9518        0.5999  7593829   36.97%
 133851 56942        0.6300   306        0.9518        0.6000  7940239   36.96%
 139757 61513        0.6147   255        0.9518        0.6000  8148031   36.96%
 145666 64980        0.6526   178        0.9518        0.6001  8335024   36.95%
 151026 70336        0.6334   304        0.9518        0.6002  8611048   36.94%
 158369 76110        0.6621   182        0.9518        0.6002  8865429   36.94%
 162862 80776        0.8987    81        0.9518        0.6003  9083641   36.93%
 170306 87275        0.9206   139        0.9518        0.6003  9362806   36.93%
 175094 91977        0.9182   252        0.9518        0.6004  9570886   36.92%
Elapsed time = 417.76 sec. (421366.54 ticks, tree = 508.64 MB, solutions = 46)
 180657 97095        0.6109   315        0.9518        0.6004  9850348   36.92%
 186666 99992        0.8831   206        0.9518        0.6004  9995001   36.92%
 189731 106048        0.6041   512        0.9518        0.6005 10327478   36.91%
*192403+107563                            0.9453        0.6005            36.48%
 195398 107492        0.6703   234        0.9453        0.6005 10485230   36.47%
 201263 113859        0.8687   283        0.9453        0.6006 10829734   36.47%
 204472 117067        0.6118   355        0.9453        0.6006 11001075   36.47%
 209146 120706        0.8589   305        0.9453        0.6006 11252195   36.47%
 215333 124205        0.6032   469        0.9453        0.6006 11486529   36.46%
 218924 130240        0.8592   262        0.9453        0.6007 11844805   36.46%
 223407 132867        0.9004   119        0.9453        0.6007 12017273   36.46%
Elapsed time = 447.18 sec. (459519.90 ticks, tree = 732.80 MB, solutions = 47)
 228939 136280        0.8827   233        0.9453        0.6007 12243381   36.46%
 232744 142184        0.6184   292        0.9453        0.6007 12618563   36.45%
 236891 145065        0.8916   223        0.9453        0.6007 12842652   36.45%
 241208 149763        0.8441   284        0.9453        0.6008 13184180   36.45%
 245002 151446        0.8535   336        0.9453        0.6008 13331140   36.45%
 247631 155179        0.8493   423        0.9453        0.6008 13682961   36.45%
*251350+156945                            0.7601        0.6008            20.95%
 252027 156930        0.9273   211        0.7601        0.6008 13861171   20.95%
 255292 104395        0.6187   308        0.7601        0.6009 14181122   20.95%
*257612+105972                            0.7260        0.6009            17.24%
*257958+105960                            0.7112        0.6009            15.51%
 258051 104153        0.6093   469        0.7112        0.6009 14635053   15.51%
*258826+105781                            0.7047        0.6009            14.74%
 262627 102930        0.6061   449        0.7047        0.6009 14823797   14.73%
Elapsed time = 476.38 sec. (497676.46 ticks, tree = 542.44 MB, solutions = 52)
 267475 104287    infeasible              0.7047        0.6009 14974718   14.73%
 271359 107616        0.6052   494        0.7047        0.6011 15382906   14.71%
 275506 109076        0.6418   181        0.7047        0.6011 15551920   14.70%
 280700 112600        0.6294   259        0.7047        0.6013 15927167   14.68%
 285143 115205        0.6082   421        0.7047        0.6014 16228165   14.66%
 288855 117785        0.7018    51        0.7047        0.6015 16482718   14.65%
 294414 118790        0.6365   233        0.7047        0.6017 16583806   14.62%
 300298 122948    infeasible              0.7047        0.6018 16977220   14.60%
 303820 126128        0.6249   231        0.7047        0.6020 17270048   14.58%
 309468 127478    infeasible              0.7047        0.6022 17551519   14.54%
Elapsed time = 505.03 sec. (535832.65 ticks, tree = 702.19 MB, solutions = 52)
 316325 130994        0.6525   174        0.7047        0.6025 17952937   14.51%
 323939 132218        0.7005   172        0.7047        0.6027 18095446   14.47%
 328060 135044        0.6545   124        0.7047        0.6029 18362740   14.45%
 334176 137454        0.6366   197        0.7047        0.6033 18625756   14.39%
 340858 140530        0.6553   205        0.7047        0.6036 18912432   14.35%
 347189 143632        0.6524   170        0.7047        0.6039 19154625   14.31%
 352286 148843        0.6877    81        0.7047        0.6041 19514764   14.27%
 358643 150729        0.6484   204        0.7047        0.6045 19652145   14.22%
 366254 154976        0.6579   182        0.7047        0.6049 19919966   14.17%
 373103 159246        0.6834   113        0.7047        0.6052 20209304   14.12%
Elapsed time = 535.47 sec. (573985.85 ticks, tree = 941.94 MB, solutions = 52)
 378825 165050        0.6334   222        0.7047        0.6055 20684810   14.08%
 385177 167353        cutoff              0.7047        0.6058 20907933   14.04%
 392008 170175        0.6262   346        0.7047        0.6061 21209679   13.99%
 397522 172437        0.6406   214        0.7047        0.6065 21412432   13.93%
 403225 177249        0.6343   258        0.7047        0.6069 21865627   13.88%
 410389 179294        0.6800   101        0.7047        0.6074 22043595   13.81%
 417140 183304        0.6984    57        0.7047        0.6077 22462901   13.77%
 421575 186002        0.6284   239        0.7047        0.6081 22794804   13.70%
 427132 187453        0.6340   206        0.7047        0.6086 22970093   13.64%
 433134 189297        0.6907   116        0.7047        0.6091 23251623   13.57%
Elapsed time = 566.82 sec. (612137.16 ticks, tree = 1189.84 MB, solutions = 52)
 438285 192189        0.6650   136        0.7047        0.6095 23657470   13.51%
 442736 194836    infeasible              0.7047        0.6099 24015532   13.46%
 448354 197625        0.6432   138        0.7047        0.6103 24435884   13.40%
 454343 198359    infeasible              0.7047        0.6105 24557254   13.36%
 458963 202254        0.6984   123        0.7047        0.6109 25165834   13.31%
 464738 204414        0.6958   119        0.7047        0.6110 25517463   13.30%
 471042 206898        0.6260   376        0.7047        0.6117 25987322   13.21%
 476733 209744        0.6796   138        0.7047        0.6120 26446142   13.16%
 483170 210149        0.6993   140        0.7047        0.6123 26528623   13.12%
 489748 212641        0.6863   146        0.7047        0.6126 26909929   13.08%
Elapsed time = 597.97 sec. (650294.68 ticks, tree = 1394.16 MB, solutions = 52)
 495346 215572        0.6303   294        0.7047        0.6130 27342916   13.01%
 501799 218814        0.6670   145        0.7047        0.6136 27761652   12.94%
 508761 222030        0.6909   117        0.7047        0.6141 28224530   12.86%
 514420 225116        0.6580   180        0.7047        0.6145 28736595   12.81%
 521091 227803        cutoff              0.7047        0.6148 29108559   12.76%
 527873 228797        cutoff              0.7047        0.6152 29255323   12.70%
 533109 233950        0.6764   147        0.7047        0.6157 29989928   12.63%
 539937 234998        0.7015   168        0.7047        0.6161 30143632   12.57%
 546998 240744        0.6692   149        0.7047        0.6166 30933408   12.50%
 552711 242491        0.6914   168        0.7047        0.6171 31158693   12.43%
Elapsed time = 628.74 sec. (688448.47 ticks, tree = 1650.48 MB, solutions = 52)
 557513 244985        0.6520   253        0.7047        0.6176 31499504   12.37%
 561863 248508        0.6999   162        0.7047        0.6180 31956272   12.30%
 566130 248912        0.6644   277        0.7047        0.6184 32010623   12.25%
 569919 252421        cutoff              0.7047        0.6188 32431632   12.20%
 574370 253474        0.6962   151        0.7047        0.6191 32563848   12.15%
 579034 256907        cutoff              0.7047        0.6195 32962863   12.09%
 585800 258319        0.6632   193        0.7047        0.6197 33122010   12.06%
 591908 263401        0.6389   237        0.7047        0.6200 33688373   12.03%
 596598 264978    infeasible              0.7047        0.6202 33883500   11.99%
 602601 267991        0.6861   133        0.7047        0.6205 34262585   11.96%
Elapsed time = 665.21 sec. (726605.35 ticks, tree = 1883.40 MB, solutions = 52)
 609254 270407        0.6942   167        0.7047        0.6208 34535345   11.90%
 615800 275885        0.6554   226        0.7047        0.6212 35190508   11.85%
 620402 278003        0.6537   176        0.7047        0.6215 35448468   11.80%
 625098 280254        cutoff              0.7047        0.6219 35717834   11.75%
 631615 282884        0.6796   234        0.7047        0.6223 36043868   11.69%
 638684 286095        0.6639   234        0.7047        0.6226 36412041   11.65%
 643628 289088        0.6756   150        0.7047        0.6229 36754466   11.61%
 649064 293592        0.6883   213        0.7047        0.6232 37230615   11.57%
 656703 295517        0.6656   221        0.7047        0.6235 37447460   11.52%
 664475 299576        0.6692   154        0.7047        0.6238 37896567   11.48%
Elapsed time = 703.07 sec. (764759.39 ticks, tree = 2165.34 MB, solutions = 52)
Nodefile size = 115.43 MB (89.28 MB after compression)
 668885 305278        0.6977   107        0.7047        0.6241 38501032   11.44%
 674568 307493        cutoff              0.7047        0.6244 38728081   11.39%
 682869 309752        0.6874   197        0.7047        0.6248 38976779   11.34%
 690213 314309        0.6710   176        0.7047        0.6252 39466780   11.29%
 695125 318879        cutoff              0.7047        0.6254 40041575   11.26%
 700826 320995        0.6807   177        0.7047        0.6256 40296842   11.22%
 708172 322903        0.6924   204        0.7047        0.6258 40534557   11.20%
 714930 326562        0.6580   190        0.7047        0.6262 40988202   11.14%
 719017 329648        0.6677   168        0.7047        0.6264 41407576   11.11%
 724599 330681        0.6937   137        0.7047        0.6265 41550273   11.10%
Elapsed time = 743.11 sec. (802913.87 ticks, tree = 2450.80 MB, solutions = 52)
Nodefile size = 401.20 MB (302.85 MB after compression)
 732923 333969        cutoff              0.7047        0.6270 41933388   11.03%
 740947 336735        0.6573   193        0.7047        0.6273 42248708   10.99%
 747613 340563        0.6558   286        0.7047        0.6275 42732778   10.96%
 752752 344852    infeasible              0.7047        0.6277 43226648   10.93%
 760969 347700        cutoff              0.7047        0.6281 43564143   10.88%
 769605 351514    infeasible              0.7047        0.6284 43966319   10.83%
 776140 357082        0.6721   121        0.7047        0.6287 44620551   10.78%
 782033 358372        0.7038   116        0.7047        0.6290 44771959   10.74%
 790610 361688        0.6936   150        0.7047        0.6293 45144930   10.71%
 797684 363184        0.6754   185        0.7047        0.6296 45366890   10.66%
Elapsed time = 783.70 sec. (841063.15 ticks, tree = 2752.87 MB, solutions = 52)
Nodefile size = 703.93 MB (522.56 MB after compression)
 804983 367506        cutoff              0.7047        0.6299 45958899   10.62%
 810447 371373        0.6968    99        0.7047        0.6302 46434664   10.58%
 817500 372620        cutoff              0.7047        0.6305 46589132   10.53%
 825311 376012        cutoff              0.7047        0.6309 47035633   10.47%
 831841 379140        0.7001   143        0.7047        0.6312 47453354   10.44%
 837294 382727        0.6853   104        0.7047        0.6314 47932494   10.40%
Starting limited solution polishing.
 844716 386453        0.6761   181        0.7047        0.6317 48417756   10.36%
 851738 387387        0.6989   197        0.7047        0.6320 48579366   10.32%
 859344 389127        cutoff              0.7047        0.6323 48867283   10.28%
 864916 393235        cutoff              0.7047        0.6325 49509652   10.25%
Elapsed time = 825.07 sec. (879217.00 ticks, tree = 3036.37 MB, solutions = 52)
Nodefile size = 987.76 MB (726.84 MB after compression)
 871114 394660        0.6874   169        0.7047        0.6327 49744928   10.21%
 878747 398362        0.6720   223        0.7047        0.6331 50295959   10.17%
 885921 399644        0.6948   257        0.7047        0.6334 50490801   10.12%
 891336 402915        0.6634   248        0.7047        0.6337 50955529   10.08%
 897686 405243        0.6875   178        0.7047        0.6339 51326312   10.04%
 905440 408710        0.6999   164        0.7047        0.6342 51840237   10.00%
 913527 409972        0.6911   124        0.7047        0.6345 52007814    9.96%
 919261 413153        0.6936   168        0.7047        0.6347 52446890    9.93%
 923719 415721        0.6468   251        0.7047        0.6349 52812521    9.91%
 928712 417731        cutoff              0.7047        0.6353 53123863    9.85%
Elapsed time = 865.11 sec. (917372.96 ticks, tree = 3279.28 MB, solutions = 52)
Nodefile size = 1230.66 MB (901.03 MB after compression)
 933700 420271        cutoff              0.7047        0.6355 53478255    9.82%
 938574 421282        0.7045    99        0.7047        0.6357 53615748    9.80%
 943266 422486        0.6947   151        0.7047        0.6360 53768156    9.75%
 947465 425603        0.6928   176        0.7047        0.6361 54188388    9.74%
 951650 426412        0.7036   146        0.7047        0.6361 54290503    9.73%
 955270 428290        0.6740   205        0.7047        0.6364 54560100    9.70%
 957700 429277        0.6652   189        0.7047        0.6364 54691468    9.70%
 960771 430879        0.6885   117        0.7047        0.6366 54885418    9.67%
 963496 431662        0.6869   161        0.7047        0.6366 55009935    9.67%
 963577 429603        0.6912    80        0.7047        0.6366 54743664    9.67%
Elapsed time = 901.76 sec. (955939.96 ticks, tree = 3406.63 MB, solutions = 52)
Nodefile size = 1358.11 MB (991.88 MB after compression)

GUB cover cuts applied:  6
Clique cuts applied:  6
Cover cuts applied:  202
Implied bound cuts applied:  6
Mixed integer rounding cuts applied:  28
Zero-half cuts applied:  268
Gomory fractional cuts applied:  10

Root node processing (before b&c):
  Real time             =   31.44 sec. (34305.44 ticks)
Parallel b&c, 32 threads:
  Real time             =  870.36 sec. (922958.58 ticks)
  Sync time (average)   =  232.94 sec.
  Wait time (average)   =    0.15 sec.
                          ------------
Total (root+branch&cut) =  901.80 sec. (957264.01 ticks)

Solution pool: 52 solutions saved.

MIP - Time limit exceeded, integer feasible:  Objective =  7.0471997678e-01
Current MIP best bound =  6.3674514318e-01 (gap = 0.0679748, 9.65%)
Solution time =  901.81 sec.  Iterations = 55221965  Nodes = 963578 (433258)
Deterministic time = 957264.09 ticks  (1061.49 ticks/sec)

CPLEX> MILP problem relaxed to LP with fixed integer variables using
incumbent solution.
CPLEX> Version identifier: 22.1.1.0 | 2022-11-28 | 9160aff4d
CPXPARAM_TimeLimit                               900
Parallel mode: deterministic, using up to 32 threads for concurrent optimization:
 * Starting dual Simplex on 1 thread...
 * Starting Barrier on 30 threads...
 * Starting primal Simplex on 1 thread...
Tried aggregator 1 time.
LP Presolve eliminated 109165 rows and 27409 columns.
Aggregator did 100 substitutions.
Reduced LP has 64 rows, 50 columns, and 128 nonzeros.
Presolve time = 0.03 sec. (44.72 ticks)
Initializing dual steep norms . . .

Iteration log . . .
Iteration:     1   Dual objective     =             0.704720

Dual simplex solved model.


Dual simplex - Optimal:  Objective =  7.0471997678e-01
Solution time =    0.07 sec.  Iterations = 22 (0)
Deterministic time = 91.57 ticks  (1238.61 ticks/sec)

CPLEX> Solution written to file '/tmp/bfabcb24e454440ca8538fb7256208c1-pulp.sol'.
CPLEX> Root classes: ['191']
Status: Optimal
Solved x values:
['157__0', '419__27', '48__0', '123__0', '27__0', '393__0', '105__0', '4944__0', '328__0', '418__0', '5906__0', '348__0', '137__0', '60__4', '46__1', '14__1', '43__26', '32__3', '323__0', '45__0', '5__0', '244__29', '183__0', '258__0', '7166__0', '19__0', '76__0', '65__0', '41__0', '191__0', '172__0', '134__0', '143__0', '16__0', '73__0', '2__0', '131__0', '34__0', '113__0', '6239__0', '93__0', '260__0', '125__0', '294__4', '77__0', '4__0', '127__0', '119__0', '75__27', '126__0', '160__0', '188__0', '228__0', '5905__3', '155__0', '208__0', '165__0', '53__0', '379__9', '245__0', '42__0', '18__0', '116__0', '187__0', '414__8', '273__0', '24__0', '141__0', '5525__2', '149__0', '364__33', '82__0', '139__0', '78__6', '174__0', '163__0', '6515__5', '243__0', '394__34', '58__0', '72__0', '21__0', '122__0', '39__0', '15__0', '415__0', '184__1', '135__30', '5196__0', '164__0', '259__5', '129__7', '101__7', '178__0', '298__0', '117__0', '7165__7', '6__3', '205__0', '148__0', '176__0', '299__33', '300__0', '11__0', '84__0', '147__8', '179__0', '51__0', '114__0', '138__1', '159__0', '185__0', '161__1', '95__0', '106__5', '7__0', '66__27', '151__0', '83__4', '86__0', '52__26', '49__0', '1__0', '133__0', '186__0', '54__0', '23__1', '170__10', '104__0', '120__0', '6236__0', '10__0', '109__0', '89__29', '5195__1', '57__0', '329__34', '107__0', '96__0', '350__0', '3__0', '9__0', '168__0', '166__0', '37__3', '91__0', '29__17', '64__0', '413__0', '156__0', '102__0', '192__0', '210__0', '25__0', '146__0', '189__0', '420__0', '118__0', '175__8', '17__0', '229__4', '94__0', '349__8', '112__30', '61__0', '293__0', '100__0', '26__0', '378__0', '4945__0', '108__0', '62__0', '150__0', '47__0', '132__0', '59__0', '31__0', '110__0', '88__0', '171__0', '69__1', '295__0', '128__0', '6235__4', '190__21', '5909__0', '6516__0', '140__0', '330__0', '68__0', '8__0', '13__0', '203__0', '230__0', '182__0', '36__0', '162__0', '97__0', '115__1', '124__7', '363__0', '30__0', '121__28', '204__1', '6849__0', '153__0', '80__0', '209__19', '70__0', '63__0', '274__30', '74__0', '0__0', '6845__6', '5529__0', '181__23', '154__0', '167__31', '99__0', '44__0', '380__0', '142__0', '92__1', '71__0', '136__0', '325__0', '98__27', '324__5', '40__0', '5526__0', '79__0', '111__0', '275__0', '145__0', '90__0', '173__0', '152__8', '7169__0', '180__0', '67__0', '85__0', '103__0', '38__0', '22__0', '158__31', '4946__0', '169__0', '87__0', '50__0', '395__0', '5199__0', '56__0', '6846__0', '55__4', '28__0', '130__0', '144__30', '20__19', '81__0', '365__0', '6519__0', '35__0', '33__0', '177__0', '12__0']
