
Welcome to IBM(R) ILOG(R) CPLEX(R) Interactive Optimizer 22.1.1.0
  with Simplex, Mixed Integer & Barrier Optimizers
5725-A06 5725-A29 5724-Y48 5724-Y49 5724-Y54 5724-Y55 5655-Y21
Copyright IBM Corp. 1988, 2022.  All Rights Reserved.

Type 'help' for a list of available commands.
Type 'help' followed by a command name for more
information on commands.

CPLEX> Problem '/tmp/013230f8b0574cc58b0bc917f1e69d52-pulp.lp' read.
Read time = 0.24 sec. (18.10 ticks)
CPLEX> New value for time limit in seconds: 900
CPLEX> Version identifier: 22.1.1.0 | 2022-11-28 | 9160aff4d
CPXPARAM_TimeLimit                               900
Tried aggregator 4 times.
MIP Presolve eliminated 60769 rows and 539 columns.
MIP Presolve modified 157882 coefficients.
Aggregator did 19441 substitutions.
Reduced MIP has 124959 rows, 51092 columns, and 400453 nonzeros.
Reduced MIP has 23558 binaries, 0 generals, 0 SOSs, and 0 indicators.
Presolve time = 1.63 sec. (867.13 ticks)
Probing fixed 128 vars, tightened 493 bounds.
Probing time = 0.74 sec. (51.20 ticks)
Tried aggregator 4 times.
Detecting symmetries...
MIP Presolve eliminated 3842 rows and 163 columns.
MIP Presolve modified 26147 coefficients.
Aggregator did 485 substitutions.
Reduced MIP has 120632 rows, 50444 columns, and 384032 nonzeros.
Reduced MIP has 23400 binaries, 0 generals, 0 SOSs, and 0 indicators.
Presolve time = 1.30 sec. (631.09 ticks)
Probing fixed 0 vars, tightened 9 bounds.
Probing time = 0.43 sec. (20.35 ticks)
Clique table members: 154825.
MIP emphasis: balance optimality and feasibility.
MIP search method: dynamic search.
Parallel mode: deterministic, using up to 32 threads.
Root relaxation solution time = 3.66 sec. (1557.97 ticks)

        Nodes                                         Cuts/
   Node  Left     Objective  IInf  Best Integer    Best Bound    ItCnt     Gap

*     0+    0                          823.8062        5.7159            99.31%
      0     0        9.9638   600      823.8062        9.9638    15543   98.79%
*     0+    0                          403.9716        9.9638            97.53%
      0     0       10.6743   294      403.9716     Cuts: 222    16015   97.36%
      0     0       10.9190   261      403.9716      Cuts: 82    16125   97.30%
      0     0       10.9741   267      403.9716      Cuts: 22    16238   97.28%
*     0+    0                          203.5380       10.9741            94.61%
      0     0  -1.00000e+75     0      203.5380       10.9741    16238   94.61%
      0     0       11.0292   253      203.5380      Cuts: 19    16312   94.58%
      0     0       11.0722   236      203.5380      Cuts: 38    16353   94.56%
      0     0       11.1151   222      203.5380       Cuts: 8    16390   94.54%
      0     0       11.1537   188      203.5380   ZeroHalf: 8    16431   94.52%
*     0+    0                           13.5847       11.1537            17.90%
*     0+    0                           11.3506       11.1537             1.74%
*     0+    0                           11.3049       11.1537             1.34%
      0     0  -1.00000e+75     0       11.3049       11.1537    16431    1.34%
      0     2       11.1537   188       11.3049       11.1537    16431    1.34%
Elapsed time = 19.02 sec. (9300.67 ticks, tree = 0.02 MB, solutions = 6)
     10     9       11.1537   154       11.3049       11.1537    16558    1.34%
     56    48       11.1646   147       11.3049       11.1537    17309    1.34%
*   122+   54                           11.3014       11.1537             1.31%
    122    90       11.1778   164       11.3014       11.1537    17796    1.31%
*   128+   60                           11.2556       11.1537             0.91%
*   176+   94                           11.2487       11.1537             0.84%
*   181+   69                           11.2098       11.1537             0.50%
    187   121       11.1537    93       11.2098       11.1537    18368    0.50%
*   211+   94                           11.1995       11.1537             0.41%
    262   185       11.1609   115       11.1995       11.1537    19860    0.41%
    336   137       11.1832   147       11.1995       11.1537    18736    0.41%
    400   257       11.1537   151       11.1995       11.1537    21291    0.41%
    550   350       11.1622    61       11.1995       11.1537    22902    0.41%
    674   435       11.1718    75       11.1995       11.1537    24776    0.41%
   1171   661       11.1789    77       11.1995       11.1537    30266    0.41%
Elapsed time = 28.78 sec. (12431.16 ticks, tree = 9.45 MB, solutions = 20)
   1745   941       11.1922    44       11.1995       11.1538    36719    0.41%
   2383  1183       11.1734    69       11.1995       11.1585    42656    0.37%
   3081  1457       11.1796    55       11.1995       11.1601    48865    0.35%
   3724  1995       11.1867   101       11.1995       11.1656    59749    0.30%
   4299  2057       11.1976    87       11.1995       11.1673    61554    0.29%
   4986  2259       11.1718    69       11.1995       11.1711    67812    0.25%
   5729  2559       11.1907    47       11.1995       11.1718    76105    0.25%
   6402  2861       11.1724    59       11.1995       11.1718    82642    0.25%
   7054  3054       11.1844    78       11.1995       11.1718    87587    0.25%
   7706  3330       11.1887    44       11.1995       11.1718    93748    0.25%
Elapsed time = 60.51 sec. (21984.93 ticks, tree = 71.32 MB, solutions = 20)

Performing restart 1

Repeating presolve.
Tried aggregator 3 times.
MIP Presolve eliminated 54039 rows and 22434 columns.
MIP Presolve modified 18523 coefficients.
Aggregator did 4068 substitutions.
Reduced MIP has 62525 rows, 23942 columns, and 199327 nonzeros.
Reduced MIP has 6697 binaries, 0 generals, 0 SOSs, and 0 indicators.
Presolve time = 0.45 sec. (271.22 ticks)
Tried aggregator 2 times.
MIP Presolve eliminated 376 rows and 2 columns.
MIP Presolve modified 16646 coefficients.
Aggregator did 4 substitutions.
Reduced MIP has 62145 rows, 23936 columns, and 198540 nonzeros.
Reduced MIP has 6695 binaries, 0 generals, 0 SOSs, and 0 indicators.
Presolve time = 0.43 sec. (186.85 ticks)
Represolve time = 1.77 sec. (555.71 ticks)
*  7977     0      integral     0       11.1995                 104753    0.00%

Clique cuts applied:  111
Cover cuts applied:  3
Implied bound cuts applied:  61
Zero-half cuts applied:  88
Lift and project cuts applied:  4
Gomory fractional cuts applied:  32

Root node processing (before b&c):
  Real time             =   16.97 sec. (9193.67 ticks)
Parallel b&c, 32 threads:
  Real time             =   48.81 sec. (15176.67 ticks)
  Sync time (average)   =   16.76 sec.
  Wait time (average)   =    0.00 sec.
                          ------------
Total (root+branch&cut) =   65.77 sec. (24370.34 ticks)

Solution pool: 20 solutions saved.

MIP - Integer optimal solution:  Objective =  1.1199453040e+01
Solution time =   65.83 sec.  Iterations = 104753  Nodes = 7977
Deterministic time = 24370.54 ticks  (370.20 ticks/sec)

CPLEX> MILP problem relaxed to LP with fixed integer variables using
incumbent solution.
CPLEX> Version identifier: 22.1.1.0 | 2022-11-28 | 9160aff4d
CPXPARAM_TimeLimit                               900
Parallel mode: deterministic, using up to 32 threads for concurrent optimization:
 * Starting dual Simplex on 1 thread...
 * Starting Barrier on 30 threads...
 * Starting primal Simplex on 1 thread...
Tried aggregator 1 time.
LP Presolve eliminated 204654 rows and 70674 columns.
Aggregator did 255 substitutions.
Reduced LP has 260 rows, 143 columns, and 520 nonzeros.
Presolve time = 0.17 sec. (78.16 ticks)
Initializing dual steep norms . . .

Iteration log . . .
Iteration:     1   Dual objective     =            11.199453
Perturbation started.
Iteration:    51   Dual objective     =            11.199453
Removing perturbation.

Dual simplex solved model.


Dual simplex - Optimal:  Objective =  1.1199453040e+01
Solution time =    0.40 sec.  Iterations = 81 (0)
Deterministic time = 162.22 ticks  (408.10 ticks/sec)

CPLEX> Solution written to file '/tmp/013230f8b0574cc58b0bc917f1e69d52-pulp.sol'.
CPLEX> Root classes: ['805']
Status: Optimal
Solved x values:
['739__0', '61__0', '580__0', '2020__0', '138__0', '224__0', '347__0', '229__0', '40966__0', '646__0', '492__0', '187__0', '587__1', '612__0', '51__0', '182__0', '115__0', '4__0', '1021__0', '374__0', '595__0', '784__0', '553__10', '2031__0', '438__0', '41624__0', '2__0', '465__0', '545__0', '2039__0', '42496__4', '419__0', '555__0', '543__8', '1081__0', '2121__0', '324__0', '584__0', '1953__0', '326__0', '491__0', '575__0', '2112__0', '962__3', '280__0', '771__0', '682__0', '42633__0', '641__4', '524__0', '621__0', '763__0', '2032__9', '19__0', '42508__0', '262__0', '743__0', '2030__0', '690__0', '42556__0', '666__0', '271__4', '400__0', '570__0', '660__0', '638__0', '365__0', '163__0', '58__0', '340__0', '2355__0', '2127__0', '236__0', '1101__0', '1869__0', '325__0', '305__0', '768__1', '185__1', '2147__0', '1960__0', '594__0', '713__0', '508__0', '48__0', '304__0', '961__0', '520__0', '301__1', '552__0', '796__0', '514__1', '100__0', '478__0', '738__4', '533__4', '535__0', '794__0', '246__0', '505__0', '756__0', '368__0', '68__0', '118__0', '755__0', '147__0', '2145__0', '199__0', '168__1', '412__0', '1977__0', '27__0', '255__0', '922__3', '1850__0', '488__0', '699__0', '737__0', '146__0', '42552__4', '225__0', '290__0', '60__0', '536__4', '17__0', '386__0', '611__0', '1954__0', '191__0', '447__0', '41192__0', '39__0', '116__0', '176__0', '42576__4', '982__3', '752__0', '153__0', '315__0', '42528__4', '42520__4', '822__3', '242__0', '23__12', '801__4', '66__0', '486__1', '2181__0', '288__12', '789__0', '728__4', '360__0', '274__4', '2163__0', '529__0', '436__0', '129__0', '775__0', '684__0', '454__1', '359__0', '366__1', '566__1', '384__0', '721__0', '6__0', '18__0', '24__0', '171__0', '751__1', '1918__2', '459__0', '792__0', '1834__2', '41__0', '572__0', '427__0', '787__0', '636__0', '221__1', '128__0', '2135__0', '435__0', '95__0', '1979__0', '337__0', '1001__0', '194__0', '757__0', '208__1', '651__0', '42564__0', '745__0', '362__1', '130__0', '883__0', '693__0', '69__0', '202__0', '42547__2', '284__0', '2165__0', '1851__0', '375__0', '516__0', '687__0', '707__0', '415__0', '307__0', '507__0', '511__0', '42572__0', '729__0', '746__0', '408__0', '42587__2', '377__0', '403__0', '765__0', '245__0', '406__1', '474__0', '654__1', '629__0', '154__0', '357__0', '253__0', '592__0', '233__0', '42568__4', '40967__0', '363__0', '276__0', '410__1', '21__0', '548__0', '1959__0', '2109__0', '11__0', '94__0', '222__0', '42516__0', '554__0', '20__0', '286__0', '2142__0', '42512__4', '1919__0', '349__0', '489__0', '494__0', '122__0', '268__4', '2126__0', '567__0', '283__0', '797__0', '716__0', '414__0', '1894__0', '71__0', '223__0', '749__0', '525__0', '371__0', '2172__0', '170__0', '642__0', '101__1', '498__0', '726__0', '303__0', '2103__0', '593__0', '372__0', '1082__3', '2136__0', '398__0', '380__0', '42515__2', '477__0', '522__0', '686__0', '135__0', '656__0', '1833__0', '389__1', '434__0', '348__0', '526__0', '40965__0', '42604__0', '289__0', '674__0', '568__0', '416__0', '2115__0', '42555__2', '14__0', '209__0', '235__0', '800__0', '1907__0', '285__0', '2184__0', '596__0', '610__1', '113__0', '354__0', '299__0', '240__0', '590__0', '205__0', '119__0', '558__0', '702__0', '862__3', '250__0', '376__1', '277__0', '219__0', '671__1', '480__0', '795__0', '431__0', '173__0', '391__0', '715__1', '706__0', '630__0', '193__0', '83__0', '791__0', '75__0', '256__0', '549__0', '252__0', '2106__0', '619__0', '571__0', '33__0', '1853__0', '748__0', '542__0', '422__0', '470__0', '487__0', '321__0', '731__0', '2154__0', '1061__0', '2739__0', '604__0', '2213__0', '97__1', '157__0', '981__0', '766__0', '780__0', '215__0', '530__0', '42548__0', '25__0', '107__0', '42588__0', '692__0', '669__0', '78__0', '585__0', '42532__0', '730__0', '760__0', '2196__0', '112__0', '544__0', '1905__0', '1916__0', '451__0', '281__0', '106__0', '42600__4', '266__0', '418__0', '81__0', '65__0', '72__0', '1870__0', '2186__0', '302__0', '538__0', '55__0', '724__0', '655__0', '753__0', '614__0', '91__0', '2157__0', '330__0', '111__4', '2153__0', '681__0', '1852__0', '40__0', '2148__0', '393__0', '54__0', '804__4', '258__0', '322__4', '298__0', '34__0', '805__0', '504__0', '703__0', '174__0', '2038__0', '1978__0', '652__0', '1976__0', '2021__0', '42507__2', '659__0', '1964__0', '278__2', '464__0', '466__0', '333__0', '455__0', '672__0', '218__0', '390__0', '212__0', '143__0', '1952__0', '28__0', '84__0', '62__0', '463__4', '41194__0', '110__0', '717__0', '921__0', '506__0', '36__1', '547__0', '718__0', '42524__0', '700__0', '448__0', '735__0', '616__0', '15__0', '139__0', '188__0', '356__0', '1966__0', '142__0', '244__0', '2180__0', '1102__3', '736__0', '42855__0', '599__0', '1904__0', '676__0', '141__1', '152__0', '2019__0', '201__0', '472__0', '74__0', '316__0', '42603__2', '22__0', '473__4', '42595__2', '469__0', '689__0', '863__0', '2159__0', '272__0', '109__0', '683__0', '941__0', '452__0', '442__0', '586__0', '734__0', '2037__0', '1__0', '732__0', '776__0', '2193__0', '41625__0', '127__0', '2036__0', '2108__0', '1892__0', '190__0', '2102__0', '658__0', '637__0', '5__0', '589__0', '484__0', '42523__2', '327__0', '532__0', '679__0', '563__0', '41626__0', '7__0', '560__0', '842__3', '719__1', '329__0', '430__0', '420__4', '2130__0', '428__0', '481__0', '260__0', '2198__0', '198__4', '31__0', '462__0', '521__0', '42584__4', '444__0', '273__0', '42499__0', '413__0', '740__0', '519__0', '89__0', '685__4', '475__0', '695__0', '2120__0', '155__4', '86__0', '334__0', '102__0', '394__0', '332__9', '1965__0', '189__1', '2190__0', '540__0', '41193__0', '696__0', '2166__0', '261__0', '57__1', '44__0', '59__0', '108__0', '534__0', '500__0', '421__0', '537__0', '515__0', '627__1', '392__0', '777__0', '42571__4', '82__0', '608__0', '124__1', '793__0', '98__0', '483__0', '42544__4', '151__0', '42504__4', '296__0', '216__0', '503__1', '615__0', '263__0', '433__1', '1042__3', '782__0', '458__0', '770__0', '2151__0', '339__0', '383__0', '85__0', '457__0', '2160__0', '213__0', '417__0', '13__2', '577__0', '210__0', '179__0', '306__0', '259__0', '583__1', '677__0', '510__0', '2178__0', '10__0', '550__0', '265__0', '2141__0', '588__0', '186__0', '631__1', '336__0', '803__0', '774__0', '733__0', '495__0', '269__0', '206__0', '41195__0', '2114__0', '125__0', '41627__0', '2169__0', '2061__0', '30__0', '569__0', '381__0', '367__0', '607__0', '2175__0', '241__0', '192__0', '841__0', '293__0', '2033__0', '2133__0', '1895__0', '353__0', '424__0', '373__0', '673__0', '634__0', '823__0', '720__0', '882__3', '226__0', '663__0', '105__0', '546__0', '197__0', '561__0', '843__0', '2168__0', '501__0', '1958__0', '1967__0', '786__0', '370__0', '165__0', '50__0', '490__0', '257__0', '204__0', '369__0', '200__0', '169__0', '42492__0', '183__0', '345__1', '468__0', '3__0', '1062__3', '759__0', '2139__0', '47__0', '605__0', '42579__2', '409__0', '121__0', '2051__0', '42539__2', '156__0', '622__0', '781__0', '45__0', '318__1', '239__0', '2199__0', '754__0', '769__0', '387__0', '313__0', '309__0', '12__0', '578__0', '675__1', '788__0', '92__0', '779__1', '136__0', '243__0', '2192__0', '144__0', '2048__0', '275__0', '539__4', '564__0', '126__0', '445__0', '453__0', '2062__0', '162__0', '230__0', '551__0', '723__0', '704__0', '77__0', '287__0', '461__0', '624__0', '598__0', '99__0', '2132__0', '2174__0', '648__0', '67__9', '527__0', '785__0', '8__0', '518__0', '762__0', '343__0', '742__0', '523__0', '1041__0', '2050__0', '53__1', '42500__0', '665__0', '497__0', '2049__0', '251__0', '331__0', '80__1', '131__2', '645__0', '773__0', '628__0', '254__0', '232__0', '901__0', '364__0', '37__0', '270__0', '2118__0', '441__0', '1835__0', '1955__0', '581__0', '618__0', '799__0', '591__0', '42531__4', '802__0', '249__1', '643__0', '320__0', '528__0', '798__4', '342__0', '633__0', '227__0', '9__0', '942__3', '710__0', '698__1', '267__0', '509__0', '42560__4', '772__0', '292__0', '346__0', '574__0', '680__0', '351__0', '177__0', '1906__0', '172__0', '541__0', '602__0', '712__0', '639__0', '1917__0', '104__0', '517__0', '42540__0', '783__0', '640__0', '279__0', '668__0', '149__0', '662__0', '133__0', '132__0', '439__0', '821__0', '42491__4', '2060__0', '401__0', '2018__0', '1961__0', '722__0', '425__0', '1871__0', '137__43', '395__0', '42608__4', '42596__0', '378__0', '2124__0', '397__0', '557__0', '160__0', '42536__4', '247__0', '150__0', '790__0', '597__2', '159__0', '1868__0', '207__0', '450__1', '1893__0', '312__0', '350__0', '103__0', '881__0', '437__0', '2063__0', '282__0', '1002__3', '42592__4', '42982__0', '407__0', '148__0', '264__0', '1832__0', '635__0', '678__0', '42580__0', '861__0', '238__1', '512__0', '404__0', '40964__0', '456__0', '64__0', '203__0', '701__0', '319__0', '902__3', '531__0', '38__0', '657__0', '42563__2', '0__0', '63__0', '56__0', '625__0', '196__0', '471__0', '709__0', '295__0', '632__0', '1022__3', '323__0', '42__0', '411__0', '649__0', '180__0', '328__0', '145__4', '727__0', '613__0', '467__0', '2187__0', '166__0', '601__0', '16__0', '88__0', '310__0']
