
Welcome to IBM(R) ILOG(R) CPLEX(R) Interactive Optimizer 22.1.1.0
  with Simplex, Mixed Integer & Barrier Optimizers
5725-A06 5725-A29 5724-Y48 5724-Y49 5724-Y54 5724-Y55 5655-Y21
Copyright IBM Corp. 1988, 2022.  All Rights Reserved.

Type 'help' for a list of available commands.
Type 'help' followed by a command name for more
information on commands.

CPLEX> Problem '/tmp/1cfc973fc8f049cba26490f024522ab7-pulp.lp' read.
Read time = 0.16 sec. (20.41 ticks)
CPLEX> New value for time limit in seconds: 1200
CPLEX> Version identifier: 22.1.1.0 | 2022-11-28 | 9160aff4d
CPXPARAM_TimeLimit                               1200
Tried aggregator 4 times.
MIP Presolve eliminated 53377 rows and 246 columns.
MIP Presolve modified 202648 coefficients.
Aggregator did 22237 substitutions.
Reduced MIP has 159029 rows, 70117 columns, and 449279 nonzeros.
Reduced MIP has 35575 binaries, 0 generals, 0 SOSs, and 0 indicators.
Presolve time = 1.39 sec. (1165.94 ticks)
Found incumbent of value 6.901699 after 1.69 sec. (1489.80 ticks)
Probing fixed 90 vars, tightened 331 bounds.
Probing time = 0.44 sec. (65.43 ticks)
Tried aggregator 4 times.
Detecting symmetries...
MIP Presolve eliminated 11694 rows and 448 columns.
MIP Presolve modified 25666 coefficients.
Aggregator did 614 substitutions.
Reduced MIP has 146721 rows, 69055 columns, and 422594 nonzeros.
Reduced MIP has 35300 binaries, 0 generals, 0 SOSs, and 0 indicators.
Presolve time = 0.90 sec. (772.03 ticks)
Probing time = 0.12 sec. (22.26 ticks)
Clique table members: 83434.
MIP emphasis: balance optimality and feasibility.
MIP search method: dynamic search.
Parallel mode: deterministic, using up to 32 threads.
Root relaxation solution time = 23.42 sec. (25264.55 ticks)

        Nodes                                         Cuts/
   Node  Left     Objective  IInf  Best Integer    Best Bound    ItCnt     Gap

*     0+    0                            6.9017        0.5833            91.55%
      0     0        0.8508  6750        6.9017        0.8508       16   87.67%
      0     0        0.8515  6577        6.9017      Cuts: 84      162   87.66%
Heuristic still looking.
Heuristic still looking.
      0     2        0.8515  6577        6.9017        0.8515      162   87.66%
Elapsed time = 77.75 sec. (104219.96 ticks, tree = 0.02 MB, solutions = 1)
      3     3        0.8515  6577        6.9017        0.8515      163   87.66%
     12     9        0.8515  6526        6.9017        0.8515      216   87.66%
     27    21        0.8515  6529        6.9017        0.8515      319   87.66%
     40    19        0.8690  6506        6.9017        0.8515     4737   87.66%
     41    27        0.8690  6475        6.9017        0.8515     5126   87.66%
     46    32        0.8690  6516        6.9017        0.8515     4224   87.66%
     48    46        0.8690  6483        6.9017        0.8515    13479   87.66%
     61    55        0.8690  6456        6.9017        0.8515    19478   87.66%
     62    13        0.8690  6512        6.9017        0.8515     5776   87.66%
     69    28        0.8690  6485        6.9017        0.8515     5174   87.66%
Elapsed time = 99.81 sec. (114960.77 ticks, tree = 0.12 MB, solutions = 1)
     81    24        0.8690  6511        6.9017        0.8515     8422   87.66%
     97    64        0.8778  6455        6.9017        0.8515    63299   87.66%
    127    85        0.8690  6430        6.9017        0.8515    88477   87.66%
    159    67        0.8778  6424        6.9017        0.8515    78759   87.66%
    191   133        0.8690  6451        6.9017        0.8515   123320   87.66%
    208   154        0.8690  6382        6.9017        0.8515   124744   87.66%
    236   168        0.8777  6409        6.9017        0.8515   151582   87.66%
    259   170        0.8690  6478        6.9017        0.8515   164054   87.66%
    274   201        0.8690  6478        6.9017        0.8515   210773   87.66%
    291   207        0.8690  6448        6.9017        0.8515   212509   87.66%
Elapsed time = 122.04 sec. (125177.90 ticks, tree = 3.58 MB, solutions = 1)
    301   211        0.8690  6470        6.9017        0.8515   212248   87.66%
    317   215        0.8690  6454        6.9017        0.8515   230784   87.66%
    321   218        0.8777  6433        6.9017        0.8515   231822   87.66%
    326   235        0.8690  6506        6.9017        0.8515   252303   87.66%
    331    18        0.8690  6516        6.9017        0.8515    14867   87.66%
    339    50        0.8864  6415        6.9017        0.8515    53161   87.66%
    346   240        0.8690  6471        6.9017        0.8515   279671   87.66%
    365   248        0.8778  6468        6.9017        0.8515   331393   87.66%
    380   257        0.8690  6417        6.9017        0.8515   332182   87.66%
    393    37        0.8690  6494        6.9017        0.8515    26218   87.66%
Elapsed time = 150.59 sec. (138881.95 ticks, tree = 0.05 MB, solutions = 1)
    404   285        0.8777  6427        6.9017        0.8515   363107   87.66%
    414   179        0.8690  6365        6.9017        0.8515   173332   87.66%
    419   254        0.8864  6428        6.9017        0.8515   350062   87.66%
    437   335        0.8690  6458        6.9017        0.8515   406285   87.66%
    467   359        0.8690  6462        6.9017        0.8515   416954   87.66%
    509   341        0.8690  6411        6.9017        0.8515   412987   87.66%
    556   369        0.8690  6458        6.9017        0.8515   450484   87.66%
    600   388        0.8778  6427        6.9017        0.8515   451808   87.66%
    652   386        0.8690  6469        6.9017        0.8515   521178   87.66%
    694   392        0.8690  6464        6.9017        0.8515   492017   87.66%
Elapsed time = 172.86 sec. (149364.74 ticks, tree = 6.39 MB, solutions = 1)
    729   409        0.8690  6382        6.9017        0.8515   452827   87.66%
    763   390        0.9127  4412        6.9017        0.8515   559925   87.66%
    783   514        0.8690  6345        6.9017        0.8515   578263   87.66%
    803   520        0.8778  6441        6.9017        0.8515   571224   87.66%
*   809+  443                            1.0306        0.8515            17.37%
    832   565        0.9216  3654        1.0306        0.8515   613960   17.37%
    849   524        0.8690  6440        1.0306        0.8515   604247   17.37%
    863   302        0.8777  6478        1.0306        0.8515   408118   17.37%
    881   613        0.8690  6411        1.0306        0.8515   646401   17.37%
    896   610        0.8690  6428        1.0306        0.8515   659413   17.37%
    915   614        0.8690  6405        1.0306        0.8515   659788   17.37%
Elapsed time = 195.99 sec. (159464.19 ticks, tree = 11.60 MB, solutions = 2)
    933   618        0.8777  6389        1.0306        0.8515   660185   17.37%
    947   658        0.8777  6420        1.0306        0.8515   673926   17.37%
    952   662        0.8690  6418        1.0306        0.8515   674297   17.37%
    961   699        0.8690  6438        1.0306        0.8515   690564   17.37%
    966   671        0.8777  6389        1.0306        0.8515   675646   17.37%
    969   701        0.8777  6432        1.0306        0.8515   692066   17.37%
    977   187        0.8777  6470        1.0306        0.8515   186058   17.37%
    988   710        0.8690  6450        1.0306        0.8515   691863   17.37%
   1003   734        0.9129  4373        1.0306        0.8515   700255   17.37%
   1018   719        0.8690  6439        1.0306        0.8515   692691   17.37%
Elapsed time = 220.76 sec. (169690.82 ticks, tree = 13.83 MB, solutions = 2)
   1038   745        0.8690  6449        1.0306        0.8515   696070   17.37%
   1054   750        0.8690  6434        1.0306        0.8515   696430   17.37%
   1071   760        0.8690  6441        1.0306        0.8515   707157   17.37%
   1090   761        0.8777  6431        1.0306        0.8515   707753   17.37%
   1110   252        0.8690  6474        1.0306        0.8515   331831   17.37%
   1131   799        0.8690  6413        1.0306        0.8515   728415   17.37%
   1151   858        0.8690  6386        1.0306        0.8515   736126   17.37%
   1166   835        0.8690  6398        1.0306        0.8515   732468   17.37%
   1181   808        0.8777  6387        1.0306        0.8515   729800   17.37%
   1203   900        0.8777  6390        1.0306        0.8515   749846   17.37%
Elapsed time = 245.49 sec. (179704.11 ticks, tree = 17.40 MB, solutions = 3)
   1232   928        0.8690  6350        1.0306        0.8515   752938   17.37%
   1263   983        0.8690  6328        1.0306        0.8515   757208   17.37%
   1283   961        0.8690  6357        1.0306        0.8515   755679   17.37%
   1300  1050        0.8690  6426        1.0306        0.8515   780413   17.37%
   1310   915        0.8777  6344        1.0306        0.8515   752445   17.37%
   1312   392        0.8690  6440        1.0306        0.8515   491846   17.37%
   1315   879        0.9302  3124        1.0306        0.8515   755476   17.37%
   1317   987        0.8690  6358        1.0306        0.8515   766434   17.37%
   1323   990        0.8777  6346        1.0306        0.8515   766968   17.37%
   1334  1171        0.8777  6332        1.0306        0.8515   835245   17.37%
Elapsed time = 275.30 sec. (191460.77 ticks, tree = 24.46 MB, solutions = 3)
   1345  1203        0.8690  6426        1.0306        0.8515   856804   17.37%
   1355  1187        0.8953  5536        1.0306        0.8515   851142   17.37%
   1375  1208        0.8690  6415        1.0306        0.8515   860603   17.37%
   1393  1209        0.8777  6380        1.0306        0.8515   861429   17.37%
   1414   860        0.8690  5718        1.0306        0.8515   756342   17.37%
   1438  1136        0.9302  3228        1.0306        0.8515   814088   17.37%
   1456  1219        0.8690  6379        1.0306        0.8515   863117   17.37%
   1473  1229        0.8690  6366        1.0306        0.8515   863334   17.37%
   1506  1275        0.8690  6358        1.0306        0.8515   874169   17.37%
   1534  1370        0.8690  6337        1.0306        0.8515   950725   17.37%
Elapsed time = 297.36 sec. (201482.14 ticks, tree = 31.60 MB, solutions = 3)
   1561  1412        0.8778  6355        1.0306        0.8515   967521   17.37%
   1577  1281        0.8777  6343        1.0306        0.8515   895272   17.37%
   1591  1423        0.8777  6451        1.0306        0.8515   997110   17.37%
   1606  1426        0.8777  6451        1.0306        0.8515   997556   17.37%
   1628  1446        0.8777  6405        1.0306        0.8515  1025760   17.37%
   1655  1466        0.8690  6353        1.0306        0.8515  1040940   17.37%
   1672  1437        0.8777  6414        1.0306        0.8515   998853   17.37%
   1691  1460        0.8690  6380        1.0306        0.8515  1026952   17.37%
   1710  1280        0.8690  5931        1.0306        0.8515   881224   17.37%
   1825  1502        0.8690  6408        1.0306        0.8515  1105595   17.37%
Elapsed time = 324.99 sec. (214386.58 ticks, tree = 35.19 MB, solutions = 3)
   1938  1669        0.9403    49        1.0306        0.8515  1312429   17.37%
   2012  1691        0.9450    39        1.0306        0.8515  1319928   17.37%
   2075  1829        0.8786  1476        1.0306        0.8515  1432847   17.37%
   2180  1832        0.8777  6338        1.0306        0.8515  1379030   17.37%
   2257  1992        0.9641    22        1.0306        0.8515  1515654   17.37%
   2344  2024        0.9723    31        1.0306        0.8515  1515980   17.37%
   2419  2126        0.9605    39        1.0306        0.8515  1744016   17.37%
   2489  2266        1.0151    22        1.0306        0.8515  1893801   17.37%
   2563  2120        0.8800   610        1.0306        0.8515  1876891   17.37%
   2678  2336        1.0151    16        1.0306        0.8515  1895334   17.37%
Elapsed time = 424.52 sec. (252932.46 ticks, tree = 62.44 MB, solutions = 3)
   2770  2401        0.8789  1698        1.0306        0.8515  2234722   17.37%
   2879  2581        1.0151    15        1.0306        0.8515  2249977   17.37%
   3113  2673        0.9403   313        1.0306        0.8515  2445352   17.37%
   3470  2762        0.9853    17        1.0306        0.8515  2598020   17.37%
   3785  2752        0.8876  1438        1.0306        0.8515  2714200   17.37%
   4224  2800        0.9571   191        1.0306        0.8515  2729958   17.37%
   4807  3225        0.9822    23        1.0306        0.8515  2893757   17.37%
   5437  2783        0.9370   314        1.0306        0.8515  2759266   17.37%
   6066  3180        0.8690  6467        1.0306        0.8515  2818790   17.37%
*  6398+ 4997                            1.0155        0.8515            16.15%
*  6409+ 4997                            0.9742        0.8515            12.59%
*  6418+ 4997                            0.9741        0.8515            12.58%
   6504  3298        1.0004    16        0.9741        0.8515  2933037   12.58%
Elapsed time = 512.32 sec. (291289.93 ticks, tree = 93.26 MB, solutions = 6)
   6814  4183        0.9931    56        0.9741        0.8515  3104316   12.58%
*  6954+ 4340                            0.9638        0.8515            11.65%
   7107  4658        0.9606    28        0.9638        0.8515  3216346   11.65%
*  7115+ 3981                            0.9614        0.8515            11.43%
   7272  3215        0.8691  4846        0.9614        0.8515  2927906   11.43%
   7353  4088        0.9556    39        0.9614        0.8515  3576264   11.43%
   7424  4042        0.8691  6452        0.9614        0.8515  3642701   11.43%
   7472  4079        0.8515  6493        0.9614        0.8515  3787429   11.43%
   7550  4267        0.9144   298        0.9614        0.8515  3865395   11.43%
   7614  4262        0.8691  6389        0.9614        0.8515  3880298   11.43%
   7673  4015        0.8952  5552        0.9614        0.8515  3695416   11.43%
   7735  4347        0.8515  6442        0.9614        0.8515  4006920   11.43%
Elapsed time = 599.02 sec. (329752.01 ticks, tree = 145.56 MB, solutions = 9)
   7774  4332        0.8603  6471        0.9614        0.8515  3998624   11.43%
   7832  4509        0.9593   427        0.9614        0.8515  4107526   11.43%
   7863  4285        0.8604  6454        0.9614        0.8515  3967320   11.43%
   7916  4519        0.8690  6444        0.9614        0.8515  4167744   11.43%
   7987  4544        0.9448    36        0.9614        0.8515  4131983   11.43%
   8102  4582        0.8518  6554        0.9614        0.8515  4229609   11.43%
   8186  4596        0.8515  6424        0.9614        0.8515  4216265   11.43%
   8304  4625        0.8516  6356        0.9614        0.8515  4218599   11.43%
   8410  4819        0.8604  6466        0.9614        0.8515  4503550   11.43%
   8545  4636        0.8603  6430        0.9614        0.8515  4356040   11.43%
Elapsed time = 697.05 sec. (369093.63 ticks, tree = 151.84 MB, solutions = 9)
   8765  4955        0.8518  6490        0.9614        0.8515  4516934   11.43%
   8953  4916        0.8518  6585        0.9614        0.8515  4531210   11.43%
   9133  5034        0.8517  6505        0.9614        0.8515  4646566   11.43%
   9347  5085        0.8518  6458        0.9614        0.8515  4648164   11.43%
   9576  5387        0.9509   245        0.9614        0.8515  4820503   11.43%
   9879  5858        0.8964  1221        0.9614        0.8515  5062339   11.43%
  10127  6011        0.8604  6330        0.9614        0.8515  5137169   11.43%
  10360  5896        0.8518  6301        0.9614        0.8515  5039535   11.43%
  10616  6041        0.9418   356        0.9614        0.8515  5135328   11.43%
  10852  6179        0.8870  1559        0.9614        0.8515  5195737   11.43%
Elapsed time = 791.12 sec. (407346.22 ticks, tree = 209.71 MB, solutions = 9)
  11239  6422        0.8872  1538        0.9614        0.8515  5320631   11.43%
  11638  6441        0.8877  1508        0.9614        0.8515  5324816   11.43%
  12019  7620        0.9458    15        0.9614        0.8515  5663381   11.43%
  12453  7799        0.8867  1531        0.9614        0.8515  5761989   11.43%
  12918  7850        0.9335   238        0.9614        0.8515  5765951   11.43%
  13370  7892        0.9461    31        0.9614        0.8515  5768753   11.43%
  13785  8644        cutoff              0.9614        0.8515  5890537   11.43%
  14141  8767        0.8606  6390        0.9614        0.8515  5924188   11.43%
  14557  9283        0.9546    48        0.9614        0.8515  6033746   11.43%
  14955  9908        0.8959  1226        0.9614        0.8515  6100073   11.43%
Elapsed time = 881.19 sec. (445587.18 ticks, tree = 365.32 MB, solutions = 9)
* 15014+ 9038                            0.9612        0.8515            11.40%
  15362  9983        0.8960   927        0.9612        0.8515  6101650   11.40%
  15722 10979        0.9596    68        0.9612        0.8515  6405811   11.40%
  15966 11126        0.8690  6425        0.9612        0.8515  6448011   11.40%
  16221 10173        0.9237   311        0.9612        0.8515  6221337   11.40%
  16412 10501        0.8785  1639        0.9612        0.8515  6282565   11.40%
  16759 11277        0.8693  5807        0.9612        0.8515  6488915   11.40%
  17107 11591        0.9574    18        0.9612        0.8515  6534058   11.40%
  17371 12475        0.8866  6258        0.9612        0.8515  6901594   11.40%
  17678 12759        0.8692  6429        0.9612        0.8515  6965559   11.40%
  17940 13163        0.8876  1264        0.9612        0.8515  7065726   11.40%
Elapsed time = 974.27 sec. (483972.67 ticks, tree = 503.32 MB, solutions = 10)
  18193 12873        0.8515  6494        0.9612        0.8515  7032634   11.40%
  18428 13462        0.8868  5207        0.9612        0.8515  7209547   11.40%
  18673 13835        0.9577   508        0.9612        0.8515  7291952   11.40%
  18917 13748        0.9592   124        0.9612        0.8515  7285473   11.40%
  19149 13305        0.9409    59        0.9612        0.8515  7090271   11.40%
  19404 14201        0.9455    73        0.9612        0.8515  7460244   11.40%
  19625 14537        0.8785  1570        0.9612        0.8515  7599896   11.40%
* 19739+14515                            0.9566        0.8515            10.98%
  19795 14871        0.8876  1435        0.9566        0.8515  7701501   10.98%
  19991 13914        0.8873  5280        0.9566        0.8515  7860801   10.98%
  20138 14243        0.8882  1298        0.9566        0.8515  7977247   10.98%
Elapsed time = 1069.62 sec. (522306.63 ticks, tree = 526.44 MB, solutions = 11)
Starting limited solution polishing.
  20333 14988        0.8885  1085        0.9566        0.8515  7709997   10.98%
  20491 15029        0.8887  1124        0.9566        0.8515  7711854   10.98%
  20659 14342        0.9277   626        0.9566        0.8515  8114372   10.98%
  20832 14372        0.9554    69        0.9566        0.8515  8117386   10.98%
  21014 14480        0.9504   182        0.9566        0.8515  8215024   10.98%
* 21092+14394                            0.9565        0.8515            10.98%
* 21098+14355                            0.9550        0.8515            10.83%
  21181 15097        0.8789  1518        0.9550        0.8515  8432974   10.83%
  21329 14398        0.8781  5160        0.9550        0.8515  8182670   10.83%
  21509 15206        0.8778  4787        0.9550        0.8515  8617821   10.83%
* 21526+15103                            0.9532        0.8515            10.67%
  21685 15136        0.8885  1436        0.9532        0.8515  8491884   10.67%
  21796 15207        0.8792  1222        0.9532        0.8515  8437882   10.67%
Elapsed time = 1173.05 sec. (560708.90 ticks, tree = 567.60 MB, solutions = 17)
  21906 13758        0.8777  6389        0.9532        0.8515  7826664   10.67%
  22049 15234        0.8518  5183        0.9532        0.8515  8790013   10.67%
  22279 15275        0.8518  5583        0.9532        0.8515  8793131   10.67%
* 22447+15157                            0.9514        0.8515            10.50%
  22447 15281        0.9420   132        0.9514        0.8515  8688912   10.50%
* 22521+15358                            0.9491        0.8515            10.27%
  22528 15304        0.8519  5275        0.9491        0.8515  8799691   10.27%
  22532  4104        0.8778  5885        0.9491        0.8515  3402962   10.27%

Clique cuts applied:  60
Implied bound cuts applied:  1

Root node processing (before b&c):
  Real time             =   76.79 sec. (103910.53 ticks)
Parallel b&c, 32 threads:
  Real time             = 1123.72 sec. (517813.99 ticks)
  Sync time (average)   =  470.82 sec.
  Wait time (average)   =    0.00 sec.
                          ------------
Total (root+branch&cut) = 1200.52 sec. (621724.51 ticks)

Solution pool: 20 solutions saved.

MIP - Time limit exceeded, integer feasible:  Objective =  9.4905001698e-01
Current MIP best bound =  8.5153791442e-01 (gap = 0.0975121, 10.27%)
Solution time = 1200.53 sec.  Iterations = 9532500  Nodes = 22533 (15696)
Deterministic time = 621724.78 ticks  (517.88 ticks/sec)

CPLEX> MILP problem relaxed to LP with fixed integer variables using
incumbent solution.
CPLEX> Version identifier: 22.1.1.0 | 2022-11-28 | 9160aff4d
CPXPARAM_TimeLimit                               1200
Parallel mode: deterministic, using up to 32 threads for concurrent optimization:
 * Starting dual Simplex on 1 thread...
 * Starting Barrier on 30 threads...
 * Starting primal Simplex on 1 thread...
Tried aggregator 1 time.
LP Presolve eliminated 234384 rows and 92369 columns.
Aggregator did 140 substitutions.
Reduced LP has 119 rows, 91 columns, and 238 nonzeros.
Presolve time = 0.09 sec. (89.39 ticks)
Initializing dual steep norms . . .

Iteration log . . .
Iteration:     1   Dual objective     =             0.949050
Perturbation started.
Iteration:    51   Dual objective     =             0.949050
Removing perturbation.

Dual simplex solved model.


Dual simplex - Optimal:  Objective =  9.4905001698e-01
Solution time =    0.19 sec.  Iterations = 51 (0)
Deterministic time = 185.17 ticks  (983.38 ticks/sec)

CPLEX> Solution written to file '/tmp/1cfc973fc8f049cba26490f024522ab7-pulp.sol'.
CPLEX> Root classes: ['402']
Status: Optimal
Solved x values:
['252__0', '44__0', '355__0', '67__0', '192__0', '8835__0', '9__0', '135__0', '114__5', '45651__0', '21701__0', '8836__0', '149__0', '174__0', '20186__0', '377__5', '410__0', '8837__0', '364__0', '292__0', '286__0', '154__0', '194__0', '61__0', '22422__0', '183__0', '350__0', '2256__0', '274__3', '118__0', '307__0', '2096__57', '288__0', '200__0', '17__0', '150__0', '66__0', '2313__0', '98__0', '2925__0', '20506__0', '21702__0', '152__5', '184__0', '317__0', '173__0', '16322__0', '87__6', '2264__0', '2927__0', '20187__0', '126__0', '256__4', '25581__0', '320__3', '382__0', '385__0', '395__4', '16022__0', '304__0', '3__0', '11__0', '212__0', '2225__4', '349__6', '163__0', '328__0', '246__103', '15721__0', '64__0', '380__0', '2272__0', '129__0', '220__1', '46__0', '16__0', '556__56', '351__0', '253__0', '247__0', '225__0', '248__0', '491__66', '318__0', '23935__0', '31__8', '20795__0', '19172__0', '144__4', '28__0', '147__0', '81__0', '309__0', '522__0', '74__0', '2309__0', '616__38', '59__0', '146__0', '22752__0', '90__0', '43__0', '2319__0', '55446__0', '19171__0', '58__0', '374__0', '369__8', '26__0', '398__0', '88__0', '23__0', '201__0', '352__0', '5246__0', '303__0', '132__4', '2321__0', '2315__0', '95__2', '119__0', '24675__0', '392__0', '2270__0', '24677__0', '251__0', '344__0', '2926__0', '314__0', '156__0', '276__0', '23042__0', '490__0', '2273__0', '372__0', '2__0', '50__0', '2097__0', '104__0', '191__0', '8__0', '267__0', '322__0', '327__0', '16321__0', '89__0', '13__0', '45650__0', '108__0', '2324__0', '24980__0', '182__0', '234__0', '2287__0', '2281__0', '334__0', '172__0', '32__0', '285__0', '16020__0', '617__0', '557__0', '239__0', '230__0', '208__0', '15720__0', '70__64', '181__5', '2294__0', '127__0', '23937__0', '371__0', '196__0', '160__0', '2300__0', '39__5', '22750__0', '354__0', '115__0', '18__0', '159__0', '214__0', '2258__0', '222__0', '145__1', '107__0', '27__0', '257__0', '254__0', '412__0', '245__7', '346__0', '411__16', '142__0', '16631__0', '403__0', '29__0', '103__0', '25580__0', '37__0', '97__0', '71__0', '178__0', '100__0', '2277__0', '2260__0', '520__0', '2307__0', '187__0', '34__0', '109__0', '277__0', '397__0', '358__0', '4__0', '42__0', '130__0', '271__0', '359__0', '85__0', '25296__0', '336__0', '16021__0', '264__7', '179__0', '33__0', '243__0', '275__0', '2227__0', '2030__4', '36__0', '165__0', '2304__0', '134__0', '312__8', '177__0', '54__0', '2306__0', '242__0', '306__0', '125__0', '17935__0', '2289__0', '283__0', '136__0', '302__2', '155__0', '106__3', '2255__0', '343__0', '232__0', '5247__0', '261__0', '17937__0', '279__0', '16630__0', '18262__0', '18260__0', '79__0', '2326__0', '2298__0', '229__0', '300__0', '313__0', '25297__0', '367__0', '228__0', '400__0', '209__0', '280__0', '555__0', '224__0', '265__0', '20797__0', '2317__0', '19170__0', '2266__0', '333__0', '16632__0', '2095__4', '19__0', '62__0', '325__0', '357__2', '8072__0', '176__0', '2328__0', '2338__0', '168__0', '2323__0', '47__0', '137__0', '361__0', '121__0', '299__0', '77__5', '189__6', '272__0', '20505__0', '7__0', '324__0', '294__7', '378__0', '23040__0', '175__0', '237__4', '20796__0', '5245__0', '186__0', '117__0', '25582__0', '164__0', '258__0', '297__0', '199__2', '24__0', '366__0', '262__0', '40__0', '153__0', '21__0', '221__0', '45652__0', '55445__0', '96__17', '340__0', '219__5', '102__0', '8071__0', '379__0', '305__0', '15722__0', '404__0', '289__0', '18870__0', '51__0', '157__0', '24982__0', '347__0', '122__0', '21700__0', '2290__0', '205__0', '78__0', '216__0', '381__0', '18871__0', '133__0', '2268__0', '393__0', '521__19', '23936__0', '8070__0', '1__0', '405__0', '24981__0', '339__5', '0__0', '193__0', '235__0', '52__0', '72__0', '315__0', '22751__0', '141__0', '2275__0', '204__0', '49__3', '492__0', '60__0', '101__0', '69__7', '197__0', '291__0', '390__0', '337__0', '615__0', '2302__0', '387__3', '2296__0', '375__0', '124__7', '162__6', '284__0', '310__0', '370__100', '22420__0', '22__0', '296__0', '217__0', '84__0', '22421__0', '269__0', '82__0', '20507__0', '111__0', '99__0', '167__0', '138__0', '323__0', '342__0', '213__0', '12__0', '326__0', '16320__0', '55447__0', '25295__0', '231__0', '41__0', '399__0', '249__0', '363__0', '139__0', '92__0', '266__0', '250__0', '18872__0', '20185__0', '2262__0', '227__3', '2283__0', '389__0', '24676__0', '321__108', '171__105', '2332__0', '2279__0', '268__0', '207__8', '80__0', '2292__0', '17936__0', '360__0', '55__0', '388__0', '2336__0', '402__0', '331__7', '112__0', '2330__0', '396__93', '238__0', '259__0', '329__0', '211__0', '282__6', '287__0', '57__4', '2285__0', '202__0', '6__0', '384__0', '18261__0', '332__0', '2226__73', '2334__0', '190__0', '362__0', '93__0', '170__6', '14__0', '210__0', '295__104', '240__0', '75__0', '23041__0', '401__0', '63__0', '116__0', '2311__0', '341__0']
