presolving:
(round 1, fast)       1679 del vars, 4289 del conss, 0 add conss, 0 chg bounds, 7891 chg sides, 7891 chg coeffs, 0 upgd conss, 0 impls, 3477 clqs
(round 2, fast)       1679 del vars, 4289 del conss, 0 add conss, 53 chg bounds, 7891 chg sides, 7891 chg coeffs, 0 upgd conss, 0 impls, 3477 clqs
(round 3, fast)       1679 del vars, 4289 del conss, 0 add conss, 53 chg bounds, 7975 chg sides, 7975 chg coeffs, 0 upgd conss, 0 impls, 3477 clqs
(round 4, exhaustive) 1679 del vars, 5256 del conss, 0 add conss, 57 chg bounds, 7977 chg sides, 7977 chg coeffs, 0 upgd conss, 0 impls, 3477 clqs
(round 5, fast)       1679 del vars, 5256 del conss, 0 add conss, 57 chg bounds, 7997 chg sides, 7997 chg coeffs, 0 upgd conss, 0 impls, 3477 clqs
(round 6, exhaustive) 1679 del vars, 5256 del conss, 0 add conss, 77 chg bounds, 8007 chg sides, 8007 chg coeffs, 0 upgd conss, 0 impls, 3477 clqs
(round 7, fast)       1679 del vars, 5256 del conss, 0 add conss, 77 chg bounds, 8017 chg sides, 8017 chg coeffs, 0 upgd conss, 0 impls, 3477 clqs
(round 8, exhaustive) 1679 del vars, 5256 del conss, 0 add conss, 97 chg bounds, 8027 chg sides, 8027 chg coeffs, 0 upgd conss, 0 impls, 3477 clqs
(round 9, fast)       1679 del vars, 5256 del conss, 0 add conss, 97 chg bounds, 8047 chg sides, 8047 chg coeffs, 0 upgd conss, 0 impls, 3477 clqs
(round 10, exhaustive) 1679 del vars, 5256 del conss, 0 add conss, 101 chg bounds, 8049 chg sides, 8049 chg coeffs, 5370 upgd conss, 0 impls, 3477 clqs
   (0.4s) probing: 833/2729 (30.5%) - 0 fixings, 0 aggregations, 11880 implications, 0 bound changes
   (0.4s) probing aborted: 50/50 successive totally useless probings
   Deactivated symmetry handling methods, since SCIP was built without symmetry detector (SYM=none).
presolving (11 rounds: 11 fast, 5 medium, 5 exhaustive):
 1679 deleted vars, 5256 deleted constraints, 0 added constraints, 101 tightened bounds, 0 added holes, 8053 changed sides, 8053 changed coefficients
 9272 implications, 7847 cliques
presolved problem has 5327 variables (2729 bin, 0 int, 0 impl, 2598 cont) and 10527 constraints
   1796 constraints of type <varbound>
   3477 constraints of type <setppc>
   5155 constraints of type <linear>
     99 constraints of type <logicor>
Presolving Time: 0.41

 time | node  | left  |LP iter|LP it/n|mem/heur|mdpt |vars |cons |rows |cuts |sepa|confs|strbr|  dualbound   | primalbound  |  gap   | compl. 
  0.7s|     1 |     0 |  3236 |     - |    73M |   0 |5327 |  10k|  10k|   0 |  0 |  56 |   0 | 4.393577e-02 |      --      |    Inf | unknown
  1.4s|     1 |     0 |  6201 |     - |    79M |   0 |5327 |  10k|  10k|   5 |  1 |  66 |   0 | 5.284541e-01 |      --      |    Inf | unknown
  1.5s|     1 |     0 |  7002 |     - |    80M |   0 |5327 |  10k|  10k|  10 |  2 |  70 |   0 | 7.836523e-01 |      --      |    Inf | unknown
  1.7s|     1 |     0 |  8333 |     - |    81M |   0 |5327 |  10k|  10k|  14 |  3 |  73 |   0 | 7.934348e-01 |      --      |    Inf | unknown
  2.0s|     1 |     0 |  8989 |     - |    82M |   0 |5327 |  10k|  10k|  18 |  4 |  77 |   0 | 8.154390e-01 |      --      |    Inf | unknown
  2.2s|     1 |     0 |  9720 |     - |    84M |   0 |5327 |  10k|  10k|  24 |  5 |  87 |   0 | 8.932432e-01 |      --      |    Inf | unknown
  2.2s|     1 |     0 |  9962 |     - |    85M |   0 |5327 |  10k|  10k|  28 |  6 |  97 |   0 | 9.487399e-01 |      --      |    Inf | unknown
  2.4s|     1 |     0 | 10677 |     - |    86M |   0 |5327 |  10k|  10k|  31 |  7 | 107 |   0 | 9.510807e-01 |      --      |    Inf | unknown
  2.6s|     1 |     0 | 10762 |     - |    87M |   0 |5327 |  10k|  10k|  32 |  8 | 111 |   0 | 9.510807e-01 |      --      |    Inf | unknown
  2.7s|     1 |     0 | 10872 |     - |    88M |   0 |5327 |  10k|  10k|  35 |  9 | 112 |   0 | 9.529071e-01 |      --      |    Inf | unknown
  2.9s|     1 |     0 | 10997 |     - |    89M |   0 |5327 |  10k|  10k|  38 | 10 | 115 |   0 | 9.542021e-01 |      --      |    Inf | unknown
  2.9s|     1 |     0 | 11044 |     - |    90M |   0 |5327 |  10k|  10k|  39 | 11 | 117 |   0 | 9.608478e-01 |      --      |    Inf | unknown
  3.0s|     1 |     0 | 11491 |     - |    91M |   0 |5327 |  10k|  10k|  43 | 12 | 127 |   0 | 9.861890e-01 |      --      |    Inf | unknown
  3.1s|     1 |     0 | 11588 |     - |    92M |   0 |5327 |  10k|  10k|  46 | 13 | 129 |   0 | 9.865060e-01 |      --      |    Inf | unknown
  3.1s|     1 |     0 | 11619 |     - |    94M |   0 |5327 |  10k|  10k|  49 | 14 | 131 |   0 | 9.867117e-01 |      --      |    Inf | unknown
 time | node  | left  |LP iter|LP it/n|mem/heur|mdpt |vars |cons |rows |cuts |sepa|confs|strbr|  dualbound   | primalbound  |  gap   | compl. 
  3.2s|     1 |     0 | 11772 |     - |    95M |   0 |5327 |  10k|  10k|  50 | 15 | 134 |   0 | 1.015125e+00 |      --      |    Inf | unknown
  3.3s|     1 |     0 | 11855 |     - |    98M |   0 |5327 |  10k|  10k|  53 | 16 | 144 |   0 | 1.017650e+00 |      --      |    Inf | unknown
  3.4s|     1 |     0 | 12243 |     - |    99M |   0 |5327 |  10k|  10k|  56 | 17 | 154 |   0 | 1.053939e+00 |      --      |    Inf | unknown
  3.5s|     1 |     0 | 13528 |     - |   100M |   0 |5327 |  10k|  10k|  59 | 18 | 164 |   0 | 1.245634e+00 |      --      |    Inf | unknown
  3.7s|     1 |     0 | 15039 |     - |   101M |   0 |5327 |  10k|  10k|  63 | 19 | 170 |   0 | 1.255115e+00 |      --      |    Inf | unknown
  3.7s|     1 |     0 | 15151 |     - |   103M |   0 |5327 |  10k|  10k|  67 | 20 | 174 |   0 | 1.261809e+00 |      --      |    Inf | unknown
  3.8s|     1 |     0 | 15151 |     - |   103M |   0 |5327 |  10k|  10k|  67 | 22 | 184 |   0 | 1.261809e+00 |      --      |    Inf | unknown
  4.8s|     1 |     0 | 17553 |     - |   104M |   0 |5327 |  10k|  10k|  67 | 24 | 227 |   3 | 1.678800e+00 |      --      |    Inf | unknown
  5.0s|     1 |     0 | 18854 |     - |   104M |   0 |5327 |  10k|  10k|  73 | 25 | 237 |   3 | 1.980217e+00 |      --      |    Inf | unknown
  7.7s|     1 |     0 | 19573 |     - |   104M |   0 |5327 |  10k|  10k|  73 | 26 | 246 |  21 | 2.960070e+00 |      --      |    Inf | unknown
  7.8s|     1 |     0 | 21451 |     - |   104M |   0 |5327 |  10k|  10k|  80 | 27 | 251 |  21 | 2.960942e+00 |      --      |    Inf | unknown
  8.0s|     1 |     0 | 21459 |     - |   104M |   0 |5327 |  10k|  10k|  83 | 28 | 260 |  21 | 2.961042e+00 |      --      |    Inf | unknown
  8.0s|     1 |     0 | 21459 |     - |   104M |   0 |5327 |  10k|  10k|  83 | 28 | 261 |  21 | 2.961042e+00 |      --      |    Inf | unknown
  8.0s|     1 |     0 | 21538 |     - |   104M |   0 |5327 |  10k|  10k|  85 | 29 | 261 |  21 | 2.974338e+00 |      --      |    Inf | unknown
 13.0s|     1 |     0 | 21754 |     - |   104M |   0 |5327 |  10k|  10k|  85 | 30 | 268 |  81 | 3.633895e+00 |      --      |    Inf | unknown
 time | node  | left  |LP iter|LP it/n|mem/heur|mdpt |vars |cons |rows |cuts |sepa|confs|strbr|  dualbound   | primalbound  |  gap   | compl. 
 13.2s|     1 |     0 | 21758 |     - |   104M |   0 |5327 |  10k|  10k|  87 | 32 | 277 |  81 | 3.633895e+00 |      --      |    Inf | unknown
 13.4s|     1 |     0 | 21773 |     - |   104M |   0 |5327 |  10k|  10k|  87 | 32 | 283 |  84 | 3.704575e+00 |      --      |    Inf | unknown
 13.4s|     1 |     0 | 21880 |     - |   104M |   0 |5327 |  10k|  10k|  89 | 33 | 287 |  84 | 3.706894e+00 |      --      |    Inf | unknown
 14.5s|     1 |     0 | 21882 |     - |   104M |   0 |5327 |  10k|  10k|  89 | 34 | 294 | 103 | 3.726169e+00 |      --      |    Inf | unknown
 14.5s|     1 |     0 | 23302 |     - |   104M |   0 |5327 |  10k|  10k|  94 | 35 | 298 | 103 | 3.726169e+00 |      --      |    Inf | unknown
 16.9s|     1 |     0 | 23406 |     - |   104M |   0 |5327 |  10k|  10k|  94 | 36 | 304 | 153 | 4.004377e+00 |      --      |    Inf | unknown
 17.0s|     1 |     0 | 24649 |     - |   104M |   0 |5327 |  10k|  10k|  97 | 37 | 309 | 153 | 4.008441e+00 |      --      |    Inf | unknown
 17.1s|     1 |     0 | 24650 |     - |   104M |   0 |5327 |  10k|  10k|  98 | 38 | 311 | 153 | 4.008441e+00 |      --      |    Inf | unknown
 17.1s|     1 |     0 | 24650 |     - |   104M |   0 |5327 |  10k|  10k|  98 | 38 | 318 | 153 | 4.008441e+00 |      --      |    Inf | unknown
 17.2s|     1 |     0 | 24726 |     - |   104M |   0 |5327 |  10k|  10k| 106 | 39 | 318 | 153 | 4.008445e+00 |      --      |    Inf | unknown
 19.1s|     1 |     2 | 24726 |     - |   104M |   0 |5327 |  10k|  10k| 106 | 40 | 326 | 187 | 4.011144e+00 |      --      |    Inf | unknown
 67.5s|   100 |    83 | 29804 | 103.0 |   115M |  41 |5327 |  10k|  10k| 159 |  1 | 610 |1602 | 4.021869e+00 |      --      |    Inf | unknown
 86.5s|   200 |   171 | 33389 |  69.2 |   120M |  49 |5327 |  10k|  10k| 177 |  1 | 795 |2023 | 4.021869e+00 |      --      |    Inf | unknown
 94.2s|   300 |   257 | 37046 |  58.3 |   125M |  57 |5327 |  10k|  10k| 202 |  1 | 876 |2154 | 4.021869e+00 |      --      |    Inf | unknown
  102s|   400 |   341 | 40043 |  51.2 |   128M |  57 |5327 |  10k|  10k| 225 |  1 |1091 |2347 | 4.021869e+00 |      --      |    Inf | unknown
 time | node  | left  |LP iter|LP it/n|mem/heur|mdpt |vars |cons |rows |cuts |sepa|confs|strbr|  dualbound   | primalbound  |  gap   | compl. 
  113s|   500 |   410 | 42985 |  46.8 |   131M |  57 |5327 |  10k|  10k| 262 |  1 |1300 |2578 | 4.104462e+00 |      --      |    Inf | unknown
  121s|   600 |   452 | 45227 |  42.8 |   132M |  57 |5327 |  11k|  10k| 266 |  0 |1825 |2753 | 4.104462e+00 |      --      |    Inf | unknown
  124s|   700 |   508 | 47969 |  40.6 |   133M |  57 |5327 |  11k|  10k| 271 |  1 |2025 |2804 | 4.115450e+00 |      --      |    Inf | unknown
  125s|   800 |   572 | 49710 |  37.7 |   134M |  63 |5327 |  11k|  10k| 274 |  1 |2204 |2822 | 4.115450e+00 |      --      |    Inf | unknown
  128s|   900 |   650 | 52408 |  36.5 |   136M |  63 |5327 |  11k|  10k| 283 |  1 |2300 |2854 | 4.229197e+00 |      --      |    Inf | unknown
  129s|  1000 |   714 | 54019 |  34.4 |   136M |  65 |5327 |  11k|  10k| 285 |  1 |2452 |2870 | 4.229197e+00 |      --      |    Inf | unknown
  132s|  1100 |   784 | 56076 |  33.2 |   137M |  66 |5327 |  11k|  10k| 292 |  1 |2596 |2898 | 4.229197e+00 |      --      |    Inf | unknown
Restart triggered after 50 consecutive estimations that the remaining tree will be large
(run 1, node 1106) performing user restart

(restart) converted 33 cuts from the global cut pool into linear constraints

presolving:
(round 1, fast)       155 del vars, 385 del conss, 0 add conss, 18 chg bounds, 467 chg sides, 1394 chg coeffs, 0 upgd conss, 9274 impls, 5437 clqs
(round 2, fast)       155 del vars, 389 del conss, 0 add conss, 18 chg bounds, 483 chg sides, 1408 chg coeffs, 0 upgd conss, 9274 impls, 5437 clqs
(round 3, medium)     186 del vars, 421 del conss, 0 add conss, 34 chg bounds, 483 chg sides, 1409 chg coeffs, 0 upgd conss, 9335 impls, 5376 clqs
(round 4, fast)       186 del vars, 422 del conss, 0 add conss, 34 chg bounds, 841 chg sides, 1767 chg coeffs, 0 upgd conss, 9335 impls, 5376 clqs
(round 5, exhaustive) 186 del vars, 440 del conss, 0 add conss, 34 chg bounds, 841 chg sides, 1767 chg coeffs, 0 upgd conss, 9335 impls, 5376 clqs
(round 6, fast)       192 del vars, 446 del conss, 0 add conss, 34 chg bounds, 841 chg sides, 1767 chg coeffs, 0 upgd conss, 9335 impls, 5376 clqs
(round 7, exhaustive) 192 del vars, 446 del conss, 0 add conss, 34 chg bounds, 841 chg sides, 1767 chg coeffs, 118 upgd conss, 9335 impls, 5376 clqs
(round 8, medium)     192 del vars, 471 del conss, 0 add conss, 34 chg bounds, 841 chg sides, 1767 chg coeffs, 118 upgd conss, 9340 impls, 5376 clqs
(round 9, exhaustive) 192 del vars, 980 del conss, 0 add conss, 34 chg bounds, 841 chg sides, 1867 chg coeffs, 119 upgd conss, 9340 impls, 5376 clqs
presolving (10 rounds: 10 fast, 6 medium, 4 exhaustive):
 192 deleted vars, 981 deleted constraints, 0 added constraints, 34 tightened bounds, 0 added holes, 841 changed sides, 1904 changed coefficients
 9340 implications, 5376 cliques
presolved problem has 5135 variables (2648 bin, 0 int, 0 impl, 2487 cont) and 10952 constraints
   1708 constraints of type <varbound>
      3 constraints of type <knapsack>
   3059 constraints of type <setppc>
   4968 constraints of type <linear>
   1214 constraints of type <logicor>
Presolving Time: 0.48

 time | node  | left  |LP iter|LP it/n|mem/heur|mdpt |vars |cons |rows |cuts |sepa|confs|strbr|  dualbound   | primalbound  |  gap   | compl. 
p 132s|     1 |     0 | 56645 |     - |shiftand|   0 |5135 |  10k|9793 |   0 |  0 |2637 |2904 | 4.241238e+00 | 4.997385e+00 |  17.83%| unknown
i 132s|     1 |     0 | 56645 |     - |  oneopt|   0 |5135 |  10k|9793 |   0 |  0 |2637 |2904 | 4.241238e+00 | 4.590867e+00 |   8.24%| unknown
  132s|     1 |     0 | 58631 |     - |   139M |   0 |5135 |  10k|9793 |   0 |  0 |2637 |2904 | 4.374193e+00 | 4.590867e+00 |   4.95%| unknown
  132s|     1 |     0 | 58680 |     - |   141M |   0 |5135 |  10k|9795 |   2 |  1 |2637 |2904 | 4.374384e+00 | 4.590867e+00 |   4.95%| unknown
  132s|     1 |     0 | 58683 |     - |   142M |   0 |5135 |  10k|9797 |   4 |  2 |2637 |2904 | 4.374384e+00 | 4.590867e+00 |   4.95%| unknown
  132s|     1 |     0 | 58748 |     - |   143M |   0 |5135 |  10k|9798 |   5 |  3 |2637 |2904 | 4.374384e+00 | 4.590867e+00 |   4.95%| unknown
  132s|     1 |     0 | 58749 |     - |   144M |   0 |5135 |  10k|9800 |   7 |  4 |2637 |2904 | 4.374384e+00 | 4.590867e+00 |   4.95%| unknown
  132s|     1 |     0 | 58750 |     - |   145M |   0 |5135 |  10k|9801 |   8 |  5 |2637 |2904 | 4.374384e+00 | 4.590867e+00 |   4.95%| unknown
  132s|     1 |     0 | 58756 |     - |   146M |   0 |5135 |  10k|9802 |   9 |  6 |2637 |2904 | 4.374384e+00 | 4.590867e+00 |   4.95%| unknown
  132s|     1 |     0 | 58760 |     - |   147M |   0 |5135 |  10k|9803 |  10 |  7 |2637 |2904 | 4.374384e+00 | 4.590867e+00 |   4.95%| unknown
  132s|     1 |     0 | 58800 |     - |   148M |   0 |5135 |  10k|9807 |  14 |  8 |2637 |2904 | 4.374384e+00 | 4.590867e+00 |   4.95%| unknown
  132s|     1 |     0 | 58946 |     - |   149M |   0 |5135 |  10k|9808 |  15 |  9 |2637 |2904 | 4.374384e+00 | 4.590867e+00 |   4.95%| unknown
  133s|     1 |     0 | 59031 |     - |   150M |   0 |5135 |  10k|9814 |  21 | 10 |2637 |2904 | 4.374384e+00 | 4.590867e+00 |   4.95%| unknown
  133s|     1 |     0 | 59144 |     - |   151M |   0 |5135 |  10k|9812 |  23 | 11 |2637 |2904 | 4.374384e+00 | 4.590867e+00 |   4.95%| unknown
d 135s|     1 |     0 | 60833 |     - |farkasdi|   0 |5135 |  10k|9812 |   0 | 11 |2637 |2904 | 4.374384e+00 | 4.385795e+00 |   0.26%| unknown
 time | node  | left  |LP iter|LP it/n|mem/heur|mdpt |vars |cons |rows |cuts |sepa|confs|strbr|  dualbound   | primalbound  |  gap   | compl. 
  135s|     1 |     0 | 60963 |     - |   151M |   0 |5135 |  10k|9812 |  23 | 11 |2639 |2904 | 4.374384e+00 | 4.385795e+00 |   0.26%| unknown
  135s|     1 |     0 | 60963 |     - |   151M |   0 |5135 |  10k|8867 |  23 | 11 |2639 |2904 | 4.374384e+00 | 4.385795e+00 |   0.26%| unknown
  135s|     1 |     0 | 60963 |     - |   151M |   0 |5135 |  10k|8629 |  23 | 12 |2639 |2904 | 4.374384e+00 | 4.385795e+00 |   0.26%| unknown
  135s|     1 |     0 | 61344 |     - |   151M |   0 |5135 |  10k|8631 |  25 | 13 |2639 |2904 | 4.374384e+00 | 4.385795e+00 |   0.26%| unknown
  135s|     1 |     2 | 61344 |     - |   151M |   0 |5135 |9520 |8631 |  25 | 13 |2639 |2924 | 4.374384e+00 | 4.385795e+00 |   0.26%| unknown
  139s|   100 |    79 | 63606 |  34.1 |   153M |  31 |5135 |9556 |8609 |  29 |  1 |2711 |2988 | 4.374384e+00 | 4.385795e+00 |   0.26%| unknown
  141s|   200 |   155 | 66072 |  33.4 |   158M |  31 |5135 |9586 |8611 |  48 |  1 |2770 |3007 | 4.374384e+00 | 4.385795e+00 |   0.26%| unknown
  144s|   300 |   234 | 69195 |  33.2 |   160M |  37 |5135 |9544 |8614 |  62 |  2 |2804 |3028 | 4.374384e+00 | 4.385795e+00 |   0.26%| unknown
  147s|   400 |   328 | 72457 |  33.2 |   161M |  39 |5135 |9536 |8610 |  66 |  1 |2861 |3053 | 4.374384e+00 | 4.385795e+00 |   0.26%| unknown
  150s|   500 |   395 | 75355 |  32.9 |   164M |  41 |5135 |9531 |8614 |  90 |  0 |2940 |3089 | 4.374384e+00 | 4.385795e+00 |   0.26%| unknown
  152s|   600 |   470 | 77784 |  32.4 |   164M |  44 |5135 |9529 |8611 |  90 |  0 |2978 |3114 | 4.374384e+00 | 4.385795e+00 |   0.26%| unknown
  154s|   700 |   536 | 79972 |  31.8 |   165M |  44 |5135 |9567 |8611 |  96 |  1 |3041 |3132 | 4.374384e+00 | 4.385795e+00 |   0.26%| unknown
  157s|   800 |   598 | 82648 |  31.6 |   167M |  44 |5135 |9566 |8614 | 116 |  1 |3066 |3164 | 4.374384e+00 | 4.385795e+00 |   0.26%| unknown
  159s|   900 |   679 | 85997 |  31.7 |   167M |  44 |5135 |9564 |8612 | 128 |  2 |3092 |3182 | 4.374384e+00 | 4.385795e+00 |   0.26%| unknown
  162s|  1000 |   743 | 89420 |  31.8 |   168M |  44 |5135 |9562 |8613 | 152 |  1 |3129 |3219 | 4.374384e+00 | 4.385795e+00 |   0.26%| unknown
 time | node  | left  |LP iter|LP it/n|mem/heur|mdpt |vars |cons |rows |cuts |sepa|confs|strbr|  dualbound   | primalbound  |  gap   | compl. 
  164s|  1100 |   810 | 91324 |  31.2 |   169M |  44 |5135 |9631 |8616 | 162 |  1 |3230 |3236 | 4.374384e+00 | 4.385795e+00 |   0.26%| unknown
  166s|  1200 |   892 | 94285 |  31.1 |   171M |  44 |5135 |9647 |8610 | 187 |  0 |3317 |3261 | 4.374384e+00 | 4.385795e+00 |   0.26%| unknown
  169s|  1300 |   964 | 97599 |  31.2 |   173M |  44 |5135 |9667 |8614 | 211 |  2 |3380 |3292 | 4.374384e+00 | 4.385795e+00 |   0.26%| unknown
  172s|  1400 |  1036 |100874 |  31.3 |   174M |  44 |5135 |9620 |8610 | 221 |  1 |3431 |3325 | 4.374384e+00 | 4.385795e+00 |   0.26%| unknown
  174s|  1500 |  1101 |103361 |  31.0 |   175M |  44 |5135 |9567 |8612 | 238 |  2 |3485 |3355 | 4.374384e+00 | 4.385795e+00 |   0.26%| unknown
  177s|  1600 |  1157 |105999 |  30.9 |   177M |  44 |5135 |9510 |8613 | 265 |  2 |3517 |3381 | 4.374385e+00 | 4.385795e+00 |   0.26%| unknown
  180s|  1700 |  1235 |110615 |  31.4 |   179M |  44 |5135 |9411 |8615 | 284 |  2 |3551 |3398 | 4.374386e+00 | 4.385795e+00 |   0.26%|   1.29%
  184s|  1800 |  1312 |115666 |  32.1 |   182M |  44 |5135 |9344 |8610 | 347 |  1 |3669 |3432 | 4.374386e+00 | 4.385795e+00 |   0.26%|   1.94%
  191s|  1900 |  1396 |123787 |  33.7 |   185M |  44 |5135 |9303 |8614 | 391 |  2 |3812 |3470 | 4.374386e+00 | 4.385795e+00 |   0.26%|   1.94%
  195s|  2000 |  1483 |130630 |  34.8 |   186M |  44 |5135 |9312 |8611 | 416 |  1 |3938 |3502 | 4.374386e+00 | 4.385795e+00 |   0.26%|   1.94%
  200s|  2100 |  1572 |136904 |  35.7 |   187M |  44 |5135 |9306 |8611 | 457 |  1 |4045 |3534 | 4.374386e+00 | 4.385795e+00 |   0.26%|   1.94%
  206s|  2200 |  1652 |142930 |  36.4 |   190M |  44 |5135 |9290 |8621 | 502 |  1 |4173 |3579 | 4.374394e+00 | 4.385795e+00 |   0.26%|   2.07%
  212s|  2300 |  1738 |149889 |  37.4 |   191M |  44 |5135 |9255 |8610 | 526 |  0 |4257 |3605 | 4.374394e+00 | 4.385795e+00 |   0.26%|   2.07%
  216s|  2400 |  1817 |155289 |  37.9 |   193M |  44 |5135 |9337 |8609 | 556 |  2 |4488 |3653 | 4.374417e+00 | 4.385795e+00 |   0.26%|   2.17%
  221s|  2500 |  1897 |161769 |  38.6 |   195M |  44 |5135 |9325 |8610 | 587 |  2 |4645 |3685 | 4.374418e+00 | 4.385795e+00 |   0.26%|   2.19%
 time | node  | left  |LP iter|LP it/n|mem/heur|mdpt |vars |cons |rows |cuts |sepa|confs|strbr|  dualbound   | primalbound  |  gap   | compl. 
  225s|  2600 |  1988 |167705 |  39.2 |   196M |  44 |5135 |9297 |8616 | 600 |  3 |4782 |3715 | 4.374419e+00 | 4.385795e+00 |   0.26%|   2.20%
  232s|  2700 |  2081 |175556 |  40.2 |   199M |  44 |5135 |9261 |8613 | 648 |  1 |4871 |3759 | 4.374764e+00 | 4.385795e+00 |   0.25%|   3.17%
  235s|  2800 |  2169 |180426 |  40.4 |   200M |  44 |5135 |9250 |8615 | 671 |  1 |4957 |3782 | 4.374764e+00 | 4.385795e+00 |   0.25%|   3.18%
  239s|  2900 |  2253 |184952 |  40.6 |   201M |  44 |5135 |9206 |8615 | 696 |  1 |5008 |3810 | 4.374764e+00 | 4.385795e+00 |   0.25%|   3.34%
  244s|  3000 |  2326 |192006 |  41.3 |   204M |  44 |5135 |9322 |8621 | 735 |  1 |5238 |3881 | 4.374764e+00 | 4.385795e+00 |   0.25%|   5.74%
  248s|  3100 |  2407 |197450 |  41.6 |   204M |  44 |5135 |9276 |8618 | 757 |  1 |5313 |3920 | 4.374765e+00 | 4.385795e+00 |   0.25%|   5.75%
  253s|  3200 |  2481 |203417 |  42.0 |   206M |  44 |5135 |9262 |8611 | 803 |  1 |5435 |3963 | 4.374770e+00 | 4.385795e+00 |   0.25%|   8.80%
  258s|  3300 |  2559 |208728 |  42.3 |   208M |  44 |5135 |9213 |8619 | 851 |  2 |5521 |3994 | 4.374770e+00 | 4.385795e+00 |   0.25%|   8.86%
  262s|  3400 |  2649 |213676 |  42.4 |   209M |  44 |5135 |9193 |8618 | 890 |  2 |5628 |4017 | 4.374774e+00 | 4.385795e+00 |   0.25%|   9.21%
  267s|  3500 |  2733 |219025 |  42.7 |   212M |  44 |5135 |9311 |8615 | 938 |  2 |5825 |4064 | 4.374774e+00 | 4.385795e+00 |   0.25%|   9.21%
  270s|  3600 |  2799 |224332 |  42.9 |   212M |  44 |5135 |9351 |8613 | 950 |  1 |6015 |4091 | 4.374774e+00 | 4.385795e+00 |   0.25%|   9.27%
  274s|  3700 |  2877 |229768 |  43.1 |   214M |  44 |5135 |9361 |8612 | 968 |  2 |6175 |4141 | 4.374774e+00 | 4.385795e+00 |   0.25%|   9.28%
  279s|  3800 |  2968 |235413 |  43.4 |   215M |  44 |5135 |9338 |8617 |1007 |  3 |6316 |4171 | 4.374775e+00 | 4.385795e+00 |   0.25%|   9.28%
  284s|  3900 |  3041 |241194 |  43.7 |   216M |  44 |5135 |9338 |8613 |1033 |  1 |6537 |4234 | 4.374782e+00 | 4.385795e+00 |   0.25%|   9.46%
  287s|  4000 |  3120 |245699 |  43.7 |   217M |  44 |5135 |9312 |8610 |1046 |  2 |6618 |4255 | 4.374783e+00 | 4.385795e+00 |   0.25%|   9.51%
 time | node  | left  |LP iter|LP it/n|mem/heur|mdpt |vars |cons |rows |cuts |sepa|confs|strbr|  dualbound   | primalbound  |  gap   | compl. 
  291s|  4100 |  3194 |250838 |  43.9 |   220M |  44 |5135 |9299 |8617 |1079 |  2 |6727 |4286 | 4.374783e+00 | 4.385795e+00 |   0.25%|   9.63%
  295s|  4200 |  3272 |256523 |  44.1 |   220M |  44 |5135 |9345 |   0 |1093 |  0 |6885 |4314 | 4.374784e+00 | 4.385795e+00 |   0.25%|   9.63%
  298s|  4300 |  3348 |260486 |  44.0 |   221M |  44 |5135 |9295 |8613 |1124 |  0 |6944 |4338 | 4.374784e+00 | 4.385795e+00 |   0.25%|   9.63%
  302s|  4400 |  3439 |267641 |  44.5 |   224M |  44 |5135 |9265 |8617 |1155 |  2 |7088 |4359 | 4.374791e+00 | 4.385795e+00 |   0.25%|   9.81%
  305s|  4500 |  3501 |272373 |  44.6 |   225M |  44 |5135 |9251 |8616 |1179 |  0 |7188 |4371 | 4.374791e+00 | 4.385795e+00 |   0.25%|   9.83%
  309s|  4600 |  3577 |276981 |  44.6 |   226M |  44 |5135 |9248 |8609 |1179 |  0 |7329 |4402 | 4.374791e+00 | 4.385795e+00 |   0.25%|   9.83%
  312s|  4700 |  3648 |281361 |  44.6 |   227M |  44 |5135 |9288 |8616 |1195 |  0 |7536 |4438 | 4.374791e+00 | 4.385795e+00 |   0.25%|   9.85%
  315s|  4800 |  3723 |286140 |  44.6 |   228M |  44 |5135 |9309 |8620 |1201 |  1 |7726 |4448 | 4.374793e+00 | 4.385795e+00 |   0.25%|   9.91%
  319s|  4900 |  3806 |291393 |  44.8 |   229M |  44 |5135 |9240 |8613 |1216 |  1 |7856 |4498 | 4.374793e+00 | 4.385795e+00 |   0.25%|   9.91%
  323s|  5000 |  3869 |296342 |  44.9 |   229M |  44 |5135 |9221 |8620 |1237 |  1 |7956 |4536 | 4.374795e+00 | 4.385795e+00 |   0.25%|   9.94%
  328s|  5100 |  3941 |303071 |  45.2 |   230M |  44 |5135 |9311 |8619 |1277 |  2 |8145 |4566 | 4.374795e+00 | 4.385795e+00 |   0.25%|  10.17%
  331s|  5200 |  4001 |307922 |  45.3 |   230M |  44 |5135 |9286 |8621 |1291 |  2 |8233 |4575 | 4.374795e+00 | 4.385795e+00 |   0.25%|  10.54%
  334s|  5300 |  4069 |313259 |  45.4 |   231M |  44 |5135 |9347 |8622 |1318 |  2 |8407 |4592 | 4.374797e+00 | 4.385795e+00 |   0.25%|  10.65%
  337s|  5400 |  4131 |319204 |  45.6 |   232M |  44 |5135 |9363 |8625 |1343 |  2 |8580 |4630 | 4.374797e+00 | 4.385795e+00 |   0.25%|  10.68%
  341s|  5500 |  4217 |323360 |  45.6 |   234M |  44 |5135 |9431 |8620 |1361 |  2 |8707 |4649 | 4.374797e+00 | 4.385795e+00 |   0.25%|  10.68%
 time | node  | left  |LP iter|LP it/n|mem/heur|mdpt |vars |cons |rows |cuts |sepa|confs|strbr|  dualbound   | primalbound  |  gap   | compl. 
  344s|  5600 |  4284 |327936 |  45.6 |   235M |  44 |5135 |9434 |8617 |1365 |  1 |8853 |4674 | 4.374797e+00 | 4.385795e+00 |   0.25%|  10.71%
  347s|  5700 |  4341 |332121 |  45.5 |   237M |  44 |5135 |9387 |8612 |1367 |  0 |8968 |4688 | 4.374801e+00 | 4.385795e+00 |   0.25%|  10.77%
  351s|  5800 |  4406 |337985 |  45.7 |   237M |  44 |5135 |9362 |8625 |1388 |  0 |9087 |4690 | 4.374801e+00 | 4.385795e+00 |   0.25%|  10.82%
  354s|  5900 |  4480 |342984 |  45.8 |   238M |  44 |5135 |9417 |8619 |1390 |  2 |9277 |4702 | 4.374802e+00 | 4.385795e+00 |   0.25%|  10.82%
  356s|  6000 |  4544 |346937 |  45.7 |   241M |  44 |5135 |9476 |8622 |1392 |  0 |9545 |4718 | 4.374802e+00 | 4.385795e+00 |   0.25%|  10.87%
  359s|  6100 |  4618 |351815 |  45.7 |   242M |  44 |5135 |9432 |8617 |1410 |  1 |9660 |4719 | 4.374806e+00 | 4.385795e+00 |   0.25%|  10.90%
  362s|  6200 |  4680 |356112 |  45.7 |   243M |  44 |5135 |9398 |   0 |1418 |  0 |9774 |4724 | 4.374807e+00 | 4.385795e+00 |   0.25%|  10.91%
  366s|  6300 |  4764 |362220 |  45.9 |   245M |  44 |5135 |9395 |8622 |1431 |  0 |9959 |4738 | 4.374812e+00 | 4.385795e+00 |   0.25%|  10.96%
  369s|  6400 |  4840 |367129 |  45.9 |   246M |  44 |5135 |9457 |8622 |1433 |  1 |  10k|4772 | 4.374812e+00 | 4.385795e+00 |   0.25%|  11.25%
  372s|  6500 |  4894 |371649 |  45.9 |   246M |  44 |5135 |9343 |8618 |1435 |  1 |  10k|4777 | 4.374814e+00 | 4.385795e+00 |   0.25%|  12.68%
  375s|  6600 |  4976 |375771 |  45.9 |   247M |  44 |5135 |9416 |8621 |1435 |  3 |  10k|4799 | 4.374815e+00 | 4.385795e+00 |   0.25%|  12.68%
  377s|  6700 |  5042 |379952 |  45.8 |   247M |  44 |5135 |9425 |8616 |1437 |  1 |  10k|4812 | 4.374816e+00 | 4.385795e+00 |   0.25%|  12.68%
  380s|  6800 |  5088 |384489 |  45.8 |   248M |  44 |5135 |9420 |8618 |1437 |  2 |  10k|4831 | 4.374817e+00 | 4.385795e+00 |   0.25%|  12.69%
  382s|  6900 |  5145 |388653 |  45.7 |   249M |  44 |5135 |9462 |8615 |1437 |  2 |  10k|4849 | 4.374817e+00 | 4.385795e+00 |   0.25%|  12.69%
  385s|  7000 |  5215 |394021 |  45.8 |   249M |  44 |5135 |9411 |8611 |1438 |  0 |  11k|4859 | 4.374823e+00 | 4.385795e+00 |   0.25%|  12.85%
 time | node  | left  |LP iter|LP it/n|mem/heur|mdpt |vars |cons |rows |cuts |sepa|confs|strbr|  dualbound   | primalbound  |  gap   | compl. 
  388s|  7100 |  5282 |398242 |  45.8 |   250M |  44 |5135 |9327 |8616 |1440 |  2 |  11k|4864 | 4.374825e+00 | 4.385795e+00 |   0.25%|  12.86%
  390s|  7200 |  5361 |402910 |  45.8 |   251M |  44 |5135 |9368 |8613 |1440 |  1 |  11k|4866 | 4.374826e+00 | 4.385795e+00 |   0.25%|  12.87%
  392s|  7300 |  5418 |406811 |  45.7 |   252M |  44 |5135 |9311 |8613 |1441 |  1 |  11k|4882 | 4.374826e+00 | 4.385795e+00 |   0.25%|  12.87%
  395s|  7400 |  5455 |411131 |  45.7 |   252M |  44 |5135 |9298 |8623 |1442 |  0 |  11k|4890 | 4.374826e+00 | 4.385795e+00 |   0.25%|  12.87%
  397s|  7500 |  5517 |414962 |  45.6 |   253M |  44 |5135 |9352 |8613 |1443 |  2 |  11k|4901 | 4.374827e+00 | 4.385795e+00 |   0.25%|  12.88%
  400s|  7600 |  5554 |419127 |  45.6 |   253M |  44 |5135 |9282 |8609 |1444 |  2 |  11k|4910 | 4.374828e+00 | 4.385795e+00 |   0.25%|  12.96%
  402s|  7700 |  5626 |423941 |  45.6 |   254M |  44 |5135 |9256 |8612 |1454 |  1 |  11k|4917 | 4.374828e+00 | 4.385795e+00 |   0.25%|  12.96%
  405s|  7800 |  5686 |428023 |  45.5 |   255M |  44 |5135 |9234 |8624 |1456 |  1 |  12k|4928 | 4.374835e+00 | 4.385795e+00 |   0.25%|  12.99%
  407s|  7900 |  5754 |431581 |  45.4 |   256M |  44 |5135 |9264 |   0 |1457 |  0 |  12k|4929 | 4.374838e+00 | 4.385795e+00 |   0.25%|  13.00%
  409s|  8000 |  5809 |435125 |  45.3 |   257M |  44 |5135 |9274 |8617 |1459 |  2 |  12k|4942 | 4.374839e+00 | 4.385795e+00 |   0.25%|  13.00%
  411s|  8100 |  5859 |437796 |  45.1 |   259M |  44 |5135 |9337 |   0 |1459 |  0 |  12k|4954 | 4.374839e+00 | 4.385795e+00 |   0.25%|  13.00%
  414s|  8200 |  5919 |443359 |  45.2 |   260M |  44 |5135 |9371 |8616 |1461 |  1 |  12k|4960 | 4.374843e+00 | 4.385795e+00 |   0.25%|  13.02%
  417s|  8300 |  5999 |448507 |  45.3 |   261M |  44 |5135 |9417 |8615 |1463 |  1 |  12k|4973 | 4.374846e+00 | 4.385795e+00 |   0.25%|  13.03%
  419s|  8400 |  6066 |452630 |  45.3 |   262M |  44 |5135 |9503 |8621 |1464 |  1 |  13k|4986 | 4.374846e+00 | 4.385795e+00 |   0.25%|  13.03%
  423s|  8500 |  6106 |457056 |  45.2 |   264M |  44 |5135 |9475 |8616 |1470 |  2 |  13k|4995 | 4.374846e+00 | 4.385795e+00 |   0.25%|  13.03%
 time | node  | left  |LP iter|LP it/n|mem/heur|mdpt |vars |cons |rows |cuts |sepa|confs|strbr|  dualbound   | primalbound  |  gap   | compl. 
  425s|  8600 |  6157 |461345 |  45.2 |   265M |  44 |5135 |9338 |8623 |1476 |  1 |  13k|5001 | 4.374848e+00 | 4.385795e+00 |   0.25%|  13.03%
  427s|  8700 |  6222 |465502 |  45.2 |   265M |  44 |5135 |9257 |8625 |1476 |  2 |  13k|5007 | 4.374849e+00 | 4.385795e+00 |   0.25%|  13.05%
  429s|  8800 |  6275 |469230 |  45.1 |   265M |  44 |5135 |9327 |8618 |1476 |  2 |  13k|5008 | 4.374849e+00 | 4.385795e+00 |   0.25%|  13.05%
  432s|  8900 |  6342 |473728 |  45.1 |   267M |  44 |5135 |9311 |8618 |1487 |  1 |  13k|5016 | 4.374856e+00 | 4.385795e+00 |   0.25%|  13.15%
  435s|  9000 |  6411 |477738 |  45.1 |   270M |  44 |5135 |9243 |8623 |1514 |  0 |  13k|5017 | 4.374867e+00 | 4.385795e+00 |   0.25%|  13.21%
  438s|  9100 |  6477 |481726 |  45.0 |   270M |  44 |5135 |9264 |8620 |1514 |  2 |  14k|5023 | 4.374870e+00 | 4.385795e+00 |   0.25%|  13.22%
  440s|  9200 |  6534 |485282 |  44.9 |   271M |  44 |5135 |9294 |8623 |1514 |  2 |  14k|5036 | 4.374870e+00 | 4.385795e+00 |   0.25%|  13.22%
  442s|  9300 |  6598 |489469 |  44.9 |   271M |  44 |5135 |9354 |8619 |1514 |  2 |  14k|5040 | 4.374878e+00 | 4.385795e+00 |   0.25%|  13.25%
  444s|  9400 |  6643 |493006 |  44.8 |   272M |  44 |5135 |9394 |8622 |1514 |  2 |  14k|5044 | 4.374889e+00 | 4.385795e+00 |   0.25%|  13.31%
  447s|  9500 |  6711 |497329 |  44.8 |   273M |  44 |5135 |9397 |8616 |1516 |  2 |  14k|5050 | 4.375132e+00 | 4.385795e+00 |   0.24%|  13.99%
  450s|  9600 |  6788 |502581 |  44.8 |   273M |  44 |5135 |9409 |8622 |1518 |  2 |  14k|5056 | 4.375142e+00 | 4.385795e+00 |   0.24%|  14.02%
  453s|  9700 |  6855 |506855 |  44.8 |   274M |  44 |5135 |9404 |8619 |1519 |  2 |  15k|5074 | 4.375202e+00 | 4.385795e+00 |   0.24%|  14.18%
  456s|  9800 |  6920 |511065 |  44.8 |   274M |  44 |5135 |9416 |8624 |1519 |  0 |  15k|5104 | 4.375202e+00 | 4.385795e+00 |   0.24%|  14.19%
  459s|  9900 |  6988 |514637 |  44.7 |   274M |  44 |5135 |9411 |8625 |1521 |  2 |  15k|5138 | 4.375202e+00 | 4.385795e+00 |   0.24%|  14.19%
  462s| 10000 |  7065 |518490 |  44.7 |   275M |  44 |5135 |9481 |8618 |1522 |  2 |  15k|5169 | 4.375212e+00 | 4.385795e+00 |   0.24%|  14.22%
 time | node  | left  |LP iter|LP it/n|mem/heur|mdpt |vars |cons |rows |cuts |sepa|confs|strbr|  dualbound   | primalbound  |  gap   | compl. 
  466s| 10100 |  7143 |524657 |  44.8 |   275M |  44 |5135 |9414 |8621 |1530 |  2 |  15k|5208 | 4.375267e+00 | 4.385795e+00 |   0.24%|  14.38%
  470s| 10200 |  7227 |529026 |  44.8 |   276M |  44 |5135 |9396 |8619 |1542 |  1 |  15k|5234 | 4.375267e+00 | 4.385795e+00 |   0.24%|  14.40%
  472s| 10300 |  7301 |533280 |  44.8 |   276M |  44 |5135 |9481 |8620 |1544 |  1 |  15k|5263 | 4.375267e+00 | 4.385795e+00 |   0.24%|  14.40%
  477s| 10400 |  7382 |538867 |  44.9 |   279M |  44 |5135 |9441 |8618 |1556 |  1 |  16k|5299 | 4.375277e+00 | 4.385795e+00 |   0.24%|  14.78%
  480s| 10500 |  7452 |543322 |  44.9 |   279M |  44 |5135 |9405 |8617 |1562 |  1 |  16k|5325 | 4.375288e+00 | 4.385795e+00 |   0.24%|  14.82%
  482s| 10600 |  7507 |546467 |  44.8 |   280M |  44 |5135 |9431 |8617 |1564 |  2 |  16k|5351 | 4.375289e+00 | 4.385795e+00 |   0.24%|  14.82%
  486s| 10700 |  7599 |551617 |  44.8 |   281M |  44 |5135 |9456 |8619 |1587 |  1 |  16k|5392 | 4.375313e+00 | 4.385795e+00 |   0.24%|  14.92%
  490s| 10800 |  7677 |557306 |  44.9 |   282M |  44 |5135 |9464 |8618 |1587 |  1 |  16k|5414 | 4.375315e+00 | 4.385795e+00 |   0.24%|  14.93%
  493s| 10900 |  7745 |561326 |  44.9 |   282M |  44 |5135 |9590 |8620 |1594 |  1 |  17k|5456 | 4.375316e+00 | 4.385795e+00 |   0.24%|  14.93%
  496s| 11000 |  7825 |565640 |  44.9 |   285M |  44 |5135 |9546 |8620 |1595 |  2 |  17k|5503 | 4.375324e+00 | 4.385795e+00 |   0.24%|  14.95%
  499s| 11100 |  7893 |569719 |  44.8 |   285M |  44 |5135 |9525 |8625 |1601 |  0 |  17k|5543 | 4.375330e+00 | 4.385795e+00 |   0.24%|  14.97%
  502s| 11200 |  7955 |574358 |  44.8 |   286M |  44 |5135 |9510 |8618 |1606 |  2 |  17k|5583 | 4.375351e+00 | 4.385795e+00 |   0.24%|  15.04%
  506s| 11300 |  8025 |578724 |  44.8 |   288M |  44 |5135 |9509 |8624 |1613 |  0 |  17k|5609 | 4.375358e+00 | 4.385795e+00 |   0.24%|  15.06%
  509s| 11400 |  8088 |583613 |  44.9 |   289M |  44 |5135 |9468 |8621 |1623 |  1 |  18k|5631 | 4.375384e+00 | 4.385795e+00 |   0.24%|  15.16%
  511s| 11500 |  8138 |588177 |  44.9 |   290M |  44 |5135 |9385 |8623 |1635 |  2 |  18k|5659 | 4.375390e+00 | 4.385795e+00 |   0.24%|  15.17%
 time | node  | left  |LP iter|LP it/n|mem/heur|mdpt |vars |cons |rows |cuts |sepa|confs|strbr|  dualbound   | primalbound  |  gap   | compl. 
  514s| 11600 |  8194 |593043 |  44.9 |   290M |  44 |5135 |9429 |8623 |1635 |  2 |  18k|5690 | 4.375399e+00 | 4.385795e+00 |   0.24%|  15.32%
  516s| 11700 |  8232 |596409 |  44.8 |   291M |  44 |5135 |9397 |8621 |1636 |  2 |  18k|5705 | 4.375408e+00 | 4.385795e+00 |   0.24%|  15.43%
  519s| 11800 |  8299 |601509 |  44.9 |   291M |  44 |5135 |9278 |8614 |1638 |  1 |  18k|5731 | 4.375437e+00 | 4.385795e+00 |   0.24%|  16.33%
  523s| 11900 |  8351 |605928 |  44.9 |   292M |  44 |5135 |9311 |8623 |1652 |  1 |  19k|5752 | 4.375441e+00 | 4.385795e+00 |   0.24%|  16.34%
  525s| 12000 |  8414 |609368 |  44.8 |   293M |  44 |5135 |9266 |8618 |1658 |  2 |  19k|5780 | 4.375489e+00 | 4.385795e+00 |   0.24%|  16.48%
  527s| 12100 |  8480 |613445 |  44.8 |   294M |  44 |5135 |9272 |8620 |1659 |  1 |  19k|5798 | 4.375494e+00 | 4.385795e+00 |   0.24%|  16.52%
  530s| 12200 |  8544 |617276 |  44.7 |   295M |  45 |5135 |9332 |8616 |1671 |  3 |  19k|5812 | 4.375522e+00 | 4.385795e+00 |   0.23%|  16.59%
  534s| 12300 |  8616 |622013 |  44.7 |   296M |  45 |5135 |9385 |8615 |1671 |  2 |  19k|5849 | 4.375589e+00 | 4.385795e+00 |   0.23%|  16.78%
  537s| 12400 |  8675 |626477 |  44.7 |   296M |  45 |5135 |9330 |8622 |1675 |  2 |  19k|5886 | 4.375589e+00 | 4.385795e+00 |   0.23%|  16.78%
  540s| 12500 |  8737 |630719 |  44.7 |   297M |  45 |5135 |9331 |8627 |1675 |  1 |  20k|5894 | 4.375589e+00 | 4.385795e+00 |   0.23%|  16.78%
  543s| 12600 |  8807 |636336 |  44.8 |   297M |  45 |5135 |9231 |8624 |1696 |  1 |  20k|5918 | 4.375621e+00 | 4.385795e+00 |   0.23%|  16.88%
  546s| 12700 |  8857 |639836 |  44.7 |   298M |  45 |5135 |9278 |8624 |1701 |  1 |  20k|5942 | 4.375623e+00 | 4.385795e+00 |   0.23%|  16.89%
  548s| 12800 |  8900 |643944 |  44.7 |   298M |  45 |5135 |9264 |8615 |1707 |  1 |  20k|5959 | 4.375627e+00 | 4.385795e+00 |   0.23%|  16.90%
  551s| 12900 |  8953 |648410 |  44.7 |   299M |  45 |5135 |9252 |8622 |1708 |  3 |  20k|5986 | 4.375627e+00 | 4.385795e+00 |   0.23%|  16.90%
  554s| 13000 |  8996 |652055 |  44.6 |   299M |  45 |5135 |9251 |8629 |1719 |  2 |  20k|6003 | 4.375630e+00 | 4.385795e+00 |   0.23%|  16.91%
 time | node  | left  |LP iter|LP it/n|mem/heur|mdpt |vars |cons |rows |cuts |sepa|confs|strbr|  dualbound   | primalbound  |  gap   | compl. 
  556s| 13100 |  9044 |655906 |  44.6 |   300M |  45 |5135 |9289 |8623 |1724 |  2 |  20k|6014 | 4.375630e+00 | 4.385795e+00 |   0.23%|  16.92%
  559s| 13200 |  9108 |660281 |  44.6 |   302M |  45 |5135 |9315 |8617 |1728 |  0 |  20k|6028 | 4.375636e+00 | 4.385795e+00 |   0.23%|  16.93%
  562s| 13300 |  9188 |664964 |  44.6 |   303M |  45 |5135 |9365 |   0 |1734 |  0 |  21k|6034 | 4.375640e+00 | 4.385795e+00 |   0.23%|  16.94%
  564s| 13400 |  9241 |669287 |  44.6 |   304M |  45 |5135 |9377 |8616 |1743 |  2 |  21k|6035 | 4.375663e+00 | 4.385795e+00 |   0.23%|  17.01%
  566s| 13500 |  9295 |672261 |  44.5 |   304M |  45 |5135 |9338 |8618 |1743 |  0 |  21k|6046 | 4.375698e+00 | 4.385795e+00 |   0.23%|  17.11%
  569s| 13600 |  9333 |676313 |  44.5 |   305M |  45 |5135 |9328 |8620 |1744 |  2 |  21k|6070 | 4.375698e+00 | 4.385795e+00 |   0.23%|  17.11%
  572s| 13700 |  9393 |680603 |  44.5 |   305M |  45 |5135 |9471 |8616 |1744 |  1 |  21k|6097 | 4.375712e+00 | 4.385795e+00 |   0.23%|  17.27%
  574s| 13800 |  9447 |683988 |  44.4 |   306M |  45 |5135 |9508 |8622 |1744 |  2 |  22k|6119 | 4.375754e+00 | 4.385795e+00 |   0.23%|  17.67%
  577s| 13900 |  9502 |687919 |  44.3 |   307M |  45 |5135 |9408 |8624 |1746 |  2 |  22k|6128 | 4.375773e+00 | 4.385795e+00 |   0.23%|  17.73%
  579s| 14000 |  9571 |691287 |  44.3 |   308M |  45 |5135 |9476 |8624 |1747 |  1 |  22k|6141 | 4.375787e+00 | 4.385795e+00 |   0.23%|  17.77%
  581s| 14100 |  9632 |694225 |  44.2 |   308M |  45 |5135 |9455 |8624 |1747 |  1 |  22k|6145 | 4.375790e+00 | 4.385795e+00 |   0.23%|  17.78%
  584s| 14200 |  9702 |698945 |  44.2 |   309M |  45 |5135 |9420 |8617 |1761 |  2 |  22k|6164 | 4.375828e+00 | 4.385795e+00 |   0.23%|  17.88%
  587s| 14300 |  9782 |703821 |  44.2 |   310M |  45 |5135 |9397 |8618 |1768 |  0 |  22k|6168 | 4.375843e+00 | 4.385795e+00 |   0.23%|  17.92%
  588s| 14400 |  9838 |707032 |  44.1 |   310M |  45 |5135 |9422 |8623 |1770 |  1 |  22k|6170 | 4.375843e+00 | 4.385795e+00 |   0.23%|  17.92%
  591s| 14500 |  9881 |710321 |  44.1 |   311M |  45 |5135 |9469 |8623 |1775 |  0 |  23k|6175 | 4.375847e+00 | 4.385795e+00 |   0.23%|  17.93%
 time | node  | left  |LP iter|LP it/n|mem/heur|mdpt |vars |cons |rows |cuts |sepa|confs|strbr|  dualbound   | primalbound  |  gap   | compl. 
  592s| 14600 |  9933 |713669 |  44.0 |   312M |  45 |5135 |9403 |8616 |1778 |  2 |  23k|6187 | 4.375848e+00 | 4.385795e+00 |   0.23%|  17.94%
  595s| 14700 |  9986 |717304 |  44.0 |   313M |  45 |5135 |9432 |8617 |1778 |  1 |  23k|6196 | 4.375853e+00 | 4.385795e+00 |   0.23%|  17.96%
  598s| 14800 | 10064 |722328 |  44.0 |   314M |  45 |5135 |9389 |8616 |1780 |  1 |  23k|6216 | 4.375865e+00 | 4.385795e+00 |   0.23%|  18.53%
  600s| 14900 | 10122 |725845 |  43.9 |   314M |  45 |5135 |9441 |8618 |1780 |  1 |  23k|6218 | 4.375865e+00 | 4.385795e+00 |   0.23%|  18.53%
  602s| 15000 | 10185 |730049 |  43.9 |   314M |  45 |5135 |9485 |8615 |1784 |  2 |  24k|6226 | 4.375897e+00 | 4.385795e+00 |   0.23%|  18.63%
  605s| 15100 | 10228 |733630 |  43.9 |   315M |  45 |5135 |9406 |8625 |1784 |  0 |  24k|6233 | 4.375897e+00 | 4.385795e+00 |   0.23%|  18.63%
  606s| 15200 | 10280 |737468 |  43.9 |   315M |  45 |5135 |9384 |8621 |1787 |  2 |  24k|6240 | 4.375954e+00 | 4.385795e+00 |   0.22%|  18.79%
  608s| 15300 | 10322 |740189 |  43.7 |   317M |  45 |5135 |9474 |8615 |1790 |  0 |  24k|6245 | 4.375960e+00 | 4.385795e+00 |   0.22%|  18.81%
  611s| 15400 | 10369 |743853 |  43.7 |   318M |  45 |5135 |9422 |8618 |1791 |  2 |  24k|6259 | 4.375971e+00 | 4.385795e+00 |   0.22%|  18.84%
  613s| 15500 | 10416 |747735 |  43.7 |   318M |  45 |5135 |9311 |8623 |1791 |  2 |  24k|6264 | 4.375980e+00 | 4.385795e+00 |   0.22%|  18.88%
  615s| 15600 | 10470 |751583 |  43.6 |   319M |  45 |5135 |9302 |   0 |1796 |  0 |  24k|6274 | 4.376047e+00 | 4.385795e+00 |   0.22%|  19.07%
  618s| 15700 | 10518 |755165 |  43.6 |   320M |  45 |5135 |9320 |8625 |1796 |  4 |  25k|6294 | 4.376049e+00 | 4.385795e+00 |   0.22%|  19.09%
  620s| 15800 | 10582 |759659 |  43.6 |   320M |  45 |5135 |9309 |8621 |1798 |  0 |  25k|6304 | 4.376073e+00 | 4.385795e+00 |   0.22%|  20.18%
  622s| 15900 | 10634 |763664 |  43.6 |   321M |  45 |5135 |9241 |8621 |1800 |  1 |  25k|6320 | 4.376077e+00 | 4.385795e+00 |   0.22%|  20.19%
  624s| 16000 | 10664 |766284 |  43.5 |   321M |  45 |5135 |9243 |8616 |1800 |  1 |  25k|6321 | 4.376077e+00 | 4.385795e+00 |   0.22%|  20.19%
 time | node  | left  |LP iter|LP it/n|mem/heur|mdpt |vars |cons |rows |cuts |sepa|confs|strbr|  dualbound   | primalbound  |  gap   | compl. 
  626s| 16100 | 10717 |769281 |  43.4 |   322M |  45 |5135 |9298 |8621 |1801 |  1 |  25k|6333 | 4.376077e+00 | 4.385795e+00 |   0.22%|  20.19%
  629s| 16200 | 10793 |775010 |  43.5 |   323M |  45 |5135 |9301 |8619 |1801 |  0 |  25k|6334 | 4.376078e+00 | 4.385795e+00 |   0.22%|  20.19%
  631s| 16300 | 10855 |779776 |  43.5 |   323M |  45 |5135 |9305 |8619 |1802 |  2 |  25k|6335 | 4.376107e+00 | 4.385795e+00 |   0.22%|  20.27%
  634s| 16400 | 10916 |784251 |  43.5 |   324M |  45 |5135 |9306 |8619 |1802 |  1 |  25k|6339 | 4.376128e+00 | 4.385795e+00 |   0.22%|  20.33%
  636s| 16500 | 10966 |787466 |  43.5 |   324M |  45 |5135 |9325 |8623 |1802 |  0 |  25k|6341 | 4.376128e+00 | 4.385795e+00 |   0.22%|  20.33%
  638s| 16600 | 11021 |791101 |  43.4 |   326M |  45 |5135 |9348 |8619 |1804 |  1 |  25k|6344 | 4.376137e+00 | 4.385795e+00 |   0.22%|  20.36%
  640s| 16700 | 11074 |794903 |  43.4 |   328M |  45 |5135 |9343 |8619 |1804 |  0 |  26k|6346 | 4.376176e+00 | 4.385795e+00 |   0.22%|  20.48%
  642s| 16800 | 11127 |798990 |  43.4 |   330M |  45 |5135 |9183 |8623 |1804 |  1 |  26k|6355 | 4.376230e+00 | 4.385795e+00 |   0.22%|  20.70%
  645s| 16900 | 11215 |804674 |  43.4 |   330M |  45 |5135 |9235 |8625 |1805 |  1 |  26k|6364 | 4.376242e+00 | 4.385795e+00 |   0.22%|  20.75%
  648s| 17000 | 11277 |809419 |  43.5 |   331M |  45 |5135 |9185 |8622 |1806 |  1 |  26k|6393 | 4.376262e+00 | 4.385795e+00 |   0.22%|  20.80%
  651s| 17100 | 11345 |814250 |  43.5 |   331M |  45 |5135 |9255 |8622 |1807 |  4 |  26k|6423 | 4.376262e+00 | 4.385795e+00 |   0.22%|  20.80%
  653s| 17200 | 11403 |818392 |  43.5 |   331M |  45 |5135 |9344 |8624 |1807 |  1 |  26k|6438 | 4.376262e+00 | 4.385795e+00 |   0.22%|  20.81%
  656s| 17300 | 11461 |821817 |  43.4 |   332M |  45 |5135 |9292 |8618 |1807 |  1 |  27k|6447 | 4.376271e+00 | 4.385795e+00 |   0.22%|  20.84%
  658s| 17400 | 11516 |824687 |  43.4 |   332M |  45 |5135 |9189 |8620 |1807 |  2 |  27k|6448 | 4.376301e+00 | 4.385795e+00 |   0.22%|  20.92%
  660s| 17500 | 11570 |828915 |  43.3 |   333M |  45 |5135 |9230 |8626 |1807 |  0 |  27k|6456 | 4.376303e+00 | 4.385795e+00 |   0.22%|  20.93%
 time | node  | left  |LP iter|LP it/n|mem/heur|mdpt |vars |cons |rows |cuts |sepa|confs|strbr|  dualbound   | primalbound  |  gap   | compl. 
  662s| 17600 | 11631 |833827 |  43.4 |   334M |  45 |5135 |9206 |8632 |1808 |  1 |  27k|6469 | 4.376314e+00 | 4.385795e+00 |   0.22%|  20.97%
  665s| 17700 | 11690 |837928 |  43.4 |   335M |  45 |5135 |9214 |8622 |1808 |  1 |  27k|6490 | 4.376314e+00 | 4.385795e+00 |   0.22%|  20.97%
  668s| 17800 | 11741 |842415 |  43.4 |   336M |  45 |5135 |9237 |8620 |1808 |  1 |  27k|6509 | 4.376321e+00 | 4.385795e+00 |   0.22%|  20.99%
  671s| 17900 | 11783 |845934 |  43.3 |   339M |  45 |5135 |9190 |8623 |1818 |  2 |  27k|6513 | 4.376322e+00 | 4.385795e+00 |   0.22%|  20.99%
  673s| 18000 | 11835 |849386 |  43.3 |   339M |  45 |5135 |9161 |8617 |1818 |  0 |  28k|6521 | 4.376323e+00 | 4.385795e+00 |   0.22%|  21.01%
  675s| 18100 | 11883 |853294 |  43.3 |   341M |  45 |5135 |9178 |8614 |1818 |  1 |  28k|6526 | 4.376328e+00 | 4.385795e+00 |   0.22%|  21.02%
  677s| 18200 | 11927 |856718 |  43.2 |   342M |  45 |5135 |9169 |8615 |1818 |  1 |  28k|6545 | 4.376328e+00 | 4.385795e+00 |   0.22%|  21.02%
  680s| 18300 | 11984 |860849 |  43.2 |   342M |  45 |5135 |9175 |8620 |1822 |  0 |  28k|6561 | 4.376345e+00 | 4.385795e+00 |   0.22%|  21.07%
  682s| 18400 | 12033 |864066 |  43.1 |   343M |  45 |5135 |9236 |8626 |1824 |  1 |  28k|6573 | 4.376347e+00 | 4.385795e+00 |   0.22%|  21.08%
  685s| 18500 | 12106 |868833 |  43.2 |   345M |  45 |5135 |9192 |8617 |1828 |  2 |  28k|6579 | 4.376393e+00 | 4.385795e+00 |   0.21%|  21.21%
  688s| 18600 | 12164 |872852 |  43.2 |   345M |  45 |5135 |9169 |8612 |1829 |  1 |  28k|6609 | 4.376404e+00 | 4.385795e+00 |   0.21%|  21.25%
  691s| 18700 | 12232 |878050 |  43.2 |   346M |  45 |5135 |9300 |8612 |1829 |  1 |  29k|6626 | 4.376414e+00 | 4.385795e+00 |   0.21%|  21.45%
  693s| 18800 | 12284 |882186 |  43.2 |   346M |  45 |5135 |9235 |8612 |1829 |  2 |  29k|6640 | 4.376421e+00 | 4.385795e+00 |   0.21%|  21.48%
  696s| 18900 | 12340 |886455 |  43.2 |   346M |  45 |5135 |9240 |8621 |1829 |  2 |  29k|6655 | 4.376424e+00 | 4.385795e+00 |   0.21%|  21.49%
  699s| 19000 | 12386 |890785 |  43.2 |   347M |  45 |5135 |9135 |8616 |1834 |  0 |  29k|6662 | 4.376427e+00 | 4.385795e+00 |   0.21%|  21.51%
 time | node  | left  |LP iter|LP it/n|mem/heur|mdpt |vars |cons |rows |cuts |sepa|confs|strbr|  dualbound   | primalbound  |  gap   | compl. 
  701s| 19100 | 12436 |895375 |  43.2 |   349M |  45 |5135 |9203 |8614 |1842 |  2 |  29k|6702 | 4.376461e+00 | 4.385795e+00 |   0.21%|  21.62%
  704s| 19200 | 12499 |899939 |  43.2 |   350M |  45 |5135 |9174 |8618 |1846 |  1 |  29k|6731 | 4.376467e+00 | 4.385795e+00 |   0.21%|  21.66%
  708s| 19300 | 12546 |904801 |  43.2 |   351M |  45 |5135 |9145 |   0 |1849 |  0 |  30k|6775 | 4.376472e+00 | 4.385795e+00 |   0.21%|  22.19%
  711s| 19400 | 12604 |909137 |  43.2 |   353M |  45 |5135 |9105 |8621 |1851 |  2 |  30k|6808 | 4.376488e+00 | 4.385795e+00 |   0.21%|  22.24%
  714s| 19500 | 12648 |913034 |  43.2 |   353M |  45 |5135 |9207 |8617 |1852 |  2 |  30k|6840 | 4.376488e+00 | 4.385795e+00 |   0.21%|  22.24%
  717s| 19600 | 12730 |917555 |  43.2 |   354M |  45 |5135 |9177 |8623 |1852 |  3 |  30k|6867 | 4.376493e+00 | 4.385795e+00 |   0.21%|  22.25%
  720s| 19700 | 12795 |921924 |  43.2 |   354M |  45 |5135 |9144 |8616 |1863 |  1 |  30k|6882 | 4.376502e+00 | 4.385795e+00 |   0.21%|  22.28%
  723s| 19800 | 12849 |925678 |  43.2 |   355M |  45 |5135 |9115 |8617 |1864 |  1 |  30k|6903 | 4.376503e+00 | 4.385795e+00 |   0.21%|  22.29%
  726s| 19900 | 12896 |929836 |  43.2 |   355M |  45 |5135 |9223 |   0 |1866 |  0 |  31k|6948 | 4.376503e+00 | 4.385795e+00 |   0.21%|  22.29%
  728s| 20000 | 12940 |932896 |  43.1 |   356M |  45 |5135 |9237 |8613 |1868 |  2 |  31k|6958 | 4.376503e+00 | 4.385795e+00 |   0.21%|  22.29%
  731s| 20100 | 12982 |936526 |  43.1 |   357M |  45 |5135 |9330 |8618 |1869 |  2 |  31k|6989 | 4.376525e+00 | 4.385795e+00 |   0.21%|  22.35%
  734s| 20200 | 13039 |940658 |  43.1 |   358M |  45 |5135 |9172 |8615 |1870 |  1 |  31k|7015 | 4.376542e+00 | 4.385795e+00 |   0.21%|  22.40%
  736s| 20300 | 13091 |944235 |  43.1 |   358M |  45 |5135 |9253 |8622 |1870 |  1 |  31k|7046 | 4.376542e+00 | 4.385795e+00 |   0.21%|  22.40%
  739s| 20400 | 13129 |947404 |  43.0 |   358M |  45 |5135 |9204 |8616 |1870 |  0 |  31k|7063 | 4.376544e+00 | 4.385795e+00 |   0.21%|  22.41%
  741s| 20500 | 13185 |951598 |  43.0 |   359M |  45 |5135 |9191 |8621 |1872 |  2 |  32k|7081 | 4.376602e+00 | 4.385795e+00 |   0.21%|  22.57%
 time | node  | left  |LP iter|LP it/n|mem/heur|mdpt |vars |cons |rows |cuts |sepa|confs|strbr|  dualbound   | primalbound  |  gap   | compl. 
  745s| 20600 | 13229 |955698 |  43.0 |   360M |  45 |5135 |9212 |8615 |1872 |  1 |  32k|7161 | 4.376616e+00 | 4.385795e+00 |   0.21%|  22.61%
  747s| 20700 | 13277 |959306 |  43.0 |   361M |  45 |5135 |9373 |   0 |1872 |  0 |  32k|7188 | 4.376626e+00 | 4.385795e+00 |   0.21%|  22.64%
  750s| 20800 | 13319 |962504 |  42.9 |   361M |  51 |5135 |9400 |8617 |1875 |  0 |  32k|7212 | 4.376642e+00 | 4.385795e+00 |   0.21%|  22.68%
  753s| 20900 | 13368 |966671 |  42.9 |   363M |  51 |5135 |9372 |8610 |1880 |  1 |  32k|7251 | 4.376647e+00 | 4.385795e+00 |   0.21%|  22.70%
  755s| 21000 | 13427 |969800 |  42.9 |   364M |  51 |5135 |9313 |8610 |1880 |  2 |  33k|7271 | 4.376647e+00 | 4.385795e+00 |   0.21%|  22.71%
  758s| 21100 | 13461 |973115 |  42.8 |   364M |  51 |5135 |9332 |   0 |1881 |  0 |  33k|7309 | 4.376647e+00 | 4.385795e+00 |   0.21%|  22.71%
  761s| 21200 | 13513 |977303 |  42.8 |   368M |  51 |5135 |9293 |8611 |1888 |  0 |  33k|7330 | 4.376647e+00 | 4.385795e+00 |   0.21%|  22.76%
  763s| 21300 | 13559 |980960 |  42.8 |   368M |  51 |5135 |9315 |8611 |1895 |  1 |  33k|7344 | 4.376648e+00 | 4.385795e+00 |   0.21%|  22.77%
  765s| 21400 | 13597 |984347 |  42.7 |   369M |  51 |5135 |9298 |8621 |1897 |  2 |  33k|7359 | 4.376652e+00 | 4.385795e+00 |   0.21%|  22.78%
  767s| 21500 | 13639 |986980 |  42.7 |   371M |  51 |5135 |9360 |8610 |1897 |  0 |  33k|7389 | 4.376652e+00 | 4.385795e+00 |   0.21%|  22.79%
  769s| 21600 | 13674 |990091 |  42.6 |   371M |  51 |5135 |9349 |8624 |1900 |  1 |  33k|7408 | 4.376652e+00 | 4.385795e+00 |   0.21%|  22.79%
  771s| 21700 | 13722 |993942 |  42.6 |   372M |  51 |5135 |9395 |8615 |1902 |  0 |  34k|7423 | 4.376657e+00 | 4.385795e+00 |   0.21%|  22.81%
  774s| 21800 | 13790 |998514 |  42.6 |   372M |  51 |5135 |9433 |8611 |1903 |  2 |  34k|7449 | 4.376657e+00 | 4.385795e+00 |   0.21%|  22.81%
  777s| 21900 | 13836 |  1001k|  42.6 |   372M |  51 |5135 |9489 |8615 |1904 |  1 |  34k|7472 | 4.376657e+00 | 4.385795e+00 |   0.21%|  22.81%
  779s| 22000 | 13890 |  1005k|  42.5 |   373M |  51 |5135 |9537 |8617 |1906 |  2 |  34k|7497 | 4.376659e+00 | 4.385795e+00 |   0.21%|  22.87%
 time | node  | left  |LP iter|LP it/n|mem/heur|mdpt |vars |cons |rows |cuts |sepa|confs|strbr|  dualbound   | primalbound  |  gap   | compl. 
  781s| 22100 | 13904 |  1007k|  42.4 |   373M |  51 |5135 |9517 |8618 |1906 |  0 |  34k|7498 | 4.376659e+00 | 4.385795e+00 |   0.21%|  22.87%
  784s| 22200 | 13962 |  1011k|  42.5 |   374M |  51 |5135 |9381 |8625 |1907 |  0 |  34k|7515 | 4.376663e+00 | 4.385795e+00 |   0.21%|  22.89%
  786s| 22300 | 13998 |  1016k|  42.5 |   375M |  51 |5135 |9406 |8616 |1912 |  0 |  34k|7541 | 4.376663e+00 | 4.385795e+00 |   0.21%|  22.91%
  788s| 22400 | 14035 |  1019k|  42.4 |   377M |  51 |5135 |9447 |8611 |1912 |  2 |  35k|7543 | 4.376663e+00 | 4.385795e+00 |   0.21%|  22.91%
  790s| 22500 | 14055 |  1022k|  42.4 |   377M |  51 |5135 |9473 |8626 |1912 |  2 |  35k|7552 | 4.376663e+00 | 4.385795e+00 |   0.21%|  22.91%
  792s| 22600 | 14105 |  1026k|  42.4 |   380M |  51 |5135 |9354 |8622 |1914 |  2 |  35k|7562 | 4.376663e+00 | 4.385795e+00 |   0.21%|  22.93%
  794s| 22700 | 14140 |  1030k|  42.3 |   380M |  51 |5135 |9253 |8616 |1917 |  1 |  35k|7569 | 4.376667e+00 | 4.385795e+00 |   0.21%|  22.99%
  797s| 22800 | 14184 |  1035k|  42.4 |   380M |  51 |5135 |9236 |8614 |1919 |  2 |  35k|7574 | 4.376668e+00 | 4.385795e+00 |   0.21%|  23.00%
  799s| 22900 | 14233 |  1038k|  42.3 |   381M |  51 |5135 |9231 |8615 |1921 |  2 |  35k|7590 | 4.376671e+00 | 4.385795e+00 |   0.21%|  23.01%
  801s| 23000 | 14275 |  1042k|  42.3 |   381M |  51 |5135 |9215 |8612 |1925 |  2 |  35k|7605 | 4.376678e+00 | 4.385795e+00 |   0.21%|  23.03%
  802s| 23100 | 14315 |  1045k|  42.3 |   381M |  51 |5135 |9224 |8614 |1925 |  2 |  35k|7608 | 4.376678e+00 | 4.385795e+00 |   0.21%|  23.03%
  804s| 23200 | 14354 |  1048k|  42.2 |   382M |  51 |5135 |9290 |   0 |1925 |  0 |  35k|7617 | 4.376679e+00 | 4.385795e+00 |   0.21%|  23.04%
  806s| 23300 | 14408 |  1053k|  42.2 |   382M |  51 |5135 |9239 |8619 |1925 |  1 |  35k|7623 | 4.376679e+00 | 4.385795e+00 |   0.21%|  23.04%
  808s| 23400 | 14448 |  1056k|  42.2 |   382M |  51 |5135 |9234 |8618 |1925 |  1 |  36k|7637 | 4.376679e+00 | 4.385795e+00 |   0.21%|  23.05%
  810s| 23500 | 14490 |  1059k|  42.2 |   382M |  51 |5135 |9273 |8619 |1925 |  1 |  36k|7648 | 4.376679e+00 | 4.385795e+00 |   0.21%|  23.05%
 time | node  | left  |LP iter|LP it/n|mem/heur|mdpt |vars |cons |rows |cuts |sepa|confs|strbr|  dualbound   | primalbound  |  gap   | compl. 
  812s| 23600 | 14536 |  1063k|  42.1 |   382M |  51 |5135 |9214 |8622 |1925 |  1 |  36k|7661 | 4.376681e+00 | 4.385795e+00 |   0.21%|  23.27%
  814s| 23700 | 14580 |  1065k|  42.1 |   383M |  51 |5135 |9300 |8614 |1925 |  1 |  36k|7664 | 4.376685e+00 | 4.385795e+00 |   0.21%|  23.28%
  816s| 23800 | 14612 |  1068k|  42.0 |   383M |  51 |5135 |9364 |8613 |1929 |  2 |  36k|7676 | 4.376688e+00 | 4.385795e+00 |   0.21%|  23.29%
  817s| 23900 | 14658 |  1071k|  42.0 |   384M |  51 |5135 |9280 |8613 |1929 |  1 |  36k|7687 | 4.376688e+00 | 4.385795e+00 |   0.21%|  23.29%
  820s| 24000 | 14724 |  1076k|  42.0 |   385M |  51 |5135 |9231 |8620 |1929 |  0 |  36k|7714 | 4.376689e+00 | 4.385795e+00 |   0.21%|  23.29%
  822s| 24100 | 14750 |  1078k|  41.9 |   385M |  51 |5135 |9171 |8614 |1929 |  2 |  36k|7724 | 4.376689e+00 | 4.385795e+00 |   0.21%|  23.29%
  825s| 24200 | 14780 |  1082k|  41.9 |   385M |  51 |5135 |9161 |8622 |1929 |  1 |  37k|7739 | 4.376689e+00 | 4.385795e+00 |   0.21%|  23.30%
  827s| 24300 | 14826 |  1086k|  41.9 |   387M |  51 |5135 |9131 |8619 |1929 |  1 |  37k|7753 | 4.376689e+00 | 4.385795e+00 |   0.21%|  23.31%
  829s| 24400 | 14869 |  1090k|  41.9 |   387M |  51 |5135 |9365 |8615 |1930 |  2 |  37k|7768 | 4.376689e+00 | 4.385795e+00 |   0.21%|  23.31%
  832s| 24500 | 14903 |  1094k|  41.9 |   388M |  51 |5135 |9305 |8615 |1932 |  0 |  37k|7775 | 4.376691e+00 | 4.385795e+00 |   0.21%|  23.32%
  834s| 24600 | 14938 |  1099k|  41.9 |   388M |  51 |5135 |9259 |   0 |1932 |  0 |  37k|7789 | 4.376693e+00 | 4.385795e+00 |   0.21%|  23.34%
  836s| 24700 | 15012 |  1103k|  41.9 |   389M |  51 |5135 |9168 |8621 |1932 |  2 |  37k|7793 | 4.376695e+00 | 4.385795e+00 |   0.21%|  23.35%
  838s| 24800 | 15072 |  1107k|  41.9 |   389M |  51 |5135 |9326 |8618 |1932 |  0 |  37k|7799 | 4.376696e+00 | 4.385795e+00 |   0.21%|  23.35%
  840s| 24900 | 15116 |  1110k|  41.8 |   390M |  51 |5135 |9225 |8621 |1932 |  1 |  38k|7806 | 4.376699e+00 | 4.385795e+00 |   0.21%|  23.36%
  843s| 25000 | 15170 |  1114k|  41.8 |   391M |  51 |5135 |9217 |8619 |1945 |  0 |  38k|7820 | 4.376699e+00 | 4.385795e+00 |   0.21%|  23.36%
 time | node  | left  |LP iter|LP it/n|mem/heur|mdpt |vars |cons |rows |cuts |sepa|confs|strbr|  dualbound   | primalbound  |  gap   | compl. 
  844s| 25100 | 15216 |  1118k|  41.8 |   391M |  51 |5135 |9255 |8616 |1946 |  1 |  38k|7824 | 4.376701e+00 | 4.385795e+00 |   0.21%|  23.38%
  846s| 25200 | 15264 |  1121k|  41.8 |   391M |  51 |5135 |9282 |8613 |1946 |  1 |  38k|7833 | 4.376702e+00 | 4.385795e+00 |   0.21%|  23.38%
  848s| 25300 | 15308 |  1125k|  41.8 |   391M |  51 |5135 |9249 |8616 |1946 |  0 |  38k|7844 | 4.376702e+00 | 4.385795e+00 |   0.21%|  23.38%
  850s| 25400 | 15350 |  1129k|  41.8 |   392M |  51 |5135 |9219 |8619 |1954 |  0 |  38k|7854 | 4.376702e+00 | 4.385795e+00 |   0.21%|  23.38%
  852s| 25500 | 15404 |  1133k|  41.8 |   392M |  51 |5135 |9207 |8616 |1954 |  1 |  38k|7859 | 4.376702e+00 | 4.385795e+00 |   0.21%|  23.38%
  855s| 25600 | 15468 |  1138k|  41.8 |   392M |  51 |5135 |9201 |8616 |1955 |  1 |  38k|7897 | 4.376703e+00 | 4.385795e+00 |   0.21%|  23.39%
  858s| 25700 | 15530 |  1142k|  41.8 |   393M |  51 |5135 |9285 |8619 |1955 |  1 |  39k|7913 | 4.376703e+00 | 4.385795e+00 |   0.21%|  23.39%
  859s| 25800 | 15559 |  1144k|  41.7 |   394M |  51 |5135 |9276 |   0 |1955 |  0 |  39k|7917 | 4.376703e+00 | 4.385795e+00 |   0.21%|  23.39%
  861s| 25900 | 15609 |  1148k|  41.7 |   394M |  51 |5135 |9281 |8615 |1956 |  2 |  39k|7925 | 4.376706e+00 | 4.385795e+00 |   0.21%|  23.41%
  863s| 26000 | 15649 |  1151k|  41.7 |   395M |  51 |5135 |9260 |8616 |1956 |  0 |  39k|7929 | 4.376710e+00 | 4.385795e+00 |   0.21%|  23.42%
  866s| 26100 | 15699 |  1155k|  41.7 |   395M |  51 |5135 |9213 |8615 |1971 |  1 |  39k|7942 | 4.376711e+00 | 4.385795e+00 |   0.21%|  23.42%
  868s| 26200 | 15757 |  1159k|  41.7 |   396M |  51 |5135 |9251 |8617 |1974 |  2 |  39k|7944 | 4.376711e+00 | 4.385795e+00 |   0.21%|  23.43%
  870s| 26300 | 15806 |  1164k|  41.7 |   396M |  51 |5135 |9243 |8622 |1975 |  2 |  39k|7947 | 4.376711e+00 | 4.385795e+00 |   0.21%|  23.43%
  872s| 26400 | 15860 |  1168k|  41.7 |   396M |  51 |5135 |9156 |8624 |1975 |  2 |  39k|7964 | 4.376712e+00 | 4.385795e+00 |   0.21%|  23.43%
  875s| 26500 | 15912 |  1172k|  41.7 |   396M |  51 |5135 |9190 |8623 |1975 |  2 |  39k|8001 | 4.376713e+00 | 4.385795e+00 |   0.21%|  23.43%
 time | node  | left  |LP iter|LP it/n|mem/heur|mdpt |vars |cons |rows |cuts |sepa|confs|strbr|  dualbound   | primalbound  |  gap   | compl. 
  877s| 26600 | 15968 |  1177k|  41.7 |   397M |  51 |5135 |9201 |8622 |1975 |  2 |  40k|8005 | 4.376715e+00 | 4.385795e+00 |   0.21%|  23.44%
  879s| 26700 | 16006 |  1180k|  41.7 |   397M |  51 |5135 |9246 |8624 |1975 |  1 |  40k|8019 | 4.376715e+00 | 4.385795e+00 |   0.21%|  23.44%
  882s| 26800 | 16068 |  1185k|  41.7 |   398M |  51 |5135 |9286 |8616 |1976 |  2 |  40k|8046 | 4.376718e+00 | 4.385795e+00 |   0.21%|  23.45%
  884s| 26900 | 16112 |  1188k|  41.6 |   399M |  51 |5135 |9287 |8617 |1976 |  1 |  40k|8056 | 4.376719e+00 | 4.385795e+00 |   0.21%|  23.45%
  886s| 27000 | 16162 |  1191k|  41.6 |   401M |  51 |5135 |9280 |   0 |1976 |  0 |  40k|8057 | 4.376719e+00 | 4.385795e+00 |   0.21%|  23.46%
  887s| 27100 | 16194 |  1194k|  41.6 |   402M |  51 |5135 |9222 |8614 |1976 |  1 |  40k|8057 | 4.376720e+00 | 4.385795e+00 |   0.21%|  23.46%
  889s| 27200 | 16236 |  1197k|  41.5 |   402M |  51 |5135 |9153 |8617 |1976 |  2 |  40k|8059 | 4.376721e+00 | 4.385795e+00 |   0.21%|  23.46%
  892s| 27300 | 16304 |  1201k|  41.5 |   404M |  51 |5135 |9214 |8613 |1976 |  2 |  40k|8089 | 4.376722e+00 | 4.385795e+00 |   0.21%|  23.46%
  894s| 27400 | 16353 |  1205k|  41.5 |   405M |  51 |5135 |9251 |8613 |1976 |  2 |  41k|8110 | 4.376723e+00 | 4.385795e+00 |   0.21%|  23.47%
  896s| 27500 | 16406 |  1207k|  41.4 |   406M |  51 |5135 |9247 |8617 |1976 |  2 |  41k|8111 | 4.376723e+00 | 4.385795e+00 |   0.21%|  23.47%
  898s| 27600 | 16441 |  1210k|  41.4 |   406M |  51 |5135 |9279 |8618 |1976 |  2 |  41k|8113 | 4.376723e+00 | 4.385795e+00 |   0.21%|  23.47%
  899s| 27700 | 16491 |  1213k|  41.4 |   406M |  51 |5135 |9231 |   0 |1976 |  0 |  41k|8114 | 4.376725e+00 | 4.385795e+00 |   0.21%|  23.48%

SCIP Status        : solving was interrupted [time limit reached]
Solving Time (sec) : 900.00
Solving Nodes      : 27730 (total of 28836 nodes in 2 runs)
Primal Bound       : +4.38579496476086e+00 (13 solutions)
Dual Bound         : +4.37672476859976e+00
Gap                : 0.21 %
Root classes: ['192']
Status: FEASIBLE
