
Welcome to IBM(R) ILOG(R) CPLEX(R) Interactive Optimizer 22.1.1.0
  with Simplex, Mixed Integer & Barrier Optimizers
5725-A06 5725-A29 5724-Y48 5724-Y49 5724-Y54 5724-Y55 5655-Y21
Copyright IBM Corp. 1988, 2022.  All Rights Reserved.

Type 'help' for a list of available commands.
Type 'help' followed by a command name for more
information on commands.

CPLEX> Problem '/tmp/4edd4024ef5240b093fd82d42c66ff6e-pulp.lp' read.
Read time = 0.01 sec. (1.24 ticks)
CPLEX> New value for time limit in seconds: 900
CPLEX> Version identifier: 22.1.1.0 | 2022-11-28 | 9160aff4d
CPXPARAM_TimeLimit                               900
Tried aggregator 8 times.
MIP Presolve eliminated 3844 rows and 118 columns.
MIP Presolve modified 16450 coefficients.
Aggregator did 1661 substitutions.
Reduced MIP has 10278 rows, 5227 columns, and 27248 nonzeros.
Reduced MIP has 2726 binaries, 0 generals, 0 SOSs, and 0 indicators.
Presolve time = 0.07 sec. (77.57 ticks)
Found incumbent of value 5.519973 after 0.14 sec. (144.90 ticks)
Probing fixed 17 vars, tightened 224 bounds.
Probing time = 0.03 sec. (17.59 ticks)
Cover probing fixed 0 vars, tightened 58 bounds.
Tried aggregator 4 times.
Detecting symmetries...
MIP Presolve eliminated 503 rows and 17 columns.
MIP Presolve modified 1409 coefficients.
Aggregator did 68 substitutions.
Reduced MIP has 9707 rows, 5142 columns, and 26005 nonzeros.
Reduced MIP has 2708 binaries, 0 generals, 0 SOSs, and 0 indicators.
Presolve time = 0.04 sec. (43.91 ticks)
Probing fixed 79 vars, tightened 2 bounds.
Probing time = 0.06 sec. (34.37 ticks)
Clique table members: 5551.
MIP emphasis: balance optimality and feasibility.
MIP search method: dynamic search.
Parallel mode: deterministic, using up to 32 threads.
Root relaxation solution time = 0.08 sec. (75.90 ticks)

        Nodes                                         Cuts/
   Node  Left     Objective  IInf  Best Integer    Best Bound    ItCnt     Gap

*     0+    0                            5.5200        4.2412            23.17%
*     0+    0                            4.3969        4.2412             3.54%
      0     0        4.3451    81        4.3969        4.3451     1730    1.18%
      0     0        4.3669    67        4.3969      Cuts: 11     1763    0.68%
      0     0        4.3738    49        4.3969      Cuts: 21     1810    0.52%
      0     0        4.3739    49        4.3969       Cuts: 7     1824    0.52%
      0     0        4.3739    44        4.3969      Cuts: 12     1836    0.52%
      0     0        4.3739    48        4.3969       Cuts: 7     1849    0.52%
Detecting symmetries...
*     0+    0                            4.3858        4.3739             0.27%
      0     0  -1.00000e+75     0        4.3858        4.3739     1849    0.27%
Detecting symmetries...
      0     2        4.3739    48        4.3858        4.3739     1849    0.27%
Elapsed time = 0.91 sec. (867.59 ticks, tree = 0.02 MB, solutions = 3)
    753   513        4.3814    31        4.3858        4.3740    15587    0.27%
   2338  1352        4.3817    22        4.3858        4.3741    37585    0.27%
   4376  2863        4.3821    26        4.3858        4.3741    61058    0.27%
   6504  4901        4.3779    20        4.3858        4.3742    81214    0.26%

Performing restart 1

Repeating presolve.
Tried aggregator 3 times.
MIP Presolve eliminated 1448 rows and 749 columns.
MIP Presolve modified 130 coefficients.
Aggregator did 57 substitutions.
Reduced MIP has 8202 rows, 4336 columns, and 21961 nonzeros.
Reduced MIP has 2250 binaries, 0 generals, 0 SOSs, and 0 indicators.
Presolve time = 0.02 sec. (23.50 ticks)
Tried aggregator 1 time.
MIP Presolve modified 34 coefficients.
Reduced MIP has 8202 rows, 4336 columns, and 21961 nonzeros.
Reduced MIP has 2250 binaries, 0 generals, 0 SOSs, and 0 indicators.
Presolve time = 0.02 sec. (16.54 ticks)
Represolve time = 0.07 sec. (56.71 ticks)
   8236     0        4.3740    71        4.3858      Cuts: 23    98878    0.26%
   8236     0        4.3744    68        4.3858      Cuts: 22    98927    0.26%
   8236     0        4.3745    66        4.3858      Cuts: 10    98970    0.26%
   8236     0        4.3745    63        4.3858       Cuts: 9    98989    0.26%
   8236     0        4.3747    70        4.3858      Cuts: 14    99051    0.25%
   8236     0        4.3747    55        4.3858       Cuts: 4    99060    0.25%
   8236     0        4.3748    67        4.3858       Cuts: 9    99100    0.25%
   8236     0        4.3748    51        4.3858      Cuts: 15    99123    0.25%
   8236     0        4.3748    80        4.3858      Cuts: 18    99194    0.25%
   8236     0        4.3748    72        4.3858       Cuts: 8    99238    0.25%
   8236     0        4.3748    52        4.3858  ZeroHalf: 12    99240    0.25%
   8236     0        4.3748    52        4.3858       Cuts: 4    99243    0.25%
   8236     2        4.3748    34        4.3858        4.3748    99243    0.25%
   8243     6        4.3748    25        4.3858        4.3748    99393    0.25%
   8280    33        4.3748    32        4.3858        4.3748   100737    0.25%
   8790   257        4.3804    12        4.3858        4.3748   109287    0.25%
   9845   818        4.3827    13        4.3858        4.3748   128169    0.25%
  17337  6324        4.3839    19        4.3858        4.3748   220646    0.25%
Elapsed time = 4.76 sec. (5159.88 ticks, tree = 23.94 MB, solutions = 3)
  26814 14252        4.3846     9        4.3858        4.3748   339973    0.25%
  34997 20707        4.3812    13        4.3858        4.3748   461188    0.25%
  43149 27326        4.3778    42        4.3858        4.3748   571517    0.25%
  50918 34131        4.3797    25        4.3858        4.3748   690421    0.25%
  59050 40134        4.3797    15        4.3858        4.3748   799877    0.25%
  63758 43672        4.3798    18        4.3858        4.3748   863543    0.25%
  70000 47537        4.3780    30        4.3858        4.3748   939866    0.25%

Performing restart 2

Repeating presolve.
Tried aggregator 3 times.
MIP Presolve eliminated 173 rows and 90 columns.
Aggregator did 17 substitutions.
Reduced MIP has 8012 rows, 4229 columns, and 21573 nonzeros.
Reduced MIP has 2180 binaries, 0 generals, 0 SOSs, and 0 indicators.
Presolve time = 0.02 sec. (19.51 ticks)
Tried aggregator 1 time.
MIP Presolve modified 28 coefficients.
Reduced MIP has 8012 rows, 4229 columns, and 21573 nonzeros.
Reduced MIP has 2180 binaries, 0 generals, 0 SOSs, and 0 indicators.
Presolve time = 0.02 sec. (16.58 ticks)
Represolve time = 0.10 sec. (58.18 ticks)
  70189     0        4.3748    49        4.3858   ZeroHalf: 5   977551    0.25%
  70189     0        4.3748    69        4.3858      Cuts: 16   977693    0.25%
  70189     0        4.3748    74        4.3858      Cuts: 24   977729    0.25%
  70189     0        4.3748    95        4.3858      Cuts: 16   977857    0.25%
  70189     0        4.3748    71        4.3858      Cuts: 31   977928    0.25%
  70189     0        4.3748    74        4.3858      Cuts: 33   977951    0.25%
  70189     0        4.3748    75        4.3858       Cuts: 8   977975    0.25%
  70189     0        4.3748    73        4.3858      Cuts: 39   977989    0.25%
  70189     2        4.3748    64        4.3858        4.3748   977989    0.25%
  70601   256        4.3748    23        4.3858        4.3748   991041    0.25%
  73283  1438        cutoff              4.3858        4.3748  1040450    0.25%
Elapsed time = 14.08 sec. (15851.33 ticks, tree = 3.37 MB, solutions = 3)
  78117  4935        4.3827    13        4.3858        4.3748  1155188    0.25%
  83830  9324        4.3805    29        4.3858        4.3748  1282131    0.25%
  89067 12910        4.3797    29        4.3858        4.3748  1396862    0.25%
  95003 17127        4.3797    43        4.3858        4.3748  1519012    0.25%
 101594 21204        4.3789    18        4.3858        4.3749  1636071    0.25%
 108372 26473        4.3842    15        4.3858        4.3753  1773224    0.24%
 114758 30894        4.3791    24        4.3858        4.3755  1876744    0.24%
 120846 36049        4.3774    25        4.3858        4.3758  1996910    0.23%
 128221 41612        4.3796    43        4.3858        4.3759  2128758    0.23%
 134591 46181        4.3823    20        4.3858        4.3760  2238171    0.22%
Elapsed time = 22.32 sec. (25389.19 ticks, tree = 200.04 MB, solutions = 3)
 141933 50413        cutoff              4.3858        4.3761  2336396    0.22%
 148203 55097        4.3819    16        4.3858        4.3763  2432139    0.22%
 155578 59450        4.3794    42        4.3858        4.3764  2523003    0.21%
 162366 66610        4.3778    18        4.3858        4.3765  2663736    0.21%
 168528 69010        4.3857    23        4.3858        4.3766  2714645    0.21%
 176172 75900        4.3814    24        4.3858        4.3767  2861212    0.21%
 182515 79829        cutoff              4.3858        4.3768  2939581    0.21%
 189782 85566        4.3772    35        4.3858        4.3769  3056423    0.20%
 196597 90109        4.3806    35        4.3858        4.3769  3161310    0.20%
 202617 93378        cutoff              4.3858        4.3769  3246192    0.20%
Elapsed time = 30.58 sec. (34927.55 ticks, tree = 412.40 MB, solutions = 3)
 209780 98323        4.3834    23        4.3858        4.3770  3373361    0.20%
 216554 101872        4.3783    16        4.3858        4.3770  3463819    0.20%
 223147 104664        4.3835    24        4.3858        4.3771  3545806    0.20%
 229394 108992        4.3857    31        4.3858        4.3771  3679506    0.20%
 235097 110850        4.3827    27        4.3858        4.3771  3737834    0.20%
 241944 115088        4.3798    36        4.3858        4.3772  3865585    0.20%
 248719 118972        4.3789    27        4.3858        4.3772  3977397    0.20%
 254844 122897        4.3833    18        4.3858        4.3772  4091674    0.20%
 262383 126248        4.3815    47        4.3858        4.3773  4178877    0.19%
 269265 130827        cutoff              4.3858        4.3774  4296475    0.19%
Elapsed time = 38.78 sec. (44465.29 ticks, tree = 584.75 MB, solutions = 3)
 274665 136972        4.3838    31        4.3858        4.3774  4455479    0.19%
 281486 139008        4.3853    28        4.3858        4.3775  4511391    0.19%
 287802 143274        4.3815    45        4.3858        4.3775  4622484    0.19%
 293589 149289        4.3826    19        4.3858        4.3776  4793594    0.19%
 299772 152473        4.3803    25        4.3858        4.3776  4884065    0.19%
 306137 156921        4.3820    29        4.3858        4.3777  5003683    0.19%
 311975 159832        4.3797    19        4.3858        4.3777  5086707    0.18%
 318376 162871        4.3843    11        4.3858        4.3777  5183987    0.18%
 324860 166986        cutoff              4.3858        4.3778  5321415    0.18%
 330625 169714        4.3835    20        4.3858        4.3778  5407653    0.18%
Elapsed time = 46.60 sec. (54004.06 ticks, tree = 771.13 MB, solutions = 3)
 337117 173707        4.3793    34        4.3858        4.3778  5538734    0.18%
 343033 176427        4.3821    29        4.3858        4.3778  5629793    0.18%
 347711 178798        4.3818    34        4.3858        4.3779  5727648    0.18%
 354076 181191        4.3849    24        4.3858        4.3779  5820917    0.18%
 360494 185881        4.3853    17        4.3858        4.3779  5968350    0.18%
 366468 188146        4.3809    17        4.3858        4.3780  6033529    0.18%
 372815 191608        4.3831    31        4.3858        4.3780  6144862    0.18%
 379501 197115        4.3826    16        4.3858        4.3781  6321599    0.18%
 385761 199331        4.3846    21        4.3858        4.3781  6382614    0.18%
 391592 204988        4.3847    17        4.3858        4.3781  6545337    0.17%
Elapsed time = 54.45 sec. (63542.48 ticks, tree = 939.91 MB, solutions = 3)
 398011 206763        4.3845    27        4.3858        4.3782  6596549    0.17%
 404353 212323        4.3793    30        4.3858        4.3782  6758609    0.17%
 410194 214687        4.3827    40        4.3858        4.3782  6839811    0.17%
 416243 218428        cutoff              4.3858        4.3783  6979618    0.17%
 422576 221607        4.3814    18        4.3858        4.3783  7079496    0.17%
 428833 226083        4.3839    44        4.3858        4.3783  7224612    0.17%
 434801 228777        4.3838    32        4.3858        4.3783  7308807    0.17%
 441514 233060        cutoff              4.3858        4.3784  7448442    0.17%
 448226 236129        cutoff              4.3858        4.3784  7549021    0.17%
 452843 239842        4.3840    29        4.3858        4.3784  7686692    0.17%
Elapsed time = 62.60 sec. (73080.89 ticks, tree = 1108.26 MB, solutions = 3)
 459001 242884        4.3812    20        4.3858        4.3784  7790432    0.17%
 465548 245740        4.3833    39        4.3858        4.3785  7891664    0.17%
 471745 249667        cutoff              4.3858        4.3785  8031226    0.17%
 477518 250787        cutoff              4.3858        4.3785  8073110    0.17%
 483833 253443        4.3815    16        4.3858        4.3785  8193164    0.17%
 490414 257679        4.3809    14        4.3858        4.3786  8353495    0.17%
 496299 259882        4.3825    13        4.3858        4.3786  8432408    0.16%
 502668 264041        4.3858    11        4.3858        4.3786  8583157    0.16%
 509180 265801        4.3854    14        4.3858        4.3786  8644052    0.16%
 515409 269902        cutoff              4.3858        4.3787  8804942    0.16%
Elapsed time = 70.75 sec. (82618.67 ticks, tree = 1253.03 MB, solutions = 3)
 521129 273053        4.3836    28        4.3858        4.3787  8916921    0.16%
 527513 275404        4.3841    31        4.3858        4.3787  8994082    0.16%
 534147 279721        4.3852    30        4.3858        4.3787  9124648    0.16%
 540590 284681        4.3845    32        4.3858        4.3788  9291773    0.16%
 545146 286632        4.3854    30        4.3858        4.3788  9365923    0.16%
 551366 287860        4.3840    42        4.3858        4.3788  9406960    0.16%
 558103 292021        cutoff              4.3858        4.3789  9537646    0.16%
 564900 296713        4.3842    15        4.3858        4.3789  9687583    0.16%
 570842 299730        cutoff              4.3858        4.3789  9785943    0.16%
 596269 310887        4.3849    16        4.3858        4.3790 10224576    0.15%
Elapsed time = 81.29 sec. (95018.10 ticks, tree = 1454.08 MB, solutions = 3)
 621344 323766        4.3849    14        4.3858        4.3791 10719874    0.15%
 645211 335059        4.3806    36        4.3858        4.3792 11100263    0.15%
 670374 346471        4.3838    10        4.3858        4.3793 11488162    0.15%
 695054 359413        4.3807    28        4.3858        4.3794 11959318    0.15%
 717193 371445        4.3854    11        4.3858        4.3794 12415515    0.14%
 742665 384075        cutoff              4.3858        4.3795 12867355    0.14%
 766329 393989        cutoff              4.3858        4.3796 13204358    0.14%
 789541 405129        4.3816    22        4.3858        4.3797 13666003    0.14%
 812204 412896        4.3851    38        4.3858        4.3797 14123225    0.14%
 836425 422275        4.3825    21        4.3858        4.3798 14536690    0.14%
Elapsed time = 113.65 sec. (133167.71 ticks, tree = 2009.15 MB, solutions = 3)
 861174 434627        4.3850    13        4.3858        4.3799 15011954    0.14%
 884129 444086        4.3829    31        4.3858        4.3799 15363741    0.13%
 908730 456314        4.3818    28        4.3858        4.3800 15830673    0.13%
 933768 469021        4.3829    15        4.3858        4.3801 16338552    0.13%
 955691 477968        4.3832    28        4.3858        4.3801 16676697    0.13%
 979960 489990        4.3848    25        4.3858        4.3802 17156208    0.13%
 1005641 502719        4.3841    28        4.3858        4.3802 17634262    0.13%
 1028052 511438        4.3836    46        4.3858        4.3803 17979529    0.13%
 1052937 522641        4.3822    16        4.3858        4.3803 18438710    0.12%
 1077635 533018        cutoff              4.3858        4.3804 18854815    0.12%
Elapsed time = 162.50 sec. (171316.44 ticks, tree = 2557.31 MB, solutions = 3)
Nodefile size = 508.71 MB (256.71 MB after compression)
 1098710 540552        cutoff              4.3858        4.3804 19283572    0.12%
 1122809 548887        cutoff              4.3858        4.3805 19778548    0.12%
 1146648 555418        4.3840    16        4.3858        4.3805 20152672    0.12%
 1168274 562919        cutoff              4.3858        4.3806 20613445    0.12%
 1193258 571251        4.3853    23        4.3858        4.3806 21046589    0.12%
 1217033 578523        4.3808    36        4.3858        4.3807 21442371    0.12%
 1238140 585777        4.3857    25        4.3858        4.3807 21825070    0.12%
 1262464 593325        cutoff              4.3858        4.3808 22286709    0.11%
 1284465 600104        4.3849    16        4.3858        4.3808 22721753    0.11%
 1307106 608241        4.3835    21        4.3858        4.3809 23206921    0.11%
Elapsed time = 207.02 sec. (209464.90 ticks, tree = 2940.52 MB, solutions = 3)
Nodefile size = 891.73 MB (438.40 MB after compression)
 1330462 612996        4.3847    19        4.3858        4.3809 23545493    0.11%
 1351679 620837        cutoff              4.3858        4.3810 23985087    0.11%
 1374326 627815        cutoff              4.3858        4.3810 24398894    0.11%
 1397987 636746        4.3842    25        4.3858        4.3810 24814164    0.11%
 1417932 644301        4.3857    30        4.3858        4.3811 25211751    0.11%
 1440781 650134        4.3855    13        4.3858        4.3811 25516061    0.11%
 1464477 658597        cutoff              4.3858        4.3811 25988822    0.11%
 1484182 666018        cutoff              4.3858        4.3812 26407748    0.11%
 1507110 672444        4.3853    40        4.3858        4.3812 26773967    0.11%
 1529347 679149        4.3828    37        4.3858        4.3812 27254341    0.10%
Elapsed time = 250.94 sec. (247614.31 ticks, tree = 3302.36 MB, solutions = 3)
Nodefile size = 1253.82 MB (606.32 MB after compression)
 1549836 684455        4.3819    28        4.3858        4.3813 27624601    0.10%
 1572029 690511        4.3840    15        4.3858        4.3813 28068042    0.10%
 1595897 696606        4.3819    16        4.3858        4.3813 28427252    0.10%
 1615655 703871        4.3851    22        4.3858        4.3814 28905240    0.10%
 1639074 709150        cutoff              4.3858        4.3814 29204660    0.10%
 1661585 718293        4.3856    24        4.3858        4.3814 29738316    0.10%
 1681566 722678        cutoff              4.3858        4.3815 30009678    0.10%
 1703397 729519        4.3853    42        4.3858        4.3815 30490180    0.10%
 1726054 734280        4.3850    23        4.3858        4.3815 30807351    0.10%
 1745851 741624        cutoff              4.3858        4.3816 31271938    0.10%
Elapsed time = 293.35 sec. (285762.92 ticks, tree = 3626.20 MB, solutions = 3)
Nodefile size = 1577.99 MB (755.56 MB after compression)
 1767393 746644        4.3850    38        4.3858        4.3816 31647630    0.10%
 1790650 751350        4.3858    22        4.3858        4.3816 31980134    0.10%
 1810921 757898    infeasible              4.3858        4.3816 32449740    0.09%
 1832981 761704        cutoff              4.3858        4.3817 32728063    0.09%
 1856088 766796        4.3855    27        4.3858        4.3817 33138928    0.09%
 1875827 773696        4.3853    12        4.3858        4.3817 33598774    0.09%
 1897414 778227        4.3828    30        4.3858        4.3818 33939954    0.09%
 1920478 784411    infeasible              4.3858        4.3818 34374046    0.09%
 1939871 789229        cutoff              4.3858        4.3818 34752529    0.09%
 1962158 794626        cutoff              4.3858        4.3818 35151103    0.09%
Elapsed time = 334.59 sec. (323913.01 ticks, tree = 3904.96 MB, solutions = 3)
Nodefile size = 1856.33 MB (883.68 MB after compression)
 1983937 799457        cutoff              4.3858        4.3819 35505785    0.09%
 2006095 804637        cutoff              4.3858        4.3819 35945356    0.09%
 2025243 807783        4.3855    18        4.3858        4.3819 36209934    0.09%
 2048207 812910        cutoff              4.3858        4.3820 36633818    0.09%
 2071114 817616        4.3844    35        4.3858        4.3820 37038285    0.09%
 2089647 821994        4.3846    29        4.3858        4.3820 37419762    0.09%
 2112538 826126        4.3837    35        4.3858        4.3820 37836556    0.09%
 2134803 830904        cutoff              4.3858        4.3821 38207988    0.09%
 2154213 835853        4.3846    30        4.3858        4.3821 38598348    0.08%
 2176085 840240        4.3839    21        4.3858        4.3821 39009306    0.08%
Elapsed time = 375.36 sec. (362061.91 ticks, tree = 4147.80 MB, solutions = 3)
Nodefile size = 2098.72 MB (996.93 MB after compression)
 2198138 845048        cutoff              4.3858        4.3821 39395476    0.08%
 2219689 849742        4.3847    41        4.3858        4.3821 39793474    0.08%
 2238840 853746        4.3845    14        4.3858        4.3822 40182628    0.08%
 2262166 857191        4.3842    19        4.3858        4.3822 40504886    0.08%
 2283176 863376    infeasible              4.3858        4.3822 41057984    0.08%
 2302157 866507        4.3849    26        4.3858        4.3822 41338244    0.08%
 2324043 870225        4.3836    18        4.3858        4.3823 41667499    0.08%
 2345436 875382        4.3824    37        4.3858        4.3823 42165895    0.08%
 2365745 878908    infeasible              4.3858        4.3823 42424043    0.08%
 2385640 884216        4.3850    50        4.3858        4.3823 42833890    0.08%
Elapsed time = 415.15 sec. (400210.20 ticks, tree = 4383.40 MB, solutions = 3)
Nodefile size = 2334.13 MB (1107.55 MB after compression)
 2407994 889286        cutoff              4.3858        4.3824 43289161    0.08%
 2429788 893325        4.3849    23        4.3858        4.3824 43631665    0.08%
 2448405 897137        cutoff              4.3858        4.3824 43949526    0.08%
 2469705 901556        4.3846    34        4.3858        4.3824 44290161    0.08%
 2490993 905430        4.3853    41        4.3858        4.3824 44616455    0.08%
 2513084 909748        cutoff              4.3858        4.3825 44993845    0.08%
 2531645 913558        4.3839    26        4.3858        4.3825 45393393    0.08%
 2552663 918550        4.3849    26        4.3858        4.3825 45826558    0.08%
 2575351 922893        4.3850    20        4.3858        4.3825 46177653    0.07%
 2593148 927066        4.3853    32        4.3858        4.3825 46567491    0.07%
Elapsed time = 455.00 sec. (438358.77 ticks, tree = 4615.86 MB, solutions = 3)
Nodefile size = 2566.55 MB (1216.75 MB after compression)
 2614475 930061        4.3854    30        4.3858        4.3826 46817769    0.07%
 2636734 935113        4.3829    14        4.3858        4.3826 47263932    0.07%
 2657229 938356        4.3840    32        4.3858        4.3826 47615601    0.07%
 2676190 941976        4.3854    20        4.3858        4.3826 47969551    0.07%
 2698051 946380        4.3852    36        4.3858        4.3826 48333299    0.07%
 2714107 949085        cutoff              4.3858        4.3826 48605638    0.07%
 2735443 953700        4.3843    27        4.3858        4.3827 49076188    0.07%
 2753583 955579        4.3849    20        4.3858        4.3827 49299175    0.07%
 2773777 958471        cutoff              4.3858        4.3827 49630817    0.07%
 2795656 961826        4.3829    52        4.3858        4.3827 50025047    0.07%
Elapsed time = 495.79 sec. (476507.36 ticks, tree = 4908.37 MB, solutions = 3)
Nodefile size = 2859.61 MB (1373.02 MB after compression)
 2816835 965131        cutoff              4.3858        4.3827 50363475    0.07%
 2835129 967836        4.3844    32        4.3858        4.3828 50674805    0.07%
 2855878 971775        4.3848    31        4.3858        4.3828 51145840    0.07%
 2877516 973793    infeasible              4.3858        4.3828 51361758    0.07%
 2896883 978106        4.3839    26        4.3858        4.3828 51762155    0.07%
 2915790 981540        4.3845    36        4.3858        4.3828 52195344    0.07%
 2937209 983433        cutoff              4.3858        4.3828 52451859    0.07%
 2958368 986432        4.3845    11        4.3858        4.3829 52832522    0.07%
 2975701 989472        4.3840    23        4.3858        4.3829 53212171    0.07%
 2995947 991787        cutoff              4.3858        4.3829 53544107    0.07%
Elapsed time = 534.62 sec. (514656.27 ticks, tree = 5073.14 MB, solutions = 3)
Nodefile size = 3024.17 MB (1455.00 MB after compression)
 3016888 993879        4.3847    18        4.3858        4.3829 53829539    0.07%
 3036567 996037        4.3852    39        4.3858        4.3829 54177585    0.07%
 3053598 997646        4.3843    30        4.3858        4.3829 54478838    0.07%
 3075424 999826        4.3839    34        4.3858        4.3829 54857652    0.06%
 3096611 1001866        4.3845    15        4.3858        4.3830 55249415    0.06%
 3113151 1004011        4.3835    39        4.3858        4.3830 55621333    0.06%
 3133167 1005784        cutoff              4.3858        4.3830 55951366    0.06%
 3154406 1008873        4.3845    38        4.3858        4.3830 56389862    0.06%
 3172925 1010637        cutoff              4.3858        4.3830 56729913    0.06%
 3190622 1011640        4.3850    20        4.3858        4.3830 56932285    0.06%
Elapsed time = 571.19 sec. (552804.36 ticks, tree = 5185.44 MB, solutions = 3)
Nodefile size = 3135.89 MB (1511.55 MB after compression)
 3210887 1013961        4.3837    23        4.3858        4.3831 57325731    0.06%
 3232194 1016341        cutoff              4.3858        4.3831 57679500    0.06%
 3247939 1018125        4.3843    15        4.3858        4.3831 58070899    0.06%
 3268808 1019897        cutoff              4.3858        4.3831 58417642    0.06%
 3289375 1021880        4.3845    13        4.3858        4.3831 58799786    0.06%
 3305569 1023031        4.3851    34        4.3858        4.3831 59140950    0.06%
 3325859 1024008        4.3849    13        4.3858        4.3831 59334815    0.06%
 3346761 1026409        cutoff              4.3858        4.3832 59817031    0.06%
 3366568 1027789        4.3850    43        4.3858        4.3832 60106446    0.06%
 3383111 1028744        4.3851    15        4.3858        4.3832 60431818    0.06%
Elapsed time = 606.72 sec. (590953.59 ticks, tree = 5284.66 MB, solutions = 3)
Nodefile size = 3235.61 MB (1562.39 MB after compression)
 3403930 1029948        4.3844    26        4.3858        4.3832 60789909    0.06%
 3423460 1030490        cutoff              4.3858        4.3832 61091628    0.06%
 3439441 1031212        4.3847    30        4.3858        4.3832 61497607    0.06%
 3459560 1032016        4.3848    15        4.3858        4.3833 61847090    0.06%
 3480849 1033171        4.3842    19        4.3858        4.3833 62128435    0.06%
 3497089 1034582        4.3856    48        4.3858        4.3833 62441571    0.06%
 3515732 1035426        4.3848    33        4.3858        4.3833 62714492    0.06%
 3535693 1035935        4.3853    19        4.3858        4.3833 63116329    0.06%
 3554524 1036315        4.3840    23        4.3858        4.3833 63499619    0.06%
 3570324 1036349        cutoff              4.3858        4.3833 63758473    0.06%
Elapsed time = 640.86 sec. (629102.22 ticks, tree = 5335.67 MB, solutions = 3)
Nodefile size = 3286.49 MB (1588.83 MB after compression)
 3590687 1036381        4.3856    14        4.3858        4.3833 64073290    0.06%
 3611349 1036765        4.3847    13        4.3858        4.3834 64382983    0.06%
 3627418 1037287        4.3849    14        4.3858        4.3834 64762826    0.06%
 3646049 1036744        4.3854     7        4.3858        4.3834 65159241    0.05%
 3666095 1036562        cutoff              4.3858        4.3834 65488012    0.05%
 3684073 1036217        cutoff              4.3858        4.3834 65802480    0.05%
 3701289 1035691        4.3855    23        4.3858        4.3834 66084982    0.05%
 3719673 1035105        cutoff              4.3858        4.3834 66327574    0.05%
 3738918 1034338        4.3855    15        4.3858        4.3835 66680378    0.05%
 3755026 1033412        cutoff              4.3858        4.3835 67074224    0.05%
Elapsed time = 674.51 sec. (667251.46 ticks, tree = 5334.11 MB, solutions = 3)
Nodefile size = 3295.46 MB (1593.59 MB after compression)
 3776447 1032603        4.3835    25        4.3858        4.3835 67382846    0.05%
 3795813 1032121        4.3853    26        4.3858        4.3835 67732973    0.05%
 3812690 1031987        4.3851    40        4.3858        4.3835 68034239    0.05%
 3832549 1032134        4.3848    29        4.3858        4.3835 68333739    0.05%
 3853011 1031869        4.3851     3        4.3858        4.3835 68628270    0.05%
 3871149 1031190        4.3836    25        4.3858        4.3835 68910590    0.05%
 3888506 1030445        4.3836    20        4.3858        4.3836 69236605    0.05%
 3909341 1029212        cutoff              4.3858        4.3836 69581845    0.05%
 3929175 1028594        4.3847    31        4.3858        4.3836 69988159    0.05%
 3944875 1028040        4.3856    42        4.3858        4.3836 70190200    0.05%
Elapsed time = 707.73 sec. (705400.94 ticks, tree = 5316.37 MB, solutions = 3)
Nodefile size = 3295.46 MB (1593.59 MB after compression)
 3965792 1027414        4.3846    29        4.3858        4.3836 70642383    0.05%
 3986139 1026945        4.3855    13        4.3858        4.3836 70816171    0.05%
 4001874 1025486        4.3856    39        4.3858        4.3836 71273009    0.05%
 4021521 1025135        cutoff              4.3858        4.3837 71366582    0.05%
 4041547 1024217        4.3848    12        4.3858        4.3837 71923879    0.05%
 4059925 1023563        cutoff              4.3858        4.3837 72277608    0.05%
 4077990 1023383        4.3857    28        4.3858        4.3837 72465597    0.05%
 4097252 1022983        cutoff              4.3858        4.3837 72781439    0.05%
 4117614 1021877        4.3853    32        4.3858        4.3837 73172613    0.05%
 4133785 1021233        cutoff              4.3858        4.3837 73499768    0.05%
Elapsed time = 740.72 sec. (743551.52 ticks, tree = 5292.04 MB, solutions = 3)
Nodefile size = 3295.46 MB (1593.59 MB after compression)
 4153748 1020272        cutoff              4.3858        4.3837 73783874    0.05%
 4173466 1019921        cutoff              4.3858        4.3838 74099537    0.05%
 4192778 1019882        cutoff              4.3858        4.3838 74373668    0.05%
 4209922 1019288        4.3848    46        4.3858        4.3838 74714915    0.05%
 4230209 1019322        cutoff              4.3858        4.3838 74923978    0.05%
 4249580 1018428        4.3854    29        4.3858        4.3838 75362979    0.05%
 4267080 1017585        cutoff              4.3858        4.3838 75570924    0.05%
 4285216 1016307        cutoff              4.3858        4.3838 75843330    0.04%
 4305958 1014770        cutoff              4.3858        4.3838 76332002    0.04%
 4325998 1014280        4.3847    11        4.3858        4.3838 76583115    0.04%
Elapsed time = 773.58 sec. (781700.16 ticks, tree = 5266.97 MB, solutions = 3)
Nodefile size = 3295.46 MB (1593.59 MB after compression)
 4340857 1013178        cutoff              4.3858        4.3839 76968002    0.04%
 4361766 1012495        cutoff              4.3858        4.3839 77185827    0.04%
 4382105 1011109        cutoff              4.3858        4.3839 77554173    0.04%
 4400444 1010216        4.3847    14        4.3858        4.3839 77740973    0.04%
 4417354 1008566        4.3852    36        4.3858        4.3839 78068570    0.04%
 4436896 1006417        4.3848    34        4.3858        4.3839 78379703    0.04%
 4457757 1005142        4.3851    33        4.3858        4.3839 78618558    0.04%
 4474567 1002906        4.3844    30        4.3858        4.3839 78992404    0.04%
 4493510 1001707        4.3840     2        4.3858        4.3839 79222126    0.04%
 4513588 999757        cutoff              4.3858        4.3840 79641293    0.04%
Elapsed time = 806.31 sec. (819848.66 ticks, tree = 5199.79 MB, solutions = 3)
Nodefile size = 3295.46 MB (1593.59 MB after compression)
 4533114 998569        cutoff              4.3858        4.3840 79821882    0.04%
Starting limited solution polishing.
 4549332 995141        cutoff              4.3858        4.3840 80228585    0.04%
 4569188 993098        cutoff              4.3858        4.3840 80500844    0.04%
 4587367 991124    infeasible              4.3858        4.3840 80728678    0.04%
 4603715 987882        cutoff              4.3858        4.3840 81058169    0.04%
 4616300 985909        cutoff              4.3858        4.3840 81252936    0.04%
 4632508 984697        4.3853    38        4.3858        4.3840 81394807    0.04%
 4648382 982486        cutoff              4.3858        4.3840 81677194    0.04%
 4664164 980262        4.3851    14        4.3858        4.3841 81945222    0.04%
 4677422 978345        4.3852    46        4.3858        4.3841 82122459    0.04%
Elapsed time = 839.74 sec. (857997.87 ticks, tree = 5093.98 MB, solutions = 3)
Nodefile size = 3295.46 MB (1593.59 MB after compression)
 4692659 975734        cutoff              4.3858        4.3841 82385063    0.04%
 4707955 973641        cutoff              4.3858        4.3841 82604439    0.04%
 4722367 970190        cutoff              4.3858        4.3841 82884476    0.04%
 4735050 968897        4.3843    34        4.3858        4.3841 82976297    0.04%
 4751111 965352        cutoff              4.3858        4.3841 83246454    0.04%
 4767053 963481        4.3849    19        4.3858        4.3841 83391894    0.04%
 4779666 959923        cutoff              4.3858        4.3841 83716299    0.04%
 4794519 955769        cutoff              4.3858        4.3841 83984571    0.04%
 4808365 953311        cutoff              4.3858        4.3841 84161506    0.04%
 4823297 949801        4.3846    41        4.3858        4.3841 84409832    0.04%
Elapsed time = 877.00 sec. (896147.30 ticks, tree = 4921.02 MB, solutions = 3)
Nodefile size = 2871.27 MB (1398.88 MB after compression)
 4835211 948476        4.3843    45        4.3858        4.3842 84513449    0.04%
 4850449 945292        cutoff              4.3858        4.3842 84749971    0.04%
 4865340 941460        4.3853    37        4.3858        4.3842 85071707    0.04%
 4879404 939822        4.3845    24        4.3858        4.3842 85193041    0.04%
 4892221 935885        cutoff              4.3858        4.3842 85466019    0.04%

GUB cover cuts applied:  7
Clique cuts applied:  1
Cover cuts applied:  4249
Flow cuts applied:  4
Mixed integer rounding cuts applied:  1
Zero-half cuts applied:  37
Gomory fractional cuts applied:  17

Root node processing (before b&c):
  Real time             =    0.82 sec. (864.48 ticks)
Parallel b&c, 32 threads:
  Real time             =  903.83 sec. (939935.11 ticks)
  Sync time (average)   =  447.25 sec.
  Wait time (average)   =    0.13 sec.
                          ------------
Total (root+branch&cut) =  904.65 sec. (940799.59 ticks)

Solution pool: 3 solutions saved.

MIP - Time limit exceeded, integer feasible:  Objective =  4.3857949648e+00
Current MIP best bound =  4.3842044639e+00 (gap = 0.0015905, 0.04%)
Solution time =  904.66 sec.  Iterations = 85769848  Nodes = 4901856 (931746)
Deterministic time = 940799.61 ticks  (1039.95 ticks/sec)

CPLEX> MILP problem relaxed to LP with fixed integer variables using
incumbent solution.
CPLEX> Version identifier: 22.1.1.0 | 2022-11-28 | 9160aff4d
CPXPARAM_TimeLimit                               900
Parallel mode: deterministic, using up to 32 threads for concurrent optimization:
 * Starting dual Simplex on 1 thread...
 * Starting Barrier on 30 threads...
 * Starting primal Simplex on 1 thread...
Tried aggregator 1 time.
LP Presolve eliminated 15671 rows and 6907 columns.
Aggregator did 62 substitutions.
Reduced LP has 50 rows, 37 columns, and 100 nonzeros.
Presolve time = 0.00 sec. (6.02 ticks)
Initializing dual steep norms . . .

Iteration log . . .
Iteration:     1   Dual objective     =             4.385795

Dual simplex solved model.


Dual simplex - Optimal:  Objective =  4.3857949648e+00
Solution time =    0.02 sec.  Iterations = 23 (0)
Deterministic time = 12.55 ticks  (736.87 ticks/sec)

CPLEX> Solution written to file '/tmp/4edd4024ef5240b093fd82d42c66ff6e-pulp.sol'.
CPLEX> Root classes: ['192']
Status: Optimal
Solved x values:
['18__0', '179__0', '25__0', '185__0', '153__0', '89__0', '130__0', '11__0', '6__0', '175__0', '106__0', '66__0', '171__0', '104__0', '114__0', '145__0', '31__0', '193__0', '157__0', '165__0', '139__0', '166__0', '113__0', '466__2', '103__0', '147__0', '35__0', '164__0', '1__0', '65__0', '37__0', '10__5', '56__0', '38__0', '45__0', '92__0', '105__0', '115__0', '13__0', '4__0', '167__0', '137__0', '123__0', '22__0', '170__0', '116__0', '120__0', '183__0', '154__0', '100__0', '27__0', '131__0', '188__0', '87__0', '62__0', '29__0', '74__0', '133__0', '146__0', '159__0', '72__0', '4348__0', '101__0', '51__0', '90__0', '128__0', '158__0', '4346__0', '126__0', '181__0', '149__0', '36__0', '112__0', '134__0', '2__0', '189__0', '69__0', '177__0', '0__0', '9__0', '97__0', '59__0', '176__0', '4347__0', '190__0', '173__0', '110__0', '14__0', '4349__0', '144__0', '162__0', '55__0', '24__0', '78__0', '75__0', '151__0', '20__0', '49__0', '160__0', '84__0', '169__0', '57__0', '63__0', '95__0', '184__0', '99__0', '102__0', '5__0', '61__0', '88__0', '73__0', '70__0', '127__0', '40__0', '118__0', '109__0', '39__0', '136__0', '8__0', '79__0', '141__0', '156__0', '122__0', '163__0', '140__0', '16__0', '34__0', '161__0', '32__0', '132__0', '3__0', '174__0', '152__0', '150__0', '80__0', '64__0', '12__0', '23__0', '186__0', '464__0', '46__0', '85__0', '50__0', '119__0', '44__0', '108__0', '54__0', '148__0', '138__0', '192__0', '83__0', '47__0', '191__0', '143__0', '19__0', '117__0', '121__0', '91__0', '68__0', '155__0', '48__0', '26__0', '125__0', '182__0', '53__0', '60__0', '187__0', '98__0', '30__0', '15__0', '94__0', '67__0', '28__0', '71__0', '33__0', '465__0', '135__0', '180__0', '142__0', '172__0', '43__0', '124__0', '129__0', '77__0', '168__0', '42__0', '111__0', '81__0', '107__0', '7__1', '76__0', '96__0', '41__0', '58__0', '467__0', '52__0', '17__0', '178__0', '82__0', '21__0', '93__0', '86__0']
